#
# There is insufficient memory for the Java Runtime Environment to continue.
# Native memory allocation (malloc) failed to allocate 1017776 bytes for Chunk::new
# Possible reasons:
#   The system is out of physical RAM or swap space
#   The process is running with CompressedOops enabled, and the Java Heap may be blocking the growth of the native heap
# Possible solutions:
#   Reduce memory load on the system
#   Increase physical memory or swap space
#   Check if swap backing store is full
#   Decrease Java heap size (-Xmx/-Xms)
#   Decrease number of Java threads
#   Decrease Java thread stack sizes (-Xss)
#   Set larger code cache with -XX:ReservedCodeCacheSize=
#   JVM is running with Unscaled Compressed Oops mode in which the Java heap is
#     placed in the first 4GB address space. The Java Heap base address is the
#     maximum limit for the native heap growth. Please use -XX:HeapBaseMinAddress
#     to set the Java Heap base and to place the Java Heap above 4GB virtual address.
# This output file may be truncated or incomplete.
#
#  Out of Memory Error (./src/hotspot/share/memory/arena.cpp:197), pid=9472, tid=17348
#
# JRE version: OpenJDK Runtime Environment (11.0.8+10) (build 11.0.8+10-b944.6842174)
# Java VM: OpenJDK 64-Bit Server VM (11.0.8+10-b944.6842174, mixed mode, tiered, compressed oops, g1 gc, windows-amd64)
# No core dump will be written. Minidumps are not enabled by default on client versions of Windows
#

---------------  S U M M A R Y ------------

Command Line: --add-opens=java.base/java.util=ALL-UNNAMED --add-opens=java.base/java.lang=ALL-UNNAMED --add-opens=java.base/java.lang.invoke=ALL-UNNAMED --add-opens=java.prefs/java.util.prefs=ALL-UNNAMED -Xmx2048m -Dfile.encoding=UTF-8 -Duser.country=IN -Duser.language=en -Duser.variant org.gradle.launcher.daemon.bootstrap.GradleDaemon 6.7.1

Host: Intel(R) Core(TM) i5-9300H CPU @ 2.40GHz, 8 cores, 7G,  Windows 10 , 64 bit Build 19041 (10.0.19041.1023)
Time: Fri Jul 16 12:51:39 2021 India Standard Time elapsed time: 7 seconds (0d 0h 0m 7s)

---------------  T H R E A D  ---------------

Current thread (0x000001fd5fad6000):  JavaThread "C2 CompilerThread0" daemon [_thread_in_native, id=17348, stack(0x00000028d1700000,0x00000028d1800000)]


Current CompileTask:
C2:   7249 2695   !   4       java.net.URL::<init> (543 bytes)

Stack: [0x00000028d1700000,0x00000028d1800000]
Native frames: (J=compiled Java code, j=interpreted, Vv=VM code, C=native code)
V  [jvm.dll+0x5de50a]
V  [jvm.dll+0x7122f5]
V  [jvm.dll+0x71384d]
V  [jvm.dll+0x713f03]
V  [jvm.dll+0x23e728]
V  [jvm.dll+0xb899c]
V  [jvm.dll+0xb8e9c]
V  [jvm.dll+0x35024d]
V  [jvm.dll+0x193ebc]
V  [jvm.dll+0x1f780e]
V  [jvm.dll+0x1f68d4]
V  [jvm.dll+0x17f32c]
V  [jvm.dll+0x205047]
V  [jvm.dll+0x203891]
V  [jvm.dll+0x6dad3f]
V  [jvm.dll+0x6d3895]
V  [jvm.dll+0x5dd4a6]
C  [ucrtbase.dll+0x21bb2]
C  [KERNEL32.DLL+0x17034]
C  [ntdll.dll+0x52651]


---------------  P R O C E S S  ---------------

Threads class SMR info:
_java_thread_list=0x000001fd648f4380, length=32, elements={
0x000001fd44689800, 0x000001fd5f152800, 0x000001fd5f15b800, 0x000001fd5fad2800,
0x000001fd5fad3800, 0x000001fd5fad6000, 0x000001fd5fada000, 0x000001fd5fadb000,
0x000001fd5fc31800, 0x000001fd5fc53000, 0x000001fd60e68000, 0x000001fd5fe6a800,
0x000001fd6162e800, 0x000001fd6236b800, 0x000001fd611db800, 0x000001fd61600800,
0x000001fd61601800, 0x000001fd62060000, 0x000001fd62060800, 0x000001fd60e16800,
0x000001fd62016000, 0x000001fd6201b800, 0x000001fd62019000, 0x000001fd61d0b800,
0x000001fd62016800, 0x000001fd6201c800, 0x000001fd62017800, 0x000001fd61f78800,
0x000001fd62018000, 0x000001fd6201a000, 0x000001fd6201a800, 0x000001fd607f9000
}

Java Threads: ( => current thread )
  0x000001fd44689800 JavaThread "main" [_thread_blocked, id=25768, stack(0x00000028d0c00000,0x00000028d0d00000)]
  0x000001fd5f152800 JavaThread "Reference Handler" daemon [_thread_blocked, id=30968, stack(0x00000028d1300000,0x00000028d1400000)]
  0x000001fd5f15b800 JavaThread "Finalizer" daemon [_thread_blocked, id=4908, stack(0x00000028d1400000,0x00000028d1500000)]
  0x000001fd5fad2800 JavaThread "Signal Dispatcher" daemon [_thread_blocked, id=9548, stack(0x00000028d1500000,0x00000028d1600000)]
  0x000001fd5fad3800 JavaThread "Attach Listener" daemon [_thread_blocked, id=12260, stack(0x00000028d1600000,0x00000028d1700000)]
=>0x000001fd5fad6000 JavaThread "C2 CompilerThread0" daemon [_thread_in_native, id=17348, stack(0x00000028d1700000,0x00000028d1800000)]
  0x000001fd5fada000 JavaThread "C1 CompilerThread0" daemon [_thread_blocked, id=2780, stack(0x00000028d1800000,0x00000028d1900000)]
  0x000001fd5fadb000 JavaThread "Sweeper thread" daemon [_thread_blocked, id=2592, stack(0x00000028d1900000,0x00000028d1a00000)]
  0x000001fd5fc31800 JavaThread "Common-Cleaner" daemon [_thread_blocked, id=28656, stack(0x00000028d1a00000,0x00000028d1b00000)]
  0x000001fd5fc53000 JavaThread "Service Thread" daemon [_thread_blocked, id=1248, stack(0x00000028d1b00000,0x00000028d1c00000)]
  0x000001fd60e68000 JavaThread "Daemon health stats" [_thread_blocked, id=13604, stack(0x00000028d2100000,0x00000028d2200000)]
  0x000001fd5fe6a800 JavaThread "Incoming local TCP Connector on port 50272" [_thread_in_native, id=27196, stack(0x00000028d2200000,0x00000028d2300000)]
  0x000001fd6162e800 JavaThread "Daemon periodic checks" [_thread_blocked, id=8600, stack(0x00000028d2300000,0x00000028d2400000)]
  0x000001fd6236b800 JavaThread "Daemon" [_thread_blocked, id=33456, stack(0x00000028d2400000,0x00000028d2500000)]
  0x000001fd611db800 JavaThread "Handler for socket connection from /127.0.0.1:50272 to /127.0.0.1:50273" [_thread_in_native, id=9636, stack(0x00000028d2500000,0x00000028d2600000)]
  0x000001fd61600800 JavaThread "Cancel handler" [_thread_blocked, id=29188, stack(0x00000028d2600000,0x00000028d2700000)]
  0x000001fd61601800 JavaThread "Daemon worker" [_thread_in_vm, id=33496, stack(0x00000028d2700000,0x00000028d2800000)]
  0x000001fd62060000 JavaThread "Asynchronous log dispatcher for DefaultDaemonConnection: socket connection from /127.0.0.1:50272 to /127.0.0.1:50273" [_thread_blocked, id=1420, stack(0x00000028d2800000,0x00000028d2900000)]
  0x000001fd62060800 JavaThread "Stdin handler" [_thread_blocked, id=25168, stack(0x00000028d2900000,0x00000028d2a00000)]
  0x000001fd60e16800 JavaThread "Thread-8" [_thread_blocked, id=21320, stack(0x00000028d2a00000,0x00000028d2b00000)]
  0x000001fd62016000 JavaThread "Cache worker for file hash cache (C:\Users\Dark Knight\.gradle\caches\6.7.1\fileHashes)" [_thread_blocked, id=11676, stack(0x00000028d3000000,0x00000028d3100000)]
  0x000001fd6201b800 JavaThread "File lock request listener" [_thread_in_native, id=26032, stack(0x00000028d3100000,0x00000028d3200000)]
  0x000001fd62019000 JavaThread "Cache worker for journal cache (C:\Users\Dark Knight\.gradle\caches\journal-1)" [_thread_blocked, id=23724, stack(0x00000028d3300000,0x00000028d3400000)]
  0x000001fd61d0b800 JavaThread "C2 CompilerThread1" daemon [_thread_blocked, id=14256, stack(0x00000028d3400000,0x00000028d3500000)]
  0x000001fd62016800 JavaThread "Cache worker for file hash cache (C:\Android Projects\Udemy TUTORIAL\Quiz App\.gradle\6.7.1\fileHashes)" [_thread_blocked, id=26300, stack(0x00000028d3500000,0x00000028d3600000)]
  0x000001fd6201c800 JavaThread "Cache worker for checksums cache (C:\Android Projects\Udemy TUTORIAL\Quiz App\.gradle\checksums)" [_thread_blocked, id=1984, stack(0x00000028d3600000,0x00000028d3700000)]
  0x000001fd62017800 JavaThread "Cache worker for cache directory md-supplier (C:\Users\Dark Knight\.gradle\caches\6.7.1\md-supplier)" [_thread_blocked, id=19940, stack(0x00000028d3700000,0x00000028d3800000)]
  0x000001fd61f78800 JavaThread "C2 CompilerThread2" daemon [_thread_in_native, id=33284, stack(0x00000028d3800000,0x00000028d3900000)]
  0x000001fd62018000 JavaThread "Cache worker for cache directory md-rule (C:\Users\Dark Knight\.gradle\caches\6.7.1\md-rule)" [_thread_blocked, id=24996, stack(0x00000028d3900000,0x00000028d3a00000)]
  0x000001fd6201a000 JavaThread "Cache worker for execution history cache (C:\Users\Dark Knight\.gradle\caches\6.7.1\executionHistory)" [_thread_blocked, id=21236, stack(0x00000028d3a00000,0x00000028d3b00000)]
  0x000001fd6201a800 JavaThread "jar transforms" [_thread_blocked, id=11876, stack(0x00000028d3b00000,0x00000028d3c00000)]
  0x000001fd607f9000 JavaThread "Cache worker for file content cache (C:\Users\Dark Knight\.gradle\caches\6.7.1\fileContent)" [_thread_blocked, id=7132, stack(0x00000028d3c00000,0x00000028d3d00000)]

Other Threads:
  0x000001fd5f14e000 VMThread "VM Thread" [stack: 0x00000028d1200000,0x00000028d1300000] [id=17472]
  0x000001fd5fc54000 WatcherThread [stack: 0x00000028d1c00000,0x00000028d1d00000] [id=25900]
  0x000001fd446a2000 GCTaskThread "GC Thread#0" [stack: 0x00000028d0d00000,0x00000028d0e00000] [id=22916]
  0x000001fd6095d800 GCTaskThread "GC Thread#1" [stack: 0x00000028d1f00000,0x00000028d2000000] [id=24816]
  0x000001fd6009b000 GCTaskThread "GC Thread#2" [stack: 0x00000028d2000000,0x00000028d2100000] [id=32928]
  0x000001fd62034000 GCTaskThread "GC Thread#3" [stack: 0x00000028d2b00000,0x00000028d2c00000] [id=19776]
  0x000001fd618f3000 GCTaskThread "GC Thread#4" [stack: 0x00000028d2c00000,0x00000028d2d00000] [id=15860]
  0x000001fd61574800 GCTaskThread "GC Thread#5" [stack: 0x00000028d2d00000,0x00000028d2e00000] [id=22228]
  0x000001fd62030800 GCTaskThread "GC Thread#6" [stack: 0x00000028d2e00000,0x00000028d2f00000] [id=33696]
  0x000001fd61c66000 GCTaskThread "GC Thread#7" [stack: 0x00000028d2f00000,0x00000028d3000000] [id=32236]
  0x000001fd446d3800 ConcurrentGCThread "G1 Main Marker" [stack: 0x00000028d0e00000,0x00000028d0f00000] [id=18816]
  0x000001fd446d5000 ConcurrentGCThread "G1 Conc#0" [stack: 0x00000028d0f00000,0x00000028d1000000] [id=30464]
  0x000001fd61b88000 ConcurrentGCThread "G1 Conc#1" [stack: 0x00000028d3200000,0x00000028d3300000] [id=33748]
  0x000001fd5efa0800 ConcurrentGCThread "G1 Refine#0" [stack: 0x00000028d1000000,0x00000028d1100000] [id=20176]
  0x000001fd44765800 ConcurrentGCThread "G1 Young RemSet Sampling" [stack: 0x00000028d1100000,0x00000028d1200000] [id=9316]

Threads with active compile tasks:
C2 CompilerThread0   7288 2695   !   4       java.net.URL::<init> (543 bytes)
C2 CompilerThread2   7288 2836       4       java.util.AbstractCollection::addAll (42 bytes)

VM state:not at safepoint (normal execution)

VM Mutex/Monitor currently owned by a thread: None

Heap address: 0x0000000080000000, size: 2048 MB, Compressed Oops mode: 32-bit
Narrow klass base: 0x0000000000000000, Narrow klass shift: 3
Compressed class space size: 1073741824 Address: 0x0000000100000000

Heap:
 garbage-first heap   total 131072K, used 33319K [0x0000000080000000, 0x0000000100000000)
  region size 1024K, 17 young (17408K), 6 survivors (6144K)
 Metaspace       used 36559K, capacity 37267K, committed 37504K, reserved 1081344K
  class space    used 4651K, capacity 4927K, committed 4992K, reserved 1048576K
Heap Regions: E=young(eden), S=young(survivor), O=old, HS=humongous(starts), HC=humongous(continues), CS=collection set, F=free, A=archive, TAMS=top-at-mark-start (previous, next)
|   0|0x0000000080000000, 0x0000000080100000, 0x0000000080100000|100%| O|  |TAMS 0x0000000080100000, 0x0000000080000000| Untracked 
|   1|0x0000000080100000, 0x0000000080200000, 0x0000000080200000|100%| O|  |TAMS 0x0000000080200000, 0x0000000080100000| Untracked 
|   2|0x0000000080200000, 0x0000000080300000, 0x0000000080300000|100%| O|  |TAMS 0x0000000080300000, 0x0000000080200000| Untracked 
|   3|0x0000000080300000, 0x0000000080400000, 0x0000000080400000|100%|HS|  |TAMS 0x0000000080400000, 0x0000000080300000| Complete 
|   4|0x0000000080400000, 0x0000000080500000, 0x0000000080500000|100%|HC|  |TAMS 0x0000000080500000, 0x0000000080400000| Complete 
|   5|0x0000000080500000, 0x0000000080600000, 0x0000000080600000|100%|HC|  |TAMS 0x0000000080600000, 0x0000000080500000| Complete 
|   6|0x0000000080600000, 0x0000000080700000, 0x0000000080700000|100%| O|  |TAMS 0x0000000080700000, 0x0000000080600000| Untracked 
|   7|0x0000000080700000, 0x0000000080800000, 0x0000000080800000|100%| O|  |TAMS 0x0000000080800000, 0x0000000080700000| Untracked 
|   8|0x0000000080800000, 0x0000000080900000, 0x0000000080900000|100%| O|  |TAMS 0x0000000080900000, 0x0000000080800000| Untracked 
|   9|0x0000000080900000, 0x0000000080a00000, 0x0000000080a00000|100%| O|  |TAMS 0x0000000080a00000, 0x0000000080900000| Untracked 
|  10|0x0000000080a00000, 0x0000000080b00000, 0x0000000080b00000|100%| O|  |TAMS 0x0000000080b00000, 0x0000000080a00000| Untracked 
|  11|0x0000000080b00000, 0x0000000080c00000, 0x0000000080c00000|100%| O|  |TAMS 0x0000000080c00000, 0x0000000080b00000| Untracked 
|  12|0x0000000080c00000, 0x0000000080d00000, 0x0000000080d00000|100%| O|  |TAMS 0x0000000080d00000, 0x0000000080c00000| Untracked 
|  13|0x0000000080d00000, 0x0000000080e00000, 0x0000000080e00000|100%| O|  |TAMS 0x0000000080e00000, 0x0000000080d00000| Untracked 
|  14|0x0000000080e00000, 0x0000000080ee5a00, 0x0000000080f00000| 89%| O|  |TAMS 0x0000000080ee5a00, 0x0000000080e00000| Untracked 
|  15|0x0000000080f00000, 0x0000000081000000, 0x0000000081000000|100%|HS|  |TAMS 0x0000000080f00000, 0x0000000080f00000| Complete 
|  16|0x0000000081000000, 0x0000000081100000, 0x0000000081100000|100%|HS|  |TAMS 0x0000000081000000, 0x0000000081000000| Complete 
|  17|0x0000000081100000, 0x0000000081200000, 0x0000000081200000|100%|HC|  |TAMS 0x0000000081100000, 0x0000000081100000| Complete 
|  18|0x0000000081200000, 0x0000000081200000, 0x0000000081300000|  0%| F|  |TAMS 0x0000000081200000, 0x0000000081200000| Untracked 
|  19|0x0000000081300000, 0x0000000081300000, 0x0000000081400000|  0%| F|  |TAMS 0x0000000081300000, 0x0000000081300000| Untracked 
|  20|0x0000000081400000, 0x0000000081400000, 0x0000000081500000|  0%| F|  |TAMS 0x0000000081400000, 0x0000000081400000| Untracked 
|  21|0x0000000081500000, 0x0000000081500000, 0x0000000081600000|  0%| F|  |TAMS 0x0000000081500000, 0x0000000081500000| Untracked 
|  22|0x0000000081600000, 0x0000000081600000, 0x0000000081700000|  0%| F|  |TAMS 0x0000000081600000, 0x0000000081600000| Untracked 
|  23|0x0000000081700000, 0x0000000081700000, 0x0000000081800000|  0%| F|  |TAMS 0x0000000081700000, 0x0000000081700000| Untracked 
|  24|0x0000000081800000, 0x0000000081800000, 0x0000000081900000|  0%| F|  |TAMS 0x0000000081800000, 0x0000000081800000| Untracked 
|  25|0x0000000081900000, 0x0000000081900000, 0x0000000081a00000|  0%| F|  |TAMS 0x0000000081900000, 0x0000000081900000| Untracked 
|  26|0x0000000081a00000, 0x0000000081a00000, 0x0000000081b00000|  0%| F|  |TAMS 0x0000000081a00000, 0x0000000081a00000| Untracked 
|  27|0x0000000081b00000, 0x0000000081b00000, 0x0000000081c00000|  0%| F|  |TAMS 0x0000000081b00000, 0x0000000081b00000| Untracked 
|  28|0x0000000081c00000, 0x0000000081c00000, 0x0000000081d00000|  0%| F|  |TAMS 0x0000000081c00000, 0x0000000081c00000| Untracked 
|  29|0x0000000081d00000, 0x0000000081d00000, 0x0000000081e00000|  0%| F|  |TAMS 0x0000000081d00000, 0x0000000081d00000| Untracked 
|  30|0x0000000081e00000, 0x0000000081e00000, 0x0000000081f00000|  0%| F|  |TAMS 0x0000000081e00000, 0x0000000081e00000| Untracked 
|  31|0x0000000081f00000, 0x0000000081f00000, 0x0000000082000000|  0%| F|  |TAMS 0x0000000081f00000, 0x0000000081f00000| Untracked 
|  32|0x0000000082000000, 0x0000000082000000, 0x0000000082100000|  0%| F|  |TAMS 0x0000000082000000, 0x0000000082000000| Untracked 
|  33|0x0000000082100000, 0x0000000082100000, 0x0000000082200000|  0%| F|  |TAMS 0x0000000082100000, 0x0000000082100000| Untracked 
|  34|0x0000000082200000, 0x0000000082200000, 0x0000000082300000|  0%| F|  |TAMS 0x0000000082200000, 0x0000000082200000| Untracked 
|  35|0x0000000082300000, 0x0000000082300000, 0x0000000082400000|  0%| F|  |TAMS 0x0000000082300000, 0x0000000082300000| Untracked 
|  36|0x0000000082400000, 0x0000000082400000, 0x0000000082500000|  0%| F|  |TAMS 0x0000000082400000, 0x0000000082400000| Untracked 
|  37|0x0000000082500000, 0x0000000082500000, 0x0000000082600000|  0%| F|  |TAMS 0x0000000082500000, 0x0000000082500000| Untracked 
|  38|0x0000000082600000, 0x0000000082600000, 0x0000000082700000|  0%| F|  |TAMS 0x0000000082600000, 0x0000000082600000| Untracked 
|  39|0x0000000082700000, 0x0000000082700000, 0x0000000082800000|  0%| F|  |TAMS 0x0000000082700000, 0x0000000082700000| Untracked 
|  40|0x0000000082800000, 0x0000000082800000, 0x0000000082900000|  0%| F|  |TAMS 0x0000000082800000, 0x0000000082800000| Untracked 
|  41|0x0000000082900000, 0x0000000082900000, 0x0000000082a00000|  0%| F|  |TAMS 0x0000000082900000, 0x0000000082900000| Untracked 
|  42|0x0000000082a00000, 0x0000000082a00000, 0x0000000082b00000|  0%| F|  |TAMS 0x0000000082a00000, 0x0000000082a00000| Untracked 
|  43|0x0000000082b00000, 0x0000000082b00000, 0x0000000082c00000|  0%| F|  |TAMS 0x0000000082b00000, 0x0000000082b00000| Untracked 
|  44|0x0000000082c00000, 0x0000000082c00000, 0x0000000082d00000|  0%| F|  |TAMS 0x0000000082c00000, 0x0000000082c00000| Untracked 
|  45|0x0000000082d00000, 0x0000000082d00000, 0x0000000082e00000|  0%| F|  |TAMS 0x0000000082d00000, 0x0000000082d00000| Untracked 
|  46|0x0000000082e00000, 0x0000000082e00000, 0x0000000082f00000|  0%| F|  |TAMS 0x0000000082e00000, 0x0000000082e00000| Untracked 
|  47|0x0000000082f00000, 0x0000000082f00000, 0x0000000083000000|  0%| F|  |TAMS 0x0000000082f00000, 0x0000000082f00000| Untracked 
|  48|0x0000000083000000, 0x0000000083000000, 0x0000000083100000|  0%| F|  |TAMS 0x0000000083000000, 0x0000000083000000| Untracked 
|  49|0x0000000083100000, 0x0000000083100000, 0x0000000083200000|  0%| F|  |TAMS 0x0000000083100000, 0x0000000083100000| Untracked 
|  50|0x0000000083200000, 0x0000000083200000, 0x0000000083300000|  0%| F|  |TAMS 0x0000000083200000, 0x0000000083200000| Untracked 
|  51|0x0000000083300000, 0x0000000083300000, 0x0000000083400000|  0%| F|  |TAMS 0x0000000083300000, 0x0000000083300000| Untracked 
|  52|0x0000000083400000, 0x0000000083400000, 0x0000000083500000|  0%| F|  |TAMS 0x0000000083400000, 0x0000000083400000| Untracked 
|  53|0x0000000083500000, 0x0000000083500000, 0x0000000083600000|  0%| F|  |TAMS 0x0000000083500000, 0x0000000083500000| Untracked 
|  54|0x0000000083600000, 0x0000000083600000, 0x0000000083700000|  0%| F|  |TAMS 0x0000000083600000, 0x0000000083600000| Untracked 
|  55|0x0000000083700000, 0x0000000083700000, 0x0000000083800000|  0%| F|  |TAMS 0x0000000083700000, 0x0000000083700000| Untracked 
|  56|0x0000000083800000, 0x0000000083800000, 0x0000000083900000|  0%| F|  |TAMS 0x0000000083800000, 0x0000000083800000| Untracked 
|  57|0x0000000083900000, 0x0000000083900000, 0x0000000083a00000|  0%| F|  |TAMS 0x0000000083900000, 0x0000000083900000| Untracked 
|  58|0x0000000083a00000, 0x0000000083a00000, 0x0000000083b00000|  0%| F|  |TAMS 0x0000000083a00000, 0x0000000083a00000| Untracked 
|  59|0x0000000083b00000, 0x0000000083b00000, 0x0000000083c00000|  0%| F|  |TAMS 0x0000000083b00000, 0x0000000083b00000| Untracked 
|  60|0x0000000083c00000, 0x0000000083c00000, 0x0000000083d00000|  0%| F|  |TAMS 0x0000000083c00000, 0x0000000083c00000| Untracked 
|  61|0x0000000083d00000, 0x0000000083d00000, 0x0000000083e00000|  0%| F|  |TAMS 0x0000000083d00000, 0x0000000083d00000| Untracked 
|  62|0x0000000083e00000, 0x0000000083e00000, 0x0000000083f00000|  0%| F|  |TAMS 0x0000000083e00000, 0x0000000083e00000| Untracked 
|  63|0x0000000083f00000, 0x0000000083f00000, 0x0000000084000000|  0%| F|  |TAMS 0x0000000083f00000, 0x0000000083f00000| Untracked 
|  64|0x0000000084000000, 0x0000000084000000, 0x0000000084100000|  0%| F|  |TAMS 0x0000000084000000, 0x0000000084000000| Untracked 
|  65|0x0000000084100000, 0x0000000084100000, 0x0000000084200000|  0%| F|  |TAMS 0x0000000084100000, 0x0000000084100000| Untracked 
|  66|0x0000000084200000, 0x0000000084200000, 0x0000000084300000|  0%| F|  |TAMS 0x0000000084200000, 0x0000000084200000| Untracked 
|  67|0x0000000084300000, 0x0000000084300000, 0x0000000084400000|  0%| F|  |TAMS 0x0000000084300000, 0x0000000084300000| Untracked 
|  68|0x0000000084400000, 0x0000000084400000, 0x0000000084500000|  0%| F|  |TAMS 0x0000000084400000, 0x0000000084400000| Untracked 
|  69|0x0000000084500000, 0x0000000084500000, 0x0000000084600000|  0%| F|  |TAMS 0x0000000084500000, 0x0000000084500000| Untracked 
|  70|0x0000000084600000, 0x0000000084600000, 0x0000000084700000|  0%| F|  |TAMS 0x0000000084600000, 0x0000000084600000| Untracked 
|  71|0x0000000084700000, 0x0000000084700000, 0x0000000084800000|  0%| F|  |TAMS 0x0000000084700000, 0x0000000084700000| Untracked 
|  72|0x0000000084800000, 0x0000000084800000, 0x0000000084900000|  0%| F|  |TAMS 0x0000000084800000, 0x0000000084800000| Untracked 
|  73|0x0000000084900000, 0x0000000084900000, 0x0000000084a00000|  0%| F|  |TAMS 0x0000000084900000, 0x0000000084900000| Untracked 
|  74|0x0000000084a00000, 0x0000000084a00000, 0x0000000084b00000|  0%| F|  |TAMS 0x0000000084a00000, 0x0000000084a00000| Untracked 
|  75|0x0000000084b00000, 0x0000000084b00000, 0x0000000084c00000|  0%| F|  |TAMS 0x0000000084b00000, 0x0000000084b00000| Untracked 
|  76|0x0000000084c00000, 0x0000000084c00000, 0x0000000084d00000|  0%| F|  |TAMS 0x0000000084c00000, 0x0000000084c00000| Untracked 
|  77|0x0000000084d00000, 0x0000000084d00000, 0x0000000084e00000|  0%| F|  |TAMS 0x0000000084d00000, 0x0000000084d00000| Untracked 
|  78|0x0000000084e00000, 0x0000000084e00000, 0x0000000084f00000|  0%| F|  |TAMS 0x0000000084e00000, 0x0000000084e00000| Untracked 
|  79|0x0000000084f00000, 0x0000000084f00000, 0x0000000085000000|  0%| F|  |TAMS 0x0000000084f00000, 0x0000000084f00000| Untracked 
|  80|0x0000000085000000, 0x0000000085000000, 0x0000000085100000|  0%| F|  |TAMS 0x0000000085000000, 0x0000000085000000| Untracked 
|  81|0x0000000085100000, 0x0000000085100000, 0x0000000085200000|  0%| F|  |TAMS 0x0000000085100000, 0x0000000085100000| Untracked 
|  82|0x0000000085200000, 0x0000000085200000, 0x0000000085300000|  0%| F|  |TAMS 0x0000000085200000, 0x0000000085200000| Untracked 
|  83|0x0000000085300000, 0x00000000853a4558, 0x0000000085400000| 64%| S|CS|TAMS 0x0000000085300000, 0x0000000085300000| Complete 
|  84|0x0000000085400000, 0x0000000085500000, 0x0000000085500000|100%| S|CS|TAMS 0x0000000085400000, 0x0000000085400000| Complete 
|  85|0x0000000085500000, 0x0000000085600000, 0x0000000085600000|100%| S|CS|TAMS 0x0000000085500000, 0x0000000085500000| Complete 
|  86|0x0000000085600000, 0x0000000085700000, 0x0000000085700000|100%| S|CS|TAMS 0x0000000085600000, 0x0000000085600000| Complete 
|  87|0x0000000085700000, 0x0000000085800000, 0x0000000085800000|100%| S|CS|TAMS 0x0000000085700000, 0x0000000085700000| Complete 
|  88|0x0000000085800000, 0x0000000085900000, 0x0000000085900000|100%| S|CS|TAMS 0x0000000085800000, 0x0000000085800000| Complete 
|  89|0x0000000085900000, 0x0000000085900000, 0x0000000085a00000|  0%| F|  |TAMS 0x0000000085900000, 0x0000000085900000| Untracked 
|  90|0x0000000085a00000, 0x0000000085a00000, 0x0000000085b00000|  0%| F|  |TAMS 0x0000000085a00000, 0x0000000085a00000| Untracked 
|  91|0x0000000085b00000, 0x0000000085b00000, 0x0000000085c00000|  0%| F|  |TAMS 0x0000000085b00000, 0x0000000085b00000| Untracked 
|  92|0x0000000085c00000, 0x0000000085c00000, 0x0000000085d00000|  0%| F|  |TAMS 0x0000000085c00000, 0x0000000085c00000| Untracked 
|  93|0x0000000085d00000, 0x0000000085d00000, 0x0000000085e00000|  0%| F|  |TAMS 0x0000000085d00000, 0x0000000085d00000| Untracked 
|  94|0x0000000085e00000, 0x0000000085e00000, 0x0000000085f00000|  0%| F|  |TAMS 0x0000000085e00000, 0x0000000085e00000| Untracked 
|  95|0x0000000085f00000, 0x0000000085f00000, 0x0000000086000000|  0%| F|  |TAMS 0x0000000085f00000, 0x0000000085f00000| Untracked 
|  96|0x0000000086000000, 0x0000000086000000, 0x0000000086100000|  0%| F|  |TAMS 0x0000000086000000, 0x0000000086000000| Untracked 
|  97|0x0000000086100000, 0x0000000086100000, 0x0000000086200000|  0%| F|  |TAMS 0x0000000086100000, 0x0000000086100000| Untracked 
|  98|0x0000000086200000, 0x0000000086200000, 0x0000000086300000|  0%| F|  |TAMS 0x0000000086200000, 0x0000000086200000| Untracked 
|  99|0x0000000086300000, 0x0000000086300000, 0x0000000086400000|  0%| F|  |TAMS 0x0000000086300000, 0x0000000086300000| Untracked 
| 100|0x0000000086400000, 0x0000000086400000, 0x0000000086500000|  0%| F|  |TAMS 0x0000000086400000, 0x0000000086400000| Untracked 
| 101|0x0000000086500000, 0x0000000086500000, 0x0000000086600000|  0%| F|  |TAMS 0x0000000086500000, 0x0000000086500000| Untracked 
| 102|0x0000000086600000, 0x0000000086600000, 0x0000000086700000|  0%| F|  |TAMS 0x0000000086600000, 0x0000000086600000| Untracked 
| 103|0x0000000086700000, 0x0000000086700000, 0x0000000086800000|  0%| F|  |TAMS 0x0000000086700000, 0x0000000086700000| Untracked 
| 104|0x0000000086800000, 0x0000000086800000, 0x0000000086900000|  0%| F|  |TAMS 0x0000000086800000, 0x0000000086800000| Untracked 
| 105|0x0000000086900000, 0x0000000086900000, 0x0000000086a00000|  0%| F|  |TAMS 0x0000000086900000, 0x0000000086900000| Untracked 
| 106|0x0000000086a00000, 0x0000000086a00000, 0x0000000086b00000|  0%| F|  |TAMS 0x0000000086a00000, 0x0000000086a00000| Untracked 
| 107|0x0000000086b00000, 0x0000000086b00000, 0x0000000086c00000|  0%| F|  |TAMS 0x0000000086b00000, 0x0000000086b00000| Untracked 
| 108|0x0000000086c00000, 0x0000000086c00000, 0x0000000086d00000|  0%| F|  |TAMS 0x0000000086c00000, 0x0000000086c00000| Untracked 
| 109|0x0000000086d00000, 0x0000000086d00000, 0x0000000086e00000|  0%| F|  |TAMS 0x0000000086d00000, 0x0000000086d00000| Untracked 
| 110|0x0000000086e00000, 0x0000000086e00000, 0x0000000086f00000|  0%| F|  |TAMS 0x0000000086e00000, 0x0000000086e00000| Untracked 
| 111|0x0000000086f00000, 0x0000000086f00000, 0x0000000087000000|  0%| F|  |TAMS 0x0000000086f00000, 0x0000000086f00000| Untracked 
| 112|0x0000000087000000, 0x0000000087000000, 0x0000000087100000|  0%| F|  |TAMS 0x0000000087000000, 0x0000000087000000| Untracked 
| 113|0x0000000087100000, 0x0000000087100000, 0x0000000087200000|  0%| F|  |TAMS 0x0000000087100000, 0x0000000087100000| Untracked 
| 114|0x0000000087200000, 0x0000000087200000, 0x0000000087300000|  0%| F|  |TAMS 0x0000000087200000, 0x0000000087200000| Untracked 
| 115|0x0000000087300000, 0x0000000087300000, 0x0000000087400000|  0%| F|  |TAMS 0x0000000087300000, 0x0000000087300000| Untracked 
| 116|0x0000000087400000, 0x0000000087400000, 0x0000000087500000|  0%| F|  |TAMS 0x0000000087400000, 0x0000000087400000| Untracked 
| 117|0x0000000087500000, 0x0000000087600000, 0x0000000087600000|100%| E|  |TAMS 0x0000000087500000, 0x0000000087500000| Complete 
| 118|0x0000000087600000, 0x0000000087700000, 0x0000000087700000|100%| E|CS|TAMS 0x0000000087600000, 0x0000000087600000| Complete 
| 119|0x0000000087700000, 0x0000000087800000, 0x0000000087800000|100%| E|CS|TAMS 0x0000000087700000, 0x0000000087700000| Complete 
| 120|0x0000000087800000, 0x0000000087900000, 0x0000000087900000|100%| E|CS|TAMS 0x0000000087800000, 0x0000000087800000| Complete 
| 121|0x0000000087900000, 0x0000000087a00000, 0x0000000087a00000|100%| E|  |TAMS 0x0000000087900000, 0x0000000087900000| Complete 
| 122|0x0000000087a00000, 0x0000000087b00000, 0x0000000087b00000|100%| E|CS|TAMS 0x0000000087a00000, 0x0000000087a00000| Complete 
| 123|0x0000000087b00000, 0x0000000087c00000, 0x0000000087c00000|100%| E|CS|TAMS 0x0000000087b00000, 0x0000000087b00000| Complete 
| 124|0x0000000087c00000, 0x0000000087d00000, 0x0000000087d00000|100%| E|CS|TAMS 0x0000000087c00000, 0x0000000087c00000| Complete 
| 125|0x0000000087d00000, 0x0000000087e00000, 0x0000000087e00000|100%| E|CS|TAMS 0x0000000087d00000, 0x0000000087d00000| Complete 
| 126|0x0000000087e00000, 0x0000000087f00000, 0x0000000087f00000|100%| E|CS|TAMS 0x0000000087e00000, 0x0000000087e00000| Complete 
| 127|0x0000000087f00000, 0x0000000088000000, 0x0000000088000000|100%| E|CS|TAMS 0x0000000087f00000, 0x0000000087f00000| Complete 

Card table byte_map: [0x000001fd57e70000,0x000001fd58270000] _byte_map_base: 0x000001fd57a70000

Marking Bits (Prev, Next): (CMBitMap*) 0x000001fd446cad98, (CMBitMap*) 0x000001fd446cadd0
 Prev Bits: [0x000001fd58670000, 0x000001fd5a670000)
 Next Bits: [0x000001fd5a670000, 0x000001fd5c670000)

Polling page: 0x000001fd42e40000

Metaspace:

Usage:
  Non-class:     31.58 MB capacity,    31.20 MB ( 99%) used,   325.63 KB (  1%) free+waste,    67.69 KB ( <1%) overhead. 
      Class:      4.81 MB capacity,     4.55 MB ( 95%) used,   238.28 KB (  5%) free+waste,    32.50 KB ( <1%) overhead. 
       Both:     36.39 MB capacity,    35.75 MB ( 98%) used,   563.91 KB (  2%) free+waste,   100.19 KB ( <1%) overhead. 

Virtual space:
  Non-class space:       32.00 MB reserved,      31.75 MB (>99%) committed 
      Class space:        1.00 GB reserved,       4.88 MB ( <1%) committed 
             Both:        1.03 GB reserved,      36.63 MB (  3%) committed 

Chunk freelists:
   Non-Class:  44.00 KB
       Class:  1.00 KB
        Both:  45.00 KB

MaxMetaspaceSize: 17179869184.00 GB
CompressedClassSpaceSize: 1.00 GB

CodeHeap 'non-profiled nmethods': size=120000Kb used=1393Kb max_used=1393Kb free=118606Kb
 bounds [0x000001fd4fae0000, 0x000001fd4fd50000, 0x000001fd57010000]
CodeHeap 'profiled nmethods': size=120000Kb used=5416Kb max_used=5416Kb free=114583Kb
 bounds [0x000001fd485b0000, 0x000001fd48b00000, 0x000001fd4fae0000]
CodeHeap 'non-nmethods': size=5760Kb used=2180Kb max_used=2192Kb free=3579Kb
 bounds [0x000001fd48010000, 0x000001fd48280000, 0x000001fd485b0000]
 total_blobs=3363 nmethods=2629 adapters=645
 compilation: enabled
              stopped_count=0, restarted_count=0
 full_count=0

Compilation events (20 events):
Event: 7.182 Thread 0x000001fd5fada000 2829       3       java.lang.PublicMethods$Key::equals (52 bytes)
Event: 7.182 Thread 0x000001fd5fada000 nmethod 2829 0x000001fd48ae6190 code [0x000001fd48ae6360, 0x000001fd48ae67a8]
Event: 7.182 Thread 0x000001fd5fada000 2830       3       java.lang.Enum::equals (11 bytes)
Event: 7.183 Thread 0x000001fd5fada000 nmethod 2830 0x000001fd48ae6890 code [0x000001fd48ae6a40, 0x000001fd48ae6b98]
Event: 7.183 Thread 0x000001fd5fada000 2831       3       com.sun.beans.introspect.PropertyInfo::is (31 bytes)
Event: 7.183 Thread 0x000001fd5fada000 nmethod 2831 0x000001fd48ae6c10 code [0x000001fd48ae6e00, 0x000001fd48ae73a8]
Event: 7.183 Thread 0x000001fd5fada000 2832       3       java.beans.FeatureDescriptor::setValue (11 bytes)
Event: 7.184 Thread 0x000001fd5fada000 nmethod 2832 0x000001fd48ae7510 code [0x000001fd48ae7720, 0x000001fd48ae7af8]
Event: 7.184 Thread 0x000001fd5fada000 2833       3       java.lang.reflect.Field::checkCanSetAccessible (10 bytes)
Event: 7.184 Thread 0x000001fd5fada000 nmethod 2833 0x000001fd48ae7c90 code [0x000001fd48ae7e60, 0x000001fd48ae7fe8]
Event: 7.184 Thread 0x000001fd5fada000 2834       3       org.codehaus.groovy.util.ComplexKeyHashMap$1::hasNext (13 bytes)
Event: 7.184 Thread 0x000001fd5fada000 nmethod 2834 0x000001fd48ae8110 code [0x000001fd48ae82c0, 0x000001fd48ae8418]
Event: 7.192 Thread 0x000001fd61d0b800 nmethod 2802 0x000001fd4fc3a190 code [0x000001fd4fc3a3e0, 0x000001fd4fc3acd0]
Event: 7.224 Thread 0x000001fd5fada000 2835       3       java.util.concurrent.TimeUnit::toNanos (45 bytes)
Event: 7.225 Thread 0x000001fd5fada000 nmethod 2835 0x000001fd48ae8490 code [0x000001fd48ae8640, 0x000001fd48ae8858]
Event: 7.237 Thread 0x000001fd61f78800 2836       4       java.util.AbstractCollection::addAll (42 bytes)
Event: 7.246 Thread 0x000001fd5fada000 2837       3       sun.reflect.generics.parser.SignatureParser::mark (9 bytes)
Event: 7.246 Thread 0x000001fd5fada000 nmethod 2837 0x000001fd48ae8910 code [0x000001fd48ae8ac0, 0x000001fd48ae8bb8]
Event: 7.246 Thread 0x000001fd5fada000 2838       3       sun.reflect.generics.parser.SignatureParser::markToCurrent (16 bytes)
Event: 7.246 Thread 0x000001fd5fada000 nmethod 2838 0x000001fd48ae8c90 code [0x000001fd48ae8e40, 0x000001fd48ae8f88]

GC Heap History (10 events):
Event: 1.167 GC heap before
{Heap before GC invocations=0 (full 0):
 garbage-first heap   total 131072K, used 29696K [0x0000000080000000, 0x0000000100000000)
  region size 1024K, 24 young (24576K), 0 survivors (0K)
 Metaspace       used 10462K, capacity 10677K, committed 11008K, reserved 1058816K
  class space    used 1097K, capacity 1195K, committed 1280K, reserved 1048576K
}
Event: 1.183 GC heap after
{Heap after GC invocations=1 (full 0):
 garbage-first heap   total 131072K, used 8784K [0x0000000080000000, 0x0000000100000000)
  region size 1024K, 3 young (3072K), 3 survivors (3072K)
 Metaspace       used 10462K, capacity 10677K, committed 11008K, reserved 1058816K
  class space    used 1097K, capacity 1195K, committed 1280K, reserved 1048576K
}
Event: 4.729 GC heap before
{Heap before GC invocations=1 (full 0):
 garbage-first heap   total 131072K, used 82512K [0x0000000080000000, 0x0000000100000000)
  region size 1024K, 76 young (77824K), 3 survivors (3072K)
 Metaspace       used 18916K, capacity 19410K, committed 19712K, reserved 1067008K
  class space    used 2286K, capacity 2458K, committed 2560K, reserved 1048576K
}
Event: 4.740 GC heap after
{Heap after GC invocations=2 (full 0):
 garbage-first heap   total 131072K, used 15309K [0x0000000080000000, 0x0000000100000000)
  region size 1024K, 10 young (10240K), 10 survivors (10240K)
 Metaspace       used 18916K, capacity 19410K, committed 19712K, reserved 1067008K
  class space    used 2286K, capacity 2458K, committed 2560K, reserved 1048576K
}
Event: 5.037 GC heap before
{Heap before GC invocations=2 (full 0):
 garbage-first heap   total 131072K, used 28621K [0x0000000080000000, 0x0000000100000000)
  region size 1024K, 24 young (24576K), 10 survivors (10240K)
 Metaspace       used 20671K, capacity 21115K, committed 21248K, reserved 1067008K
  class space    used 2539K, capacity 2712K, committed 2816K, reserved 1048576K
}
Event: 5.049 GC heap after
{Heap after GC invocations=3 (full 0):
 garbage-first heap   total 131072K, used 15969K [0x0000000080000000, 0x0000000100000000)
  region size 1024K, 1 young (1024K), 1 survivors (1024K)
 Metaspace       used 20671K, capacity 21115K, committed 21248K, reserved 1067008K
  class space    used 2539K, capacity 2712K, committed 2816K, reserved 1048576K
}
Event: 6.109 GC heap before
{Heap before GC invocations=4 (full 0):
 garbage-first heap   total 131072K, used 76385K [0x0000000080000000, 0x0000000100000000)
  region size 1024K, 60 young (61440K), 1 survivors (1024K)
 Metaspace       used 27200K, capacity 27877K, committed 27904K, reserved 1073152K
  class space    used 3587K, capacity 3822K, committed 3840K, reserved 1048576K
}
Event: 6.114 GC heap after
{Heap after GC invocations=5 (full 0):
 garbage-first heap   total 131072K, used 18067K [0x0000000080000000, 0x0000000100000000)
  region size 1024K, 3 young (3072K), 3 survivors (3072K)
 Metaspace       used 27200K, capacity 27877K, committed 27904K, reserved 1073152K
  class space    used 3587K, capacity 3822K, committed 3840K, reserved 1048576K
}
Event: 7.058 GC heap before
{Heap before GC invocations=5 (full 0):
 garbage-first heap   total 131072K, used 55955K [0x0000000080000000, 0x0000000100000000)
  region size 1024K, 42 young (43008K), 3 survivors (3072K)
 Metaspace       used 35119K, capacity 35773K, committed 35840K, reserved 1081344K
  class space    used 4571K, capacity 4856K, committed 4864K, reserved 1048576K
}
Event: 7.073 GC heap after
{Heap after GC invocations=6 (full 0):
 garbage-first heap   total 131072K, used 21031K [0x0000000080000000, 0x0000000100000000)
  region size 1024K, 6 young (6144K), 6 survivors (6144K)
 Metaspace       used 35119K, capacity 35773K, committed 35840K, reserved 1081344K
  class space    used 4571K, capacity 4856K, committed 4864K, reserved 1048576K
}

Deoptimization events (20 events):
Event: 7.045 Thread 0x000001fd61601800 Uncommon trap: trap_request=0xffffff4d fr.pc=0x000001fd4fc1117c relative=0x000000000000071c
Event: 7.045 Thread 0x000001fd61601800 Uncommon trap: reason=unstable_if action=reinterpret pc=0x000001fd4fc1117c method=java.lang.Class.getPackageName()Ljava/lang/String; @ 55 c2
Event: 7.045 Thread 0x000001fd61601800 DEOPT PACKING pc=0x000001fd4fc1117c sp=0x00000028d27f8ae0
Event: 7.045 Thread 0x000001fd61601800 DEOPT UNPACKING pc=0x000001fd480374af sp=0x00000028d27f8aa0 mode 2
Event: 7.125 Thread 0x000001fd61601800 Uncommon trap: trap_request=0xffffffbe fr.pc=0x000001fd4fc343b0 relative=0x0000000000000850
Event: 7.125 Thread 0x000001fd61601800 Uncommon trap: reason=profile_predicate action=maybe_recompile pc=0x000001fd4fc343b0 method=java.lang.PublicMethods$MethodList.filter([Ljava/lang/reflect/Method;Ljava/lang/String;[Ljava/lang/Class;Z)Ljava/lang/PublicMethods$MethodList; @ 21 c2
Event: 7.125 Thread 0x000001fd61601800 DEOPT PACKING pc=0x000001fd4fc343b0 sp=0x00000028d27f8b30
Event: 7.125 Thread 0x000001fd61601800 DEOPT UNPACKING pc=0x000001fd480374af sp=0x00000028d27f8ae8 mode 2
Event: 7.126 Thread 0x000001fd61601800 Uncommon trap: trap_request=0xffffffbe fr.pc=0x000001fd4fc343b0 relative=0x0000000000000850
Event: 7.126 Thread 0x000001fd61601800 Uncommon trap: reason=profile_predicate action=maybe_recompile pc=0x000001fd4fc343b0 method=java.lang.PublicMethods$MethodList.filter([Ljava/lang/reflect/Method;Ljava/lang/String;[Ljava/lang/Class;Z)Ljava/lang/PublicMethods$MethodList; @ 21 c2
Event: 7.126 Thread 0x000001fd61601800 DEOPT PACKING pc=0x000001fd4fc343b0 sp=0x00000028d27f8b30
Event: 7.126 Thread 0x000001fd61601800 DEOPT UNPACKING pc=0x000001fd480374af sp=0x00000028d27f8ae8 mode 2
Event: 7.152 Thread 0x000001fd61601800 Uncommon trap: trap_request=0xffffffbe fr.pc=0x000001fd4fc343b0 relative=0x0000000000000850
Event: 7.152 Thread 0x000001fd61601800 Uncommon trap: reason=profile_predicate action=maybe_recompile pc=0x000001fd4fc343b0 method=java.lang.PublicMethods$MethodList.filter([Ljava/lang/reflect/Method;Ljava/lang/String;[Ljava/lang/Class;Z)Ljava/lang/PublicMethods$MethodList; @ 21 c2
Event: 7.152 Thread 0x000001fd61601800 DEOPT PACKING pc=0x000001fd4fc343b0 sp=0x00000028d27f9030
Event: 7.152 Thread 0x000001fd61601800 DEOPT UNPACKING pc=0x000001fd480374af sp=0x00000028d27f8fe8 mode 2
Event: 7.152 Thread 0x000001fd61601800 Uncommon trap: trap_request=0xffffffbe fr.pc=0x000001fd4fc343b0 relative=0x0000000000000850
Event: 7.152 Thread 0x000001fd61601800 Uncommon trap: reason=profile_predicate action=maybe_recompile pc=0x000001fd4fc343b0 method=java.lang.PublicMethods$MethodList.filter([Ljava/lang/reflect/Method;Ljava/lang/String;[Ljava/lang/Class;Z)Ljava/lang/PublicMethods$MethodList; @ 21 c2
Event: 7.152 Thread 0x000001fd61601800 DEOPT PACKING pc=0x000001fd4fc343b0 sp=0x00000028d27f9010
Event: 7.152 Thread 0x000001fd61601800 DEOPT UNPACKING pc=0x000001fd480374af sp=0x00000028d27f8fc8 mode 2

Classes redefined (0 events):
No events

Internal exceptions (20 events):
Event: 7.106 Thread 0x000001fd61601800 Exception <a 'java/lang/ClassNotFoundException'{0x0000000087ec3378}: org/gradle/plugin/use/internal/PluginsAwareScriptBeanInfo> (0x0000000087ec3378) thrown at [./src/hotspot/share/classfile/systemDictionary.cpp, line 231]
Event: 7.107 Thread 0x000001fd61601800 Exception <a 'java/lang/ClassNotFoundException'{0x0000000087ed2fd8}: org/gradle/groovy/scripts/DefaultScriptBeanInfo> (0x0000000087ed2fd8) thrown at [./src/hotspot/share/classfile/systemDictionary.cpp, line 231]
Event: 7.107 Thread 0x000001fd61601800 Exception <a 'java/lang/ClassNotFoundException'{0x0000000087ee2c30}: org/gradle/groovy/scripts/BasicScriptBeanInfo> (0x0000000087ee2c30) thrown at [./src/hotspot/share/classfile/systemDictionary.cpp, line 231]
Event: 7.108 Thread 0x000001fd61601800 Exception <a 'java/lang/ClassNotFoundException'{0x0000000087ef28b0}: org/gradle/groovy/scripts/ScriptBeanInfo> (0x0000000087ef28b0) thrown at [./src/hotspot/share/classfile/systemDictionary.cpp, line 231]
Event: 7.108 Thread 0x000001fd61601800 Exception <a 'java/lang/ClassNotFoundException'{0x0000000087d01838}: groovy/lang/ScriptBeanInfo> (0x0000000087d01838) thrown at [./src/hotspot/share/classfile/systemDictionary.cpp, line 231]
Event: 7.109 Thread 0x000001fd61601800 Exception <a 'java/lang/ClassNotFoundException'{0x0000000087d10bf0}: groovy/lang/ScriptCustomizer> (0x0000000087d10bf0) thrown at [./src/hotspot/share/classfile/systemDictionary.cpp, line 231]
Event: 7.111 Thread 0x000001fd61601800 Exception <a 'java/lang/ClassNotFoundException'{0x0000000087d285e0}: org/gradle/groovy/scripts/ScriptCustomizer> (0x0000000087d285e0) thrown at [./src/hotspot/share/classfile/systemDictionary.cpp, line 231]
Event: 7.113 Thread 0x000001fd61601800 Exception <a 'java/lang/ClassNotFoundException'{0x0000000087d3ecb0}: org/gradle/groovy/scripts/BasicScriptCustomizer> (0x0000000087d3ecb0) thrown at [./src/hotspot/share/classfile/systemDictionary.cpp, line 231]
Event: 7.115 Thread 0x000001fd61601800 Exception <a 'java/lang/ClassNotFoundException'{0x0000000087d5aee0}: org/gradle/groovy/scripts/DefaultScriptCustomizer> (0x0000000087d5aee0) thrown at [./src/hotspot/share/classfile/systemDictionary.cpp, line 231]
Event: 7.120 Thread 0x000001fd61601800 Exception <a 'java/lang/ClassNotFoundException'{0x0000000087dce310}: org/gradle/plugin/use/internal/PluginsAwareScriptCustomizer> (0x0000000087dce310) thrown at [./src/hotspot/share/classfile/systemDictionary.cpp, line 231]
Event: 7.122 Thread 0x000001fd61601800 Exception <a 'java/lang/ClassNotFoundException'{0x0000000087de6660}: org/gradle/initialization/SettingsScriptCustomizer> (0x0000000087de6660) thrown at [./src/hotspot/share/classfile/systemDictionary.cpp, line 231]
Event: 7.123 Thread 0x000001fd61601800 Exception <a 'java/lang/ClassNotFoundException'{0x0000000087df7190}: settings_9qm7nlrjxhp65fkfcr7kzh0wkCustomizer> (0x0000000087df7190) thrown at [./src/hotspot/share/classfile/systemDictionary.cpp, line 231]
Event: 7.158 Thread 0x000001fd61601800 Exception <a 'java/lang/ClassNotFoundException'{0x0000000087b486f8}: org/gradle/initialization/DefaultSettings_DecoratedBeanInfo> (0x0000000087b486f8) thrown at [./src/hotspot/share/classfile/systemDictionary.cpp, line 231]
Event: 7.159 Thread 0x000001fd61601800 Exception <a 'java/lang/ClassNotFoundException'{0x0000000087b64b18}: org/gradle/initialization/DefaultSettingsBeanInfo> (0x0000000087b64b18) thrown at [./src/hotspot/share/classfile/systemDictionary.cpp, line 231]
Event: 7.160 Thread 0x000001fd61601800 Exception <a 'java/lang/ClassNotFoundException'{0x0000000087b841c8}: org/gradle/api/internal/project/AbstractPluginAwareBeanInfo> (0x0000000087b841c8) thrown at [./src/hotspot/share/classfile/systemDictionary.cpp, line 231]
Event: 7.160 Thread 0x000001fd61601800 Exception <a 'java/lang/ClassNotFoundException'{0x0000000087ba36f8}: org/gradle/api/internal/project/AbstractPluginAwareCustomizer> (0x0000000087ba36f8) thrown at [./src/hotspot/share/classfile/systemDictionary.cpp, line 231]
Event: 7.162 Thread 0x000001fd61601800 Exception <a 'java/lang/ClassNotFoundException'{0x0000000087bc72e0}: org/gradle/initialization/DefaultSettingsCustomizer> (0x0000000087bc72e0) thrown at [./src/hotspot/share/classfile/systemDictionary.cpp, line 231]
Event: 7.168 Thread 0x000001fd61601800 Exception <a 'java/lang/ClassNotFoundException'{0x0000000087a10148}: org/gradle/initialization/DefaultSettings_DecoratedCustomizer> (0x0000000087a10148) thrown at [./src/hotspot/share/classfile/systemDictionary.cpp, line 231]
Event: 7.181 Thread 0x000001fd61601800 Exception <a 'java/lang/ClassNotFoundException'{0x0000000087ab20e0}: org/gradle/initialization/DefaultProjectDescriptorBeanInfo> (0x0000000087ab20e0) thrown at [./src/hotspot/share/classfile/systemDictionary.cpp, line 231]
Event: 7.182 Thread 0x000001fd61601800 Exception <a 'java/lang/ClassNotFoundException'{0x0000000087ad0a40}: org/gradle/initialization/DefaultProjectDescriptorCustomizer> (0x0000000087ad0a40) thrown at [./src/hotspot/share/classfile/systemDictionary.cpp, line 231]

Events (20 events):
Event: 7.240 loading class org/codehaus/groovy/util/AbstractConcurrentMapBase$Segment
Event: 7.240 loading class org/codehaus/groovy/util/AbstractConcurrentMapBase$Segment done
Event: 7.240 loading class org/codehaus/groovy/util/AbstractConcurrentMap$Segment
Event: 7.240 loading class org/codehaus/groovy/util/AbstractConcurrentMap$Segment done
Event: 7.241 loading class org/codehaus/groovy/util/ManagedConcurrentMap$Segment
Event: 7.241 loading class org/codehaus/groovy/util/ManagedConcurrentMap$Segment done
Event: 7.241 loading class org/codehaus/groovy/util/AbstractConcurrentMap$Entry
Event: 7.241 loading class org/codehaus/groovy/util/AbstractConcurrentMap$Entry done
Event: 7.242 loading class org/codehaus/groovy/util/AbstractConcurrentMapBase$Entry
Event: 7.242 loading class org/codehaus/groovy/util/AbstractConcurrentMapBase$Entry done
Event: 7.243 loading class org/codehaus/groovy/ast/MixinNode
Event: 7.243 loading class org/codehaus/groovy/ast/MixinNode done
Event: 7.244 loading class org/codehaus/groovy/ast/ClassNode$MapOfLists
Event: 7.244 loading class org/codehaus/groovy/ast/ClassNode$MapOfLists done
Event: 7.244 loading class org/codehaus/groovy/util/ManagedConcurrentMap$EntryWithValue
Event: 7.244 loading class org/codehaus/groovy/util/ManagedConcurrentMap$EntryWithValue done
Event: 7.244 loading class org/codehaus/groovy/util/ManagedConcurrentMap$Entry
Event: 7.244 loading class org/codehaus/groovy/util/ManagedConcurrentMap$Entry done
Event: 7.246 loading class org/apache/groovy/util/Maps
Event: 7.246 loading class org/apache/groovy/util/Maps done


Dynamic libraries:
0x00007ff608f50000 - 0x00007ff608f5a000 	C:\Program Files\Android\Android Studio\jre\bin\java.exe
0x00007fff961d0000 - 0x00007fff963c5000 	C:\WINDOWS\SYSTEM32\ntdll.dll
0x00007fff95e70000 - 0x00007fff95f2d000 	C:\WINDOWS\System32\KERNEL32.DLL
0x00007fff93e30000 - 0x00007fff940f9000 	C:\WINDOWS\System32\KERNELBASE.dll
0x00007fff93a90000 - 0x00007fff93b90000 	C:\WINDOWS\System32\ucrtbase.dll
0x00007fff8da50000 - 0x00007fff8da67000 	C:\Program Files\Android\Android Studio\jre\bin\VCRUNTIME140.dll
0x00007fff8da30000 - 0x00007fff8da49000 	C:\Program Files\Android\Android Studio\jre\bin\jli.dll
0x00007fff95820000 - 0x00007fff959c0000 	C:\WINDOWS\System32\USER32.dll
0x00007fff94100000 - 0x00007fff94122000 	C:\WINDOWS\System32\win32u.dll
0x00007fff94f10000 - 0x00007fff94f3a000 	C:\WINDOWS\System32\GDI32.dll
0x00007fff7ffe0000 - 0x00007fff8027a000 	C:\WINDOWS\WinSxS\amd64_microsoft.windows.common-controls_6595b64144ccf1df_6.0.19041.1083_none_60bbe31371f34e71\COMCTL32.dll
0x00007fff94130000 - 0x00007fff9423b000 	C:\WINDOWS\System32\gdi32full.dll
0x00007fff95530000 - 0x00007fff955ce000 	C:\WINDOWS\System32\msvcrt.dll
0x00007fff939a0000 - 0x00007fff93a3d000 	C:\WINDOWS\System32\msvcp_win.dll
0x00007fff946b0000 - 0x00007fff946e0000 	C:\WINDOWS\System32\IMM32.DLL
0x00007fff5d0e0000 - 0x00007fff5d17d000 	C:\Program Files\Android\Android Studio\jre\bin\msvcp140.dll
0x00007fff5a060000 - 0x00007fff5ab1c000 	C:\Program Files\Android\Android Studio\jre\bin\server\jvm.dll
0x00007fff95650000 - 0x00007fff956fc000 	C:\WINDOWS\System32\ADVAPI32.dll
0x00007fff95020000 - 0x00007fff950bb000 	C:\WINDOWS\System32\sechost.dll
0x00007fff95f30000 - 0x00007fff9605a000 	C:\WINDOWS\System32\RPCRT4.dll
0x00007fff946e0000 - 0x00007fff946e8000 	C:\WINDOWS\System32\PSAPI.DLL
0x00007fff85cc0000 - 0x00007fff85cc9000 	C:\WINDOWS\SYSTEM32\WSOCK32.dll
0x00007fff8c7b0000 - 0x00007fff8c7ba000 	C:\WINDOWS\SYSTEM32\VERSION.dll
0x00007fff8a770000 - 0x00007fff8a797000 	C:\WINDOWS\SYSTEM32\WINMM.dll
0x00007fff955d0000 - 0x00007fff9563b000 	C:\WINDOWS\System32\WS2_32.dll
0x00007fff921d0000 - 0x00007fff921e2000 	C:\WINDOWS\SYSTEM32\kernel.appcore.dll
0x00007fff8e480000 - 0x00007fff8e491000 	C:\Program Files\Android\Android Studio\jre\bin\verify.dll
0x00007fff915f0000 - 0x00007fff917d4000 	C:\WINDOWS\SYSTEM32\DBGHELP.DLL
0x00007fff822d0000 - 0x00007fff822fc000 	C:\WINDOWS\SYSTEM32\dbgcore.DLL
0x00007fff93910000 - 0x00007fff93993000 	C:\WINDOWS\System32\bcryptPrimitives.dll
0x00007fff88370000 - 0x00007fff88399000 	C:\Program Files\Android\Android Studio\jre\bin\java.dll
0x00007fff8dca0000 - 0x00007fff8dcab000 	C:\Program Files\Android\Android Studio\jre\bin\jimage.dll
0x00007fff8a6f0000 - 0x00007fff8a708000 	C:\Program Files\Android\Android Studio\jre\bin\zip.dll
0x00007fff946f0000 - 0x00007fff94e2f000 	C:\WINDOWS\System32\SHELL32.dll
0x00007fff91a20000 - 0x00007fff921b1000 	C:\WINDOWS\SYSTEM32\windows.storage.dll
0x00007fff951d0000 - 0x00007fff95525000 	C:\WINDOWS\System32\combase.dll
0x00007fff93380000 - 0x00007fff933ac000 	C:\WINDOWS\SYSTEM32\Wldp.dll
0x00007fff95770000 - 0x00007fff9581e000 	C:\WINDOWS\System32\SHCORE.dll
0x00007fff959c0000 - 0x00007fff95a15000 	C:\WINDOWS\System32\shlwapi.dll
0x00007fff93850000 - 0x00007fff9386f000 	C:\WINDOWS\SYSTEM32\profapi.dll
0x00007fff88350000 - 0x00007fff8836a000 	C:\Program Files\Android\Android Studio\jre\bin\net.dll
0x00007fff84850000 - 0x00007fff8495a000 	C:\WINDOWS\SYSTEM32\WINHTTP.dll
0x00007fff93070000 - 0x00007fff930da000 	C:\WINDOWS\system32\mswsock.dll
0x00007fff88330000 - 0x00007fff88344000 	C:\Program Files\Android\Android Studio\jre\bin\nio.dll
0x00007fff8b8a0000 - 0x00007fff8b8c7000 	C:\Users\Dark Knight\.gradle\native\fdc75f09e3144964f2cf3f50f0aa648679c211496f362492102eb8c894070792\windows-amd64\native-platform.dll
0x00007fff47110000 - 0x00007fff472a6000 	C:\Users\Dark Knight\.gradle\native\12488b8bf47d2d4c9fbf2f6322a914ad602e24e48041cd04a747c6da556b65c4\windows-amd64\native-platform-file-events.dll
0x00007fff8dc90000 - 0x00007fff8dc9a000 	C:\Program Files\Android\Android Studio\jre\bin\management.dll
0x00007fff8d6f0000 - 0x00007fff8d6fc000 	C:\Program Files\Android\Android Studio\jre\bin\management_ext.dll
0x00007fff93260000 - 0x00007fff93278000 	C:\WINDOWS\SYSTEM32\CRYPTSP.dll
0x00007fff929b0000 - 0x00007fff929e4000 	C:\WINDOWS\system32\rsaenh.dll
0x00007fff93cf0000 - 0x00007fff93d17000 	C:\WINDOWS\System32\bcrypt.dll
0x00007fff937d0000 - 0x00007fff937fe000 	C:\WINDOWS\SYSTEM32\USERENV.dll
0x00007fff93250000 - 0x00007fff9325c000 	C:\WINDOWS\SYSTEM32\CRYPTBASE.dll
0x00007fff92d60000 - 0x00007fff92d9b000 	C:\WINDOWS\SYSTEM32\IPHLPAPI.DLL
0x00007fff95760000 - 0x00007fff95768000 	C:\WINDOWS\System32\NSI.dll
0x00007fff8a6b0000 - 0x00007fff8a6c7000 	C:\WINDOWS\SYSTEM32\dhcpcsvc6.DLL
0x00007fff8a9c0000 - 0x00007fff8a9dd000 	C:\WINDOWS\SYSTEM32\dhcpcsvc.DLL
0x00007fff92da0000 - 0x00007fff92e6c000 	C:\WINDOWS\SYSTEM32\DNSAPI.dll
0x00007fff8be80000 - 0x00007fff8be8b000 	C:\WINDOWS\SYSTEM32\WINNSI.DLL

dbghelp: loaded successfully - version: 4.0.5 - missing functions: none
symbol engine: initialized successfully - sym options: 0x614 - pdb path: .;C:\Program Files\Android\Android Studio\jre\bin;C:\WINDOWS\SYSTEM32;C:\WINDOWS\WinSxS\amd64_microsoft.windows.common-controls_6595b64144ccf1df_6.0.19041.1083_none_60bbe31371f34e71;C:\Program Files\Android\Android Studio\jre\bin\server;C:\Users\Dark Knight\.gradle\native\fdc75f09e3144964f2cf3f50f0aa648679c211496f362492102eb8c894070792\windows-amd64;C:\Users\Dark Knight\.gradle\native\12488b8bf47d2d4c9fbf2f6322a914ad602e24e48041cd04a747c6da556b65c4\windows-amd64

VM Arguments:
jvm_args: --add-opens=java.base/java.util=ALL-UNNAMED --add-opens=java.base/java.lang=ALL-UNNAMED --add-opens=java.base/java.lang.invoke=ALL-UNNAMED --add-opens=java.prefs/java.util.prefs=ALL-UNNAMED -Xmx2048m -Dfile.encoding=UTF-8 -Duser.country=IN -Duser.language=en -Duser.variant 
java_command: org.gradle.launcher.daemon.bootstrap.GradleDaemon 6.7.1
java_class_path (initial): C:\Users\Dark Knight\.gradle\wrapper\dists\gradle-6.7.1-bin\bwlcbys1h7rz3272sye1xwiv6\gradle-6.7.1\lib\gradle-launcher-6.7.1.jar
Launcher Type: SUN_STANDARD

[Global flags]
     intx CICompilerCount                          = 4                                         {product} {ergonomic}
     uint ConcGCThreads                            = 2                                         {product} {ergonomic}
     uint G1ConcRefinementThreads                  = 8                                         {product} {ergonomic}
   size_t G1HeapRegionSize                         = 1048576                                   {product} {ergonomic}
    uintx GCDrainStackTargetSize                   = 64                                        {product} {ergonomic}
   size_t InitialHeapSize                          = 134217728                                 {product} {ergonomic}
   size_t MarkStackSize                            = 4194304                                   {product} {ergonomic}
   size_t MaxHeapSize                              = 2147483648                                {product} {command line}
   size_t MaxNewSize                               = 1287651328                                {product} {ergonomic}
   size_t MinHeapDeltaBytes                        = 1048576                                   {product} {ergonomic}
    uintx NonNMethodCodeHeapSize                   = 5836300                                {pd product} {ergonomic}
    uintx NonProfiledCodeHeapSize                  = 122910970                              {pd product} {ergonomic}
    uintx ProfiledCodeHeapSize                     = 122910970                              {pd product} {ergonomic}
    uintx ReservedCodeCacheSize                    = 251658240                              {pd product} {ergonomic}
     bool SegmentedCodeCache                       = true                                      {product} {ergonomic}
     bool UseCompressedClassPointers               = true                                 {lp64_product} {ergonomic}
     bool UseCompressedOops                        = true                                 {lp64_product} {ergonomic}
     bool UseG1GC                                  = true                                      {product} {ergonomic}
     bool UseLargePagesIndividualAllocation        = false                                  {pd product} {ergonomic}

Logging:
Log output configuration:
 #0: stdout all=warning uptime,level,tags
 #1: stderr all=off uptime,level,tags

Environment Variables:
PATH=C:\Windows\system32;C:\Windows;C:\Windows\System32\Wbem;C:\Windows\System32\WindowsPowerShell\v1.0\;C:\Windows\System32\OpenSSH\;C:\Program Files (x86)\NVIDIA Corporation\PhysX\Common;C:\Program Files\NVIDIA Corporation\NVIDIA NvDLISR;C:\WINDOWS\system32;C:\WINDOWS;C:\WINDOWS\System32\Wbem;C:\WINDOWS\System32\WindowsPowerShell\v1.0\;C:\WINDOWS\System32\OpenSSH\;C:\MinGW\bin;C:\Program Files\MEGA-X;C:\WINDOWS\system32;C:\WINDOWS;C:\WINDOWS\System32\Wbem;C:\WINDOWS\System32\WindowsPowerShell\v1.0\;C:\WINDOWS\System32\OpenSSH\;C:\Program Files\Git\cmd;C:\Users\Dark Knight\AppData\Local\Microsoft\WindowsApps;C:\Users\Dark Knight\AppData\Local\GitHubDesktop\bin;C:\Users\Dark Knight\AppData\Local\atom\bin;C:\ProgramData\Dark Knight\atom\bin;C:\MinGW\bin;C:\Program Files (x86)\Microsoft Visual Studio\2019\BuildTools\MSBuild\Current\Bin;C:\Users\Dark Knight\AppData\Local\Programs\Microsoft VS Code\bin;C:\Users\Dark Knight\AppData\Local\Microsoft\WindowsApps;
USERNAME=Dark Knight
OS=Windows_NT
PROCESSOR_IDENTIFIER=Intel64 Family 6 Model 158 Stepping 10, GenuineIntel



---------------  S Y S T E M  ---------------

OS: Windows 10 , 64 bit Build 19041 (10.0.19041.1023)
OS uptime: 6 days 20:30 hours

CPU:total 8 (initial active 8) (4 cores per cpu, 2 threads per core) family 6 model 158 stepping 10, cmov, cx8, fxsr, mmx, sse, sse2, sse3, ssse3, sse4.1, sse4.2, popcnt, avx, avx2, aes, clmul, erms, 3dnowpref, lzcnt, ht, tsc, tscinvbit, bmi1, bmi2, adx, fma

Memory: 4k page, system-wide physical 8112M (1462M free)
TotalPageFile size 12208M (AvailPageFile size 5M)
current process WorkingSet (physical memory assigned to process): 257M, peak: 257M
current process commit charge ("private bytes"): 317M, peak: 319M

vm_info: OpenJDK 64-Bit Server VM (11.0.8+10-b944.6842174) for windows-amd64 JRE (11.0.8+10-b944.6842174), built on Sep 19 2020 01:11:42 by "builder" with MS VC++ 14.0 (VS2015)

END.
