#
# There is insufficient memory for the Java Runtime Environment to continue.
# Native memory allocation (malloc) failed to allocate 1007856 bytes for Chunk::new
# Possible reasons:
#   The system is out of physical RAM or swap space
#   The process is running with CompressedOops enabled, and the Java Heap may be blocking the growth of the native heap
# Possible solutions:
#   Reduce memory load on the system
#   Increase physical memory or swap space
#   Check if swap backing store is full
#   Decrease Java heap size (-Xmx/-Xms)
#   Decrease number of Java threads
#   Decrease Java thread stack sizes (-Xss)
#   Set larger code cache with -XX:ReservedCodeCacheSize=
#   JVM is running with Unscaled Compressed Oops mode in which the Java heap is
#     placed in the first 4GB address space. The Java Heap base address is the
#     maximum limit for the native heap growth. Please use -XX:HeapBaseMinAddress
#     to set the Java Heap base and to place the Java Heap above 4GB virtual address.
# This output file may be truncated or incomplete.
#
#  Out of Memory Error (./src/hotspot/share/memory/arena.cpp:197), pid=29420, tid=1900
#
# JRE version: OpenJDK Runtime Environment (11.0.8+10) (build 11.0.8+10-b944.6842174)
# Java VM: OpenJDK 64-Bit Server VM (11.0.8+10-b944.6842174, mixed mode, tiered, compressed oops, g1 gc, windows-amd64)
# No core dump will be written. Minidumps are not enabled by default on client versions of Windows
#

---------------  S U M M A R Y ------------

Command Line: --add-opens=java.base/java.util=ALL-UNNAMED --add-opens=java.base/java.lang=ALL-UNNAMED --add-opens=java.base/java.lang.invoke=ALL-UNNAMED --add-opens=java.prefs/java.util.prefs=ALL-UNNAMED -Xmx2048m -Dfile.encoding=UTF-8 -Duser.country=IN -Duser.language=en -Duser.variant org.gradle.launcher.daemon.bootstrap.GradleDaemon 6.7.1

Host: Intel(R) Core(TM) i5-9300H CPU @ 2.40GHz, 8 cores, 7G,  Windows 10 , 64 bit Build 19041 (10.0.19041.1023)
Time: Wed Jul 14 20:34:08 2021 India Standard Time elapsed time: 11 seconds (0d 0h 0m 11s)

---------------  T H R E A D  ---------------

Current thread (0x00000147ceea6000):  JavaThread "C2 CompilerThread0" daemon [_thread_in_native, id=1900, stack(0x000000014cf00000,0x000000014d000000)]


Current CompileTask:
C2:  11395 10825       4       kotlin.io.FilesKt__FilePathComponentsKt::toComponents (251 bytes)

Stack: [0x000000014cf00000,0x000000014d000000]
Native frames: (J=compiled Java code, j=interpreted, Vv=VM code, C=native code)
V  [jvm.dll+0x5de50a]
V  [jvm.dll+0x7122f5]
V  [jvm.dll+0x71384d]
V  [jvm.dll+0x713f03]
V  [jvm.dll+0x23e728]
V  [jvm.dll+0xb899c]
V  [jvm.dll+0xb8e9c]
V  [jvm.dll+0x35024d]
V  [jvm.dll+0x31dea3]
V  [jvm.dll+0x31d39a]
V  [jvm.dll+0x1f7702]
V  [jvm.dll+0x1f68d4]
V  [jvm.dll+0x17f32c]
V  [jvm.dll+0x205047]
V  [jvm.dll+0x203891]
V  [jvm.dll+0x6dad3f]
V  [jvm.dll+0x6d3895]
V  [jvm.dll+0x5dd4a6]
C  [ucrtbase.dll+0x21bb2]
C  [KERNEL32.DLL+0x17034]
C  [ntdll.dll+0x52651]


---------------  P R O C E S S  ---------------

Threads class SMR info:
_java_thread_list=0x00000147d61032d0, length=161, elements={
0x00000147b3afb800, 0x00000147ce522800, 0x00000147ce52e000, 0x00000147ceea2800,
0x00000147ceea3800, 0x00000147ceea6000, 0x00000147ceeab000, 0x00000147ceeac000,
0x00000147ceff3800, 0x00000147cf01a800, 0x00000147d0a00000, 0x00000147d04bb800,
0x00000147cf0f8000, 0x00000147cfdce000, 0x00000147d0409000, 0x00000147d059e000,
0x00000147d0475000, 0x00000147d0217800, 0x00000147cff1f800, 0x00000147d0c5c800,
0x00000147d1566800, 0x00000147d1565800, 0x00000147d1564000, 0x00000147d1565000,
0x00000147d1567800, 0x00000147d1568000, 0x00000147d1562800, 0x00000147d1569000,
0x00000147d1563800, 0x00000147d1a05000, 0x00000147d1a02800, 0x00000147d1a06800,
0x00000147d1a05800, 0x00000147d1a04000, 0x00000147d1a00800, 0x00000147d1a03000,
0x00000147d1a07000, 0x00000147d1a01800, 0x00000147d1a09800, 0x00000147d1a09000,
0x00000147d1a0b800, 0x00000147d1a0a800, 0x00000147d1a0c000, 0x00000147d1a0d000,
0x00000147d1a0e000, 0x00000147d1a08000, 0x00000147d1a0e800, 0x00000147d1a0f800,
0x00000147d451c000, 0x00000147d4522000, 0x00000147d4520800, 0x00000147d4523000,
0x00000147d451e000, 0x00000147d451d000, 0x00000147d4523800, 0x00000147d4524800,
0x00000147d451e800, 0x00000147d4525000, 0x00000147d451f800, 0x00000147d4529800,
0x00000147d452a000, 0x00000147d4527000, 0x00000147d4526000, 0x00000147d4527800,
0x00000147d452b000, 0x00000147d4528800, 0x00000147d407c800, 0x00000147d407b000,
0x00000147d407c000, 0x00000147d4080000, 0x00000147d407a000, 0x00000147d407e800,
0x00000147d4081800, 0x00000147d4082800, 0x00000147d4083000, 0x00000147d407d800,
0x00000147d4084000, 0x00000147d4085000, 0x00000147d407f000, 0x00000147d4085800,
0x00000147d4086800, 0x00000147d4080800, 0x00000147d4087800, 0x00000147d4088000,
0x00000147d4089000, 0x00000147d5d93800, 0x00000147d5d97000, 0x00000147d5d94800,
0x00000147d5d93000, 0x00000147d5d97800, 0x00000147d5d95000, 0x00000147d5d96000,
0x00000147d5d9a000, 0x00000147d5d9b000, 0x00000147d5d9c800, 0x00000147d5d9d800,
0x00000147d5d9e000, 0x00000147d5d98800, 0x00000147d5d9c000, 0x00000147d5d9f000,
0x00000147d5d99800, 0x00000147d5da0000, 0x00000147d5da0800, 0x00000147d5da1800,
0x00000147d490f000, 0x00000147d4912800, 0x00000147d4913800, 0x00000147d4914000,
0x00000147d4915000, 0x00000147d4916000, 0x00000147d4910000, 0x00000147d4911800,
0x00000147d4916800, 0x00000147d4911000, 0x00000147d4919000, 0x00000147d491a800,
0x00000147d491c800, 0x00000147d4917800, 0x00000147d491a000, 0x00000147d491d000,
0x00000147d491e000, 0x00000147d4918000, 0x00000147d491b800, 0x00000147d2dd9800,
0x00000147d2ddc000, 0x00000147d2dd8800, 0x00000147d2dd6000, 0x00000147d2dda800,
0x00000147d2dd7000, 0x00000147d2ddb000, 0x00000147d2dd8000, 0x00000147d2de1000,
0x00000147d2de2800, 0x00000147d2ddc800, 0x00000147d2de3800, 0x00000147d2ddd800,
0x00000147d2dde800, 0x00000147d2de1800, 0x00000147d2de4000, 0x00000147d2ddf000,
0x00000147d2de0000, 0x00000147d2de5000, 0x00000147d658e800, 0x00000147d6590000,
0x00000147d658f800, 0x00000147d6591000, 0x00000147d658b800, 0x00000147d658d800,
0x00000147d6592000, 0x00000147d658c000, 0x00000147d658d000, 0x00000147d6597800,
0x00000147d6593800, 0x00000147d6595000, 0x00000147d6594800, 0x00000147d6596000,
0x00000147d6592800, 0x00000147d6596800, 0x00000147d6598800, 0x00000147da58b800,
0x00000147d9730800
}

Java Threads: ( => current thread )
  0x00000147b3afb800 JavaThread "main" [_thread_blocked, id=32048, stack(0x000000014c400000,0x000000014c500000)]
  0x00000147ce522800 JavaThread "Reference Handler" daemon [_thread_blocked, id=21748, stack(0x000000014cb00000,0x000000014cc00000)]
  0x00000147ce52e000 JavaThread "Finalizer" daemon [_thread_blocked, id=16284, stack(0x000000014cc00000,0x000000014cd00000)]
  0x00000147ceea2800 JavaThread "Signal Dispatcher" daemon [_thread_blocked, id=27456, stack(0x000000014cd00000,0x000000014ce00000)]
  0x00000147ceea3800 JavaThread "Attach Listener" daemon [_thread_blocked, id=20620, stack(0x000000014ce00000,0x000000014cf00000)]
=>0x00000147ceea6000 JavaThread "C2 CompilerThread0" daemon [_thread_in_native, id=1900, stack(0x000000014cf00000,0x000000014d000000)]
  0x00000147ceeab000 JavaThread "C1 CompilerThread0" daemon [_thread_blocked, id=7632, stack(0x000000014d000000,0x000000014d100000)]
  0x00000147ceeac000 JavaThread "Sweeper thread" daemon [_thread_blocked, id=23212, stack(0x000000014d100000,0x000000014d200000)]
  0x00000147ceff3800 JavaThread "Common-Cleaner" daemon [_thread_blocked, id=2300, stack(0x000000014d200000,0x000000014d300000)]
  0x00000147cf01a800 JavaThread "Service Thread" daemon [_thread_blocked, id=4500, stack(0x000000014d300000,0x000000014d400000)]
  0x00000147d0a00000 JavaThread "Daemon health stats" [_thread_blocked, id=7984, stack(0x000000014d900000,0x000000014da00000)]
  0x00000147d04bb800 JavaThread "Incoming local TCP Connector on port 57620" [_thread_in_native, id=27768, stack(0x000000014da00000,0x000000014db00000)]
  0x00000147cf0f8000 JavaThread "Daemon periodic checks" [_thread_blocked, id=9556, stack(0x000000014db00000,0x000000014dc00000)]
  0x00000147cfdce000 JavaThread "Daemon" [_thread_blocked, id=17124, stack(0x000000014dc00000,0x000000014dd00000)]
  0x00000147d0409000 JavaThread "Handler for socket connection from /127.0.0.1:57620 to /127.0.0.1:57621" [_thread_in_native, id=20108, stack(0x000000014dd00000,0x000000014de00000)]
  0x00000147d059e000 JavaThread "Cancel handler" [_thread_blocked, id=22156, stack(0x000000014de00000,0x000000014df00000)]
  0x00000147d0475000 JavaThread "Daemon worker" [_thread_in_native, id=25764, stack(0x000000014df00000,0x000000014e000000)]
  0x00000147d0217800 JavaThread "Asynchronous log dispatcher for DefaultDaemonConnection: socket connection from /127.0.0.1:57620 to /127.0.0.1:57621" [_thread_blocked, id=23684, stack(0x000000014e000000,0x000000014e100000)]
  0x00000147cff1f800 JavaThread "Stdin handler" [_thread_blocked, id=10120, stack(0x000000014e100000,0x000000014e200000)]
  0x00000147d0c5c800 JavaThread "Thread-8" [_thread_blocked, id=24232, stack(0x000000014e200000,0x000000014e300000)]
  0x00000147d1566800 JavaThread "Cache worker for file hash cache (C:\Users\Dark Knight\.gradle\caches\6.7.1\fileHashes)" [_thread_blocked, id=31772, stack(0x000000014e900000,0x000000014ea00000)]
  0x00000147d1565800 JavaThread "File lock request listener" [_thread_in_native, id=25980, stack(0x000000014ea00000,0x000000014eb00000)]
  0x00000147d1564000 JavaThread "Cache worker for journal cache (C:\Users\Dark Knight\.gradle\caches\journal-1)" [_thread_blocked, id=17824, stack(0x000000014ec00000,0x000000014ed00000)]
  0x00000147d1565000 JavaThread "Cache worker for file hash cache (C:\Android Projects\Udemy TUTORIAL\Quiz App\.gradle\6.7.1\fileHashes)" [_thread_blocked, id=7408, stack(0x000000014ee00000,0x000000014ef00000)]
  0x00000147d1567800 JavaThread "jar transforms" [_thread_blocked, id=16292, stack(0x000000014ef00000,0x000000014f000000)]
  0x00000147d1568000 JavaThread "jar transforms Thread 2" [_thread_blocked, id=19532, stack(0x000000014f000000,0x000000014f100000)]
  0x00000147d1562800 JavaThread "jar transforms Thread 3" [_thread_blocked, id=13348, stack(0x000000014f100000,0x000000014f200000)]
  0x00000147d1569000 JavaThread "jar transforms Thread 4" [_thread_blocked, id=22032, stack(0x000000014f200000,0x000000014f300000)]
  0x00000147d1563800 JavaThread "jar transforms Thread 5" [_thread_blocked, id=4220, stack(0x000000014f300000,0x000000014f400000)]
  0x00000147d1a05000 JavaThread "jar transforms Thread 6" [_thread_blocked, id=13224, stack(0x000000014f400000,0x000000014f500000)]
  0x00000147d1a02800 JavaThread "jar transforms Thread 7" [_thread_blocked, id=32688, stack(0x000000014f600000,0x000000014f700000)]
  0x00000147d1a06800 JavaThread "jar transforms Thread 8" [_thread_blocked, id=15036, stack(0x000000014f700000,0x000000014f800000)]
  0x00000147d1a05800 JavaThread "jar transforms Thread 9" [_thread_blocked, id=23888, stack(0x000000014f800000,0x000000014f900000)]
  0x00000147d1a04000 JavaThread "jar transforms Thread 10" [_thread_blocked, id=1536, stack(0x000000014f900000,0x000000014fa00000)]
  0x00000147d1a00800 JavaThread "jar transforms Thread 11" [_thread_blocked, id=17788, stack(0x000000014fa00000,0x000000014fb00000)]
  0x00000147d1a03000 JavaThread "jar transforms Thread 12" [_thread_blocked, id=31292, stack(0x000000014fb00000,0x000000014fc00000)]
  0x00000147d1a07000 JavaThread "jar transforms Thread 13" [_thread_blocked, id=13612, stack(0x000000014fc00000,0x000000014fd00000)]
  0x00000147d1a01800 JavaThread "jar transforms Thread 14" [_thread_blocked, id=13284, stack(0x000000014fd00000,0x000000014fe00000)]
  0x00000147d1a09800 JavaThread "jar transforms Thread 15" [_thread_blocked, id=16924, stack(0x000000014fe00000,0x000000014ff00000)]
  0x00000147d1a09000 JavaThread "jar transforms Thread 16" [_thread_blocked, id=3440, stack(0x000000014ff00000,0x0000000150000000)]
  0x00000147d1a0b800 JavaThread "jar transforms Thread 17" [_thread_blocked, id=14976, stack(0x0000000150000000,0x0000000150100000)]
  0x00000147d1a0a800 JavaThread "jar transforms Thread 18" [_thread_blocked, id=10544, stack(0x0000000150100000,0x0000000150200000)]
  0x00000147d1a0c000 JavaThread "jar transforms Thread 19" [_thread_blocked, id=29888, stack(0x0000000150200000,0x0000000150300000)]
  0x00000147d1a0d000 JavaThread "jar transforms Thread 20" [_thread_blocked, id=24724, stack(0x0000000150300000,0x0000000150400000)]
  0x00000147d1a0e000 JavaThread "jar transforms Thread 21" [_thread_blocked, id=31676, stack(0x0000000150400000,0x0000000150500000)]
  0x00000147d1a08000 JavaThread "Cache worker for checksums cache (C:\Android Projects\Udemy TUTORIAL\Quiz App\.gradle\checksums)" [_thread_blocked, id=12804, stack(0x0000000150500000,0x0000000150600000)]
  0x00000147d1a0e800 JavaThread "Cache worker for cache directory md-supplier (C:\Users\Dark Knight\.gradle\caches\6.7.1\md-supplier)" [_thread_blocked, id=31576, stack(0x0000000150600000,0x0000000150700000)]
  0x00000147d1a0f800 JavaThread "Cache worker for cache directory md-rule (C:\Users\Dark Knight\.gradle\caches\6.7.1\md-rule)" [_thread_blocked, id=8948, stack(0x0000000150700000,0x0000000150800000)]
  0x00000147d451c000 JavaThread "Cache worker for execution history cache (C:\Users\Dark Knight\.gradle\caches\6.7.1\executionHistory)" [_thread_blocked, id=30488, stack(0x0000000150800000,0x0000000150900000)]
  0x00000147d4522000 JavaThread "Cache worker for file content cache (C:\Users\Dark Knight\.gradle\caches\6.7.1\fileContent)" [_thread_blocked, id=26028, stack(0x0000000150900000,0x0000000150a00000)]
  0x00000147d4520800 JavaThread "Cache worker for Build Output Cleanup Cache (C:\Android Projects\Udemy TUTORIAL\Quiz App\.gradle\buildOutputCleanup)" [_thread_blocked, id=25924, stack(0x0000000150a00000,0x0000000150b00000)]
  0x00000147d4523000 JavaThread "Build operations" [_thread_blocked, id=21084, stack(0x0000000150b00000,0x0000000150c00000)]
  0x00000147d451e000 JavaThread "Build operations Thread 2" [_thread_blocked, id=28100, stack(0x0000000150c00000,0x0000000150d00000)]
  0x00000147d451d000 JavaThread "Build operations Thread 3" [_thread_blocked, id=25156, stack(0x0000000150d00000,0x0000000150e00000)]
  0x00000147d4523800 JavaThread "Build operations Thread 4" [_thread_blocked, id=18216, stack(0x0000000150e00000,0x0000000150f00000)]
  0x00000147d4524800 JavaThread "Build operations Thread 5" [_thread_blocked, id=16836, stack(0x0000000150f00000,0x0000000151000000)]
  0x00000147d451e800 JavaThread "Build operations Thread 6" [_thread_blocked, id=26912, stack(0x0000000151000000,0x0000000151100000)]
  0x00000147d4525000 JavaThread "Build operations Thread 7" [_thread_blocked, id=32276, stack(0x0000000151100000,0x0000000151200000)]
  0x00000147d451f800 JavaThread "Build operations Thread 8" [_thread_blocked, id=13748, stack(0x0000000151200000,0x0000000151300000)]
  0x00000147d4529800 JavaThread "jar transforms Thread 22" [_thread_blocked, id=1076, stack(0x0000000151300000,0x0000000151400000)]
  0x00000147d452a000 JavaThread "jar transforms Thread 23" [_thread_blocked, id=2820, stack(0x0000000151400000,0x0000000151500000)]
  0x00000147d4527000 JavaThread "jar transforms Thread 24" [_thread_blocked, id=13700, stack(0x0000000151500000,0x0000000151600000)]
  0x00000147d4526000 JavaThread "jar transforms Thread 25" [_thread_blocked, id=23276, stack(0x0000000151600000,0x0000000151700000)]
  0x00000147d4527800 JavaThread "jar transforms Thread 26" [_thread_blocked, id=24288, stack(0x0000000151700000,0x0000000151800000)]
  0x00000147d452b000 JavaThread "jar transforms Thread 27" [_thread_blocked, id=19232, stack(0x0000000151800000,0x0000000151900000)]
  0x00000147d4528800 JavaThread "jar transforms Thread 28" [_thread_blocked, id=16000, stack(0x0000000151900000,0x0000000151a00000)]
  0x00000147d407c800 JavaThread "jar transforms Thread 29" [_thread_blocked, id=22740, stack(0x0000000151a00000,0x0000000151b00000)]
  0x00000147d407b000 JavaThread "jar transforms Thread 30" [_thread_blocked, id=29796, stack(0x0000000151b00000,0x0000000151c00000)]
  0x00000147d407c000 JavaThread "jar transforms Thread 31" [_thread_blocked, id=27744, stack(0x0000000151c00000,0x0000000151d00000)]
  0x00000147d4080000 JavaThread "jar transforms Thread 32" [_thread_blocked, id=23252, stack(0x0000000151d00000,0x0000000151e00000)]
  0x00000147d407a000 JavaThread "jar transforms Thread 33" [_thread_blocked, id=18188, stack(0x0000000151e00000,0x0000000151f00000)]
  0x00000147d407e800 JavaThread "jar transforms Thread 34" [_thread_blocked, id=11520, stack(0x0000000151f00000,0x0000000152000000)]
  0x00000147d4081800 JavaThread "jar transforms Thread 35" [_thread_blocked, id=23756, stack(0x0000000152000000,0x0000000152100000)]
  0x00000147d4082800 JavaThread "jar transforms Thread 36" [_thread_blocked, id=25512, stack(0x0000000152100000,0x0000000152200000)]
  0x00000147d4083000 JavaThread "jar transforms Thread 37" [_thread_blocked, id=30368, stack(0x0000000152200000,0x0000000152300000)]
  0x00000147d407d800 JavaThread "jar transforms Thread 38" [_thread_blocked, id=468, stack(0x0000000152300000,0x0000000152400000)]
  0x00000147d4084000 JavaThread "jar transforms Thread 39" [_thread_blocked, id=27704, stack(0x0000000152400000,0x0000000152500000)]
  0x00000147d4085000 JavaThread "jar transforms Thread 40" [_thread_blocked, id=31360, stack(0x0000000152500000,0x0000000152600000)]
  0x00000147d407f000 JavaThread "jar transforms Thread 41" [_thread_blocked, id=5892, stack(0x0000000152600000,0x0000000152700000)]
  0x00000147d4085800 JavaThread "jar transforms Thread 42" [_thread_blocked, id=19004, stack(0x0000000152700000,0x0000000152800000)]
  0x00000147d4086800 JavaThread "jar transforms Thread 43" [_thread_blocked, id=28208, stack(0x0000000152800000,0x0000000152900000)]
  0x00000147d4080800 JavaThread "jar transforms Thread 44" [_thread_blocked, id=28656, stack(0x0000000152900000,0x0000000152a00000)]
  0x00000147d4087800 JavaThread "jar transforms Thread 45" [_thread_blocked, id=472, stack(0x0000000152a00000,0x0000000152b00000)]
  0x00000147d4088000 JavaThread "jar transforms Thread 46" [_thread_blocked, id=8988, stack(0x0000000152b00000,0x0000000152c00000)]
  0x00000147d4089000 JavaThread "jar transforms Thread 47" [_thread_blocked, id=10996, stack(0x0000000152c00000,0x0000000152d00000)]
  0x00000147d5d93800 JavaThread "jar transforms Thread 48" [_thread_blocked, id=21928, stack(0x0000000152d00000,0x0000000152e00000)]
  0x00000147d5d97000 JavaThread "jar transforms Thread 49" [_thread_blocked, id=4204, stack(0x0000000152e00000,0x0000000152f00000)]
  0x00000147d5d94800 JavaThread "jar transforms Thread 50" [_thread_blocked, id=16192, stack(0x0000000152f00000,0x0000000153000000)]
  0x00000147d5d93000 JavaThread "jar transforms Thread 51" [_thread_blocked, id=20244, stack(0x0000000153000000,0x0000000153100000)]
  0x00000147d5d97800 JavaThread "jar transforms Thread 52" [_thread_blocked, id=5304, stack(0x0000000153100000,0x0000000153200000)]
  0x00000147d5d95000 JavaThread "jar transforms Thread 53" [_thread_blocked, id=28172, stack(0x0000000153200000,0x0000000153300000)]
  0x00000147d5d96000 JavaThread "jar transforms Thread 54" [_thread_blocked, id=20636, stack(0x0000000153300000,0x0000000153400000)]
  0x00000147d5d9a000 JavaThread "jar transforms Thread 55" [_thread_blocked, id=28564, stack(0x0000000153400000,0x0000000153500000)]
  0x00000147d5d9b000 JavaThread "jar transforms Thread 56" [_thread_blocked, id=28732, stack(0x0000000153500000,0x0000000153600000)]
  0x00000147d5d9c800 JavaThread "jar transforms Thread 57" [_thread_blocked, id=12968, stack(0x0000000153600000,0x0000000153700000)]
  0x00000147d5d9d800 JavaThread "jar transforms Thread 58" [_thread_blocked, id=19164, stack(0x0000000153700000,0x0000000153800000)]
  0x00000147d5d9e000 JavaThread "jar transforms Thread 59" [_thread_blocked, id=18032, stack(0x0000000153800000,0x0000000153900000)]
  0x00000147d5d98800 JavaThread "jar transforms Thread 60" [_thread_blocked, id=20640, stack(0x0000000153900000,0x0000000153a00000)]
  0x00000147d5d9c000 JavaThread "jar transforms Thread 61" [_thread_blocked, id=18652, stack(0x0000000153a00000,0x0000000153b00000)]
  0x00000147d5d9f000 JavaThread "jar transforms Thread 62" [_thread_blocked, id=10676, stack(0x0000000153b00000,0x0000000153c00000)]
  0x00000147d5d99800 JavaThread "jar transforms Thread 63" [_thread_blocked, id=23660, stack(0x0000000153c00000,0x0000000153d00000)]
  0x00000147d5da0000 JavaThread "jar transforms Thread 64" [_thread_blocked, id=15848, stack(0x0000000153d00000,0x0000000153e00000)]
  0x00000147d5da0800 JavaThread "jar transforms Thread 65" [_thread_blocked, id=29536, stack(0x0000000153e00000,0x0000000153f00000)]
  0x00000147d5da1800 JavaThread "jar transforms Thread 66" [_thread_blocked, id=15948, stack(0x0000000153f00000,0x0000000154000000)]
  0x00000147d490f000 JavaThread "jar transforms Thread 67" [_thread_blocked, id=8856, stack(0x0000000154000000,0x0000000154100000)]
  0x00000147d4912800 JavaThread "jar transforms Thread 68" [_thread_blocked, id=25204, stack(0x0000000154100000,0x0000000154200000)]
  0x00000147d4913800 JavaThread "jar transforms Thread 69" [_thread_blocked, id=14156, stack(0x0000000154200000,0x0000000154300000)]
  0x00000147d4914000 JavaThread "jar transforms Thread 70" [_thread_blocked, id=31464, stack(0x0000000154300000,0x0000000154400000)]
  0x00000147d4915000 JavaThread "jar transforms Thread 71" [_thread_blocked, id=29196, stack(0x0000000154400000,0x0000000154500000)]
  0x00000147d4916000 JavaThread "jar transforms Thread 72" [_thread_blocked, id=22176, stack(0x0000000154500000,0x0000000154600000)]
  0x00000147d4910000 JavaThread "jar transforms Thread 73" [_thread_blocked, id=20764, stack(0x0000000154600000,0x0000000154700000)]
  0x00000147d4911800 JavaThread "jar transforms Thread 74" [_thread_blocked, id=30788, stack(0x0000000154700000,0x0000000154800000)]
  0x00000147d4916800 JavaThread "jar transforms Thread 75" [_thread_blocked, id=9592, stack(0x0000000154800000,0x0000000154900000)]
  0x00000147d4911000 JavaThread "jar transforms Thread 76" [_thread_blocked, id=2744, stack(0x0000000154900000,0x0000000154a00000)]
  0x00000147d4919000 JavaThread "jar transforms Thread 77" [_thread_blocked, id=25760, stack(0x0000000154a00000,0x0000000154b00000)]
  0x00000147d491a800 JavaThread "jar transforms Thread 78" [_thread_blocked, id=27240, stack(0x0000000154b00000,0x0000000154c00000)]
  0x00000147d491c800 JavaThread "jar transforms Thread 79" [_thread_blocked, id=19268, stack(0x0000000154c00000,0x0000000154d00000)]
  0x00000147d4917800 JavaThread "jar transforms Thread 80" [_thread_blocked, id=30784, stack(0x0000000154d00000,0x0000000154e00000)]
  0x00000147d491a000 JavaThread "jar transforms Thread 81" [_thread_blocked, id=32440, stack(0x0000000154e00000,0x0000000154f00000)]
  0x00000147d491d000 JavaThread "jar transforms Thread 82" [_thread_blocked, id=26444, stack(0x0000000154f00000,0x0000000155000000)]
  0x00000147d491e000 JavaThread "jar transforms Thread 83" [_thread_blocked, id=23052, stack(0x0000000155000000,0x0000000155100000)]
  0x00000147d4918000 JavaThread "jar transforms Thread 84" [_thread_blocked, id=17532, stack(0x0000000155100000,0x0000000155200000)]
  0x00000147d491b800 JavaThread "jar transforms Thread 85" [_thread_blocked, id=27656, stack(0x0000000155200000,0x0000000155300000)]
  0x00000147d2dd9800 JavaThread "jar transforms Thread 86" [_thread_blocked, id=1072, stack(0x0000000155300000,0x0000000155400000)]
  0x00000147d2ddc000 JavaThread "jar transforms Thread 87" [_thread_blocked, id=30088, stack(0x0000000155400000,0x0000000155500000)]
  0x00000147d2dd8800 JavaThread "jar transforms Thread 88" [_thread_blocked, id=32020, stack(0x0000000155500000,0x0000000155600000)]
  0x00000147d2dd6000 JavaThread "jar transforms Thread 89" [_thread_blocked, id=12996, stack(0x0000000155600000,0x0000000155700000)]
  0x00000147d2dda800 JavaThread "jar transforms Thread 90" [_thread_blocked, id=25800, stack(0x0000000155700000,0x0000000155800000)]
  0x00000147d2dd7000 JavaThread "jar transforms Thread 91" [_thread_blocked, id=27880, stack(0x0000000155800000,0x0000000155900000)]
  0x00000147d2ddb000 JavaThread "jar transforms Thread 92" [_thread_blocked, id=23184, stack(0x0000000155900000,0x0000000155a00000)]
  0x00000147d2dd8000 JavaThread "jar transforms Thread 93" [_thread_blocked, id=2792, stack(0x0000000155a00000,0x0000000155b00000)]
  0x00000147d2de1000 JavaThread "jar transforms Thread 94" [_thread_blocked, id=11648, stack(0x0000000155b00000,0x0000000155c00000)]
  0x00000147d2de2800 JavaThread "jar transforms Thread 95" [_thread_blocked, id=9760, stack(0x0000000155c00000,0x0000000155d00000)]
  0x00000147d2ddc800 JavaThread "jar transforms Thread 96" [_thread_blocked, id=2672, stack(0x0000000155d00000,0x0000000155e00000)]
  0x00000147d2de3800 JavaThread "jar transforms Thread 97" [_thread_blocked, id=21196, stack(0x0000000155e00000,0x0000000155f00000)]
  0x00000147d2ddd800 JavaThread "jar transforms Thread 98" [_thread_blocked, id=26040, stack(0x0000000155f00000,0x0000000156000000)]
  0x00000147d2dde800 JavaThread "jar transforms Thread 99" [_thread_blocked, id=8484, stack(0x0000000156000000,0x0000000156100000)]
  0x00000147d2de1800 JavaThread "jar transforms Thread 100" [_thread_blocked, id=18860, stack(0x0000000156100000,0x0000000156200000)]
  0x00000147d2de4000 JavaThread "jar transforms Thread 101" [_thread_blocked, id=28796, stack(0x0000000156200000,0x0000000156300000)]
  0x00000147d2ddf000 JavaThread "jar transforms Thread 102" [_thread_blocked, id=30540, stack(0x0000000156300000,0x0000000156400000)]
  0x00000147d2de0000 JavaThread "jar transforms Thread 103" [_thread_blocked, id=24936, stack(0x0000000156400000,0x0000000156500000)]
  0x00000147d2de5000 JavaThread "jar transforms Thread 104" [_thread_blocked, id=32576, stack(0x0000000156500000,0x0000000156600000)]
  0x00000147d658e800 JavaThread "jar transforms Thread 105" [_thread_blocked, id=21192, stack(0x0000000156600000,0x0000000156700000)]
  0x00000147d6590000 JavaThread "jar transforms Thread 106" [_thread_blocked, id=24804, stack(0x0000000156700000,0x0000000156800000)]
  0x00000147d658f800 JavaThread "jar transforms Thread 107" [_thread_blocked, id=26100, stack(0x0000000156800000,0x0000000156900000)]
  0x00000147d6591000 JavaThread "jar transforms Thread 108" [_thread_blocked, id=27420, stack(0x0000000156900000,0x0000000156a00000)]
  0x00000147d658b800 JavaThread "jar transforms Thread 109" [_thread_blocked, id=26684, stack(0x0000000156a00000,0x0000000156b00000)]
  0x00000147d658d800 JavaThread "jar transforms Thread 110" [_thread_blocked, id=31812, stack(0x0000000156b00000,0x0000000156c00000)]
  0x00000147d6592000 JavaThread "jar transforms Thread 111" [_thread_blocked, id=9528, stack(0x0000000156c00000,0x0000000156d00000)]
  0x00000147d658c000 JavaThread "jar transforms Thread 112" [_thread_blocked, id=18592, stack(0x0000000156d00000,0x0000000156e00000)]
  0x00000147d658d000 JavaThread "jar transforms Thread 113" [_thread_blocked, id=9816, stack(0x0000000156e00000,0x0000000156f00000)]
  0x00000147d6597800 JavaThread "jar transforms Thread 114" [_thread_blocked, id=15224, stack(0x0000000156f00000,0x0000000157000000)]
  0x00000147d6593800 JavaThread "jar transforms Thread 115" [_thread_blocked, id=28292, stack(0x0000000157000000,0x0000000157100000)]
  0x00000147d6595000 JavaThread "jar transforms Thread 116" [_thread_blocked, id=28696, stack(0x0000000157100000,0x0000000157200000)]
  0x00000147d6594800 JavaThread "jar transforms Thread 117" [_thread_blocked, id=4212, stack(0x0000000157200000,0x0000000157300000)]
  0x00000147d6596000 JavaThread "jar transforms Thread 118" [_thread_blocked, id=14608, stack(0x0000000157300000,0x0000000157400000)]
  0x00000147d6592800 JavaThread "jar transforms Thread 119" [_thread_blocked, id=24096, stack(0x0000000157400000,0x0000000157500000)]
  0x00000147d6596800 JavaThread "Memory manager" [_thread_blocked, id=15232, stack(0x0000000157500000,0x0000000157600000)]
  0x00000147d6598800 JavaThread "pool-3-thread-1" [_thread_blocked, id=29440, stack(0x0000000157600000,0x0000000157700000)]
  0x00000147da58b800 JavaThread "C2 CompilerThread1" daemon [_thread_blocked, id=11288, stack(0x000000014ed00000,0x000000014ee00000)]
  0x00000147d9730800 JavaThread "C2 CompilerThread2" daemon [_thread_blocked, id=25248, stack(0x000000014f500000,0x000000014f600000)]

Other Threads:
  0x00000147ce4e4800 VMThread "VM Thread" [stack: 0x000000014ca00000,0x000000014cb00000] [id=18724]
  0x00000147ceffe800 WatcherThread [stack: 0x000000014d400000,0x000000014d500000] [id=13872]
  0x00000147b3b13800 GCTaskThread "GC Thread#0" [stack: 0x000000014c500000,0x000000014c600000] [id=19440]
  0x00000147cfe35000 GCTaskThread "GC Thread#1" [stack: 0x000000014d700000,0x000000014d800000] [id=4620]
  0x00000147cfa02800 GCTaskThread "GC Thread#2" [stack: 0x000000014d800000,0x000000014d900000] [id=27480]
  0x00000147d0c5d000 GCTaskThread "GC Thread#3" [stack: 0x000000014e300000,0x000000014e400000] [id=28120]
  0x00000147d0c85800 GCTaskThread "GC Thread#4" [stack: 0x000000014e400000,0x000000014e500000] [id=1840]
  0x00000147d03d4000 GCTaskThread "GC Thread#5" [stack: 0x000000014e500000,0x000000014e600000] [id=7780]
  0x00000147d0ca0800 GCTaskThread "GC Thread#6" [stack: 0x000000014e600000,0x000000014e700000] [id=24700]
  0x00000147d2740800 GCTaskThread "GC Thread#7" [stack: 0x000000014e700000,0x000000014e800000] [id=3120]
  0x00000147b3b44000 ConcurrentGCThread "G1 Main Marker" [stack: 0x000000014c600000,0x000000014c700000] [id=19876]
  0x00000147b3b46800 ConcurrentGCThread "G1 Conc#0" [stack: 0x000000014c700000,0x000000014c800000] [id=17084]
  0x00000147d1771000 ConcurrentGCThread "G1 Conc#1" [stack: 0x000000014eb00000,0x000000014ec00000] [id=32704]
  0x00000147b3bd8800 ConcurrentGCThread "G1 Refine#0" [stack: 0x000000014c800000,0x000000014c900000] [id=2864]
  0x00000147d0339800 ConcurrentGCThread "G1 Refine#1" [stack: 0x000000014e800000,0x000000014e900000] [id=22100]
  0x00000147ce370800 ConcurrentGCThread "G1 Young RemSet Sampling" [stack: 0x000000014c900000,0x000000014ca00000] [id=21592]

Threads with active compile tasks:
C2 CompilerThread0  11425 10825       4       kotlin.io.FilesKt__FilePathComponentsKt::toComponents (251 bytes)

VM state:not at safepoint (normal execution)

VM Mutex/Monitor currently owned by a thread: None

Heap address: 0x0000000080000000, size: 2048 MB, Compressed Oops mode: 32-bit
Narrow klass base: 0x0000000000000000, Narrow klass shift: 3
Compressed class space size: 1073741824 Address: 0x0000000100000000

Heap:
 garbage-first heap   total 227328K, used 158363K [0x0000000080000000, 0x0000000100000000)
  region size 1024K, 61 young (62464K), 5 survivors (5120K)
 Metaspace       used 103789K, capacity 106658K, committed 106752K, reserved 1142784K
  class space    used 13347K, capacity 14368K, committed 14412K, reserved 1048576K
Heap Regions: E=young(eden), S=young(survivor), O=old, HS=humongous(starts), HC=humongous(continues), CS=collection set, F=free, A=archive, TAMS=top-at-mark-start (previous, next)
|   0|0x0000000080000000, 0x0000000080100000, 0x0000000080100000|100%| O|  |TAMS 0x0000000080100000, 0x0000000080000000| Untracked 
|   1|0x0000000080100000, 0x0000000080200000, 0x0000000080200000|100%| O|  |TAMS 0x0000000080200000, 0x0000000080100000| Untracked 
|   2|0x0000000080200000, 0x0000000080300000, 0x0000000080300000|100%| O|  |TAMS 0x0000000080300000, 0x0000000080200000| Untracked 
|   3|0x0000000080300000, 0x0000000080400000, 0x0000000080400000|100%|HS|  |TAMS 0x0000000080400000, 0x0000000080300000| Complete 
|   4|0x0000000080400000, 0x0000000080500000, 0x0000000080500000|100%|HC|  |TAMS 0x0000000080500000, 0x0000000080400000| Complete 
|   5|0x0000000080500000, 0x0000000080600000, 0x0000000080600000|100%|HC|  |TAMS 0x0000000080600000, 0x0000000080500000| Complete 
|   6|0x0000000080600000, 0x0000000080700000, 0x0000000080700000|100%| O|  |TAMS 0x0000000080700000, 0x0000000080600000| Untracked 
|   7|0x0000000080700000, 0x0000000080800000, 0x0000000080800000|100%| O|  |TAMS 0x0000000080800000, 0x0000000080700000| Untracked 
|   8|0x0000000080800000, 0x0000000080900000, 0x0000000080900000|100%| O|  |TAMS 0x0000000080900000, 0x0000000080800000| Untracked 
|   9|0x0000000080900000, 0x0000000080a00000, 0x0000000080a00000|100%| O|  |TAMS 0x0000000080a00000, 0x0000000080900000| Untracked 
|  10|0x0000000080a00000, 0x0000000080b00000, 0x0000000080b00000|100%| O|  |TAMS 0x0000000080b00000, 0x0000000080a00000| Untracked 
|  11|0x0000000080b00000, 0x0000000080c00000, 0x0000000080c00000|100%| O|  |TAMS 0x0000000080c00000, 0x0000000080b00000| Untracked 
|  12|0x0000000080c00000, 0x0000000080d00000, 0x0000000080d00000|100%| O|  |TAMS 0x0000000080d00000, 0x0000000080c00000| Untracked 
|  13|0x0000000080d00000, 0x0000000080e00000, 0x0000000080e00000|100%| O|  |TAMS 0x0000000080e00000, 0x0000000080d00000| Untracked 
|  14|0x0000000080e00000, 0x0000000080f00000, 0x0000000080f00000|100%| O|  |TAMS 0x0000000080f00000, 0x0000000080e00000| Untracked 
|  15|0x0000000080f00000, 0x0000000081000000, 0x0000000081000000|100%| O|  |TAMS 0x0000000081000000, 0x0000000080f00000| Untracked 
|  16|0x0000000081000000, 0x0000000081100000, 0x0000000081100000|100%|HS|  |TAMS 0x0000000081100000, 0x0000000081000000| Complete 
|  17|0x0000000081100000, 0x0000000081200000, 0x0000000081200000|100%|HC|  |TAMS 0x0000000081200000, 0x0000000081100000| Complete 
|  18|0x0000000081200000, 0x0000000081300000, 0x0000000081300000|100%|HS|  |TAMS 0x0000000081300000, 0x0000000081200000| Complete 
|  19|0x0000000081300000, 0x0000000081400000, 0x0000000081400000|100%|HC|  |TAMS 0x0000000081400000, 0x0000000081300000| Complete 
|  20|0x0000000081400000, 0x0000000081500000, 0x0000000081500000|100%|HC|  |TAMS 0x0000000081500000, 0x0000000081400000| Complete 
|  21|0x0000000081500000, 0x0000000081600000, 0x0000000081600000|100%|HS|  |TAMS 0x0000000081600000, 0x0000000081500000| Complete 
|  22|0x0000000081600000, 0x0000000081700000, 0x0000000081700000|100%|HC|  |TAMS 0x0000000081700000, 0x0000000081600000| Complete 
|  23|0x0000000081700000, 0x0000000081800000, 0x0000000081800000|100%|HC|  |TAMS 0x0000000081800000, 0x0000000081700000| Complete 
|  24|0x0000000081800000, 0x0000000081900000, 0x0000000081900000|100%|HC|  |TAMS 0x0000000081900000, 0x0000000081800000| Complete 
|  25|0x0000000081900000, 0x0000000081a00000, 0x0000000081a00000|100%| O|  |TAMS 0x0000000081a00000, 0x0000000081900000| Untracked 
|  26|0x0000000081a00000, 0x0000000081b00000, 0x0000000081b00000|100%| O|  |TAMS 0x0000000081b00000, 0x0000000081a00000| Untracked 
|  27|0x0000000081b00000, 0x0000000081c00000, 0x0000000081c00000|100%| O|  |TAMS 0x0000000081c00000, 0x0000000081b00000| Untracked 
|  28|0x0000000081c00000, 0x0000000081d00000, 0x0000000081d00000|100%| O|  |TAMS 0x0000000081d00000, 0x0000000081c00000| Untracked 
|  29|0x0000000081d00000, 0x0000000081e00000, 0x0000000081e00000|100%| O|  |TAMS 0x0000000081e00000, 0x0000000081d00000| Untracked 
|  30|0x0000000081e00000, 0x0000000081f00000, 0x0000000081f00000|100%| O|  |TAMS 0x0000000081f00000, 0x0000000081e00000| Untracked 
|  31|0x0000000081f00000, 0x0000000082000000, 0x0000000082000000|100%| O|  |TAMS 0x0000000082000000, 0x0000000081f00000| Untracked 
|  32|0x0000000082000000, 0x0000000082100000, 0x0000000082100000|100%|HS|  |TAMS 0x0000000082100000, 0x0000000082000000| Complete 
|  33|0x0000000082100000, 0x0000000082200000, 0x0000000082200000|100%| O|  |TAMS 0x0000000082200000, 0x0000000082100000| Untracked 
|  34|0x0000000082200000, 0x0000000082300000, 0x0000000082300000|100%| O|  |TAMS 0x0000000082300000, 0x0000000082200000| Untracked 
|  35|0x0000000082300000, 0x0000000082400000, 0x0000000082400000|100%|HS|  |TAMS 0x0000000082400000, 0x0000000082300000| Complete 
|  36|0x0000000082400000, 0x0000000082500000, 0x0000000082500000|100%|HC|  |TAMS 0x0000000082500000, 0x0000000082400000| Complete 
|  37|0x0000000082500000, 0x0000000082600000, 0x0000000082600000|100%|HC|  |TAMS 0x0000000082600000, 0x0000000082500000| Complete 
|  38|0x0000000082600000, 0x0000000082700000, 0x0000000082700000|100%|HC|  |TAMS 0x0000000082700000, 0x0000000082600000| Complete 
|  39|0x0000000082700000, 0x0000000082800000, 0x0000000082800000|100%|HS|  |TAMS 0x0000000082800000, 0x0000000082700000| Complete 
|  40|0x0000000082800000, 0x0000000082900000, 0x0000000082900000|100%|HC|  |TAMS 0x0000000082900000, 0x0000000082800000| Complete 
|  41|0x0000000082900000, 0x0000000082a00000, 0x0000000082a00000|100%|HC|  |TAMS 0x0000000082a00000, 0x0000000082900000| Complete 
|  42|0x0000000082a00000, 0x0000000082b00000, 0x0000000082b00000|100%| O|  |TAMS 0x0000000082b00000, 0x0000000082a00000| Untracked 
|  43|0x0000000082b00000, 0x0000000082c00000, 0x0000000082c00000|100%| O|  |TAMS 0x0000000082c00000, 0x0000000082b00000| Untracked 
|  44|0x0000000082c00000, 0x0000000082d00000, 0x0000000082d00000|100%| O|  |TAMS 0x0000000082d00000, 0x0000000082c00000| Untracked 
|  45|0x0000000082d00000, 0x0000000082e00000, 0x0000000082e00000|100%| O|  |TAMS 0x0000000082e00000, 0x0000000082d00000| Untracked 
|  46|0x0000000082e00000, 0x0000000082f00000, 0x0000000082f00000|100%|HS|  |TAMS 0x0000000082f00000, 0x0000000082e00000| Complete 
|  47|0x0000000082f00000, 0x0000000083000000, 0x0000000083000000|100%|HS|  |TAMS 0x0000000083000000, 0x0000000082f00000| Complete 
|  48|0x0000000083000000, 0x0000000083100000, 0x0000000083100000|100%|HC|  |TAMS 0x0000000083100000, 0x0000000083000000| Complete 
|  49|0x0000000083100000, 0x0000000083200000, 0x0000000083200000|100%|HC|  |TAMS 0x0000000083200000, 0x0000000083100000| Complete 
|  50|0x0000000083200000, 0x0000000083300000, 0x0000000083300000|100%|HS|  |TAMS 0x0000000083300000, 0x0000000083200000| Complete 
|  51|0x0000000083300000, 0x0000000083400000, 0x0000000083400000|100%|HC|  |TAMS 0x0000000083400000, 0x0000000083300000| Complete 
|  52|0x0000000083400000, 0x0000000083500000, 0x0000000083500000|100%| O|  |TAMS 0x0000000083500000, 0x0000000083400000| Untracked 
|  53|0x0000000083500000, 0x0000000083600000, 0x0000000083600000|100%| O|  |TAMS 0x0000000083600000, 0x0000000083500000| Untracked 
|  54|0x0000000083600000, 0x0000000083700000, 0x0000000083700000|100%| O|  |TAMS 0x0000000083700000, 0x0000000083600000| Untracked 
|  55|0x0000000083700000, 0x0000000083800000, 0x0000000083800000|100%| O|  |TAMS 0x0000000083800000, 0x0000000083700000| Untracked 
|  56|0x0000000083800000, 0x0000000083900000, 0x0000000083900000|100%| O|  |TAMS 0x0000000083900000, 0x0000000083800000| Untracked 
|  57|0x0000000083900000, 0x0000000083a00000, 0x0000000083a00000|100%| O|  |TAMS 0x0000000083a00000, 0x0000000083900000| Untracked 
|  58|0x0000000083a00000, 0x0000000083b00000, 0x0000000083b00000|100%| O|  |TAMS 0x0000000083b00000, 0x0000000083a00000| Untracked 
|  59|0x0000000083b00000, 0x0000000083c00000, 0x0000000083c00000|100%| O|  |TAMS 0x0000000083c00000, 0x0000000083b00000| Untracked 
|  60|0x0000000083c00000, 0x0000000083d00000, 0x0000000083d00000|100%| O|  |TAMS 0x0000000083d00000, 0x0000000083c00000| Untracked 
|  61|0x0000000083d00000, 0x0000000083e00000, 0x0000000083e00000|100%| O|  |TAMS 0x0000000083e00000, 0x0000000083d00000| Untracked 
|  62|0x0000000083e00000, 0x0000000083f00000, 0x0000000083f00000|100%| O|  |TAMS 0x0000000083f00000, 0x0000000083e00000| Untracked 
|  63|0x0000000083f00000, 0x0000000084000000, 0x0000000084000000|100%| O|  |TAMS 0x0000000084000000, 0x0000000083f00000| Untracked 
|  64|0x0000000084000000, 0x0000000084100000, 0x0000000084100000|100%| O|  |TAMS 0x0000000084100000, 0x0000000084000000| Untracked 
|  65|0x0000000084100000, 0x0000000084200000, 0x0000000084200000|100%| O|  |TAMS 0x0000000084200000, 0x0000000084100000| Untracked 
|  66|0x0000000084200000, 0x0000000084300000, 0x0000000084300000|100%| O|  |TAMS 0x0000000084200000, 0x0000000084200000| Untracked 
|  67|0x0000000084300000, 0x0000000084400000, 0x0000000084400000|100%| O|  |TAMS 0x0000000084400000, 0x0000000084300000| Untracked 
|  68|0x0000000084400000, 0x0000000084500000, 0x0000000084500000|100%| O|  |TAMS 0x0000000084500000, 0x0000000084400000| Untracked 
|  69|0x0000000084500000, 0x0000000084600000, 0x0000000084600000|100%| O|  |TAMS 0x00000000845d9800, 0x0000000084500000| Untracked 
|  70|0x0000000084600000, 0x0000000084700000, 0x0000000084700000|100%| O|  |TAMS 0x0000000084600000, 0x0000000084600000| Untracked 
|  71|0x0000000084700000, 0x0000000084800000, 0x0000000084800000|100%| O|  |TAMS 0x0000000084700000, 0x0000000084700000| Untracked 
|  72|0x0000000084800000, 0x0000000084900000, 0x0000000084900000|100%| O|  |TAMS 0x0000000084800000, 0x0000000084800000| Untracked 
|  73|0x0000000084900000, 0x0000000084a00000, 0x0000000084a00000|100%| O|  |TAMS 0x0000000084900000, 0x0000000084900000| Untracked 
|  74|0x0000000084a00000, 0x0000000084b00000, 0x0000000084b00000|100%| O|  |TAMS 0x0000000084a00000, 0x0000000084a00000| Untracked 
|  75|0x0000000084b00000, 0x0000000084c00000, 0x0000000084c00000|100%| O|  |TAMS 0x0000000084b00000, 0x0000000084b00000| Untracked 
|  76|0x0000000084c00000, 0x0000000084d00000, 0x0000000084d00000|100%| O|  |TAMS 0x0000000084c00000, 0x0000000084c00000| Untracked 
|  77|0x0000000084d00000, 0x0000000084e00000, 0x0000000084e00000|100%| O|  |TAMS 0x0000000084d00000, 0x0000000084d00000| Untracked 
|  78|0x0000000084e00000, 0x0000000084f00000, 0x0000000084f00000|100%| O|  |TAMS 0x0000000084e00000, 0x0000000084e00000| Untracked 
|  79|0x0000000084f00000, 0x0000000085000000, 0x0000000085000000|100%| O|  |TAMS 0x0000000084f00000, 0x0000000084f00000| Untracked 
|  80|0x0000000085000000, 0x0000000085100000, 0x0000000085100000|100%| O|  |TAMS 0x0000000085000000, 0x0000000085000000| Untracked 
|  81|0x0000000085100000, 0x0000000085200000, 0x0000000085200000|100%| O|  |TAMS 0x0000000085100000, 0x0000000085100000| Untracked 
|  82|0x0000000085200000, 0x0000000085300000, 0x0000000085300000|100%| O|  |TAMS 0x0000000085200000, 0x0000000085200000| Untracked 
|  83|0x0000000085300000, 0x0000000085400000, 0x0000000085400000|100%| O|  |TAMS 0x0000000085300000, 0x0000000085300000| Untracked 
|  84|0x0000000085400000, 0x0000000085500000, 0x0000000085500000|100%| O|  |TAMS 0x0000000085400000, 0x0000000085400000| Untracked 
|  85|0x0000000085500000, 0x0000000085600000, 0x0000000085600000|100%| O|  |TAMS 0x0000000085500000, 0x0000000085500000| Untracked 
|  86|0x0000000085600000, 0x0000000085700000, 0x0000000085700000|100%| O|  |TAMS 0x0000000085600000, 0x0000000085600000| Untracked 
|  87|0x0000000085700000, 0x0000000085800000, 0x0000000085800000|100%| O|  |TAMS 0x0000000085700000, 0x0000000085700000| Untracked 
|  88|0x0000000085800000, 0x0000000085900000, 0x0000000085900000|100%| O|  |TAMS 0x0000000085800000, 0x0000000085800000| Untracked 
|  89|0x0000000085900000, 0x0000000085a00000, 0x0000000085a00000|100%| O|  |TAMS 0x0000000085900000, 0x0000000085900000| Untracked 
|  90|0x0000000085a00000, 0x0000000085b00000, 0x0000000085b00000|100%| O|  |TAMS 0x0000000085a00000, 0x0000000085a00000| Untracked 
|  91|0x0000000085b00000, 0x0000000085c00000, 0x0000000085c00000|100%| O|  |TAMS 0x0000000085b00000, 0x0000000085b00000| Untracked 
|  92|0x0000000085c00000, 0x0000000085d00000, 0x0000000085d00000|100%| O|  |TAMS 0x0000000085c00000, 0x0000000085c00000| Untracked 
|  93|0x0000000085d00000, 0x0000000085e00000, 0x0000000085e00000|100%| O|  |TAMS 0x0000000085d00000, 0x0000000085d00000| Untracked 
|  94|0x0000000085e00000, 0x0000000085eb5a00, 0x0000000085f00000| 70%| O|  |TAMS 0x0000000085e00000, 0x0000000085e00000| Untracked 
|  95|0x0000000085f00000, 0x0000000086000000, 0x0000000086000000|100%|HS|  |TAMS 0x0000000085f00000, 0x0000000085f00000| Complete 
|  96|0x0000000086000000, 0x0000000086000000, 0x0000000086100000|  0%| F|  |TAMS 0x0000000086000000, 0x0000000086000000| Untracked 
|  97|0x0000000086100000, 0x0000000086100000, 0x0000000086200000|  0%| F|  |TAMS 0x0000000086100000, 0x0000000086100000| Untracked 
|  98|0x0000000086200000, 0x0000000086200000, 0x0000000086300000|  0%| F|  |TAMS 0x0000000086200000, 0x0000000086200000| Untracked 
|  99|0x0000000086300000, 0x0000000086300000, 0x0000000086400000|  0%| F|  |TAMS 0x0000000086300000, 0x0000000086300000| Untracked 
| 100|0x0000000086400000, 0x0000000086400000, 0x0000000086500000|  0%| F|  |TAMS 0x0000000086400000, 0x0000000086400000| Untracked 
| 101|0x0000000086500000, 0x0000000086500000, 0x0000000086600000|  0%| F|  |TAMS 0x0000000086500000, 0x0000000086500000| Untracked 
| 102|0x0000000086600000, 0x0000000086600000, 0x0000000086700000|  0%| F|  |TAMS 0x0000000086600000, 0x0000000086600000| Untracked 
| 103|0x0000000086700000, 0x0000000086700000, 0x0000000086800000|  0%| F|  |TAMS 0x0000000086700000, 0x0000000086700000| Untracked 
| 104|0x0000000086800000, 0x0000000086800000, 0x0000000086900000|  0%| F|  |TAMS 0x0000000086800000, 0x0000000086800000| Untracked 
| 105|0x0000000086900000, 0x0000000086900000, 0x0000000086a00000|  0%| F|  |TAMS 0x0000000086900000, 0x0000000086900000| Untracked 
| 106|0x0000000086a00000, 0x0000000086a00000, 0x0000000086b00000|  0%| F|  |TAMS 0x0000000086a00000, 0x0000000086a00000| Untracked 
| 107|0x0000000086b00000, 0x0000000086b00000, 0x0000000086c00000|  0%| F|  |TAMS 0x0000000086b00000, 0x0000000086b00000| Untracked 
| 108|0x0000000086c00000, 0x0000000086c00000, 0x0000000086d00000|  0%| F|  |TAMS 0x0000000086c00000, 0x0000000086c00000| Untracked 
| 109|0x0000000086d00000, 0x0000000086d00000, 0x0000000086e00000|  0%| F|  |TAMS 0x0000000086d00000, 0x0000000086d00000| Untracked 
| 110|0x0000000086e00000, 0x0000000086e00000, 0x0000000086f00000|  0%| F|  |TAMS 0x0000000086e00000, 0x0000000086e00000| Untracked 
| 111|0x0000000086f00000, 0x0000000086f00000, 0x0000000087000000|  0%| F|  |TAMS 0x0000000086f00000, 0x0000000086f00000| Untracked 
| 112|0x0000000087000000, 0x0000000087000000, 0x0000000087100000|  0%| F|  |TAMS 0x0000000087000000, 0x0000000087000000| Untracked 
| 113|0x0000000087100000, 0x0000000087100000, 0x0000000087200000|  0%| F|  |TAMS 0x0000000087100000, 0x0000000087100000| Untracked 
| 114|0x0000000087200000, 0x0000000087200000, 0x0000000087300000|  0%| F|  |TAMS 0x0000000087200000, 0x0000000087200000| Untracked 
| 115|0x0000000087300000, 0x0000000087300000, 0x0000000087400000|  0%| F|  |TAMS 0x0000000087300000, 0x0000000087300000| Untracked 
| 116|0x0000000087400000, 0x0000000087400000, 0x0000000087500000|  0%| F|  |TAMS 0x0000000087400000, 0x0000000087400000| Untracked 
| 117|0x0000000087500000, 0x0000000087500000, 0x0000000087600000|  0%| F|  |TAMS 0x0000000087500000, 0x0000000087500000| Untracked 
| 118|0x0000000087600000, 0x0000000087600000, 0x0000000087700000|  0%| F|  |TAMS 0x0000000087600000, 0x0000000087600000| Untracked 
| 119|0x0000000087700000, 0x0000000087700000, 0x0000000087800000|  0%| F|  |TAMS 0x0000000087700000, 0x0000000087700000| Untracked 
| 120|0x0000000087800000, 0x0000000087800000, 0x0000000087900000|  0%| F|  |TAMS 0x0000000087800000, 0x0000000087800000| Untracked 
| 121|0x0000000087900000, 0x0000000087900000, 0x0000000087a00000|  0%| F|  |TAMS 0x0000000087900000, 0x0000000087900000| Untracked 
| 122|0x0000000087a00000, 0x0000000087a00000, 0x0000000087b00000|  0%| F|  |TAMS 0x0000000087a00000, 0x0000000087a00000| Untracked 
| 123|0x0000000087b00000, 0x0000000087b00000, 0x0000000087c00000|  0%| F|  |TAMS 0x0000000087b00000, 0x0000000087b00000| Untracked 
| 124|0x0000000087c00000, 0x0000000087c00000, 0x0000000087d00000|  0%| F|  |TAMS 0x0000000087c00000, 0x0000000087c00000| Untracked 
| 125|0x0000000087d00000, 0x0000000087d00000, 0x0000000087e00000|  0%| F|  |TAMS 0x0000000087d00000, 0x0000000087d00000| Untracked 
| 126|0x0000000087e00000, 0x0000000087e00000, 0x0000000087f00000|  0%| F|  |TAMS 0x0000000087e00000, 0x0000000087e00000| Untracked 
| 127|0x0000000087f00000, 0x0000000087f00000, 0x0000000088000000|  0%| F|  |TAMS 0x0000000087f00000, 0x0000000087f00000| Untracked 
| 128|0x0000000088000000, 0x0000000088000000, 0x0000000088100000|  0%| F|  |TAMS 0x0000000088000000, 0x0000000088000000| Untracked 
| 129|0x0000000088100000, 0x0000000088100000, 0x0000000088200000|  0%| F|  |TAMS 0x0000000088100000, 0x0000000088100000| Untracked 
| 130|0x0000000088200000, 0x0000000088200000, 0x0000000088300000|  0%| F|  |TAMS 0x0000000088200000, 0x0000000088200000| Untracked 
| 131|0x0000000088300000, 0x0000000088300000, 0x0000000088400000|  0%| F|  |TAMS 0x0000000088300000, 0x0000000088300000| Untracked 
| 132|0x0000000088400000, 0x0000000088400000, 0x0000000088500000|  0%| F|  |TAMS 0x0000000088400000, 0x0000000088400000| Untracked 
| 133|0x0000000088500000, 0x0000000088500000, 0x0000000088600000|  0%| F|  |TAMS 0x0000000088500000, 0x0000000088500000| Untracked 
| 134|0x0000000088600000, 0x0000000088600000, 0x0000000088700000|  0%| F|  |TAMS 0x0000000088600000, 0x0000000088600000| Untracked 
| 135|0x0000000088700000, 0x0000000088700000, 0x0000000088800000|  0%| F|  |TAMS 0x0000000088700000, 0x0000000088700000| Untracked 
| 136|0x0000000088800000, 0x0000000088800000, 0x0000000088900000|  0%| F|  |TAMS 0x0000000088800000, 0x0000000088800000| Untracked 
| 137|0x0000000088900000, 0x00000000889f1360, 0x0000000088a00000| 94%| S|CS|TAMS 0x0000000088900000, 0x0000000088900000| Complete 
| 138|0x0000000088a00000, 0x0000000088b00000, 0x0000000088b00000|100%| S|CS|TAMS 0x0000000088a00000, 0x0000000088a00000| Complete 
| 139|0x0000000088b00000, 0x0000000088c00000, 0x0000000088c00000|100%| S|CS|TAMS 0x0000000088b00000, 0x0000000088b00000| Complete 
| 140|0x0000000088c00000, 0x0000000088d00000, 0x0000000088d00000|100%| S|CS|TAMS 0x0000000088c00000, 0x0000000088c00000| Complete 
| 141|0x0000000088d00000, 0x0000000088d00000, 0x0000000088e00000|  0%| F|  |TAMS 0x0000000088d00000, 0x0000000088d00000| Untracked 
| 142|0x0000000088e00000, 0x0000000088e00000, 0x0000000088f00000|  0%| F|  |TAMS 0x0000000088e00000, 0x0000000088e00000| Untracked 
| 143|0x0000000088f00000, 0x0000000088f00000, 0x0000000089000000|  0%| F|  |TAMS 0x0000000088f00000, 0x0000000088f00000| Untracked 
| 144|0x0000000089000000, 0x0000000089000000, 0x0000000089100000|  0%| F|  |TAMS 0x0000000089000000, 0x0000000089000000| Untracked 
| 145|0x0000000089100000, 0x0000000089100000, 0x0000000089200000|  0%| F|  |TAMS 0x0000000089100000, 0x0000000089100000| Untracked 
| 146|0x0000000089200000, 0x0000000089200000, 0x0000000089300000|  0%| F|  |TAMS 0x0000000089200000, 0x0000000089200000| Untracked 
| 147|0x0000000089300000, 0x0000000089300000, 0x0000000089400000|  0%| F|  |TAMS 0x0000000089300000, 0x0000000089300000| Untracked 
| 148|0x0000000089400000, 0x0000000089400000, 0x0000000089500000|  0%| F|  |TAMS 0x0000000089400000, 0x0000000089400000| Untracked 
| 149|0x0000000089500000, 0x0000000089500000, 0x0000000089600000|  0%| F|  |TAMS 0x0000000089500000, 0x0000000089500000| Untracked 
| 150|0x0000000089600000, 0x0000000089600000, 0x0000000089700000|  0%| F|  |TAMS 0x0000000089600000, 0x0000000089600000| Untracked 
| 151|0x0000000089700000, 0x0000000089800000, 0x0000000089800000|100%| S|CS|TAMS 0x0000000089700000, 0x0000000089700000| Complete 
| 152|0x0000000089800000, 0x0000000089800000, 0x0000000089900000|  0%| F|  |TAMS 0x0000000089800000, 0x0000000089800000| Untracked 
| 153|0x0000000089900000, 0x0000000089900000, 0x0000000089a00000|  0%| F|  |TAMS 0x0000000089900000, 0x0000000089900000| Untracked 
| 154|0x0000000089a00000, 0x0000000089a00000, 0x0000000089b00000|  0%| F|  |TAMS 0x0000000089a00000, 0x0000000089a00000| Untracked 
| 155|0x0000000089b00000, 0x0000000089b00000, 0x0000000089c00000|  0%| F|  |TAMS 0x0000000089b00000, 0x0000000089b00000| Untracked 
| 156|0x0000000089c00000, 0x0000000089c00000, 0x0000000089d00000|  0%| F|  |TAMS 0x0000000089c00000, 0x0000000089c00000| Untracked 
| 157|0x0000000089d00000, 0x0000000089d00000, 0x0000000089e00000|  0%| F|  |TAMS 0x0000000089d00000, 0x0000000089d00000| Untracked 
| 158|0x0000000089e00000, 0x0000000089e00000, 0x0000000089f00000|  0%| F|  |TAMS 0x0000000089e00000, 0x0000000089e00000| Untracked 
| 159|0x0000000089f00000, 0x0000000089f00000, 0x000000008a000000|  0%| F|  |TAMS 0x0000000089f00000, 0x0000000089f00000| Untracked 
| 160|0x000000008a000000, 0x000000008a000000, 0x000000008a100000|  0%| F|  |TAMS 0x000000008a000000, 0x000000008a000000| Untracked 
| 161|0x000000008a100000, 0x000000008a100000, 0x000000008a200000|  0%| F|  |TAMS 0x000000008a100000, 0x000000008a100000| Untracked 
| 162|0x000000008a200000, 0x000000008a200000, 0x000000008a300000|  0%| F|  |TAMS 0x000000008a200000, 0x000000008a200000| Untracked 
| 163|0x000000008a300000, 0x000000008a300000, 0x000000008a400000|  0%| F|  |TAMS 0x000000008a300000, 0x000000008a300000| Untracked 
| 164|0x000000008a400000, 0x000000008a400000, 0x000000008a500000|  0%| F|  |TAMS 0x000000008a400000, 0x000000008a400000| Untracked 
| 165|0x000000008a500000, 0x000000008a50bbe0, 0x000000008a600000|  4%| E|  |TAMS 0x000000008a500000, 0x000000008a500000| Complete 
| 166|0x000000008a600000, 0x000000008a700000, 0x000000008a700000|100%| E|CS|TAMS 0x000000008a600000, 0x000000008a600000| Complete 
| 167|0x000000008a700000, 0x000000008a800000, 0x000000008a800000|100%| E|CS|TAMS 0x000000008a700000, 0x000000008a700000| Complete 
| 168|0x000000008a800000, 0x000000008a900000, 0x000000008a900000|100%| E|CS|TAMS 0x000000008a800000, 0x000000008a800000| Complete 
| 169|0x000000008a900000, 0x000000008aa00000, 0x000000008aa00000|100%| E|CS|TAMS 0x000000008a900000, 0x000000008a900000| Complete 
| 170|0x000000008aa00000, 0x000000008ab00000, 0x000000008ab00000|100%| E|  |TAMS 0x000000008aa00000, 0x000000008aa00000| Complete 
| 171|0x000000008ab00000, 0x000000008ac00000, 0x000000008ac00000|100%| E|CS|TAMS 0x000000008ab00000, 0x000000008ab00000| Complete 
| 172|0x000000008ac00000, 0x000000008ad00000, 0x000000008ad00000|100%| E|CS|TAMS 0x000000008ac00000, 0x000000008ac00000| Complete 
| 173|0x000000008ad00000, 0x000000008ae00000, 0x000000008ae00000|100%| E|CS|TAMS 0x000000008ad00000, 0x000000008ad00000| Complete 
| 174|0x000000008ae00000, 0x000000008af00000, 0x000000008af00000|100%| E|CS|TAMS 0x000000008ae00000, 0x000000008ae00000| Complete 
| 175|0x000000008af00000, 0x000000008b000000, 0x000000008b000000|100%| E|CS|TAMS 0x000000008af00000, 0x000000008af00000| Complete 
| 176|0x000000008b000000, 0x000000008b100000, 0x000000008b100000|100%| E|CS|TAMS 0x000000008b000000, 0x000000008b000000| Complete 
| 177|0x000000008b100000, 0x000000008b200000, 0x000000008b200000|100%| E|CS|TAMS 0x000000008b100000, 0x000000008b100000| Complete 
| 178|0x000000008b200000, 0x000000008b300000, 0x000000008b300000|100%| E|CS|TAMS 0x000000008b200000, 0x000000008b200000| Complete 
| 179|0x000000008b300000, 0x000000008b400000, 0x000000008b400000|100%| E|CS|TAMS 0x000000008b300000, 0x000000008b300000| Complete 
| 180|0x000000008b400000, 0x000000008b500000, 0x000000008b500000|100%| E|CS|TAMS 0x000000008b400000, 0x000000008b400000| Complete 
| 181|0x000000008b500000, 0x000000008b600000, 0x000000008b600000|100%| E|CS|TAMS 0x000000008b500000, 0x000000008b500000| Complete 
| 182|0x000000008b600000, 0x000000008b700000, 0x000000008b700000|100%| E|CS|TAMS 0x000000008b600000, 0x000000008b600000| Complete 
| 183|0x000000008b700000, 0x000000008b800000, 0x000000008b800000|100%| E|CS|TAMS 0x000000008b700000, 0x000000008b700000| Complete 
| 184|0x000000008b800000, 0x000000008b900000, 0x000000008b900000|100%| E|CS|TAMS 0x000000008b800000, 0x000000008b800000| Complete 
| 185|0x000000008b900000, 0x000000008ba00000, 0x000000008ba00000|100%| E|CS|TAMS 0x000000008b900000, 0x000000008b900000| Complete 
| 186|0x000000008ba00000, 0x000000008bb00000, 0x000000008bb00000|100%| E|CS|TAMS 0x000000008ba00000, 0x000000008ba00000| Complete 
| 187|0x000000008bb00000, 0x000000008bc00000, 0x000000008bc00000|100%| E|CS|TAMS 0x000000008bb00000, 0x000000008bb00000| Complete 
| 188|0x000000008bc00000, 0x000000008bd00000, 0x000000008bd00000|100%| E|CS|TAMS 0x000000008bc00000, 0x000000008bc00000| Complete 
| 189|0x000000008bd00000, 0x000000008be00000, 0x000000008be00000|100%| E|CS|TAMS 0x000000008bd00000, 0x000000008bd00000| Complete 
| 190|0x000000008be00000, 0x000000008bf00000, 0x000000008bf00000|100%| E|CS|TAMS 0x000000008be00000, 0x000000008be00000| Complete 
| 191|0x000000008bf00000, 0x000000008c000000, 0x000000008c000000|100%| E|CS|TAMS 0x000000008bf00000, 0x000000008bf00000| Complete 
| 192|0x000000008c000000, 0x000000008c100000, 0x000000008c100000|100%| E|CS|TAMS 0x000000008c000000, 0x000000008c000000| Complete 
| 193|0x000000008c100000, 0x000000008c200000, 0x000000008c200000|100%| E|CS|TAMS 0x000000008c100000, 0x000000008c100000| Complete 
| 194|0x000000008c200000, 0x000000008c300000, 0x000000008c300000|100%| E|CS|TAMS 0x000000008c200000, 0x000000008c200000| Complete 
| 195|0x000000008c300000, 0x000000008c400000, 0x000000008c400000|100%| E|CS|TAMS 0x000000008c300000, 0x000000008c300000| Complete 
| 196|0x000000008c400000, 0x000000008c500000, 0x000000008c500000|100%| E|CS|TAMS 0x000000008c400000, 0x000000008c400000| Complete 
| 197|0x000000008c500000, 0x000000008c600000, 0x000000008c600000|100%| E|CS|TAMS 0x000000008c500000, 0x000000008c500000| Complete 
| 198|0x000000008c600000, 0x000000008c700000, 0x000000008c700000|100%| E|CS|TAMS 0x000000008c600000, 0x000000008c600000| Complete 
| 199|0x000000008c700000, 0x000000008c800000, 0x000000008c800000|100%| E|CS|TAMS 0x000000008c700000, 0x000000008c700000| Complete 
| 200|0x000000008c800000, 0x000000008c900000, 0x000000008c900000|100%| E|CS|TAMS 0x000000008c800000, 0x000000008c800000| Complete 
| 201|0x000000008c900000, 0x000000008ca00000, 0x000000008ca00000|100%| E|CS|TAMS 0x000000008c900000, 0x000000008c900000| Complete 
| 202|0x000000008ca00000, 0x000000008cb00000, 0x000000008cb00000|100%| E|CS|TAMS 0x000000008ca00000, 0x000000008ca00000| Complete 
| 203|0x000000008cb00000, 0x000000008cc00000, 0x000000008cc00000|100%| E|CS|TAMS 0x000000008cb00000, 0x000000008cb00000| Complete 
| 204|0x000000008cc00000, 0x000000008cd00000, 0x000000008cd00000|100%| E|CS|TAMS 0x000000008cc00000, 0x000000008cc00000| Complete 
| 205|0x000000008cd00000, 0x000000008ce00000, 0x000000008ce00000|100%| E|CS|TAMS 0x000000008cd00000, 0x000000008cd00000| Complete 
| 206|0x000000008ce00000, 0x000000008cf00000, 0x000000008cf00000|100%| E|CS|TAMS 0x000000008ce00000, 0x000000008ce00000| Complete 
| 207|0x000000008cf00000, 0x000000008d000000, 0x000000008d000000|100%| E|CS|TAMS 0x000000008cf00000, 0x000000008cf00000| Complete 
| 208|0x000000008d000000, 0x000000008d100000, 0x000000008d100000|100%| E|CS|TAMS 0x000000008d000000, 0x000000008d000000| Complete 
| 209|0x000000008d100000, 0x000000008d200000, 0x000000008d200000|100%| E|CS|TAMS 0x000000008d100000, 0x000000008d100000| Complete 
| 210|0x000000008d200000, 0x000000008d300000, 0x000000008d300000|100%| E|CS|TAMS 0x000000008d200000, 0x000000008d200000| Complete 
| 211|0x000000008d300000, 0x000000008d400000, 0x000000008d400000|100%| E|CS|TAMS 0x000000008d300000, 0x000000008d300000| Complete 
| 212|0x000000008d400000, 0x000000008d500000, 0x000000008d500000|100%| E|CS|TAMS 0x000000008d400000, 0x000000008d400000| Complete 
| 213|0x000000008d500000, 0x000000008d600000, 0x000000008d600000|100%| E|CS|TAMS 0x000000008d500000, 0x000000008d500000| Complete 
| 214|0x000000008d600000, 0x000000008d700000, 0x000000008d700000|100%| E|CS|TAMS 0x000000008d600000, 0x000000008d600000| Complete 
| 215|0x000000008d700000, 0x000000008d800000, 0x000000008d800000|100%| E|CS|TAMS 0x000000008d700000, 0x000000008d700000| Complete 
| 216|0x000000008d800000, 0x000000008d900000, 0x000000008d900000|100%| E|CS|TAMS 0x000000008d800000, 0x000000008d800000| Complete 
| 217|0x000000008d900000, 0x000000008da00000, 0x000000008da00000|100%| E|CS|TAMS 0x000000008d900000, 0x000000008d900000| Complete 
| 218|0x000000008da00000, 0x000000008db00000, 0x000000008db00000|100%| E|CS|TAMS 0x000000008da00000, 0x000000008da00000| Complete 
| 219|0x000000008db00000, 0x000000008dc00000, 0x000000008dc00000|100%| E|CS|TAMS 0x000000008db00000, 0x000000008db00000| Complete 
| 220|0x000000008dc00000, 0x000000008dd00000, 0x000000008dd00000|100%| E|CS|TAMS 0x000000008dc00000, 0x000000008dc00000| Complete 
| 221|0x000000008dd00000, 0x000000008de00000, 0x000000008de00000|100%| E|CS|TAMS 0x000000008dd00000, 0x000000008dd00000| Complete 

Card table byte_map: [0x00000147c72e0000,0x00000147c76e0000] _byte_map_base: 0x00000147c6ee0000

Marking Bits (Prev, Next): (CMBitMap*) 0x00000147b3b3b618, (CMBitMap*) 0x00000147b3b3b650
 Prev Bits: [0x00000147c7ae0000, 0x00000147c9ae0000)
 Next Bits: [0x00000147c9ae0000, 0x00000147cbae0000)

Polling page: 0x00000147b2260000

Metaspace:

Usage:
  Non-class:     90.13 MB capacity,    88.32 MB ( 98%) used,     1.53 MB (  2%) free+waste,   281.69 KB ( <1%) overhead. 
      Class:     14.03 MB capacity,    13.03 MB ( 93%) used,   888.25 KB (  6%) free+waste,   132.25 KB ( <1%) overhead. 
       Both:    104.16 MB capacity,   101.36 MB ( 97%) used,     2.40 MB (  2%) free+waste,   413.94 KB ( <1%) overhead. 

Virtual space:
  Non-class space:       92.00 MB reserved,      90.18 MB ( 98%) committed 
      Class space:        1.00 GB reserved,      14.07 MB (  1%) committed 
             Both:        1.09 GB reserved,     104.25 MB (  9%) committed 

Chunk freelists:
   Non-Class:  0 bytes
       Class:  0 bytes
        Both:  0 bytes

MaxMetaspaceSize: 17179869184.00 GB
CompressedClassSpaceSize: 1.00 GB

CodeHeap 'non-profiled nmethods': size=120000Kb used=6994Kb max_used=6994Kb free=113005Kb
 bounds [0x00000147bef50000, 0x00000147bf630000, 0x00000147c6480000]
CodeHeap 'profiled nmethods': size=120000Kb used=23672Kb max_used=23672Kb free=96327Kb
 bounds [0x00000147b7a20000, 0x00000147b9150000, 0x00000147bef50000]
CodeHeap 'non-nmethods': size=5760Kb used=2322Kb max_used=2413Kb free=3437Kb
 bounds [0x00000147b7480000, 0x00000147b76f0000, 0x00000147b7a20000]
 total_blobs=11575 nmethods=10645 adapters=841
 compilation: enabled
              stopped_count=0, restarted_count=0
 full_count=0

Compilation events (20 events):
Event: 11.392 Thread 0x00000147da58b800 10863       4       java.lang.StringBuilder::length (5 bytes)
Event: 11.392 Thread 0x00000147ceeab000 nmethod 10858 0x00000147b911db10 code [0x00000147b911dd40, 0x00000147b911e408]
Event: 11.392 Thread 0x00000147ceeab000 10856       1       kotlin.sequences.FilteringSequence::access$getPredicate$p (5 bytes)
Event: 11.392 Thread 0x00000147ceeab000 nmethod 10856 0x00000147bf61e110 code [0x00000147bf61e2c0, 0x00000147bf61e358]
Event: 11.392 Thread 0x00000147ceeab000 10857       1       kotlin.sequences.FilteringSequence::access$getSendWhen$p (5 bytes)
Event: 11.392 Thread 0x00000147ceeab000 nmethod 10857 0x00000147bf61e410 code [0x00000147bf61e5c0, 0x00000147bf61e658]
Event: 11.392 Thread 0x00000147ceeab000 10854       1       com.google.common.base.Splitter::access$300 (5 bytes)
Event: 11.392 Thread 0x00000147da58b800 nmethod 10863 0x00000147bf61e710 code [0x00000147bf61e8a0, 0x00000147bf61e8f8]
Event: 11.392 Thread 0x00000147ceeab000 nmethod 10854 0x00000147bf61e990 code [0x00000147bf61eb40, 0x00000147bf61ebd8]
Event: 11.392 Thread 0x00000147ceeab000 10855       1       com.google.common.base.Splitter::access$400 (5 bytes)
Event: 11.392 Thread 0x00000147da58b800 10864       4       java.util.Collections::singletonList (9 bytes)
Event: 11.392 Thread 0x00000147ceeab000 nmethod 10855 0x00000147bf61ec90 code [0x00000147bf61ee40, 0x00000147bf61eed8]
Event: 11.392 Thread 0x00000147ceeab000 10859       1       com.android.ide.common.repository.GradleCoordinate::getGroupId (5 bytes)
Event: 11.392 Thread 0x00000147ceeab000 nmethod 10859 0x00000147bf61ef90 code [0x00000147bf61f140, 0x00000147bf61f1f8]
Event: 11.392 Thread 0x00000147ceeab000 10860       1       com.android.ide.common.repository.GradleCoordinate::getArtifactId (5 bytes)
Event: 11.392 Thread 0x00000147ceeab000 nmethod 10860 0x00000147bf61f290 code [0x00000147bf61f440, 0x00000147bf61f4f8]
Event: 11.392 Thread 0x00000147ceeab000 10861       1       com.android.ide.common.repository.GradleVersion::toString (5 bytes)
Event: 11.392 Thread 0x00000147ceeab000 nmethod 10861 0x00000147bf61f590 code [0x00000147bf61f740, 0x00000147bf61f7f8]
Event: 11.392 Thread 0x00000147d9730800 nmethod 10862 0x00000147bf61f890 code [0x00000147bf61fa20, 0x00000147bf61faf8]
Event: 11.393 Thread 0x00000147da58b800 nmethod 10864 0x00000147bf61fc10 code [0x00000147bf61fda0, 0x00000147bf61fed8]

GC Heap History (20 events):
Event: 5.284 GC heap before
{Heap before GC invocations=12 (full 0):
 garbage-first heap   total 157696K, used 117569K [0x0000000080000000, 0x0000000100000000)
  region size 1024K, 58 young (59392K), 8 survivors (8192K)
 Metaspace       used 58236K, capacity 59874K, committed 59980K, reserved 1101824K
  class space    used 7456K, capacity 7972K, committed 8012K, reserved 1048576K
}
Event: 5.291 GC heap after
{Heap after GC invocations=13 (full 0):
 garbage-first heap   total 157696K, used 70805K [0x0000000080000000, 0x0000000100000000)
  region size 1024K, 4 young (4096K), 4 survivors (4096K)
 Metaspace       used 58236K, capacity 59874K, committed 59980K, reserved 1101824K
  class space    used 7456K, capacity 7972K, committed 8012K, reserved 1048576K
}
Event: 5.307 GC heap before
{Heap before GC invocations=13 (full 0):
 garbage-first heap   total 157696K, used 72853K [0x0000000080000000, 0x0000000100000000)
  region size 1024K, 7 young (7168K), 4 survivors (4096K)
 Metaspace       used 58437K, capacity 60105K, committed 60288K, reserved 1101824K
  class space    used 7481K, capacity 8005K, committed 8140K, reserved 1048576K
}
Event: 5.312 GC heap after
{Heap after GC invocations=14 (full 0):
 garbage-first heap   total 157696K, used 71143K [0x0000000080000000, 0x0000000100000000)
  region size 1024K, 4 young (4096K), 4 survivors (4096K)
 Metaspace       used 58437K, capacity 60105K, committed 60288K, reserved 1101824K
  class space    used 7481K, capacity 8005K, committed 8140K, reserved 1048576K
}
Event: 5.732 GC heap before
{Heap before GC invocations=15 (full 0):
 garbage-first heap   total 157696K, used 115175K [0x0000000080000000, 0x0000000100000000)
  region size 1024K, 46 young (47104K), 4 survivors (4096K)
 Metaspace       used 62756K, capacity 64402K, committed 64640K, reserved 1105920K
  class space    used 7987K, capacity 8533K, committed 8652K, reserved 1048576K
}
Event: 5.737 GC heap after
{Heap after GC invocations=16 (full 0):
 garbage-first heap   total 157696K, used 73182K [0x0000000080000000, 0x0000000100000000)
  region size 1024K, 3 young (3072K), 3 survivors (3072K)
 Metaspace       used 62756K, capacity 64402K, committed 64640K, reserved 1105920K
  class space    used 7987K, capacity 8533K, committed 8652K, reserved 1048576K
}
Event: 6.054 GC heap before
{Heap before GC invocations=17 (full 0):
 garbage-first heap   total 157696K, used 117214K [0x0000000080000000, 0x0000000100000000)
  region size 1024K, 46 young (47104K), 3 survivors (3072K)
 Metaspace       used 65600K, capacity 67347K, committed 67584K, reserved 1107968K
  class space    used 8400K, capacity 8960K, committed 9036K, reserved 1048576K
}
Event: 6.060 GC heap after
{Heap after GC invocations=18 (full 0):
 garbage-first heap   total 189440K, used 76866K [0x0000000080000000, 0x0000000100000000)
  region size 1024K, 6 young (6144K), 6 survivors (6144K)
 Metaspace       used 65600K, capacity 67347K, committed 67584K, reserved 1107968K
  class space    used 8400K, capacity 8960K, committed 9036K, reserved 1048576K
}
Event: 6.606 GC heap before
{Heap before GC invocations=18 (full 0):
 garbage-first heap   total 189440K, used 133186K [0x0000000080000000, 0x0000000100000000)
  region size 1024K, 61 young (62464K), 6 survivors (6144K)
 Metaspace       used 72361K, capacity 74229K, committed 74496K, reserved 1114112K
  class space    used 9387K, capacity 9991K, committed 10060K, reserved 1048576K
}
Event: 6.614 GC heap after
{Heap after GC invocations=19 (full 0):
 garbage-first heap   total 189440K, used 80278K [0x0000000080000000, 0x0000000100000000)
  region size 1024K, 7 young (7168K), 7 survivors (7168K)
 Metaspace       used 72361K, capacity 74229K, committed 74496K, reserved 1114112K
  class space    used 9387K, capacity 9991K, committed 10060K, reserved 1048576K
}
Event: 7.144 GC heap before
{Heap before GC invocations=19 (full 0):
 garbage-first heap   total 189440K, used 137622K [0x0000000080000000, 0x0000000100000000)
  region size 1024K, 63 young (64512K), 7 survivors (7168K)
 Metaspace       used 76882K, capacity 78755K, committed 78848K, reserved 1118208K
  class space    used 9921K, capacity 10536K, committed 10572K, reserved 1048576K
}
Event: 7.152 GC heap after
{Heap after GC invocations=20 (full 0):
 garbage-first heap   total 189440K, used 84843K [0x0000000080000000, 0x0000000100000000)
  region size 1024K, 8 young (8192K), 8 survivors (8192K)
 Metaspace       used 76882K, capacity 78755K, committed 78848K, reserved 1118208K
  class space    used 9921K, capacity 10536K, committed 10572K, reserved 1048576K
}
Event: 7.650 GC heap before
{Heap before GC invocations=20 (full 0):
 garbage-first heap   total 189440K, used 141163K [0x0000000080000000, 0x0000000100000000)
  region size 1024K, 64 young (65536K), 8 survivors (8192K)
 Metaspace       used 80873K, capacity 83123K, committed 83200K, reserved 1122304K
  class space    used 10556K, capacity 11307K, committed 11340K, reserved 1048576K
}
Event: 7.657 GC heap after
{Heap after GC invocations=21 (full 0):
 garbage-first heap   total 189440K, used 88223K [0x0000000080000000, 0x0000000100000000)
  region size 1024K, 4 young (4096K), 4 survivors (4096K)
 Metaspace       used 80873K, capacity 83123K, committed 83200K, reserved 1122304K
  class space    used 10556K, capacity 11307K, committed 11340K, reserved 1048576K
}
Event: 8.116 GC heap before
{Heap before GC invocations=21 (full 0):
 garbage-first heap   total 189440K, used 145567K [0x0000000080000000, 0x0000000100000000)
  region size 1024K, 60 young (61440K), 4 survivors (4096K)
 Metaspace       used 86151K, capacity 88451K, committed 88576K, reserved 1126400K
  class space    used 11232K, capacity 12028K, committed 12108K, reserved 1048576K
}
Event: 8.123 GC heap after
{Heap after GC invocations=22 (full 0):
 garbage-first heap   total 227328K, used 90704K [0x0000000080000000, 0x0000000100000000)
  region size 1024K, 7 young (7168K), 7 survivors (7168K)
 Metaspace       used 86151K, capacity 88451K, committed 88576K, reserved 1126400K
  class space    used 11232K, capacity 12028K, committed 12108K, reserved 1048576K
}
Event: 10.298 GC heap before
{Heap before GC invocations=22 (full 0):
 garbage-first heap   total 227328K, used 162384K [0x0000000080000000, 0x0000000100000000)
  region size 1024K, 78 young (79872K), 7 survivors (7168K)
 Metaspace       used 94072K, capacity 96664K, committed 97024K, reserved 1132544K
  class space    used 12178K, capacity 13020K, committed 13132K, reserved 1048576K
}
Event: 10.307 GC heap after
{Heap after GC invocations=23 (full 0):
 garbage-first heap   total 227328K, used 97199K [0x0000000080000000, 0x0000000100000000)
  region size 1024K, 10 young (10240K), 10 survivors (10240K)
 Metaspace       used 94072K, capacity 96664K, committed 97024K, reserved 1132544K
  class space    used 12178K, capacity 13020K, committed 13132K, reserved 1048576K
}
Event: 10.902 GC heap before
{Heap before GC invocations=23 (full 0):
 garbage-first heap   total 227328K, used 167855K [0x0000000080000000, 0x0000000100000000)
  region size 1024K, 80 young (81920K), 10 survivors (10240K)
 Metaspace       used 99064K, capacity 101741K, committed 102016K, reserved 1138688K
  class space    used 12781K, capacity 13680K, committed 13772K, reserved 1048576K
}
Event: 10.912 GC heap after
{Heap after GC invocations=24 (full 0):
 garbage-first heap   total 227328K, used 102043K [0x0000000080000000, 0x0000000100000000)
  region size 1024K, 5 young (5120K), 5 survivors (5120K)
 Metaspace       used 99064K, capacity 101741K, committed 102016K, reserved 1138688K
  class space    used 12781K, capacity 13680K, committed 13772K, reserved 1048576K
}

Deoptimization events (20 events):
Event: 11.293 Thread 0x00000147d0475000 DEOPT PACKING pc=0x00000147b8fa23b1 sp=0x000000014dff9b10
Event: 11.293 Thread 0x00000147d0475000 DEOPT UNPACKING pc=0x00000147b74a72ce sp=0x000000014dff8fd8 mode 0
Event: 11.296 Thread 0x00000147d0475000 DEOPT PACKING pc=0x00000147b8fa23b1 sp=0x000000014dff9b40
Event: 11.296 Thread 0x00000147d0475000 DEOPT UNPACKING pc=0x00000147b74a72ce sp=0x000000014dff9008 mode 0
Event: 11.386 Thread 0x00000147d0475000 Uncommon trap: trap_request=0xffffffc6 fr.pc=0x00000147bf3a2888 relative=0x0000000000000148
Event: 11.386 Thread 0x00000147d0475000 Uncommon trap: reason=bimorphic_or_optimized_type_check action=maybe_recompile pc=0x00000147bf3a2888 method=java.util.regex.Pattern$BmpCharPredicate.lambda$union$2(Ljava/util/regex/Pattern$CharPredicate;I)Z @ 12 c2
Event: 11.386 Thread 0x00000147d0475000 DEOPT PACKING pc=0x00000147bf3a2888 sp=0x000000014dffa460
Event: 11.386 Thread 0x00000147d0475000 DEOPT UNPACKING pc=0x00000147b74a74af sp=0x000000014dffa378 mode 2
Event: 11.386 Thread 0x00000147d0475000 Uncommon trap: trap_request=0xffffffc6 fr.pc=0x00000147bf3a2888 relative=0x0000000000000148
Event: 11.386 Thread 0x00000147d0475000 Uncommon trap: reason=bimorphic_or_optimized_type_check action=maybe_recompile pc=0x00000147bf3a2888 method=java.util.regex.Pattern$BmpCharPredicate.lambda$union$2(Ljava/util/regex/Pattern$CharPredicate;I)Z @ 12 c2
Event: 11.386 Thread 0x00000147d0475000 DEOPT PACKING pc=0x00000147bf3a2888 sp=0x000000014dffa460
Event: 11.386 Thread 0x00000147d0475000 DEOPT UNPACKING pc=0x00000147b74a74af sp=0x000000014dffa378 mode 2
Event: 11.386 Thread 0x00000147d0475000 Uncommon trap: trap_request=0xffffffc6 fr.pc=0x00000147bf3a2888 relative=0x0000000000000148
Event: 11.386 Thread 0x00000147d0475000 Uncommon trap: reason=bimorphic_or_optimized_type_check action=maybe_recompile pc=0x00000147bf3a2888 method=java.util.regex.Pattern$BmpCharPredicate.lambda$union$2(Ljava/util/regex/Pattern$CharPredicate;I)Z @ 12 c2
Event: 11.386 Thread 0x00000147d0475000 DEOPT PACKING pc=0x00000147bf3a2888 sp=0x000000014dffa310
Event: 11.386 Thread 0x00000147d0475000 DEOPT UNPACKING pc=0x00000147b74a74af sp=0x000000014dffa228 mode 2
Event: 11.386 Thread 0x00000147d0475000 Uncommon trap: trap_request=0xffffffc6 fr.pc=0x00000147bf3a2888 relative=0x0000000000000148
Event: 11.386 Thread 0x00000147d0475000 Uncommon trap: reason=bimorphic_or_optimized_type_check action=maybe_recompile pc=0x00000147bf3a2888 method=java.util.regex.Pattern$BmpCharPredicate.lambda$union$2(Ljava/util/regex/Pattern$CharPredicate;I)Z @ 12 c2
Event: 11.386 Thread 0x00000147d0475000 DEOPT PACKING pc=0x00000147bf3a2888 sp=0x000000014dffa310
Event: 11.386 Thread 0x00000147d0475000 DEOPT UNPACKING pc=0x00000147b74a74af sp=0x000000014dffa228 mode 2

Classes redefined (0 events):
No events

Internal exceptions (20 events):
Event: 10.448 Thread 0x00000147d0475000 Exception <a 'java/lang/ClassNotFoundException'{0x000000008c626748}: org/gradle/api/internal/tasks/DefaultTaskCollectionCustomizer> (0x000000008c626748) thrown at [./src/hotspot/share/classfile/systemDictionary.cpp, line 231]
Event: 10.449 Thread 0x00000147d0475000 Exception <a 'java/lang/ClassNotFoundException'{0x000000008c661810}: org/gradle/api/internal/tasks/DefaultTaskContainerCustomizer> (0x000000008c661810) thrown at [./src/hotspot/share/classfile/systemDictionary.cpp, line 231]
Event: 10.449 Thread 0x00000147d0475000 Exception <a 'java/lang/ClassNotFoundException'{0x000000008c6bd890}: org/gradle/api/internal/tasks/DefaultTaskContainer_DecoratedCustomizer> (0x000000008c6bd890) thrown at [./src/hotspot/share/classfile/systemDictionary.cpp, line 231]
Event: 10.460 Thread 0x00000147d0475000 Exception <a 'java/lang/ClassNotFoundException'{0x000000008c5b0cb8}: org/gradle/api/tasks/SourceSetBeanInfo> (0x000000008c5b0cb8) thrown at [./src/hotspot/share/classfile/systemDictionary.cpp, line 231]
Event: 10.460 Thread 0x00000147d0475000 Exception <a 'java/lang/ClassNotFoundException'{0x000000008c5c6528}: org/gradle/api/tasks/SourceSetCustomizer> (0x000000008c5c6528) thrown at [./src/hotspot/share/classfile/systemDictionary.cpp, line 231]
Event: 10.462 Thread 0x00000147d0475000 Exception <a 'java/lang/ClassNotFoundException'{0x000000008c442120}: java/util/LinkedHashMapBeanInfo> (0x000000008c442120) thrown at [./src/hotspot/share/classfile/systemDictionary.cpp, line 231]
Event: 10.462 Thread 0x00000147d0475000 Exception <a 'java/lang/ClassNotFoundException'{0x000000008c4491b0}: java/util/HashMapBeanInfo> (0x000000008c4491b0) thrown at [./src/hotspot/share/classfile/systemDictionary.cpp, line 231]
Event: 10.462 Thread 0x00000147d0475000 Exception <a 'java/lang/ClassNotFoundException'{0x000000008c450b30}: java/util/AbstractMapBeanInfo> (0x000000008c450b30) thrown at [./src/hotspot/share/classfile/systemDictionary.cpp, line 231]
Event: 10.462 Thread 0x00000147d0475000 Exception <a 'java/lang/ClassNotFoundException'{0x000000008c458488}: java/util/AbstractMapCustomizer> (0x000000008c458488) thrown at [./src/hotspot/share/classfile/systemDictionary.cpp, line 231]
Event: 10.463 Thread 0x00000147d0475000 Exception <a 'java/lang/ClassNotFoundException'{0x000000008c469a18}: java/util/HashMapCustomizer> (0x000000008c469a18) thrown at [./src/hotspot/share/classfile/systemDictionary.cpp, line 231]
Event: 10.463 Thread 0x00000147d0475000 Exception <a 'java/lang/ClassNotFoundException'{0x000000008c4886d8}: java/util/LinkedHashMapCustomizer> (0x000000008c4886d8) thrown at [./src/hotspot/share/classfile/systemDictionary.cpp, line 231]
Event: 10.755 Thread 0x00000147d0475000 Exception <a 'java/lang/reflect/InvocationTargetException'{0x000000008ad129a8}> (0x000000008ad129a8) thrown at [./src/hotspot/share/runtime/reflection.cpp, line 1247]
Event: 11.053 Thread 0x00000147d4523000 Implicit null exception at 0x00000147bf48b118 to 0x00000147bf48c2a4
Event: 11.053 Thread 0x00000147d4523800 Implicit null exception at 0x00000147bf48b118 to 0x00000147bf48c2a4
Event: 11.083 Thread 0x00000147d0475000 Exception <a 'java/lang/NoSuchMethodError'{0x000000008c5cf080}: 'int java.lang.invoke.DirectMethodHandle$Holder.invokeSpecialIFC(java.lang.Object, java.lang.Object, java.lang.Object)'> (0x000000008c5cf080) thrown at [./src/hotspot/share/interpreter/linkResolver.cpp, line 773]
Event: 11.184 Thread 0x00000147d0475000 Exception <a 'java/lang/NoSuchMethodError'{0x000000008bd01690}: 'int java.lang.invoke.DirectMethodHandle$Holder.invokeVirtual(java.lang.Object, java.lang.Object, java.lang.Object)'> (0x000000008bd01690) thrown at [./src/hotspot/share/interpreter/linkResolver.cpp, line 773]
Event: 11.216 Thread 0x00000147d0475000 Exception <a 'java/lang/NoSuchMethodError'{0x000000008bb86fb0}: 'java.lang.Object java.lang.invoke.DirectMethodHandle$Holder.invokeStatic(java.lang.Object, java.lang.Object, java.lang.Object, java.lang.Object, java.lang.Object, java.lang.Object, java.lang.Object, java.lang.Object, java.lang.Object, java.lang.Object, java.lang.Object, java.lang.Object, java.lang.Object, java.lang.Object, java.lang.Object, java.lang.Object, java.lang.Object, int, java.lang.Object)'> (0x000000008bb86fb0) thrown at [./src/hots
Event: 11.216 Thread 0x00000147d0475000 Exception <a 'java/lang/NoSuchMethodError'{0x000000008bb8d0a0}: 'java.lang.Object java.lang.invoke.DirectMethodHandle$Holder.invokeStaticInit(java.lang.Object, java.lang.Object, java.lang.Object, java.lang.Object, java.lang.Object, java.lang.Object, java.lang.Object, java.lang.Object, java.lang.Object, java.lang.Object, java.lang.Object, java.lang.Object, java.lang.Object, java.lang.Object, java.lang.Object, java.lang.Object, java.lang.Object, int, java.lang.Object)'> (0x000000008bb8d0a0) thrown at [./src/
Event: 11.247 Thread 0x00000147d0475000 Exception <a 'java/lang/NoSuchMethodError'{0x000000008b81e8a0}: 'void java.lang.invoke.DirectMethodHandle$Holder.invokeStaticInit(java.lang.Object, java.lang.Object, java.lang.Object, java.lang.Object, java.lang.Object)'> (0x000000008b81e8a0) thrown at [./src/hotspot/share/interpreter/linkResolver.cpp, line 773]
Event: 11.264 Thread 0x00000147d0475000 Exception <a 'java/lang/NoSuchMethodError'{0x000000008b79ef88}: 'java.lang.Object java.lang.invoke.DirectMethodHandle$Holder.invokeStatic(java.lang.Object, int, java.lang.Object, java.lang.Object)'> (0x000000008b79ef88) thrown at [./src/hotspot/share/interpreter/linkResolver.cpp, line 773]

Events (20 events):
Event: 11.385 loading class com/android/ide/common/repository/GradleCoordinate$PlusComponent
Event: 11.385 loading class com/android/ide/common/repository/GradleCoordinate$PlusComponent done
Event: 11.385 loading class com/android/ide/common/repository/GradleCoordinate$GradleCoordinateComparator
Event: 11.385 loading class com/android/ide/common/repository/GradleCoordinate$GradleCoordinateComparator done
Event: 11.386 loading class com/android/ide/common/repository/GradleCoordinate$ArtifactType
Event: 11.386 loading class com/android/ide/common/repository/GradleCoordinate$ArtifactType done
Event: 11.386 loading class com/android/ide/common/repository/GradleCoordinate$ListComponent
Event: 11.386 loading class com/android/ide/common/repository/GradleCoordinate$ListComponent done
Event: 11.386 loading class com/android/ide/gradle/model/ArtifactIdentifierImpl
Event: 11.386 loading class com/android/ide/gradle/model/ArtifactIdentifierImpl done
Event: 11.387 loading class com/android/ide/gradle/model/ArtifactIdentifier
Event: 11.387 loading class com/android/ide/gradle/model/ArtifactIdentifier done
Event: 11.392 loading class com/android/ide/gradle/model/artifacts/AdditionalClassifierArtifactsModel
Event: 11.392 loading class com/android/ide/gradle/model/artifacts/AdditionalClassifierArtifactsModel done
Event: 11.392 loading class com/android/ide/gradle/model/AdditionalClassifierArtifactsModelParameter
Event: 11.392 loading class com/android/ide/gradle/model/AdditionalClassifierArtifactsModelParameter done
Event: 11.392 loading class com/android/tools/idea/gradle/project/sync/idea/AdditionalClassifierArtifactsModelCollectorKt$getAdditionalClassifierArtifactsModel$$inlined$forEach$lambda$1
Event: 11.392 loading class com/android/tools/idea/gradle/project/sync/idea/AdditionalClassifierArtifactsModelCollectorKt$getAdditionalClassifierArtifactsModel$$inlined$forEach$lambda$1 done
Event: 11.393 loading class com/android/ide/gradle/model/AdditionalClassifierArtifactsModelParameter
Event: 11.393 loading class com/android/ide/gradle/model/AdditionalClassifierArtifactsModelParameter done


Dynamic libraries:
0x00007ff604290000 - 0x00007ff60429a000 	C:\Program Files\Android\Android Studio\jre\bin\java.exe
0x00007fff961d0000 - 0x00007fff963c5000 	C:\WINDOWS\SYSTEM32\ntdll.dll
0x00007fff95e70000 - 0x00007fff95f2d000 	C:\WINDOWS\System32\KERNEL32.DLL
0x00007fff93e30000 - 0x00007fff940f9000 	C:\WINDOWS\System32\KERNELBASE.dll
0x00007fff93a90000 - 0x00007fff93b90000 	C:\WINDOWS\System32\ucrtbase.dll
0x00007fff80320000 - 0x00007fff80339000 	C:\Program Files\Android\Android Studio\jre\bin\jli.dll
0x00007fff7e140000 - 0x00007fff7e157000 	C:\Program Files\Android\Android Studio\jre\bin\VCRUNTIME140.dll
0x00007fff95820000 - 0x00007fff959c0000 	C:\WINDOWS\System32\USER32.dll
0x00007fff94100000 - 0x00007fff94122000 	C:\WINDOWS\System32\win32u.dll
0x00007fff94f10000 - 0x00007fff94f3a000 	C:\WINDOWS\System32\GDI32.dll
0x00007fff94130000 - 0x00007fff9423b000 	C:\WINDOWS\System32\gdi32full.dll
0x00007fff7ffe0000 - 0x00007fff8027a000 	C:\WINDOWS\WinSxS\amd64_microsoft.windows.common-controls_6595b64144ccf1df_6.0.19041.1083_none_60bbe31371f34e71\COMCTL32.dll
0x00007fff939a0000 - 0x00007fff93a3d000 	C:\WINDOWS\System32\msvcp_win.dll
0x00007fff95530000 - 0x00007fff955ce000 	C:\WINDOWS\System32\msvcrt.dll
0x00007fff946b0000 - 0x00007fff946e0000 	C:\WINDOWS\System32\IMM32.DLL
0x00007fff5c4f0000 - 0x00007fff5c58d000 	C:\Program Files\Android\Android Studio\jre\bin\msvcp140.dll
0x00007fff5b5a0000 - 0x00007fff5c05c000 	C:\Program Files\Android\Android Studio\jre\bin\server\jvm.dll
0x00007fff95650000 - 0x00007fff956fc000 	C:\WINDOWS\System32\ADVAPI32.dll
0x00007fff95020000 - 0x00007fff950bb000 	C:\WINDOWS\System32\sechost.dll
0x00007fff95f30000 - 0x00007fff9605a000 	C:\WINDOWS\System32\RPCRT4.dll
0x00007fff946e0000 - 0x00007fff946e8000 	C:\WINDOWS\System32\PSAPI.DLL
0x00007fff8a770000 - 0x00007fff8a797000 	C:\WINDOWS\SYSTEM32\WINMM.dll
0x00007fff8c6b0000 - 0x00007fff8c6b9000 	C:\WINDOWS\SYSTEM32\WSOCK32.dll
0x00007fff8c7b0000 - 0x00007fff8c7ba000 	C:\WINDOWS\SYSTEM32\VERSION.dll
0x00007fff955d0000 - 0x00007fff9563b000 	C:\WINDOWS\System32\WS2_32.dll
0x00007fff921d0000 - 0x00007fff921e2000 	C:\WINDOWS\SYSTEM32\kernel.appcore.dll
0x00007fff8d6f0000 - 0x00007fff8d701000 	C:\Program Files\Android\Android Studio\jre\bin\verify.dll
0x00007fff915f0000 - 0x00007fff917d4000 	C:\WINDOWS\SYSTEM32\DBGHELP.DLL
0x00007fff822d0000 - 0x00007fff822fc000 	C:\WINDOWS\SYSTEM32\dbgcore.DLL
0x00007fff93910000 - 0x00007fff93993000 	C:\WINDOWS\System32\bcryptPrimitives.dll
0x00007fff8bb10000 - 0x00007fff8bb39000 	C:\Program Files\Android\Android Studio\jre\bin\java.dll
0x00007fff90e80000 - 0x00007fff90e8b000 	C:\Program Files\Android\Android Studio\jre\bin\jimage.dll
0x00007fff88460000 - 0x00007fff88478000 	C:\Program Files\Android\Android Studio\jre\bin\zip.dll
0x00007fff946f0000 - 0x00007fff94e2f000 	C:\WINDOWS\System32\SHELL32.dll
0x00007fff91a20000 - 0x00007fff921b1000 	C:\WINDOWS\SYSTEM32\windows.storage.dll
0x00007fff951d0000 - 0x00007fff95525000 	C:\WINDOWS\System32\combase.dll
0x00007fff93380000 - 0x00007fff933ac000 	C:\WINDOWS\SYSTEM32\Wldp.dll
0x00007fff95770000 - 0x00007fff9581e000 	C:\WINDOWS\System32\SHCORE.dll
0x00007fff959c0000 - 0x00007fff95a15000 	C:\WINDOWS\System32\shlwapi.dll
0x00007fff93850000 - 0x00007fff9386f000 	C:\WINDOWS\SYSTEM32\profapi.dll
0x00007fff88270000 - 0x00007fff8828a000 	C:\Program Files\Android\Android Studio\jre\bin\net.dll
0x00007fff84850000 - 0x00007fff8495a000 	C:\WINDOWS\SYSTEM32\WINHTTP.dll
0x00007fff93070000 - 0x00007fff930da000 	C:\WINDOWS\system32\mswsock.dll
0x00007fff87570000 - 0x00007fff87584000 	C:\Program Files\Android\Android Studio\jre\bin\nio.dll
0x00007fff7e9a0000 - 0x00007fff7e9c7000 	C:\Users\Dark Knight\.gradle\native\fdc75f09e3144964f2cf3f50f0aa648679c211496f362492102eb8c894070792\windows-amd64\native-platform.dll
0x00007fff3f9a0000 - 0x00007fff3fb36000 	C:\Users\Dark Knight\.gradle\native\12488b8bf47d2d4c9fbf2f6322a914ad602e24e48041cd04a747c6da556b65c4\windows-amd64\native-platform-file-events.dll
0x00007fff8edb0000 - 0x00007fff8edba000 	C:\Program Files\Android\Android Studio\jre\bin\management.dll
0x00007fff8ed90000 - 0x00007fff8ed9c000 	C:\Program Files\Android\Android Studio\jre\bin\management_ext.dll
0x00007fff93260000 - 0x00007fff93278000 	C:\WINDOWS\SYSTEM32\CRYPTSP.dll
0x00007fff929b0000 - 0x00007fff929e4000 	C:\WINDOWS\system32\rsaenh.dll
0x00007fff93cf0000 - 0x00007fff93d17000 	C:\WINDOWS\System32\bcrypt.dll
0x00007fff937d0000 - 0x00007fff937fe000 	C:\WINDOWS\SYSTEM32\USERENV.dll
0x00007fff93250000 - 0x00007fff9325c000 	C:\WINDOWS\SYSTEM32\CRYPTBASE.dll
0x00007fff92d60000 - 0x00007fff92d9b000 	C:\WINDOWS\SYSTEM32\IPHLPAPI.DLL
0x00007fff95760000 - 0x00007fff95768000 	C:\WINDOWS\System32\NSI.dll
0x00007fff8a6b0000 - 0x00007fff8a6c7000 	C:\WINDOWS\SYSTEM32\dhcpcsvc6.DLL
0x00007fff8a9c0000 - 0x00007fff8a9dd000 	C:\WINDOWS\SYSTEM32\dhcpcsvc.DLL
0x00007fff92da0000 - 0x00007fff92e6c000 	C:\WINDOWS\SYSTEM32\DNSAPI.dll
0x00007fff8be80000 - 0x00007fff8be8b000 	C:\WINDOWS\SYSTEM32\WINNSI.DLL
0x00007fff87540000 - 0x00007fff87567000 	C:\Program Files\Android\Android Studio\jre\bin\sunec.dll
0x00007fff8be70000 - 0x00007fff8be7a000 	C:\Windows\System32\rasadhlp.dll
0x00007fff79ce0000 - 0x00007fff79d5f000 	C:\WINDOWS\System32\fwpuclnt.dll

dbghelp: loaded successfully - version: 4.0.5 - missing functions: none
symbol engine: initialized successfully - sym options: 0x614 - pdb path: .;C:\Program Files\Android\Android Studio\jre\bin;C:\WINDOWS\SYSTEM32;C:\WINDOWS\WinSxS\amd64_microsoft.windows.common-controls_6595b64144ccf1df_6.0.19041.1083_none_60bbe31371f34e71;C:\Program Files\Android\Android Studio\jre\bin\server;C:\Users\Dark Knight\.gradle\native\fdc75f09e3144964f2cf3f50f0aa648679c211496f362492102eb8c894070792\windows-amd64;C:\Users\Dark Knight\.gradle\native\12488b8bf47d2d4c9fbf2f6322a914ad602e24e48041cd04a747c6da556b65c4\windows-amd64

VM Arguments:
jvm_args: --add-opens=java.base/java.util=ALL-UNNAMED --add-opens=java.base/java.lang=ALL-UNNAMED --add-opens=java.base/java.lang.invoke=ALL-UNNAMED --add-opens=java.prefs/java.util.prefs=ALL-UNNAMED -Xmx2048m -Dfile.encoding=UTF-8 -Duser.country=IN -Duser.language=en -Duser.variant 
java_command: org.gradle.launcher.daemon.bootstrap.GradleDaemon 6.7.1
java_class_path (initial): C:\Users\Dark Knight\.gradle\wrapper\dists\gradle-6.7.1-bin\bwlcbys1h7rz3272sye1xwiv6\gradle-6.7.1\lib\gradle-launcher-6.7.1.jar
Launcher Type: SUN_STANDARD

[Global flags]
     intx CICompilerCount                          = 4                                         {product} {ergonomic}
     uint ConcGCThreads                            = 2                                         {product} {ergonomic}
     uint G1ConcRefinementThreads                  = 8                                         {product} {ergonomic}
   size_t G1HeapRegionSize                         = 1048576                                   {product} {ergonomic}
    uintx GCDrainStackTargetSize                   = 64                                        {product} {ergonomic}
   size_t InitialHeapSize                          = 134217728                                 {product} {ergonomic}
   size_t MarkStackSize                            = 4194304                                   {product} {ergonomic}
   size_t MaxHeapSize                              = 2147483648                                {product} {command line}
   size_t MaxNewSize                               = 1287651328                                {product} {ergonomic}
   size_t MinHeapDeltaBytes                        = 1048576                                   {product} {ergonomic}
    uintx NonNMethodCodeHeapSize                   = 5836300                                {pd product} {ergonomic}
    uintx NonProfiledCodeHeapSize                  = 122910970                              {pd product} {ergonomic}
    uintx ProfiledCodeHeapSize                     = 122910970                              {pd product} {ergonomic}
    uintx ReservedCodeCacheSize                    = 251658240                              {pd product} {ergonomic}
     bool SegmentedCodeCache                       = true                                      {product} {ergonomic}
     bool UseCompressedClassPointers               = true                                 {lp64_product} {ergonomic}
     bool UseCompressedOops                        = true                                 {lp64_product} {ergonomic}
     bool UseG1GC                                  = true                                      {product} {ergonomic}
     bool UseLargePagesIndividualAllocation        = false                                  {pd product} {ergonomic}

Logging:
Log output configuration:
 #0: stdout all=warning uptime,level,tags
 #1: stderr all=off uptime,level,tags

Environment Variables:
PATH=C:\Windows\system32;C:\Windows;C:\Windows\System32\Wbem;C:\Windows\System32\WindowsPowerShell\v1.0\;C:\Windows\System32\OpenSSH\;C:\Program Files (x86)\NVIDIA Corporation\PhysX\Common;C:\Program Files\NVIDIA Corporation\NVIDIA NvDLISR;C:\WINDOWS\system32;C:\WINDOWS;C:\WINDOWS\System32\Wbem;C:\WINDOWS\System32\WindowsPowerShell\v1.0\;C:\WINDOWS\System32\OpenSSH\;C:\MinGW\bin;C:\Program Files\MEGA-X;C:\WINDOWS\system32;C:\WINDOWS;C:\WINDOWS\System32\Wbem;C:\WINDOWS\System32\WindowsPowerShell\v1.0\;C:\WINDOWS\System32\OpenSSH\;C:\Program Files\Git\cmd;C:\Users\Dark Knight\AppData\Local\Microsoft\WindowsApps;C:\Users\Dark Knight\AppData\Local\GitHubDesktop\bin;C:\Users\Dark Knight\AppData\Local\atom\bin;C:\ProgramData\Dark Knight\atom\bin;C:\MinGW\bin;C:\Program Files (x86)\Microsoft Visual Studio\2019\BuildTools\MSBuild\Current\Bin;C:\Users\Dark Knight\AppData\Local\Programs\Microsoft VS Code\bin;C:\Users\Dark Knight\AppData\Local\Microsoft\WindowsApps;
USERNAME=Dark Knight
OS=Windows_NT
PROCESSOR_IDENTIFIER=Intel64 Family 6 Model 158 Stepping 10, GenuineIntel



---------------  S Y S T E M  ---------------

OS: Windows 10 , 64 bit Build 19041 (10.0.19041.1023)
OS uptime: 5 days 4:13 hours

CPU:total 8 (initial active 8) (4 cores per cpu, 2 threads per core) family 6 model 158 stepping 10, cmov, cx8, fxsr, mmx, sse, sse2, sse3, ssse3, sse4.1, sse4.2, popcnt, avx, avx2, aes, clmul, erms, 3dnowpref, lzcnt, ht, tsc, tscinvbit, bmi1, bmi2, adx, fma

Memory: 4k page, system-wide physical 8112M (564M free)
TotalPageFile size 12208M (AvailPageFile size 5M)
current process WorkingSet (physical memory assigned to process): 541M, peak: 542M
current process commit charge ("private bytes"): 579M, peak: 579M

vm_info: OpenJDK 64-Bit Server VM (11.0.8+10-b944.6842174) for windows-amd64 JRE (11.0.8+10-b944.6842174), built on Sep 19 2020 01:11:42 by "builder" with MS VC++ 14.0 (VS2015)

END.
