#
# There is insufficient memory for the Java Runtime Environment to continue.
# Native memory allocation (malloc) failed to allocate 2264016 bytes for Chunk::new
# Possible reasons:
#   The system is out of physical RAM or swap space
#   The process is running with CompressedOops enabled, and the Java Heap may be blocking the growth of the native heap
# Possible solutions:
#   Reduce memory load on the system
#   Increase physical memory or swap space
#   Check if swap backing store is full
#   Decrease Java heap size (-Xmx/-Xms)
#   Decrease number of Java threads
#   Decrease Java thread stack sizes (-Xss)
#   Set larger code cache with -XX:ReservedCodeCacheSize=
#   JVM is running with Unscaled Compressed Oops mode in which the Java heap is
#     placed in the first 4GB address space. The Java Heap base address is the
#     maximum limit for the native heap growth. Please use -XX:HeapBaseMinAddress
#     to set the Java Heap base and to place the Java Heap above 4GB virtual address.
# This output file may be truncated or incomplete.
#
#  Out of Memory Error (./src/hotspot/share/memory/arena.cpp:197), pid=26040, tid=17788
#
# JRE version: OpenJDK Runtime Environment (11.0.8+10) (build 11.0.8+10-b944.6842174)
# Java VM: OpenJDK 64-Bit Server VM (11.0.8+10-b944.6842174, mixed mode, tiered, compressed oops, g1 gc, windows-amd64)
# No core dump will be written. Minidumps are not enabled by default on client versions of Windows
#

---------------  S U M M A R Y ------------

Command Line: --add-opens=java.base/java.util=ALL-UNNAMED --add-opens=java.base/java.lang=ALL-UNNAMED --add-opens=java.base/java.lang.invoke=ALL-UNNAMED --add-opens=java.prefs/java.util.prefs=ALL-UNNAMED -Xmx2048m -Dfile.encoding=UTF-8 -Duser.country=IN -Duser.language=en -Duser.variant org.gradle.launcher.daemon.bootstrap.GradleDaemon 6.7.1

Host: Intel(R) Core(TM) i5-9300H CPU @ 2.40GHz, 8 cores, 7G,  Windows 10 , 64 bit Build 19041 (10.0.19041.1023)
Time: Fri Jul 16 12:52:03 2021 India Standard Time elapsed time: 12 seconds (0d 0h 0m 12s)

---------------  T H R E A D  ---------------

Current thread (0x0000022d821fc800):  JavaThread "C2 CompilerThread1" daemon [_thread_in_native, id=17788, stack(0x0000005bdb100000,0x0000005bdb200000)]


Current CompileTask:
C2:  12605 4985   !   4       com.google.common.reflect.TypeVisitor::visit (225 bytes)

Stack: [0x0000005bdb100000,0x0000005bdb200000]
Native frames: (J=compiled Java code, j=interpreted, Vv=VM code, C=native code)
V  [jvm.dll+0x5de50a]
V  [jvm.dll+0x7122f5]
V  [jvm.dll+0x71384d]
V  [jvm.dll+0x713f03]
V  [jvm.dll+0x23e728]
V  [jvm.dll+0xb899c]
V  [jvm.dll+0xb8e9c]
V  [jvm.dll+0x35020b]
V  [jvm.dll+0x31dea3]
V  [jvm.dll+0x31d39a]
V  [jvm.dll+0x1f7702]
V  [jvm.dll+0x1f68d4]
V  [jvm.dll+0x17f32c]
V  [jvm.dll+0x205047]
V  [jvm.dll+0x203891]
V  [jvm.dll+0x6dad3f]
V  [jvm.dll+0x6d3895]
V  [jvm.dll+0x5dd4a6]
C  [ucrtbase.dll+0x21bb2]
C  [KERNEL32.DLL+0x17034]
C  [ntdll.dll+0x52651]


---------------  P R O C E S S  ---------------

Threads class SMR info:
_java_thread_list=0x0000022d80e29ce0, length=158, elements={
0x0000022de395b800, 0x0000022dffbe6800, 0x0000022dffbf0800, 0x0000022d80846000,
0x0000022d80847000, 0x0000022d8084b000, 0x0000022d8084f000, 0x0000022d80850800,
0x0000022d80997800, 0x0000022d809cb000, 0x0000022d82547000, 0x0000022d80ab4000,
0x0000022d82c93000, 0x0000022d83024800, 0x0000022d82fd5000, 0x0000022d825f7800,
0x0000022d8376a000, 0x0000022d825f4800, 0x0000022d83324000, 0x0000022d83275800,
0x0000022d82a46800, 0x0000022d82a44800, 0x0000022d82a45800, 0x0000022d821fc800,
0x0000022d82a44000, 0x0000022d82a47000, 0x0000022d82a43000, 0x0000022d82a48000,
0x0000022d82a42800, 0x0000022d82a49000, 0x0000022d8602b800, 0x0000022d86029800,
0x0000022d8602e000, 0x0000022d86028000, 0x0000022d8602e800, 0x0000022d8602f800,
0x0000022d86030800, 0x0000022d8602a800, 0x0000022d86034800, 0x0000022d86033800,
0x0000022d86032800, 0x0000022d86035000, 0x0000022d86037000, 0x0000022d86032000,
0x0000022d86036000, 0x0000022d86031000, 0x0000022d83e05000, 0x0000022d83e00000,
0x0000022d83e01000, 0x0000022d83e06000, 0x0000022d83e02000, 0x0000022d83e02800,
0x0000022d83e06800, 0x0000022d83e03800, 0x0000022d83e04800, 0x0000022d83fb6000,
0x0000022d83fbb000, 0x0000022d83fba800, 0x0000022d83fb7000, 0x0000022d83fb8800,
0x0000022d83fbc000, 0x0000022d83fb8000, 0x0000022d83fbc800, 0x0000022d83fbd800,
0x0000022d83fbe800, 0x0000022d83fbf000, 0x0000022d83fb9800, 0x0000022d83fc2800,
0x0000022d83fc3000, 0x0000022d83fc0000, 0x0000022d83fc1000, 0x0000022d83fc1800,
0x0000022d83fc5000, 0x0000022d83fc4000, 0x0000022d8723a800, 0x0000022d87238000,
0x0000022d8723b000, 0x0000022d87236800, 0x0000022d8723c000, 0x0000022d8723d000,
0x0000022d87239800, 0x0000022d87237000, 0x0000022d8723d800, 0x0000022d8723e800,
0x0000022d87238800, 0x0000022d87241800, 0x0000022d87240000, 0x0000022d87243800,
0x0000022d87244000, 0x0000022d87245000, 0x0000022d87242800, 0x0000022d8723f800,
0x0000022d87241000, 0x0000022d87470000, 0x0000022d87472000, 0x0000022d87472800,
0x0000022d87473800, 0x0000022d87474800, 0x0000022d8746e800, 0x0000022d87471000,
0x0000022d87475000, 0x0000022d8746f800, 0x0000022d87476800, 0x0000022d8747a000,
0x0000022d87476000, 0x0000022d8747b800, 0x0000022d8747b000, 0x0000022d8747d800,
0x0000022d87478800, 0x0000022d8747c800, 0x0000022d87477800, 0x0000022d87479000,
0x0000022d82248800, 0x0000022d82249800, 0x0000022d82248000, 0x0000022d82243800,
0x0000022d82245800, 0x0000022d82247000, 0x0000022d8224a000, 0x0000022d82244800,
0x0000022d8224b000, 0x0000022d8224c000, 0x0000022d82246000, 0x0000022d8224d800,
0x0000022d82252800, 0x0000022d8224c800, 0x0000022d8224e800, 0x0000022d82250000,
0x0000022d82251000, 0x0000022d8224f000, 0x0000022d82251800, 0x0000022d83d81000,
0x0000022d83d82000, 0x0000022d83d82800, 0x0000022d83d83800, 0x0000022d83d84800,
0x0000022d83d85000, 0x0000022d83d86000, 0x0000022d83d80000, 0x0000022d83d8c800,
0x0000022d83d8b800, 0x0000022d83d87000, 0x0000022d83d89000, 0x0000022d83d8b000,
0x0000022d83d8d800, 0x0000022d83d87800, 0x0000022d83d8e000, 0x0000022d83d88800,
0x0000022d83d8f000, 0x0000022d83d8a000, 0x0000022d86049800, 0x0000022d8604b800,
0x0000022d86046800, 0x0000022d8604a800, 0x0000022d86047800, 0x0000022d86045800,
0x0000022d8604d000, 0x0000022d8604c000
}

Java Threads: ( => current thread )
  0x0000022de395b800 JavaThread "main" [_thread_blocked, id=3224, stack(0x0000005bd8900000,0x0000005bd8a00000)]
  0x0000022dffbe6800 JavaThread "Reference Handler" daemon [_thread_blocked, id=29116, stack(0x0000005bd9000000,0x0000005bd9100000)]
  0x0000022dffbf0800 JavaThread "Finalizer" daemon [_thread_blocked, id=24068, stack(0x0000005bd9100000,0x0000005bd9200000)]
  0x0000022d80846000 JavaThread "Signal Dispatcher" daemon [_thread_blocked, id=24284, stack(0x0000005bd9200000,0x0000005bd9300000)]
  0x0000022d80847000 JavaThread "Attach Listener" daemon [_thread_blocked, id=33344, stack(0x0000005bd9300000,0x0000005bd9400000)]
  0x0000022d8084b000 JavaThread "C2 CompilerThread0" daemon [_thread_in_native, id=25776, stack(0x0000005bd9400000,0x0000005bd9500000)]
  0x0000022d8084f000 JavaThread "C1 CompilerThread0" daemon [_thread_blocked, id=24328, stack(0x0000005bd9500000,0x0000005bd9600000)]
  0x0000022d80850800 JavaThread "Sweeper thread" daemon [_thread_blocked, id=32988, stack(0x0000005bd9600000,0x0000005bd9700000)]
  0x0000022d80997800 JavaThread "Common-Cleaner" daemon [_thread_blocked, id=11944, stack(0x0000005bd9700000,0x0000005bd9800000)]
  0x0000022d809cb000 JavaThread "Service Thread" daemon [_thread_blocked, id=30188, stack(0x0000005bd9800000,0x0000005bd9900000)]
  0x0000022d82547000 JavaThread "Daemon health stats" [_thread_blocked, id=20436, stack(0x0000005bd9e00000,0x0000005bd9f00000)]
  0x0000022d80ab4000 JavaThread "Incoming local TCP Connector on port 50296" [_thread_in_native, id=33716, stack(0x0000005bd9f00000,0x0000005bda000000)]
  0x0000022d82c93000 JavaThread "Daemon periodic checks" [_thread_blocked, id=9912, stack(0x0000005bda000000,0x0000005bda100000)]
  0x0000022d83024800 JavaThread "Daemon" [_thread_blocked, id=5008, stack(0x0000005bda100000,0x0000005bda200000)]
  0x0000022d82fd5000 JavaThread "Handler for socket connection from /127.0.0.1:50296 to /127.0.0.1:50298" [_thread_in_native, id=20600, stack(0x0000005bda200000,0x0000005bda300000)]
  0x0000022d825f7800 JavaThread "Cancel handler" [_thread_blocked, id=16624, stack(0x0000005bda300000,0x0000005bda400000)]
  0x0000022d8376a000 JavaThread "Daemon worker" [_thread_in_vm, id=33096, stack(0x0000005bda400000,0x0000005bda500000)]
  0x0000022d825f4800 JavaThread "Asynchronous log dispatcher for DefaultDaemonConnection: socket connection from /127.0.0.1:50296 to /127.0.0.1:50298" [_thread_blocked, id=12428, stack(0x0000005bda500000,0x0000005bda600000)]
  0x0000022d83324000 JavaThread "Stdin handler" [_thread_blocked, id=27496, stack(0x0000005bda600000,0x0000005bda700000)]
  0x0000022d83275800 JavaThread "Thread-8" [_thread_blocked, id=4688, stack(0x0000005bda800000,0x0000005bda900000)]
  0x0000022d82a46800 JavaThread "Cache worker for file hash cache (C:\Users\Dark Knight\.gradle\caches\6.7.1\fileHashes)" [_thread_blocked, id=10972, stack(0x0000005bdae00000,0x0000005bdaf00000)]
  0x0000022d82a44800 JavaThread "File lock request listener" [_thread_in_native, id=23660, stack(0x0000005bdaf00000,0x0000005bdb000000)]
  0x0000022d82a45800 JavaThread "Cache worker for journal cache (C:\Users\Dark Knight\.gradle\caches\journal-1)" [_thread_blocked, id=13396, stack(0x0000005bdb000000,0x0000005bdb100000)]
=>0x0000022d821fc800 JavaThread "C2 CompilerThread1" daemon [_thread_in_native, id=17788, stack(0x0000005bdb100000,0x0000005bdb200000)]
  0x0000022d82a44000 JavaThread "Cache worker for file hash cache (C:\Android Projects\Udemy TUTORIAL\Quiz App\.gradle\6.7.1\fileHashes)" [_thread_blocked, id=5312, stack(0x0000005bdb200000,0x0000005bdb300000)]
  0x0000022d82a47000 JavaThread "Cache worker for checksums cache (C:\Android Projects\Udemy TUTORIAL\Quiz App\.gradle\checksums)" [_thread_blocked, id=30724, stack(0x0000005bdb300000,0x0000005bdb400000)]
  0x0000022d82a43000 JavaThread "Cache worker for cache directory md-supplier (C:\Users\Dark Knight\.gradle\caches\6.7.1\md-supplier)" [_thread_blocked, id=2284, stack(0x0000005bdb400000,0x0000005bdb500000)]
  0x0000022d82a48000 JavaThread "Cache worker for cache directory md-rule (C:\Users\Dark Knight\.gradle\caches\6.7.1\md-rule)" [_thread_blocked, id=32384, stack(0x0000005bdb600000,0x0000005bdb700000)]
  0x0000022d82a42800 JavaThread "Cache worker for execution history cache (C:\Users\Dark Knight\.gradle\caches\6.7.1\executionHistory)" [_thread_blocked, id=13612, stack(0x0000005bdb700000,0x0000005bdb800000)]
  0x0000022d82a49000 JavaThread "jar transforms" [_thread_blocked, id=33500, stack(0x0000005bdb800000,0x0000005bdb900000)]
  0x0000022d8602b800 JavaThread "Cache worker for file content cache (C:\Users\Dark Knight\.gradle\caches\6.7.1\fileContent)" [_thread_blocked, id=12256, stack(0x0000005bdb900000,0x0000005bdba00000)]
  0x0000022d86029800 JavaThread "Cache worker for Build Output Cleanup Cache (C:\Android Projects\Udemy TUTORIAL\Quiz App\.gradle\buildOutputCleanup)" [_thread_blocked, id=24320, stack(0x0000005bdba00000,0x0000005bdbb00000)]
  0x0000022d8602e000 JavaThread "Build operations" [_thread_blocked, id=30872, stack(0x0000005bdbb00000,0x0000005bdbc00000)]
  0x0000022d86028000 JavaThread "Build operations Thread 2" [_thread_blocked, id=13460, stack(0x0000005bdbc00000,0x0000005bdbd00000)]
  0x0000022d8602e800 JavaThread "Build operations Thread 3" [_thread_blocked, id=23016, stack(0x0000005bdbd00000,0x0000005bdbe00000)]
  0x0000022d8602f800 JavaThread "Build operations Thread 4" [_thread_blocked, id=27280, stack(0x0000005bdbe00000,0x0000005bdbf00000)]
  0x0000022d86030800 JavaThread "Build operations Thread 5" [_thread_blocked, id=7984, stack(0x0000005bdbf00000,0x0000005bdc000000)]
  0x0000022d8602a800 JavaThread "Build operations Thread 6" [_thread_blocked, id=16660, stack(0x0000005bdc000000,0x0000005bdc100000)]
  0x0000022d86034800 JavaThread "Build operations Thread 7" [_thread_blocked, id=9140, stack(0x0000005bdc100000,0x0000005bdc200000)]
  0x0000022d86033800 JavaThread "Build operations Thread 8" [_thread_blocked, id=27664, stack(0x0000005bdc200000,0x0000005bdc300000)]
  0x0000022d86032800 JavaThread "jar transforms Thread 2" [_thread_blocked, id=12816, stack(0x0000005bdc300000,0x0000005bdc400000)]
  0x0000022d86035000 JavaThread "jar transforms Thread 3" [_thread_blocked, id=3972, stack(0x0000005bdc400000,0x0000005bdc500000)]
  0x0000022d86037000 JavaThread "jar transforms Thread 4" [_thread_blocked, id=33060, stack(0x0000005bdc500000,0x0000005bdc600000)]
  0x0000022d86032000 JavaThread "jar transforms Thread 5" [_thread_blocked, id=2808, stack(0x0000005bdc600000,0x0000005bdc700000)]
  0x0000022d86036000 JavaThread "jar transforms Thread 6" [_thread_blocked, id=8476, stack(0x0000005bdc700000,0x0000005bdc800000)]
  0x0000022d86031000 JavaThread "jar transforms Thread 7" [_thread_blocked, id=14556, stack(0x0000005bdc800000,0x0000005bdc900000)]
  0x0000022d83e05000 JavaThread "jar transforms Thread 8" [_thread_blocked, id=17388, stack(0x0000005bdc900000,0x0000005bdca00000)]
  0x0000022d83e00000 JavaThread "jar transforms Thread 9" [_thread_blocked, id=23040, stack(0x0000005bdca00000,0x0000005bdcb00000)]
  0x0000022d83e01000 JavaThread "jar transforms Thread 10" [_thread_blocked, id=23452, stack(0x0000005bdcb00000,0x0000005bdcc00000)]
  0x0000022d83e06000 JavaThread "jar transforms Thread 11" [_thread_blocked, id=18408, stack(0x0000005bdcc00000,0x0000005bdcd00000)]
  0x0000022d83e02000 JavaThread "jar transforms Thread 12" [_thread_blocked, id=15172, stack(0x0000005bdcd00000,0x0000005bdce00000)]
  0x0000022d83e02800 JavaThread "jar transforms Thread 13" [_thread_blocked, id=31072, stack(0x0000005bdce00000,0x0000005bdcf00000)]
  0x0000022d83e06800 JavaThread "jar transforms Thread 14" [_thread_blocked, id=30144, stack(0x0000005bdcf00000,0x0000005bdd000000)]
  0x0000022d83e03800 JavaThread "jar transforms Thread 15" [_thread_blocked, id=9384, stack(0x0000005bdd000000,0x0000005bdd100000)]
  0x0000022d83e04800 JavaThread "jar transforms Thread 16" [_thread_blocked, id=33268, stack(0x0000005bdd100000,0x0000005bdd200000)]
  0x0000022d83fb6000 JavaThread "jar transforms Thread 17" [_thread_blocked, id=31548, stack(0x0000005bdd200000,0x0000005bdd300000)]
  0x0000022d83fbb000 JavaThread "jar transforms Thread 18" [_thread_blocked, id=404, stack(0x0000005bdd300000,0x0000005bdd400000)]
  0x0000022d83fba800 JavaThread "jar transforms Thread 19" [_thread_blocked, id=28632, stack(0x0000005bdd400000,0x0000005bdd500000)]
  0x0000022d83fb7000 JavaThread "jar transforms Thread 20" [_thread_blocked, id=33260, stack(0x0000005bdd500000,0x0000005bdd600000)]
  0x0000022d83fb8800 JavaThread "jar transforms Thread 21" [_thread_blocked, id=18760, stack(0x0000005bdd600000,0x0000005bdd700000)]
  0x0000022d83fbc000 JavaThread "jar transforms Thread 22" [_thread_blocked, id=16872, stack(0x0000005bdd700000,0x0000005bdd800000)]
  0x0000022d83fb8000 JavaThread "jar transforms Thread 23" [_thread_blocked, id=29624, stack(0x0000005bdd800000,0x0000005bdd900000)]
  0x0000022d83fbc800 JavaThread "jar transforms Thread 24" [_thread_blocked, id=33240, stack(0x0000005bdd900000,0x0000005bdda00000)]
  0x0000022d83fbd800 JavaThread "jar transforms Thread 25" [_thread_blocked, id=33572, stack(0x0000005bdda00000,0x0000005bddb00000)]
  0x0000022d83fbe800 JavaThread "jar transforms Thread 26" [_thread_blocked, id=19724, stack(0x0000005bddb00000,0x0000005bddc00000)]
  0x0000022d83fbf000 JavaThread "jar transforms Thread 27" [_thread_blocked, id=24460, stack(0x0000005bddc00000,0x0000005bddd00000)]
  0x0000022d83fb9800 JavaThread "jar transforms Thread 28" [_thread_blocked, id=19864, stack(0x0000005bddd00000,0x0000005bdde00000)]
  0x0000022d83fc2800 JavaThread "jar transforms Thread 29" [_thread_blocked, id=27668, stack(0x0000005bdde00000,0x0000005bddf00000)]
  0x0000022d83fc3000 JavaThread "jar transforms Thread 30" [_thread_blocked, id=21004, stack(0x0000005bddf00000,0x0000005bde000000)]
  0x0000022d83fc0000 JavaThread "jar transforms Thread 31" [_thread_blocked, id=7144, stack(0x0000005bde000000,0x0000005bde100000)]
  0x0000022d83fc1000 JavaThread "jar transforms Thread 32" [_thread_blocked, id=25472, stack(0x0000005bde100000,0x0000005bde200000)]
  0x0000022d83fc1800 JavaThread "jar transforms Thread 33" [_thread_blocked, id=11420, stack(0x0000005bde200000,0x0000005bde300000)]
  0x0000022d83fc5000 JavaThread "jar transforms Thread 34" [_thread_blocked, id=31236, stack(0x0000005bde300000,0x0000005bde400000)]
  0x0000022d83fc4000 JavaThread "jar transforms Thread 35" [_thread_blocked, id=28808, stack(0x0000005bde400000,0x0000005bde500000)]
  0x0000022d8723a800 JavaThread "jar transforms Thread 36" [_thread_blocked, id=32828, stack(0x0000005bde500000,0x0000005bde600000)]
  0x0000022d87238000 JavaThread "jar transforms Thread 37" [_thread_blocked, id=21364, stack(0x0000005bde600000,0x0000005bde700000)]
  0x0000022d8723b000 JavaThread "jar transforms Thread 38" [_thread_blocked, id=16492, stack(0x0000005bde700000,0x0000005bde800000)]
  0x0000022d87236800 JavaThread "jar transforms Thread 39" [_thread_blocked, id=20824, stack(0x0000005bde800000,0x0000005bde900000)]
  0x0000022d8723c000 JavaThread "jar transforms Thread 40" [_thread_blocked, id=19092, stack(0x0000005bde900000,0x0000005bdea00000)]
  0x0000022d8723d000 JavaThread "jar transforms Thread 41" [_thread_blocked, id=31404, stack(0x0000005bdea00000,0x0000005bdeb00000)]
  0x0000022d87239800 JavaThread "jar transforms Thread 42" [_thread_blocked, id=29832, stack(0x0000005bdeb00000,0x0000005bdec00000)]
  0x0000022d87237000 JavaThread "jar transforms Thread 43" [_thread_blocked, id=11528, stack(0x0000005bdec00000,0x0000005bded00000)]
  0x0000022d8723d800 JavaThread "jar transforms Thread 44" [_thread_blocked, id=16940, stack(0x0000005bded00000,0x0000005bdee00000)]
  0x0000022d8723e800 JavaThread "jar transforms Thread 45" [_thread_blocked, id=18368, stack(0x0000005bdee00000,0x0000005bdef00000)]
  0x0000022d87238800 JavaThread "jar transforms Thread 46" [_thread_blocked, id=26792, stack(0x0000005bdef00000,0x0000005bdf000000)]
  0x0000022d87241800 JavaThread "jar transforms Thread 47" [_thread_blocked, id=19520, stack(0x0000005bdf000000,0x0000005bdf100000)]
  0x0000022d87240000 JavaThread "jar transforms Thread 48" [_thread_blocked, id=29292, stack(0x0000005bdf100000,0x0000005bdf200000)]
  0x0000022d87243800 JavaThread "jar transforms Thread 49" [_thread_blocked, id=33736, stack(0x0000005bdf200000,0x0000005bdf300000)]
  0x0000022d87244000 JavaThread "jar transforms Thread 50" [_thread_blocked, id=25504, stack(0x0000005bdf300000,0x0000005bdf400000)]
  0x0000022d87245000 JavaThread "jar transforms Thread 51" [_thread_blocked, id=29732, stack(0x0000005bdf400000,0x0000005bdf500000)]
  0x0000022d87242800 JavaThread "jar transforms Thread 52" [_thread_blocked, id=25952, stack(0x0000005bdf500000,0x0000005bdf600000)]
  0x0000022d8723f800 JavaThread "jar transforms Thread 53" [_thread_blocked, id=32060, stack(0x0000005bdf600000,0x0000005bdf700000)]
  0x0000022d87241000 JavaThread "jar transforms Thread 54" [_thread_blocked, id=28572, stack(0x0000005bdf700000,0x0000005bdf800000)]
  0x0000022d87470000 JavaThread "jar transforms Thread 55" [_thread_blocked, id=22828, stack(0x0000005bdf800000,0x0000005bdf900000)]
  0x0000022d87472000 JavaThread "jar transforms Thread 56" [_thread_blocked, id=24808, stack(0x0000005bdf900000,0x0000005bdfa00000)]
  0x0000022d87472800 JavaThread "jar transforms Thread 57" [_thread_blocked, id=7056, stack(0x0000005bdfa00000,0x0000005bdfb00000)]
  0x0000022d87473800 JavaThread "jar transforms Thread 58" [_thread_blocked, id=9932, stack(0x0000005bdfb00000,0x0000005bdfc00000)]
  0x0000022d87474800 JavaThread "jar transforms Thread 59" [_thread_blocked, id=29316, stack(0x0000005bdfc00000,0x0000005bdfd00000)]
  0x0000022d8746e800 JavaThread "jar transforms Thread 60" [_thread_blocked, id=33452, stack(0x0000005bdfd00000,0x0000005bdfe00000)]
  0x0000022d87471000 JavaThread "jar transforms Thread 61" [_thread_blocked, id=25760, stack(0x0000005bdfe00000,0x0000005bdff00000)]
  0x0000022d87475000 JavaThread "jar transforms Thread 62" [_thread_blocked, id=24632, stack(0x0000005bdff00000,0x0000005be0000000)]
  0x0000022d8746f800 JavaThread "jar transforms Thread 63" [_thread_blocked, id=24584, stack(0x0000005be0000000,0x0000005be0100000)]
  0x0000022d87476800 JavaThread "jar transforms Thread 64" [_thread_blocked, id=12424, stack(0x0000005be0100000,0x0000005be0200000)]
  0x0000022d8747a000 JavaThread "jar transforms Thread 65" [_thread_blocked, id=14328, stack(0x0000005be0200000,0x0000005be0300000)]
  0x0000022d87476000 JavaThread "jar transforms Thread 66" [_thread_blocked, id=15288, stack(0x0000005be0300000,0x0000005be0400000)]
  0x0000022d8747b800 JavaThread "jar transforms Thread 67" [_thread_blocked, id=25796, stack(0x0000005be0400000,0x0000005be0500000)]
  0x0000022d8747b000 JavaThread "jar transforms Thread 68" [_thread_blocked, id=22140, stack(0x0000005be0500000,0x0000005be0600000)]
  0x0000022d8747d800 JavaThread "jar transforms Thread 69" [_thread_blocked, id=28916, stack(0x0000005be0600000,0x0000005be0700000)]
  0x0000022d87478800 JavaThread "jar transforms Thread 70" [_thread_blocked, id=3508, stack(0x0000005be0700000,0x0000005be0800000)]
  0x0000022d8747c800 JavaThread "jar transforms Thread 71" [_thread_blocked, id=27684, stack(0x0000005be0800000,0x0000005be0900000)]
  0x0000022d87477800 JavaThread "jar transforms Thread 72" [_thread_blocked, id=8992, stack(0x0000005be0900000,0x0000005be0a00000)]
  0x0000022d87479000 JavaThread "jar transforms Thread 73" [_thread_blocked, id=13940, stack(0x0000005be0a00000,0x0000005be0b00000)]
  0x0000022d82248800 JavaThread "jar transforms Thread 74" [_thread_blocked, id=22172, stack(0x0000005be0b00000,0x0000005be0c00000)]
  0x0000022d82249800 JavaThread "jar transforms Thread 75" [_thread_blocked, id=23936, stack(0x0000005be0c00000,0x0000005be0d00000)]
  0x0000022d82248000 JavaThread "jar transforms Thread 76" [_thread_blocked, id=13812, stack(0x0000005be0d00000,0x0000005be0e00000)]
  0x0000022d82243800 JavaThread "jar transforms Thread 77" [_thread_blocked, id=29240, stack(0x0000005be0e00000,0x0000005be0f00000)]
  0x0000022d82245800 JavaThread "jar transforms Thread 78" [_thread_blocked, id=8580, stack(0x0000005be0f00000,0x0000005be1000000)]
  0x0000022d82247000 JavaThread "jar transforms Thread 79" [_thread_blocked, id=27820, stack(0x0000005be1000000,0x0000005be1100000)]
  0x0000022d8224a000 JavaThread "jar transforms Thread 80" [_thread_blocked, id=29668, stack(0x0000005be1100000,0x0000005be1200000)]
  0x0000022d82244800 JavaThread "jar transforms Thread 81" [_thread_blocked, id=27248, stack(0x0000005be1200000,0x0000005be1300000)]
  0x0000022d8224b000 JavaThread "jar transforms Thread 82" [_thread_blocked, id=19492, stack(0x0000005be1300000,0x0000005be1400000)]
  0x0000022d8224c000 JavaThread "jar transforms Thread 83" [_thread_blocked, id=32232, stack(0x0000005be1400000,0x0000005be1500000)]
  0x0000022d82246000 JavaThread "jar transforms Thread 84" [_thread_blocked, id=1052, stack(0x0000005be1500000,0x0000005be1600000)]
  0x0000022d8224d800 JavaThread "jar transforms Thread 85" [_thread_blocked, id=28540, stack(0x0000005be1600000,0x0000005be1700000)]
  0x0000022d82252800 JavaThread "jar transforms Thread 86" [_thread_blocked, id=1464, stack(0x0000005be1700000,0x0000005be1800000)]
  0x0000022d8224c800 JavaThread "jar transforms Thread 87" [_thread_blocked, id=29260, stack(0x0000005be1800000,0x0000005be1900000)]
  0x0000022d8224e800 JavaThread "jar transforms Thread 88" [_thread_blocked, id=2564, stack(0x0000005be1900000,0x0000005be1a00000)]
  0x0000022d82250000 JavaThread "jar transforms Thread 89" [_thread_blocked, id=31896, stack(0x0000005be1a00000,0x0000005be1b00000)]
  0x0000022d82251000 JavaThread "jar transforms Thread 90" [_thread_blocked, id=27928, stack(0x0000005be1b00000,0x0000005be1c00000)]
  0x0000022d8224f000 JavaThread "jar transforms Thread 91" [_thread_blocked, id=21252, stack(0x0000005be1c00000,0x0000005be1d00000)]
  0x0000022d82251800 JavaThread "jar transforms Thread 92" [_thread_blocked, id=32912, stack(0x0000005be1d00000,0x0000005be1e00000)]
  0x0000022d83d81000 JavaThread "jar transforms Thread 93" [_thread_blocked, id=19684, stack(0x0000005be1e00000,0x0000005be1f00000)]
  0x0000022d83d82000 JavaThread "jar transforms Thread 94" [_thread_blocked, id=29308, stack(0x0000005be1f00000,0x0000005be2000000)]
  0x0000022d83d82800 JavaThread "jar transforms Thread 95" [_thread_blocked, id=31492, stack(0x0000005be2000000,0x0000005be2100000)]
  0x0000022d83d83800 JavaThread "jar transforms Thread 96" [_thread_blocked, id=31308, stack(0x0000005be2100000,0x0000005be2200000)]
  0x0000022d83d84800 JavaThread "jar transforms Thread 97" [_thread_blocked, id=24132, stack(0x0000005be2200000,0x0000005be2300000)]
  0x0000022d83d85000 JavaThread "jar transforms Thread 98" [_thread_blocked, id=10484, stack(0x0000005be2300000,0x0000005be2400000)]
  0x0000022d83d86000 JavaThread "jar transforms Thread 99" [_thread_blocked, id=28112, stack(0x0000005be2400000,0x0000005be2500000)]
  0x0000022d83d80000 JavaThread "jar transforms Thread 100" [_thread_blocked, id=17564, stack(0x0000005be2500000,0x0000005be2600000)]
  0x0000022d83d8c800 JavaThread "jar transforms Thread 101" [_thread_blocked, id=27396, stack(0x0000005be2600000,0x0000005be2700000)]
  0x0000022d83d8b800 JavaThread "jar transforms Thread 102" [_thread_blocked, id=11856, stack(0x0000005be2700000,0x0000005be2800000)]
  0x0000022d83d87000 JavaThread "jar transforms Thread 103" [_thread_blocked, id=17100, stack(0x0000005be2800000,0x0000005be2900000)]
  0x0000022d83d89000 JavaThread "jar transforms Thread 104" [_thread_blocked, id=27036, stack(0x0000005be2900000,0x0000005be2a00000)]
  0x0000022d83d8b000 JavaThread "jar transforms Thread 105" [_thread_blocked, id=33680, stack(0x0000005be2a00000,0x0000005be2b00000)]
  0x0000022d83d8d800 JavaThread "jar transforms Thread 106" [_thread_blocked, id=17548, stack(0x0000005be2b00000,0x0000005be2c00000)]
  0x0000022d83d87800 JavaThread "jar transforms Thread 107" [_thread_blocked, id=29612, stack(0x0000005be2c00000,0x0000005be2d00000)]
  0x0000022d83d8e000 JavaThread "jar transforms Thread 108" [_thread_blocked, id=4864, stack(0x0000005be2d00000,0x0000005be2e00000)]
  0x0000022d83d88800 JavaThread "jar transforms Thread 109" [_thread_blocked, id=27356, stack(0x0000005be2e00000,0x0000005be2f00000)]
  0x0000022d83d8f000 JavaThread "jar transforms Thread 110" [_thread_blocked, id=14680, stack(0x0000005be2f00000,0x0000005be3000000)]
  0x0000022d83d8a000 JavaThread "jar transforms Thread 111" [_thread_blocked, id=33596, stack(0x0000005be3000000,0x0000005be3100000)]
  0x0000022d86049800 JavaThread "jar transforms Thread 112" [_thread_blocked, id=27220, stack(0x0000005be3100000,0x0000005be3200000)]
  0x0000022d8604b800 JavaThread "jar transforms Thread 113" [_thread_blocked, id=14204, stack(0x0000005be3200000,0x0000005be3300000)]
  0x0000022d86046800 JavaThread "jar transforms Thread 114" [_thread_blocked, id=31612, stack(0x0000005be3300000,0x0000005be3400000)]
  0x0000022d8604a800 JavaThread "jar transforms Thread 115" [_thread_blocked, id=31604, stack(0x0000005be3400000,0x0000005be3500000)]
  0x0000022d86047800 JavaThread "jar transforms Thread 116" [_thread_blocked, id=17312, stack(0x0000005be3500000,0x0000005be3600000)]
  0x0000022d86045800 JavaThread "jar transforms Thread 117" [_thread_blocked, id=33192, stack(0x0000005be3600000,0x0000005be3700000)]
  0x0000022d8604d000 JavaThread "jar transforms Thread 118" [_thread_blocked, id=27128, stack(0x0000005be3700000,0x0000005be3800000)]
  0x0000022d8604c000 JavaThread "jar transforms Thread 119" [_thread_blocked, id=2568, stack(0x0000005be3800000,0x0000005be3900000)]

Other Threads:
  0x0000022dffbe2000 VMThread "VM Thread" [stack: 0x0000005bd8f00000,0x0000005bd9000000] [id=11344]
  0x0000022d809b9000 WatcherThread [stack: 0x0000005bd9900000,0x0000005bd9a00000] [id=1668]
  0x0000022de3974800 GCTaskThread "GC Thread#0" [stack: 0x0000005bd8a00000,0x0000005bd8b00000] [id=33532]
  0x0000022d817ac800 GCTaskThread "GC Thread#1" [stack: 0x0000005bd9b00000,0x0000005bd9c00000] [id=26372]
  0x0000022d816a7000 GCTaskThread "GC Thread#2" [stack: 0x0000005bd9c00000,0x0000005bd9d00000] [id=16992]
  0x0000022d82ba5800 GCTaskThread "GC Thread#3" [stack: 0x0000005bda900000,0x0000005bdaa00000] [id=24232]
  0x0000022d82f59000 GCTaskThread "GC Thread#4" [stack: 0x0000005bdaa00000,0x0000005bdab00000] [id=3916]
  0x0000022d829af800 GCTaskThread "GC Thread#5" [stack: 0x0000005bdab00000,0x0000005bdac00000] [id=18024]
  0x0000022d83e5d000 GCTaskThread "GC Thread#6" [stack: 0x0000005bdac00000,0x0000005bdad00000] [id=24496]
  0x0000022d81245000 GCTaskThread "GC Thread#7" [stack: 0x0000005bdad00000,0x0000005bdae00000] [id=27688]
  0x0000022de39a5000 ConcurrentGCThread "G1 Main Marker" [stack: 0x0000005bd8b00000,0x0000005bd8c00000] [id=1544]
  0x0000022de39a7800 ConcurrentGCThread "G1 Conc#0" [stack: 0x0000005bd8c00000,0x0000005bd8d00000] [id=20504]
  0x0000022d8236e800 ConcurrentGCThread "G1 Conc#1" [stack: 0x0000005bda700000,0x0000005bda800000] [id=14860]
  0x0000022dffa30800 ConcurrentGCThread "G1 Refine#0" [stack: 0x0000005bd8d00000,0x0000005bd8e00000] [id=31156]
  0x0000022dffa31000 ConcurrentGCThread "G1 Young RemSet Sampling" [stack: 0x0000005bd8e00000,0x0000005bd8f00000] [id=25020]

Threads with active compile tasks:
C2 CompilerThread0  12648 5048       4       org.objectweb.asm.Frame::execute (2318 bytes)
C2 CompilerThread1  12649 4985   !   4       com.google.common.reflect.TypeVisitor::visit (225 bytes)
C2 CompilerThread2  12649 5060       4       com.google.common.reflect.TypeResolver$TypeVariableKey::hashCode (32 bytes)

VM state:not at safepoint (normal execution)

VM Mutex/Monitor currently owned by a thread: None

Heap address: 0x0000000080000000, size: 2048 MB, Compressed Oops mode: 32-bit
Narrow klass base: 0x0000000000000000, Narrow klass shift: 3
Compressed class space size: 1073741824 Address: 0x0000000100000000

Heap:
 garbage-first heap   total 131072K, used 75445K [0x0000000080000000, 0x0000000100000000)
  region size 1024K, 41 young (41984K), 9 survivors (9216K)
 Metaspace       used 54313K, capacity 55628K, committed 55808K, reserved 1097728K
  class space    used 6925K, capacity 7398K, committed 7424K, reserved 1048576K
Heap Regions: E=young(eden), S=young(survivor), O=old, HS=humongous(starts), HC=humongous(continues), CS=collection set, F=free, A=archive, TAMS=top-at-mark-start (previous, next)
|   0|0x0000000080000000, 0x0000000080100000, 0x0000000080100000|100%| O|  |TAMS 0x0000000080100000, 0x0000000080000000| Untracked 
|   1|0x0000000080100000, 0x0000000080200000, 0x0000000080200000|100%| O|  |TAMS 0x0000000080200000, 0x0000000080100000| Untracked 
|   2|0x0000000080200000, 0x0000000080300000, 0x0000000080300000|100%| O|  |TAMS 0x0000000080300000, 0x0000000080200000| Untracked 
|   3|0x0000000080300000, 0x0000000080400000, 0x0000000080400000|100%|HS|  |TAMS 0x0000000080400000, 0x0000000080300000| Complete 
|   4|0x0000000080400000, 0x0000000080500000, 0x0000000080500000|100%|HC|  |TAMS 0x0000000080500000, 0x0000000080400000| Complete 
|   5|0x0000000080500000, 0x0000000080600000, 0x0000000080600000|100%|HC|  |TAMS 0x0000000080600000, 0x0000000080500000| Complete 
|   6|0x0000000080600000, 0x0000000080700000, 0x0000000080700000|100%| O|  |TAMS 0x0000000080700000, 0x0000000080600000| Untracked 
|   7|0x0000000080700000, 0x0000000080800000, 0x0000000080800000|100%| O|  |TAMS 0x0000000080800000, 0x0000000080700000| Untracked 
|   8|0x0000000080800000, 0x0000000080900000, 0x0000000080900000|100%| O|  |TAMS 0x0000000080900000, 0x0000000080800000| Untracked 
|   9|0x0000000080900000, 0x0000000080a00000, 0x0000000080a00000|100%| O|  |TAMS 0x0000000080a00000, 0x0000000080900000| Untracked 
|  10|0x0000000080a00000, 0x0000000080b00000, 0x0000000080b00000|100%| O|  |TAMS 0x0000000080b00000, 0x0000000080a00000| Untracked 
|  11|0x0000000080b00000, 0x0000000080c00000, 0x0000000080c00000|100%| O|  |TAMS 0x0000000080c00000, 0x0000000080b00000| Untracked 
|  12|0x0000000080c00000, 0x0000000080d00000, 0x0000000080d00000|100%| O|  |TAMS 0x0000000080d00000, 0x0000000080c00000| Untracked 
|  13|0x0000000080d00000, 0x0000000080e00000, 0x0000000080e00000|100%| O|  |TAMS 0x0000000080e00000, 0x0000000080d00000| Untracked 
|  14|0x0000000080e00000, 0x0000000080f00000, 0x0000000080f00000|100%| O|  |TAMS 0x0000000080eef000, 0x0000000080e00000| Untracked 
|  15|0x0000000080f00000, 0x0000000081000000, 0x0000000081000000|100%| O|  |TAMS 0x0000000080f00000, 0x0000000080f00000| Untracked 
|  16|0x0000000081000000, 0x0000000081100000, 0x0000000081100000|100%| O|  |TAMS 0x0000000081000000, 0x0000000081000000| Untracked 
|  17|0x0000000081100000, 0x0000000081200000, 0x0000000081200000|100%| O|  |TAMS 0x0000000081100000, 0x0000000081100000| Untracked 
|  18|0x0000000081200000, 0x0000000081300000, 0x0000000081300000|100%|HS|  |TAMS 0x0000000081200000, 0x0000000081200000| Complete 
|  19|0x0000000081300000, 0x0000000081400000, 0x0000000081400000|100%| O|  |TAMS 0x0000000081300000, 0x0000000081300000| Untracked 
|  20|0x0000000081400000, 0x0000000081500000, 0x0000000081500000|100%| O|  |TAMS 0x0000000081400000, 0x0000000081400000| Untracked 
|  21|0x0000000081500000, 0x0000000081600000, 0x0000000081600000|100%| O|  |TAMS 0x0000000081500000, 0x0000000081500000| Untracked 
|  22|0x0000000081600000, 0x0000000081700000, 0x0000000081700000|100%|HS|  |TAMS 0x0000000081600000, 0x0000000081600000| Complete 
|  23|0x0000000081700000, 0x0000000081800000, 0x0000000081800000|100%|HS|  |TAMS 0x0000000081700000, 0x0000000081700000| Complete 
|  24|0x0000000081800000, 0x0000000081900000, 0x0000000081900000|100%|HC|  |TAMS 0x0000000081800000, 0x0000000081800000| Complete 
|  25|0x0000000081900000, 0x0000000081a00000, 0x0000000081a00000|100%|HC|  |TAMS 0x0000000081900000, 0x0000000081900000| Complete 
|  26|0x0000000081a00000, 0x0000000081b00000, 0x0000000081b00000|100%|HS|  |TAMS 0x0000000081a00000, 0x0000000081a00000| Complete 
|  27|0x0000000081b00000, 0x0000000081c00000, 0x0000000081c00000|100%|HC|  |TAMS 0x0000000081b00000, 0x0000000081b00000| Complete 
|  28|0x0000000081c00000, 0x0000000081d00000, 0x0000000081d00000|100%| O|  |TAMS 0x0000000081c00000, 0x0000000081c00000| Untracked 
|  29|0x0000000081d00000, 0x0000000081e00000, 0x0000000081e00000|100%| O|  |TAMS 0x0000000081d00000, 0x0000000081d00000| Untracked 
|  30|0x0000000081e00000, 0x0000000081f00000, 0x0000000081f00000|100%| O|  |TAMS 0x0000000081e00000, 0x0000000081e00000| Untracked 
|  31|0x0000000081f00000, 0x0000000082000000, 0x0000000082000000|100%| O|  |TAMS 0x0000000081f00000, 0x0000000081f00000| Untracked 
|  32|0x0000000082000000, 0x0000000082100000, 0x0000000082100000|100%| O|  |TAMS 0x0000000082000000, 0x0000000082000000| Untracked 
|  33|0x0000000082100000, 0x00000000821ad600, 0x0000000082200000| 67%| O|  |TAMS 0x0000000082100000, 0x0000000082100000| Untracked 
|  34|0x0000000082200000, 0x0000000082200000, 0x0000000082300000|  0%| F|  |TAMS 0x0000000082200000, 0x0000000082200000| Untracked 
|  35|0x0000000082300000, 0x0000000082300000, 0x0000000082400000|  0%| F|  |TAMS 0x0000000082300000, 0x0000000082300000| Untracked 
|  36|0x0000000082400000, 0x0000000082400000, 0x0000000082500000|  0%| F|  |TAMS 0x0000000082400000, 0x0000000082400000| Untracked 
|  37|0x0000000082500000, 0x0000000082500000, 0x0000000082600000|  0%| F|  |TAMS 0x0000000082500000, 0x0000000082500000| Untracked 
|  38|0x0000000082600000, 0x0000000082600000, 0x0000000082700000|  0%| F|  |TAMS 0x0000000082600000, 0x0000000082600000| Untracked 
|  39|0x0000000082700000, 0x0000000082700000, 0x0000000082800000|  0%| F|  |TAMS 0x0000000082700000, 0x0000000082700000| Untracked 
|  40|0x0000000082800000, 0x0000000082800000, 0x0000000082900000|  0%| F|  |TAMS 0x0000000082800000, 0x0000000082800000| Untracked 
|  41|0x0000000082900000, 0x0000000082900000, 0x0000000082a00000|  0%| F|  |TAMS 0x0000000082900000, 0x0000000082900000| Untracked 
|  42|0x0000000082a00000, 0x0000000082a00000, 0x0000000082b00000|  0%| F|  |TAMS 0x0000000082a00000, 0x0000000082a00000| Untracked 
|  43|0x0000000082b00000, 0x0000000082b00000, 0x0000000082c00000|  0%| F|  |TAMS 0x0000000082b00000, 0x0000000082b00000| Untracked 
|  44|0x0000000082c00000, 0x0000000082c00000, 0x0000000082d00000|  0%| F|  |TAMS 0x0000000082c00000, 0x0000000082c00000| Untracked 
|  45|0x0000000082d00000, 0x0000000082d00000, 0x0000000082e00000|  0%| F|  |TAMS 0x0000000082d00000, 0x0000000082d00000| Untracked 
|  46|0x0000000082e00000, 0x0000000082e00000, 0x0000000082f00000|  0%| F|  |TAMS 0x0000000082e00000, 0x0000000082e00000| Untracked 
|  47|0x0000000082f00000, 0x0000000082f00000, 0x0000000083000000|  0%| F|  |TAMS 0x0000000082f00000, 0x0000000082f00000| Untracked 
|  48|0x0000000083000000, 0x0000000083000000, 0x0000000083100000|  0%| F|  |TAMS 0x0000000083000000, 0x0000000083000000| Untracked 
|  49|0x0000000083100000, 0x0000000083100000, 0x0000000083200000|  0%| F|  |TAMS 0x0000000083100000, 0x0000000083100000| Untracked 
|  50|0x0000000083200000, 0x0000000083200000, 0x0000000083300000|  0%| F|  |TAMS 0x0000000083200000, 0x0000000083200000| Untracked 
|  51|0x0000000083300000, 0x0000000083300000, 0x0000000083400000|  0%| F|  |TAMS 0x0000000083300000, 0x0000000083300000| Untracked 
|  52|0x0000000083400000, 0x0000000083400000, 0x0000000083500000|  0%| F|  |TAMS 0x0000000083400000, 0x0000000083400000| Untracked 
|  53|0x0000000083500000, 0x0000000083600000, 0x0000000083600000|100%| S|CS|TAMS 0x0000000083500000, 0x0000000083500000| Complete 
|  54|0x0000000083600000, 0x0000000083700000, 0x0000000083700000|100%| S|CS|TAMS 0x0000000083600000, 0x0000000083600000| Complete 
|  55|0x0000000083700000, 0x0000000083800000, 0x0000000083800000|100%| S|CS|TAMS 0x0000000083700000, 0x0000000083700000| Complete 
|  56|0x0000000083800000, 0x0000000083800000, 0x0000000083900000|  0%| F|  |TAMS 0x0000000083800000, 0x0000000083800000| Untracked 
|  57|0x0000000083900000, 0x0000000083900000, 0x0000000083a00000|  0%| F|  |TAMS 0x0000000083900000, 0x0000000083900000| Untracked 
|  58|0x0000000083a00000, 0x0000000083b00000, 0x0000000083b00000|100%| S|CS|TAMS 0x0000000083a00000, 0x0000000083a00000| Complete 
|  59|0x0000000083b00000, 0x0000000083c00000, 0x0000000083c00000|100%| S|CS|TAMS 0x0000000083b00000, 0x0000000083b00000| Complete 
|  60|0x0000000083c00000, 0x0000000083d00000, 0x0000000083d00000|100%| S|CS|TAMS 0x0000000083c00000, 0x0000000083c00000| Complete 
|  61|0x0000000083d00000, 0x0000000083e00000, 0x0000000083e00000|100%| S|CS|TAMS 0x0000000083d00000, 0x0000000083d00000| Complete 
|  62|0x0000000083e00000, 0x0000000083f00000, 0x0000000083f00000|100%| S|CS|TAMS 0x0000000083e00000, 0x0000000083e00000| Complete 
|  63|0x0000000083f00000, 0x0000000084000000, 0x0000000084000000|100%| S|CS|TAMS 0x0000000083f00000, 0x0000000083f00000| Complete 
|  64|0x0000000084000000, 0x0000000084000000, 0x0000000084100000|  0%| F|  |TAMS 0x0000000084000000, 0x0000000084000000| Untracked 
|  65|0x0000000084100000, 0x0000000084100000, 0x0000000084200000|  0%| F|  |TAMS 0x0000000084100000, 0x0000000084100000| Untracked 
|  66|0x0000000084200000, 0x0000000084200000, 0x0000000084300000|  0%| F|  |TAMS 0x0000000084200000, 0x0000000084200000| Untracked 
|  67|0x0000000084300000, 0x0000000084300000, 0x0000000084400000|  0%| F|  |TAMS 0x0000000084300000, 0x0000000084300000| Untracked 
|  68|0x0000000084400000, 0x0000000084400000, 0x0000000084500000|  0%| F|  |TAMS 0x0000000084400000, 0x0000000084400000| Untracked 
|  69|0x0000000084500000, 0x0000000084500000, 0x0000000084600000|  0%| F|  |TAMS 0x0000000084500000, 0x0000000084500000| Untracked 
|  70|0x0000000084600000, 0x0000000084600000, 0x0000000084700000|  0%| F|  |TAMS 0x0000000084600000, 0x0000000084600000| Untracked 
|  71|0x0000000084700000, 0x0000000084700000, 0x0000000084800000|  0%| F|  |TAMS 0x0000000084700000, 0x0000000084700000| Untracked 
|  72|0x0000000084800000, 0x0000000084800000, 0x0000000084900000|  0%| F|  |TAMS 0x0000000084800000, 0x0000000084800000| Untracked 
|  73|0x0000000084900000, 0x0000000084900000, 0x0000000084a00000|  0%| F|  |TAMS 0x0000000084900000, 0x0000000084900000| Untracked 
|  74|0x0000000084a00000, 0x0000000084a00000, 0x0000000084b00000|  0%| F|  |TAMS 0x0000000084a00000, 0x0000000084a00000| Untracked 
|  75|0x0000000084b00000, 0x0000000084b00000, 0x0000000084c00000|  0%| F|  |TAMS 0x0000000084b00000, 0x0000000084b00000| Untracked 
|  76|0x0000000084c00000, 0x0000000084c00000, 0x0000000084d00000|  0%| F|  |TAMS 0x0000000084c00000, 0x0000000084c00000| Untracked 
|  77|0x0000000084d00000, 0x0000000084d00000, 0x0000000084e00000|  0%| F|  |TAMS 0x0000000084d00000, 0x0000000084d00000| Untracked 
|  78|0x0000000084e00000, 0x0000000084e00000, 0x0000000084f00000|  0%| F|  |TAMS 0x0000000084e00000, 0x0000000084e00000| Untracked 
|  79|0x0000000084f00000, 0x0000000084f00000, 0x0000000085000000|  0%| F|  |TAMS 0x0000000084f00000, 0x0000000084f00000| Untracked 
|  80|0x0000000085000000, 0x0000000085000000, 0x0000000085100000|  0%| F|  |TAMS 0x0000000085000000, 0x0000000085000000| Untracked 
|  81|0x0000000085100000, 0x0000000085100000, 0x0000000085200000|  0%| F|  |TAMS 0x0000000085100000, 0x0000000085100000| Untracked 
|  82|0x0000000085200000, 0x0000000085200000, 0x0000000085300000|  0%| F|  |TAMS 0x0000000085200000, 0x0000000085200000| Untracked 
|  83|0x0000000085300000, 0x0000000085300000, 0x0000000085400000|  0%| F|  |TAMS 0x0000000085300000, 0x0000000085300000| Untracked 
|  84|0x0000000085400000, 0x0000000085400000, 0x0000000085500000|  0%| F|  |TAMS 0x0000000085400000, 0x0000000085400000| Untracked 
|  85|0x0000000085500000, 0x0000000085500000, 0x0000000085600000|  0%| F|  |TAMS 0x0000000085500000, 0x0000000085500000| Untracked 
|  86|0x0000000085600000, 0x0000000085600000, 0x0000000085700000|  0%| F|  |TAMS 0x0000000085600000, 0x0000000085600000| Untracked 
|  87|0x0000000085700000, 0x0000000085700000, 0x0000000085800000|  0%| F|  |TAMS 0x0000000085700000, 0x0000000085700000| Untracked 
|  88|0x0000000085800000, 0x0000000085800000, 0x0000000085900000|  0%| F|  |TAMS 0x0000000085800000, 0x0000000085800000| Untracked 
|  89|0x0000000085900000, 0x0000000085900000, 0x0000000085a00000|  0%| F|  |TAMS 0x0000000085900000, 0x0000000085900000| Untracked 
|  90|0x0000000085a00000, 0x0000000085a00000, 0x0000000085b00000|  0%| F|  |TAMS 0x0000000085a00000, 0x0000000085a00000| Untracked 
|  91|0x0000000085b00000, 0x0000000085b00000, 0x0000000085c00000|  0%| F|  |TAMS 0x0000000085b00000, 0x0000000085b00000| Untracked 
|  92|0x0000000085c00000, 0x0000000085c00000, 0x0000000085d00000|  0%| F|  |TAMS 0x0000000085c00000, 0x0000000085c00000| Untracked 
|  93|0x0000000085d00000, 0x0000000085d00000, 0x0000000085e00000|  0%| F|  |TAMS 0x0000000085d00000, 0x0000000085d00000| Untracked 
|  94|0x0000000085e00000, 0x0000000085e00000, 0x0000000085f00000|  0%| F|  |TAMS 0x0000000085e00000, 0x0000000085e00000| Untracked 
|  95|0x0000000085f00000, 0x0000000085f00000, 0x0000000086000000|  0%| F|  |TAMS 0x0000000085f00000, 0x0000000085f00000| Untracked 
|  96|0x0000000086000000, 0x0000000086088628, 0x0000000086100000| 53%| E|  |TAMS 0x0000000086000000, 0x0000000086000000| Complete 
|  97|0x0000000086100000, 0x0000000086200000, 0x0000000086200000|100%| E|CS|TAMS 0x0000000086100000, 0x0000000086100000| Complete 
|  98|0x0000000086200000, 0x0000000086300000, 0x0000000086300000|100%| E|CS|TAMS 0x0000000086200000, 0x0000000086200000| Complete 
|  99|0x0000000086300000, 0x0000000086400000, 0x0000000086400000|100%| E|CS|TAMS 0x0000000086300000, 0x0000000086300000| Complete 
| 100|0x0000000086400000, 0x0000000086500000, 0x0000000086500000|100%| E|CS|TAMS 0x0000000086400000, 0x0000000086400000| Complete 
| 101|0x0000000086500000, 0x0000000086600000, 0x0000000086600000|100%| E|CS|TAMS 0x0000000086500000, 0x0000000086500000| Complete 
| 102|0x0000000086600000, 0x0000000086700000, 0x0000000086700000|100%| E|CS|TAMS 0x0000000086600000, 0x0000000086600000| Complete 
| 103|0x0000000086700000, 0x0000000086800000, 0x0000000086800000|100%| E|CS|TAMS 0x0000000086700000, 0x0000000086700000| Complete 
| 104|0x0000000086800000, 0x0000000086900000, 0x0000000086900000|100%| E|CS|TAMS 0x0000000086800000, 0x0000000086800000| Complete 
| 105|0x0000000086900000, 0x0000000086a00000, 0x0000000086a00000|100%| E|CS|TAMS 0x0000000086900000, 0x0000000086900000| Complete 
| 106|0x0000000086a00000, 0x0000000086b00000, 0x0000000086b00000|100%| E|CS|TAMS 0x0000000086a00000, 0x0000000086a00000| Complete 
| 107|0x0000000086b00000, 0x0000000086c00000, 0x0000000086c00000|100%| E|CS|TAMS 0x0000000086b00000, 0x0000000086b00000| Complete 
| 108|0x0000000086c00000, 0x0000000086d00000, 0x0000000086d00000|100%| E|CS|TAMS 0x0000000086c00000, 0x0000000086c00000| Complete 
| 109|0x0000000086d00000, 0x0000000086e00000, 0x0000000086e00000|100%| E|CS|TAMS 0x0000000086d00000, 0x0000000086d00000| Complete 
| 110|0x0000000086e00000, 0x0000000086f00000, 0x0000000086f00000|100%| E|CS|TAMS 0x0000000086e00000, 0x0000000086e00000| Complete 
| 111|0x0000000086f00000, 0x0000000087000000, 0x0000000087000000|100%| E|CS|TAMS 0x0000000086f00000, 0x0000000086f00000| Complete 
| 112|0x0000000087000000, 0x0000000087100000, 0x0000000087100000|100%| E|CS|TAMS 0x0000000087000000, 0x0000000087000000| Complete 
| 113|0x0000000087100000, 0x0000000087200000, 0x0000000087200000|100%| E|CS|TAMS 0x0000000087100000, 0x0000000087100000| Complete 
| 114|0x0000000087200000, 0x0000000087300000, 0x0000000087300000|100%| E|CS|TAMS 0x0000000087200000, 0x0000000087200000| Complete 
| 115|0x0000000087300000, 0x0000000087400000, 0x0000000087400000|100%| E|CS|TAMS 0x0000000087300000, 0x0000000087300000| Complete 
| 116|0x0000000087400000, 0x0000000087500000, 0x0000000087500000|100%| E|CS|TAMS 0x0000000087400000, 0x0000000087400000| Complete 
| 117|0x0000000087500000, 0x0000000087600000, 0x0000000087600000|100%| E|CS|TAMS 0x0000000087500000, 0x0000000087500000| Complete 
| 118|0x0000000087600000, 0x0000000087700000, 0x0000000087700000|100%| E|CS|TAMS 0x0000000087600000, 0x0000000087600000| Complete 
| 119|0x0000000087700000, 0x0000000087800000, 0x0000000087800000|100%| E|CS|TAMS 0x0000000087700000, 0x0000000087700000| Complete 
| 120|0x0000000087800000, 0x0000000087900000, 0x0000000087900000|100%| E|CS|TAMS 0x0000000087800000, 0x0000000087800000| Complete 
| 121|0x0000000087900000, 0x0000000087a00000, 0x0000000087a00000|100%| E|CS|TAMS 0x0000000087900000, 0x0000000087900000| Complete 
| 122|0x0000000087a00000, 0x0000000087b00000, 0x0000000087b00000|100%| E|CS|TAMS 0x0000000087a00000, 0x0000000087a00000| Complete 
| 123|0x0000000087b00000, 0x0000000087c00000, 0x0000000087c00000|100%| E|CS|TAMS 0x0000000087b00000, 0x0000000087b00000| Complete 
| 124|0x0000000087c00000, 0x0000000087d00000, 0x0000000087d00000|100%| E|CS|TAMS 0x0000000087c00000, 0x0000000087c00000| Complete 
| 125|0x0000000087d00000, 0x0000000087e00000, 0x0000000087e00000|100%| E|CS|TAMS 0x0000000087d00000, 0x0000000087d00000| Complete 
| 126|0x0000000087e00000, 0x0000000087f00000, 0x0000000087f00000|100%| E|CS|TAMS 0x0000000087e00000, 0x0000000087e00000| Complete 
| 127|0x0000000087f00000, 0x0000000088000000, 0x0000000088000000|100%| E|CS|TAMS 0x0000000087f00000, 0x0000000087f00000| Complete 

Card table byte_map: [0x0000022df8910000,0x0000022df8d10000] _byte_map_base: 0x0000022df8510000

Marking Bits (Prev, Next): (CMBitMap*) 0x0000022de399c458, (CMBitMap*) 0x0000022de399c490
 Prev Bits: [0x0000022df9110000, 0x0000022dfb110000)
 Next Bits: [0x0000022dfb110000, 0x0000022dfd110000)

Polling page: 0x0000022de3810000

Metaspace:

Usage:
  Non-class:     47.16 MB capacity,    46.38 MB ( 98%) used,   676.83 KB (  1%) free+waste,   126.00 KB ( <1%) overhead. 
      Class:      7.22 MB capacity,     6.78 MB ( 94%) used,   399.90 KB (  5%) free+waste,    60.00 KB ( <1%) overhead. 
       Both:     54.39 MB capacity,    53.15 MB ( 98%) used,     1.05 MB (  2%) free+waste,   186.00 KB ( <1%) overhead. 

Virtual space:
  Non-class space:       48.00 MB reserved,      47.25 MB ( 98%) committed 
      Class space:        1.00 GB reserved,       7.25 MB ( <1%) committed 
             Both:        1.05 GB reserved,      54.50 MB (  5%) committed 

Chunk freelists:
   Non-Class:  26.00 KB
       Class:  26.00 KB
        Both:  52.00 KB

MaxMetaspaceSize: 17179869184.00 GB
CompressedClassSpaceSize: 1.00 GB

CodeHeap 'non-profiled nmethods': size=120000Kb used=2842Kb max_used=2842Kb free=117157Kb
 bounds [0x0000022df0580000, 0x0000022df0850000, 0x0000022df7ab0000]
CodeHeap 'profiled nmethods': size=120000Kb used=10229Kb max_used=10229Kb free=109770Kb
 bounds [0x0000022de9050000, 0x0000022de9a60000, 0x0000022df0580000]
CodeHeap 'non-nmethods': size=5760Kb used=2214Kb max_used=2245Kb free=3545Kb
 bounds [0x0000022de8ab0000, 0x0000022de8d20000, 0x0000022de9050000]
 total_blobs=5684 nmethods=4900 adapters=694
 compilation: enabled
              stopped_count=0, restarted_count=0
 full_count=0

Compilation events (20 events):
Event: 12.591 Thread 0x0000022d8084f000 5058       3       com.google.common.collect.RegularImmutableMap::createEntrySet (18 bytes)
Event: 12.592 Thread 0x0000022d8084f000 nmethod 5058 0x0000022de9a36e10 code [0x0000022de9a36fe0, 0x0000022de9a373d8]
Event: 12.592 Thread 0x0000022d8084f000 5059       3       com.google.common.collect.RegularImmutableMap$EntrySet::<init> (26 bytes)
Event: 12.592 Thread 0x0000022d8084f000 nmethod 5059 0x0000022de9a37590 code [0x0000022de9a37760, 0x0000022de9a37a98]
Event: 12.592 Thread 0x0000022d8084f000 5062       3       java.lang.reflect.Method::hashCode (19 bytes)
Event: 12.592 Thread 0x0000022d8084f000 nmethod 5062 0x0000022de9a37c10 code [0x0000022de9a37e00, 0x0000022de9a380a8]
Event: 12.592 Thread 0x0000022d8084f000 5063       3       com.google.common.collect.AbstractMapBasedMultimap::put (92 bytes)
Event: 12.593 Thread 0x0000022d8084f000 nmethod 5063 0x0000022de9a38210 code [0x0000022de9a38440, 0x0000022de9a38bf8]
Event: 12.597 Thread 0x0000022d8084f000 5064       3       com.google.common.collect.ImmutableMap$Builder::putAll (11 bytes)
Event: 12.597 Thread 0x0000022d8084f000 nmethod 5064 0x0000022de9a38e10 code [0x0000022de9a38fe0, 0x0000022de9a39258]
Event: 12.597 Thread 0x0000022d8084f000 5065       3       com.google.common.reflect.TypeResolver$TypeTable$1::resolveInternal (33 bytes)
Event: 12.597 Thread 0x0000022d8084f000 nmethod 5065 0x0000022de9a39390 code [0x0000022de9a39580, 0x0000022de9a399f8]
Event: 12.597 Thread 0x0000022d8084f000 5066       3       com.google.common.reflect.TypeResolver$TypeTable::<init> (10 bytes)
Event: 12.597 Thread 0x0000022d8084f000 nmethod 5066 0x0000022de9a39b90 code [0x0000022de9a39d40, 0x0000022de9a39ef8]
Event: 12.597 Thread 0x0000022d8084f000 5067       3       com.google.common.reflect.TypeResolver$TypeMappingIntrospector::<init> (12 bytes)
Event: 12.598 Thread 0x0000022d8084f000 nmethod 5067 0x0000022de9a39f90 code [0x0000022de9a3a1c0, 0x0000022de9a3aa38]
Event: 12.599 Thread 0x0000022d8084f000 5068       3       org.gradle.internal.instantiation.generator.AsmBackedClassGenerator$ClassBuilderImpl::maybeBox (49 bytes)
Event: 12.599 Thread 0x0000022d8084f000 nmethod 5068 0x0000022de9a3ad10 code [0x0000022de9a3af20, 0x0000022de9a3b4e8]
Event: 12.599 Thread 0x0000022d8084f000 5069       3       org.gradle.model.internal.asm.AsmClassGeneratorUtils::unboxOrCast (332 bytes)
Event: 12.600 Thread 0x0000022d8084f000 nmethod 5069 0x0000022de9a3b790 code [0x0000022de9a3bc60, 0x0000022de9a3d9d8]

GC Heap History (16 events):
Event: 1.461 GC heap before
{Heap before GC invocations=0 (full 0):
 garbage-first heap   total 131072K, used 29696K [0x0000000080000000, 0x0000000100000000)
  region size 1024K, 24 young (24576K), 0 survivors (0K)
 Metaspace       used 10448K, capacity 10645K, committed 11008K, reserved 1058816K
  class space    used 1094K, capacity 1163K, committed 1280K, reserved 1048576K
}
Event: 1.467 GC heap after
{Heap after GC invocations=1 (full 0):
 garbage-first heap   total 131072K, used 9066K [0x0000000080000000, 0x0000000100000000)
  region size 1024K, 3 young (3072K), 3 survivors (3072K)
 Metaspace       used 10448K, capacity 10645K, committed 11008K, reserved 1058816K
  class space    used 1094K, capacity 1163K, committed 1280K, reserved 1048576K
}
Event: 5.227 GC heap before
{Heap before GC invocations=1 (full 0):
 garbage-first heap   total 131072K, used 82794K [0x0000000080000000, 0x0000000100000000)
  region size 1024K, 76 young (77824K), 3 survivors (3072K)
 Metaspace       used 18920K, capacity 19410K, committed 19712K, reserved 1067008K
  class space    used 2285K, capacity 2458K, committed 2560K, reserved 1048576K
}
Event: 5.242 GC heap after
{Heap after GC invocations=2 (full 0):
 garbage-first heap   total 131072K, used 15476K [0x0000000080000000, 0x0000000100000000)
  region size 1024K, 10 young (10240K), 10 survivors (10240K)
 Metaspace       used 18920K, capacity 19410K, committed 19712K, reserved 1067008K
  class space    used 2285K, capacity 2458K, committed 2560K, reserved 1048576K
}
Event: 5.607 GC heap before
{Heap before GC invocations=2 (full 0):
 garbage-first heap   total 131072K, used 28788K [0x0000000080000000, 0x0000000100000000)
  region size 1024K, 24 young (24576K), 10 survivors (10240K)
 Metaspace       used 20673K, capacity 21115K, committed 21248K, reserved 1067008K
  class space    used 2538K, capacity 2712K, committed 2816K, reserved 1048576K
}
Event: 5.623 GC heap after
{Heap after GC invocations=3 (full 0):
 garbage-first heap   total 131072K, used 16056K [0x0000000080000000, 0x0000000100000000)
  region size 1024K, 1 young (1024K), 1 survivors (1024K)
 Metaspace       used 20673K, capacity 21115K, committed 21248K, reserved 1067008K
  class space    used 2538K, capacity 2712K, committed 2816K, reserved 1048576K
}
Event: 6.524 GC heap before
{Heap before GC invocations=4 (full 0):
 garbage-first heap   total 131072K, used 80568K [0x0000000080000000, 0x0000000100000000)
  region size 1024K, 64 young (65536K), 1 survivors (1024K)
 Metaspace       used 27599K, capacity 28278K, committed 28544K, reserved 1073152K
  class space    used 3642K, capacity 3891K, committed 3968K, reserved 1048576K
}
Event: 6.529 GC heap after
{Heap after GC invocations=5 (full 0):
 garbage-first heap   total 131072K, used 18248K [0x0000000080000000, 0x0000000100000000)
  region size 1024K, 3 young (3072K), 3 survivors (3072K)
 Metaspace       used 27599K, capacity 28278K, committed 28544K, reserved 1073152K
  class space    used 3642K, capacity 3891K, committed 3968K, reserved 1048576K
}
Event: 7.300 GC heap before
{Heap before GC invocations=5 (full 0):
 garbage-first heap   total 131072K, used 51016K [0x0000000080000000, 0x0000000100000000)
  region size 1024K, 37 young (37888K), 3 survivors (3072K)
 Metaspace       used 35082K, capacity 35769K, committed 35840K, reserved 1081344K
  class space    used 4565K, capacity 4856K, committed 4864K, reserved 1048576K
}
Event: 7.310 GC heap after
{Heap after GC invocations=6 (full 0):
 garbage-first heap   total 131072K, used 21098K [0x0000000080000000, 0x0000000100000000)
  region size 1024K, 6 young (6144K), 6 survivors (6144K)
 Metaspace       used 35082K, capacity 35769K, committed 35840K, reserved 1081344K
  class space    used 4565K, capacity 4856K, committed 4864K, reserved 1048576K
}
Event: 8.265 GC heap before
{Heap before GC invocations=7 (full 0):
 garbage-first heap   total 131072K, used 82538K [0x0000000080000000, 0x0000000100000000)
  region size 1024K, 63 young (64512K), 6 survivors (6144K)
 Metaspace       used 40727K, capacity 41566K, committed 41600K, reserved 1085440K
  class space    used 5201K, capacity 5501K, committed 5504K, reserved 1048576K
}
Event: 8.274 GC heap after
{Heap after GC invocations=8 (full 0):
 garbage-first heap   total 131072K, used 24629K [0x0000000080000000, 0x0000000100000000)
  region size 1024K, 7 young (7168K), 7 survivors (7168K)
 Metaspace       used 40727K, capacity 41566K, committed 41600K, reserved 1085440K
  class space    used 5201K, capacity 5501K, committed 5504K, reserved 1048576K
}
Event: 9.673 GC heap before
{Heap before GC invocations=8 (full 0):
 garbage-first heap   total 131072K, used 84021K [0x0000000080000000, 0x0000000100000000)
  region size 1024K, 65 young (66560K), 7 survivors (7168K)
 Metaspace       used 44478K, capacity 45528K, committed 45824K, reserved 1089536K
  class space    used 5703K, capacity 6079K, committed 6144K, reserved 1048576K
}
Event: 9.695 GC heap after
{Heap after GC invocations=9 (full 0):
 garbage-first heap   total 131072K, used 28165K [0x0000000080000000, 0x0000000100000000)
  region size 1024K, 7 young (7168K), 7 survivors (7168K)
 Metaspace       used 44478K, capacity 45528K, committed 45824K, reserved 1089536K
  class space    used 5703K, capacity 6079K, committed 6144K, reserved 1048576K
}
Event: 11.787 GC heap before
{Heap before GC invocations=9 (full 0):
 garbage-first heap   total 131072K, used 94725K [0x0000000080000000, 0x0000000100000000)
  region size 1024K, 66 young (67584K), 7 survivors (7168K)
 Metaspace       used 49937K, capacity 51130K, committed 51328K, reserved 1093632K
  class space    used 6342K, capacity 6736K, committed 6784K, reserved 1048576K
}
Event: 11.813 GC heap after
{Heap after GC invocations=10 (full 0):
 garbage-first heap   total 131072K, used 43701K [0x0000000080000000, 0x0000000100000000)
  region size 1024K, 9 young (9216K), 9 survivors (9216K)
 Metaspace       used 49937K, capacity 51130K, committed 51328K, reserved 1093632K
  class space    used 6342K, capacity 6736K, committed 6784K, reserved 1048576K
}

Deoptimization events (20 events):
Event: 11.104 Thread 0x0000022d8376a000 Uncommon trap: trap_request=0xffffff45 fr.pc=0x0000022df069ed6c relative=0x000000000000020c
Event: 11.104 Thread 0x0000022d8376a000 Uncommon trap: reason=unstable_fused_if action=reinterpret pc=0x0000022df069ed6c method=org.objectweb.asm.ByteVector.putUTF8(Ljava/lang/String;)Lorg/objectweb/asm/ByteVector; @ 93 c2
Event: 11.104 Thread 0x0000022d8376a000 DEOPT PACKING pc=0x0000022df069ed6c sp=0x0000005bda4f8440
Event: 11.104 Thread 0x0000022d8376a000 DEOPT UNPACKING pc=0x0000022de8ad74af sp=0x0000005bda4f83c0 mode 2
Event: 11.846 Thread 0x0000022d8376a000 Uncommon trap: trap_request=0xffffff4d fr.pc=0x0000022df07909fc relative=0x000000000000111c
Event: 11.846 Thread 0x0000022d8376a000 Uncommon trap: reason=unstable_if action=reinterpret pc=0x0000022df07909fc method=java.util.zip.ZipFile$ZipFileInflaterInputStream.close()V @ 4 c2
Event: 11.846 Thread 0x0000022d8376a000 DEOPT PACKING pc=0x0000022df07909fc sp=0x0000005bda4f5ac0
Event: 11.846 Thread 0x0000022d8376a000 DEOPT UNPACKING pc=0x0000022de8ad74af sp=0x0000005bda4f5ac0 mode 2
Event: 12.279 Thread 0x0000022d8376a000 Uncommon trap: trap_request=0xffffffc6 fr.pc=0x0000022df0711040 relative=0x0000000000003a00
Event: 12.279 Thread 0x0000022d8376a000 Uncommon trap: reason=bimorphic_or_optimized_type_check action=maybe_recompile pc=0x0000022df0711040 method=java.util.AbstractCollection.addAll(Ljava/util/Collection;)Z @ 29 c2
Event: 12.279 Thread 0x0000022d8376a000 DEOPT PACKING pc=0x0000022df0711040 sp=0x0000005bda4f8dd0
Event: 12.279 Thread 0x0000022d8376a000 DEOPT UNPACKING pc=0x0000022de8ad74af sp=0x0000005bda4f8dd0 mode 2
Event: 12.534 Thread 0x0000022d8376a000 Uncommon trap: trap_request=0xffffff4d fr.pc=0x0000022df06e51e0 relative=0x00000000000003a0
Event: 12.534 Thread 0x0000022d8376a000 Uncommon trap: reason=unstable_if action=reinterpret pc=0x0000022df06e51e0 method=java.lang.String.equalsIgnoreCase(Ljava/lang/String;)Z @ 36 c2
Event: 12.534 Thread 0x0000022d8376a000 DEOPT PACKING pc=0x0000022df06e51e0 sp=0x0000005bda4f81d0
Event: 12.534 Thread 0x0000022d8376a000 DEOPT UNPACKING pc=0x0000022de8ad74af sp=0x0000005bda4f8190 mode 2
Event: 12.589 Thread 0x0000022d8376a000 Uncommon trap: trap_request=0xffffff4d fr.pc=0x0000022df0822098 relative=0x0000000000000a98
Event: 12.589 Thread 0x0000022d8376a000 Uncommon trap: reason=unstable_if action=reinterpret pc=0x0000022df0822098 method=java.util.concurrent.ConcurrentHashMap.addCount(JI)V @ 110 c2
Event: 12.589 Thread 0x0000022d8376a000 DEOPT PACKING pc=0x0000022df0822098 sp=0x0000005bda4f77a0
Event: 12.589 Thread 0x0000022d8376a000 DEOPT UNPACKING pc=0x0000022de8ad74af sp=0x0000005bda4f7678 mode 2

Classes redefined (0 events):
No events

Internal exceptions (20 events):
Event: 10.615 Thread 0x0000022d83275800 Exception <a 'java/lang/NoSuchMethodError'{0x00000000865b3418}: <clinit>> (0x00000000865b3418) thrown at [./src/hotspot/share/prims/jni.cpp, line 1362]
Event: 10.615 Thread 0x0000022d83275800 Exception <a 'java/lang/NoSuchMethodError'{0x00000000865b4720}: <clinit>> (0x00000000865b4720) thrown at [./src/hotspot/share/prims/jni.cpp, line 1362]
Event: 10.616 Thread 0x0000022d83275800 Exception <a 'java/lang/NoSuchMethodError'{0x00000000865b5740}: <clinit>> (0x00000000865b5740) thrown at [./src/hotspot/share/prims/jni.cpp, line 1362]
Event: 10.618 Thread 0x0000022d83275800 Exception <a 'java/lang/NoSuchMethodError'{0x00000000865bf528}: <clinit>> (0x00000000865bf528) thrown at [./src/hotspot/share/prims/jni.cpp, line 1362]
Event: 10.620 Thread 0x0000022d83275800 Exception <a 'java/lang/NoSuchMethodError'{0x00000000865c9990}: <clinit>> (0x00000000865c9990) thrown at [./src/hotspot/share/prims/jni.cpp, line 1362]
Event: 10.624 Thread 0x0000022d83275800 Exception <a 'java/lang/NoSuchMethodError'{0x000000008640a708}: <clinit>> (0x000000008640a708) thrown at [./src/hotspot/share/prims/jni.cpp, line 1362]
Event: 10.650 Thread 0x0000022d8376a000 Exception <a 'java/lang/ClassNotFoundException'{0x0000000086469288}: build_eyr34tp6c08djn20lctpvjvppBeanInfo> (0x0000000086469288) thrown at [./src/hotspot/share/classfile/systemDictionary.cpp, line 231]
Event: 10.650 Thread 0x0000022d8376a000 Exception <a 'java/lang/ClassNotFoundException'{0x0000000086472090}: build_eyr34tp6c08djn20lctpvjvppCustomizer> (0x0000000086472090) thrown at [./src/hotspot/share/classfile/systemDictionary.cpp, line 231]
Event: 10.667 Thread 0x0000022d8376a000 Exception <a 'java/lang/ClassNotFoundException'{0x00000000864e1408}: org/gradle/plugin/use/internal/PluginRequestCollector$PluginDependenciesSpecImplBeanInfo> (0x00000000864e1408) thrown at [./src/hotspot/share/classfile/systemDictionary.cpp, line 231]
Event: 10.668 Thread 0x0000022d8376a000 Exception <a 'java/lang/ClassNotFoundException'{0x0000000086307658}: org/gradle/plugin/use/internal/PluginRequestCollector$PluginDependenciesSpecImplCustomizer> (0x0000000086307658) thrown at [./src/hotspot/share/classfile/systemDictionary.cpp, line 231]
Event: 10.686 Thread 0x0000022d8376a000 Exception <a 'java/lang/NoSuchMethodError'{0x000000008637d8a8}: 'void java.lang.invoke.DirectMethodHandle$Holder.invokeInterface(java.lang.Object, java.lang.Object)'> (0x000000008637d8a8) thrown at [./src/hotspot/share/interpreter/linkResolver.cpp, line 773]
Event: 10.758 Thread 0x0000022d8376a000 Exception <a 'java/lang/ClassNotFoundException'{0x00000000861e4670}: org/gradle/api/internal/plugins/DefaultObjectConfigurationActionBeanInfo> (0x00000000861e4670) thrown at [./src/hotspot/share/classfile/systemDictionary.cpp, line 231]
Event: 10.760 Thread 0x0000022d8376a000 Exception <a 'java/lang/ClassNotFoundException'{0x0000000086011c30}: org/gradle/api/internal/plugins/DefaultObjectConfigurationActionCustomizer> (0x0000000086011c30) thrown at [./src/hotspot/share/classfile/systemDictionary.cpp, line 231]
Event: 11.001 Thread 0x0000022d8376a000 Exception <a 'java/lang/NoSuchMethodError'{0x00000000858fb670}: 'java.lang.Object java.lang.invoke.DirectMethodHandle$Holder.invokeStatic(java.lang.Object, java.lang.Object, java.lang.Object, java.lang.Object, int)'> (0x00000000858fb670) thrown at [./src/hotspot/share/interpreter/linkResolver.cpp, line 773]
Event: 11.001 Thread 0x0000022d8376a000 Exception <a 'java/lang/NoSuchMethodError'{0x00000000857002b0}: 'java.lang.Object java.lang.invoke.DirectMethodHandle$Holder.invokeSpecial(java.lang.Object, java.lang.Object, java.lang.Object, java.lang.Object, java.lang.Object, int)'> (0x00000000857002b0) thrown at [./src/hotspot/share/interpreter/linkResolver.cpp, line 773]
Event: 11.001 Thread 0x0000022d8376a000 Exception <a 'java/lang/NoSuchMethodError'{0x0000000085704b48}: 'java.lang.Object java.lang.invoke.Invokers$Holder.linkToTargetMethod(java.lang.Object, java.lang.Object, java.lang.Object, int, java.lang.Object)'> (0x0000000085704b48) thrown at [./src/hotspot/share/interpreter/linkResolver.cpp, line 773]
Event: 11.826 Thread 0x0000022d8376a000 Exception <a 'java/lang/NoSuchMethodError'{0x0000000087f57240}: 'java.lang.Object java.lang.invoke.DirectMethodHandle$Holder.invokeSpecial(java.lang.Object, java.lang.Object, int, int, java.lang.Object, java.lang.Object, java.lang.Object)'> (0x0000000087f57240) thrown at [./src/hotspot/share/interpreter/linkResolver.cpp, line 773]
Event: 11.827 Thread 0x0000022d8376a000 Exception <a 'java/lang/NoSuchMethodError'{0x0000000087f5b7c0}: 'java.lang.Object java.lang.invoke.DelegatingMethodHandle$Holder.reinvoke_L(java.lang.Object, int, int, java.lang.Object, java.lang.Object, java.lang.Object)'> (0x0000000087f5b7c0) thrown at [./src/hotspot/share/interpreter/linkResolver.cpp, line 773]
Event: 12.227 Thread 0x0000022d8376a000 Exception <a 'java/lang/NoSuchMethodError'{0x000000008729b0e0}: 'int java.lang.invoke.DirectMethodHandle$Holder.invokeInterface(java.lang.Object, java.lang.Object, java.lang.Object, java.lang.Object)'> (0x000000008729b0e0) thrown at [./src/hotspot/share/interpreter/linkResolver.cpp, line 773]
Event: 12.531 Thread 0x0000022d8376a000 Exception <a 'java/lang/NoSuchMethodError'{0x0000000086856530}: 'void java.lang.invoke.DirectMethodHandle$Holder.invokeInterface(java.lang.Object, java.lang.Object, java.lang.Object, java.lang.Object)'> (0x0000000086856530) thrown at [./src/hotspot/share/interpreter/linkResolver.cpp, line 773]

Events (20 events):
Event: 12.588 loading class org/gradle/api/Task
Event: 12.588 loading class org/gradle/api/Task done
Event: 12.588 loading class org/gradle/api/Action
Event: 12.588 loading class org/gradle/api/Action done
Event: 12.588 loading class org/gradle/api/plugins/JvmEcosystemPlugin
Event: 12.588 loading class org/gradle/api/plugins/JvmEcosystemPlugin done
Event: 12.589 loading class org/gradle/api/internal/tasks/DefaultSourceSetContainer
Event: 12.589 loading class org/gradle/api/internal/tasks/DefaultSourceSetContainer done
Event: 12.594 loading class org/gradle/api/internal/tasks/DefaultSourceSetContainer$1
Event: 12.594 loading class org/gradle/api/internal/tasks/DefaultSourceSetContainer$1 done
Event: 12.595 loading class org/gradle/api/internal/artifacts/type/DefaultArtifactTypeContainer
Event: 12.595 loading class org/gradle/api/internal/artifacts/type/DefaultArtifactTypeContainer done
Event: 12.596 loading class org/gradle/api/artifacts/type/ArtifactTypeDefinition
Event: 12.596 loading class org/gradle/api/artifacts/type/ArtifactTypeDefinition done
Event: 12.600 loading class org/gradle/api/internal/artifacts/type/DefaultArtifactTypeContainer$DefaultArtifactTypeDefinition
Event: 12.600 loading class org/gradle/api/internal/artifacts/type/DefaultArtifactTypeContainer$DefaultArtifactTypeDefinition done
Event: 12.602 loading class org/gradle/api/plugins/ReportingBasePlugin
Event: 12.602 loading class org/gradle/api/plugins/ReportingBasePlugin done
Event: 12.603 loading class org/gradle/api/reporting/ReportingExtension
Event: 12.603 loading class org/gradle/api/reporting/ReportingExtension done


Dynamic libraries:
0x00007ff608f50000 - 0x00007ff608f5a000 	C:\Program Files\Android\Android Studio\jre\bin\java.exe
0x00007fff961d0000 - 0x00007fff963c5000 	C:\WINDOWS\SYSTEM32\ntdll.dll
0x00007fff95e70000 - 0x00007fff95f2d000 	C:\WINDOWS\System32\KERNEL32.DLL
0x00007fff93e30000 - 0x00007fff940f9000 	C:\WINDOWS\System32\KERNELBASE.dll
0x00007fff93a90000 - 0x00007fff93b90000 	C:\WINDOWS\System32\ucrtbase.dll
0x00007fff8da50000 - 0x00007fff8da69000 	C:\Program Files\Android\Android Studio\jre\bin\jli.dll
0x00007fff8da30000 - 0x00007fff8da47000 	C:\Program Files\Android\Android Studio\jre\bin\VCRUNTIME140.dll
0x00007fff95820000 - 0x00007fff959c0000 	C:\WINDOWS\System32\USER32.dll
0x00007fff94100000 - 0x00007fff94122000 	C:\WINDOWS\System32\win32u.dll
0x00007fff94f10000 - 0x00007fff94f3a000 	C:\WINDOWS\System32\GDI32.dll
0x00007fff7ffe0000 - 0x00007fff8027a000 	C:\WINDOWS\WinSxS\amd64_microsoft.windows.common-controls_6595b64144ccf1df_6.0.19041.1083_none_60bbe31371f34e71\COMCTL32.dll
0x00007fff94130000 - 0x00007fff9423b000 	C:\WINDOWS\System32\gdi32full.dll
0x00007fff95530000 - 0x00007fff955ce000 	C:\WINDOWS\System32\msvcrt.dll
0x00007fff939a0000 - 0x00007fff93a3d000 	C:\WINDOWS\System32\msvcp_win.dll
0x00007fff946b0000 - 0x00007fff946e0000 	C:\WINDOWS\System32\IMM32.DLL
0x00007fff5d0e0000 - 0x00007fff5d17d000 	C:\Program Files\Android\Android Studio\jre\bin\msvcp140.dll
0x00007fff5a060000 - 0x00007fff5ab1c000 	C:\Program Files\Android\Android Studio\jre\bin\server\jvm.dll
0x00007fff95650000 - 0x00007fff956fc000 	C:\WINDOWS\System32\ADVAPI32.dll
0x00007fff95020000 - 0x00007fff950bb000 	C:\WINDOWS\System32\sechost.dll
0x00007fff95f30000 - 0x00007fff9605a000 	C:\WINDOWS\System32\RPCRT4.dll
0x00007fff946e0000 - 0x00007fff946e8000 	C:\WINDOWS\System32\PSAPI.DLL
0x00007fff85cc0000 - 0x00007fff85cc9000 	C:\WINDOWS\SYSTEM32\WSOCK32.dll
0x00007fff8c7b0000 - 0x00007fff8c7ba000 	C:\WINDOWS\SYSTEM32\VERSION.dll
0x00007fff8a770000 - 0x00007fff8a797000 	C:\WINDOWS\SYSTEM32\WINMM.dll
0x00007fff955d0000 - 0x00007fff9563b000 	C:\WINDOWS\System32\WS2_32.dll
0x00007fff921d0000 - 0x00007fff921e2000 	C:\WINDOWS\SYSTEM32\kernel.appcore.dll
0x00007fff8e480000 - 0x00007fff8e491000 	C:\Program Files\Android\Android Studio\jre\bin\verify.dll
0x00007fff915f0000 - 0x00007fff917d4000 	C:\WINDOWS\SYSTEM32\DBGHELP.DLL
0x00007fff822d0000 - 0x00007fff822fc000 	C:\WINDOWS\SYSTEM32\dbgcore.DLL
0x00007fff93910000 - 0x00007fff93993000 	C:\WINDOWS\System32\bcryptPrimitives.dll
0x00007fff88370000 - 0x00007fff88399000 	C:\Program Files\Android\Android Studio\jre\bin\java.dll
0x00007fff8dca0000 - 0x00007fff8dcab000 	C:\Program Files\Android\Android Studio\jre\bin\jimage.dll
0x00007fff8a6f0000 - 0x00007fff8a708000 	C:\Program Files\Android\Android Studio\jre\bin\zip.dll
0x00007fff946f0000 - 0x00007fff94e2f000 	C:\WINDOWS\System32\SHELL32.dll
0x00007fff91a20000 - 0x00007fff921b1000 	C:\WINDOWS\SYSTEM32\windows.storage.dll
0x00007fff951d0000 - 0x00007fff95525000 	C:\WINDOWS\System32\combase.dll
0x00007fff93380000 - 0x00007fff933ac000 	C:\WINDOWS\SYSTEM32\Wldp.dll
0x00007fff95770000 - 0x00007fff9581e000 	C:\WINDOWS\System32\SHCORE.dll
0x00007fff959c0000 - 0x00007fff95a15000 	C:\WINDOWS\System32\shlwapi.dll
0x00007fff93850000 - 0x00007fff9386f000 	C:\WINDOWS\SYSTEM32\profapi.dll
0x00007fff88350000 - 0x00007fff8836a000 	C:\Program Files\Android\Android Studio\jre\bin\net.dll
0x00007fff84850000 - 0x00007fff8495a000 	C:\WINDOWS\SYSTEM32\WINHTTP.dll
0x00007fff93070000 - 0x00007fff930da000 	C:\WINDOWS\system32\mswsock.dll
0x00007fff88330000 - 0x00007fff88344000 	C:\Program Files\Android\Android Studio\jre\bin\nio.dll
0x00007fff8b8a0000 - 0x00007fff8b8c7000 	C:\Users\Dark Knight\.gradle\native\fdc75f09e3144964f2cf3f50f0aa648679c211496f362492102eb8c894070792\windows-amd64\native-platform.dll
0x00007fff47110000 - 0x00007fff472a6000 	C:\Users\Dark Knight\.gradle\native\12488b8bf47d2d4c9fbf2f6322a914ad602e24e48041cd04a747c6da556b65c4\windows-amd64\native-platform-file-events.dll
0x00007fff8dc90000 - 0x00007fff8dc9a000 	C:\Program Files\Android\Android Studio\jre\bin\management.dll
0x00007fff8d6f0000 - 0x00007fff8d6fc000 	C:\Program Files\Android\Android Studio\jre\bin\management_ext.dll
0x00007fff93260000 - 0x00007fff93278000 	C:\WINDOWS\SYSTEM32\CRYPTSP.dll
0x00007fff929b0000 - 0x00007fff929e4000 	C:\WINDOWS\system32\rsaenh.dll
0x00007fff93cf0000 - 0x00007fff93d17000 	C:\WINDOWS\System32\bcrypt.dll
0x00007fff937d0000 - 0x00007fff937fe000 	C:\WINDOWS\SYSTEM32\USERENV.dll
0x00007fff93250000 - 0x00007fff9325c000 	C:\WINDOWS\SYSTEM32\CRYPTBASE.dll
0x00007fff92d60000 - 0x00007fff92d9b000 	C:\WINDOWS\SYSTEM32\IPHLPAPI.DLL
0x00007fff95760000 - 0x00007fff95768000 	C:\WINDOWS\System32\NSI.dll
0x00007fff8a6b0000 - 0x00007fff8a6c7000 	C:\WINDOWS\SYSTEM32\dhcpcsvc6.DLL
0x00007fff8a9c0000 - 0x00007fff8a9dd000 	C:\WINDOWS\SYSTEM32\dhcpcsvc.DLL
0x00007fff92da0000 - 0x00007fff92e6c000 	C:\WINDOWS\SYSTEM32\DNSAPI.dll
0x00007fff8be80000 - 0x00007fff8be8b000 	C:\WINDOWS\SYSTEM32\WINNSI.DLL

dbghelp: loaded successfully - version: 4.0.5 - missing functions: none
symbol engine: initialized successfully - sym options: 0x614 - pdb path: .;C:\Program Files\Android\Android Studio\jre\bin;C:\WINDOWS\SYSTEM32;C:\WINDOWS\WinSxS\amd64_microsoft.windows.common-controls_6595b64144ccf1df_6.0.19041.1083_none_60bbe31371f34e71;C:\Program Files\Android\Android Studio\jre\bin\server;C:\Users\Dark Knight\.gradle\native\fdc75f09e3144964f2cf3f50f0aa648679c211496f362492102eb8c894070792\windows-amd64;C:\Users\Dark Knight\.gradle\native\12488b8bf47d2d4c9fbf2f6322a914ad602e24e48041cd04a747c6da556b65c4\windows-amd64

VM Arguments:
jvm_args: --add-opens=java.base/java.util=ALL-UNNAMED --add-opens=java.base/java.lang=ALL-UNNAMED --add-opens=java.base/java.lang.invoke=ALL-UNNAMED --add-opens=java.prefs/java.util.prefs=ALL-UNNAMED -Xmx2048m -Dfile.encoding=UTF-8 -Duser.country=IN -Duser.language=en -Duser.variant 
java_command: org.gradle.launcher.daemon.bootstrap.GradleDaemon 6.7.1
java_class_path (initial): C:\Users\Dark Knight\.gradle\wrapper\dists\gradle-6.7.1-bin\bwlcbys1h7rz3272sye1xwiv6\gradle-6.7.1\lib\gradle-launcher-6.7.1.jar
Launcher Type: SUN_STANDARD

[Global flags]
     intx CICompilerCount                          = 4                                         {product} {ergonomic}
     uint ConcGCThreads                            = 2                                         {product} {ergonomic}
     uint G1ConcRefinementThreads                  = 8                                         {product} {ergonomic}
   size_t G1HeapRegionSize                         = 1048576                                   {product} {ergonomic}
    uintx GCDrainStackTargetSize                   = 64                                        {product} {ergonomic}
   size_t InitialHeapSize                          = 134217728                                 {product} {ergonomic}
   size_t MarkStackSize                            = 4194304                                   {product} {ergonomic}
   size_t MaxHeapSize                              = 2147483648                                {product} {command line}
   size_t MaxNewSize                               = 1287651328                                {product} {ergonomic}
   size_t MinHeapDeltaBytes                        = 1048576                                   {product} {ergonomic}
    uintx NonNMethodCodeHeapSize                   = 5836300                                {pd product} {ergonomic}
    uintx NonProfiledCodeHeapSize                  = 122910970                              {pd product} {ergonomic}
    uintx ProfiledCodeHeapSize                     = 122910970                              {pd product} {ergonomic}
    uintx ReservedCodeCacheSize                    = 251658240                              {pd product} {ergonomic}
     bool SegmentedCodeCache                       = true                                      {product} {ergonomic}
     bool UseCompressedClassPointers               = true                                 {lp64_product} {ergonomic}
     bool UseCompressedOops                        = true                                 {lp64_product} {ergonomic}
     bool UseG1GC                                  = true                                      {product} {ergonomic}
     bool UseLargePagesIndividualAllocation        = false                                  {pd product} {ergonomic}

Logging:
Log output configuration:
 #0: stdout all=warning uptime,level,tags
 #1: stderr all=off uptime,level,tags

Environment Variables:
PATH=C:\Windows\system32;C:\Windows;C:\Windows\System32\Wbem;C:\Windows\System32\WindowsPowerShell\v1.0\;C:\Windows\System32\OpenSSH\;C:\Program Files (x86)\NVIDIA Corporation\PhysX\Common;C:\Program Files\NVIDIA Corporation\NVIDIA NvDLISR;C:\WINDOWS\system32;C:\WINDOWS;C:\WINDOWS\System32\Wbem;C:\WINDOWS\System32\WindowsPowerShell\v1.0\;C:\WINDOWS\System32\OpenSSH\;C:\MinGW\bin;C:\Program Files\MEGA-X;C:\WINDOWS\system32;C:\WINDOWS;C:\WINDOWS\System32\Wbem;C:\WINDOWS\System32\WindowsPowerShell\v1.0\;C:\WINDOWS\System32\OpenSSH\;C:\Program Files\Git\cmd;C:\Users\Dark Knight\AppData\Local\Microsoft\WindowsApps;C:\Users\Dark Knight\AppData\Local\GitHubDesktop\bin;C:\Users\Dark Knight\AppData\Local\atom\bin;C:\ProgramData\Dark Knight\atom\bin;C:\MinGW\bin;C:\Program Files (x86)\Microsoft Visual Studio\2019\BuildTools\MSBuild\Current\Bin;C:\Users\Dark Knight\AppData\Local\Programs\Microsoft VS Code\bin;C:\Users\Dark Knight\AppData\Local\Microsoft\WindowsApps;
USERNAME=Dark Knight
OS=Windows_NT
PROCESSOR_IDENTIFIER=Intel64 Family 6 Model 158 Stepping 10, GenuineIntel



---------------  S Y S T E M  ---------------

OS: Windows 10 , 64 bit Build 19041 (10.0.19041.1023)
OS uptime: 6 days 20:31 hours

CPU:total 8 (initial active 8) (4 cores per cpu, 2 threads per core) family 6 model 158 stepping 10, cmov, cx8, fxsr, mmx, sse, sse2, sse3, ssse3, sse4.1, sse4.2, popcnt, avx, avx2, aes, clmul, erms, 3dnowpref, lzcnt, ht, tsc, tscinvbit, bmi1, bmi2, adx, fma

Memory: 4k page, system-wide physical 8112M (1336M free)
TotalPageFile size 12208M (AvailPageFile size 5M)
current process WorkingSet (physical memory assigned to process): 302M, peak: 302M
current process commit charge ("private bytes"): 352M, peak: 353M

vm_info: OpenJDK 64-Bit Server VM (11.0.8+10-b944.6842174) for windows-amd64 JRE (11.0.8+10-b944.6842174), built on Sep 19 2020 01:11:42 by "builder" with MS VC++ 14.0 (VS2015)

END.
