#
# There is insufficient memory for the Java Runtime Environment to continue.
# Native memory allocation (malloc) failed to allocate 1599376 bytes for Chunk::new
# Possible reasons:
#   The system is out of physical RAM or swap space
#   The process is running with CompressedOops enabled, and the Java Heap may be blocking the growth of the native heap
# Possible solutions:
#   Reduce memory load on the system
#   Increase physical memory or swap space
#   Check if swap backing store is full
#   Decrease Java heap size (-Xmx/-Xms)
#   Decrease number of Java threads
#   Decrease Java thread stack sizes (-Xss)
#   Set larger code cache with -XX:ReservedCodeCacheSize=
#   JVM is running with Unscaled Compressed Oops mode in which the Java heap is
#     placed in the first 4GB address space. The Java Heap base address is the
#     maximum limit for the native heap growth. Please use -XX:HeapBaseMinAddress
#     to set the Java Heap base and to place the Java Heap above 4GB virtual address.
# This output file may be truncated or incomplete.
#
#  Out of Memory Error (./src/hotspot/share/memory/arena.cpp:197), pid=32584, tid=4280
#
# JRE version: OpenJDK Runtime Environment (11.0.8+10) (build 11.0.8+10-b944.6842174)
# Java VM: OpenJDK 64-Bit Server VM (11.0.8+10-b944.6842174, mixed mode, tiered, compressed oops, g1 gc, windows-amd64)
# No core dump will be written. Minidumps are not enabled by default on client versions of Windows
#

---------------  S U M M A R Y ------------

Command Line: --add-opens=java.base/java.util=ALL-UNNAMED --add-opens=java.base/java.lang=ALL-UNNAMED --add-opens=java.base/java.lang.invoke=ALL-UNNAMED --add-opens=java.prefs/java.util.prefs=ALL-UNNAMED -Xmx2048m -Dfile.encoding=UTF-8 -Duser.country=IN -Duser.language=en -Duser.variant org.gradle.launcher.daemon.bootstrap.GradleDaemon 6.7.1

Host: Intel(R) Core(TM) i5-9300H CPU @ 2.40GHz, 8 cores, 7G,  Windows 10 , 64 bit Build 19041 (10.0.19041.1023)
Time: Wed Jul 14 20:36:28 2021 India Standard Time elapsed time: 7 seconds (0d 0h 0m 7s)

---------------  T H R E A D  ---------------

Current thread (0x000001e662522000):  JavaThread "C2 CompilerThread0" daemon [_thread_in_native, id=4280, stack(0x0000006ec4e00000,0x0000006ec4f00000)]


Current CompileTask:
C2:   7862 8680       4       org.gradle.internal.snapshot.SnapshotUtil::getMetadataFromChildren (317 bytes)

Stack: [0x0000006ec4e00000,0x0000006ec4f00000]
Native frames: (J=compiled Java code, j=interpreted, Vv=VM code, C=native code)
V  [jvm.dll+0x5de50a]
V  [jvm.dll+0x7122f5]
V  [jvm.dll+0x71384d]
V  [jvm.dll+0x713f03]
V  [jvm.dll+0x23e728]
V  [jvm.dll+0xb899c]
V  [jvm.dll+0xb8e9c]
V  [jvm.dll+0x35024d]
V  [jvm.dll+0x31dea3]
V  [jvm.dll+0x31d39a]
V  [jvm.dll+0x1f7702]
V  [jvm.dll+0x1f68d4]
V  [jvm.dll+0x17f32c]
V  [jvm.dll+0x205047]
V  [jvm.dll+0x203891]
V  [jvm.dll+0x6dad3f]
V  [jvm.dll+0x6d3895]
V  [jvm.dll+0x5dd4a6]
C  [ucrtbase.dll+0x21bb2]
C  [KERNEL32.DLL+0x17034]
C  [ntdll.dll+0x52651]


---------------  P R O C E S S  ---------------

Threads class SMR info:
_java_thread_list=0x000001e662d44020, length=174, elements={
0x000001e6459f3800, 0x000001e661c81000, 0x000001e6624d0800, 0x000001e66251e800,
0x000001e66251f800, 0x000001e662522000, 0x000001e662526000, 0x000001e662527000,
0x000001e66268e800, 0x000001e66269f800, 0x000001e663b56800, 0x000001e66405c800,
0x000001e664d36800, 0x000001e664420000, 0x000001e663a38000, 0x000001e663e65000,
0x000001e664bea800, 0x000001e663e66800, 0x000001e663933000, 0x000001e664beb800,
0x000001e664cd9000, 0x000001e664cda800, 0x000001e664cd7000, 0x000001e664cdb800,
0x000001e664cd5800, 0x000001e664cdc000, 0x000001e664cd9800, 0x000001e664cd6800,
0x000001e664cd8000, 0x000001e66529e800, 0x000001e66529d800, 0x000001e66529c000,
0x000001e66529f000, 0x000001e6652a2800, 0x000001e66529c800, 0x000001e6652a9000,
0x000001e6652a3000, 0x000001e6652a8000, 0x000001e6652a9800, 0x000001e6652a5800,
0x000001e6652a6800, 0x000001e6652a4000, 0x000001e6652aa800, 0x000001e6652a5000,
0x000001e6652a7800, 0x000001e666595800, 0x000001e666596000, 0x000001e666597000,
0x000001e666599800, 0x000001e666598000, 0x000001e666598800, 0x000001e666594800,
0x000001e666593800, 0x000001e66659e800, 0x000001e66659f000, 0x000001e66659b000,
0x000001e66659c000, 0x000001e66659c800, 0x000001e66659a800, 0x000001e66659d800,
0x000001e6665a2800, 0x000001e6665a0000, 0x000001e6665a1000, 0x000001e6665a1800,
0x000001e666aa7800, 0x000001e666aa9000, 0x000001e666aa8800, 0x000001e666aa4800,
0x000001e666aa3800, 0x000001e666aa6000, 0x000001e666aa7000, 0x000001e666aaa000,
0x000001e666aab000, 0x000001e666aa5000, 0x000001e666ab0800, 0x000001e666aab800,
0x000001e666ab2000, 0x000001e666ab1800, 0x000001e666aac800, 0x000001e666ab0000,
0x000001e666aad800, 0x000001e666aae000, 0x000001e666aaf000, 0x000001e666c4b800,
0x000001e666c4d800, 0x000001e666c4a000, 0x000001e666c4c800, 0x000001e666c4b000,
0x000001e666c4e000, 0x000001e666c4f000, 0x000001e666c49800, 0x000001e666c52800,
0x000001e666c50800, 0x000001e666c51800, 0x000001e666c54000, 0x000001e666c53000,
0x000001e666c54800, 0x000001e666c50000, 0x000001e666c55800, 0x000001e666c56800,
0x000001e666c57000, 0x000001e666c58000, 0x000001e669600800, 0x000001e669601800,
0x000001e669602800, 0x000001e669604000, 0x000001e669606800, 0x000001e669607000,
0x000001e669603000, 0x000001e66960a800, 0x000001e669608000, 0x000001e669609000,
0x000001e669605800, 0x000001e669609800, 0x000001e669604800, 0x000001e66960b000,
0x000001e66960c000, 0x000001e66960d000, 0x000001e66960d800, 0x000001e66960f800,
0x000001e66960e800, 0x000001e66716a800, 0x000001e667169000, 0x000001e667166800,
0x000001e667169800, 0x000001e66716b800, 0x000001e667167000, 0x000001e667165800,
0x000001e66716c000, 0x000001e66716d000, 0x000001e66716d800, 0x000001e667168000,
0x000001e667174000, 0x000001e667170000, 0x000001e667173800, 0x000001e667172000,
0x000001e667172800, 0x000001e66716e800, 0x000001e66716f800, 0x000001e667171000,
0x000001e669471000, 0x000001e66946b000, 0x000001e669470000, 0x000001e669471800,
0x000001e66946c000, 0x000001e669472800, 0x000001e66946d000, 0x000001e669473800,
0x000001e66946d800, 0x000001e669474000, 0x000001e66946e800, 0x000001e669475000,
0x000001e66946f800, 0x000001e669476000, 0x000001e66947a000, 0x000001e669478000,
0x000001e669476800, 0x000001e669479000, 0x000001e66b1a5000, 0x000001e66b1a1000,
0x000001e66b1a1800, 0x000001e66b19f800, 0x000001e66b1a0000, 0x000001e66b1a8000,
0x000001e66b1a2800, 0x000001e66b1a9000, 0x000001e66b1a3800, 0x000001e66b1a6000,
0x000001e66b1aa000, 0x000001e664f10800, 0x000001e66b1a4000, 0x000001e66b1ac800,
0x000001e66b1a6800, 0x000001e66b1ad000
}

Java Threads: ( => current thread )
  0x000001e6459f3800 JavaThread "main" [_thread_blocked, id=32072, stack(0x0000006ec4300000,0x0000006ec4400000)]
  0x000001e661c81000 JavaThread "Reference Handler" daemon [_thread_blocked, id=9876, stack(0x0000006ec4a00000,0x0000006ec4b00000)]
  0x000001e6624d0800 JavaThread "Finalizer" daemon [_thread_blocked, id=18024, stack(0x0000006ec4b00000,0x0000006ec4c00000)]
  0x000001e66251e800 JavaThread "Signal Dispatcher" daemon [_thread_blocked, id=23836, stack(0x0000006ec4c00000,0x0000006ec4d00000)]
  0x000001e66251f800 JavaThread "Attach Listener" daemon [_thread_blocked, id=15304, stack(0x0000006ec4d00000,0x0000006ec4e00000)]
=>0x000001e662522000 JavaThread "C2 CompilerThread0" daemon [_thread_in_native, id=4280, stack(0x0000006ec4e00000,0x0000006ec4f00000)]
  0x000001e662526000 JavaThread "C1 CompilerThread0" daemon [_thread_blocked, id=6516, stack(0x0000006ec4f00000,0x0000006ec5000000)]
  0x000001e662527000 JavaThread "Sweeper thread" daemon [_thread_blocked, id=27888, stack(0x0000006ec5000000,0x0000006ec5100000)]
  0x000001e66268e800 JavaThread "Common-Cleaner" daemon [_thread_blocked, id=1632, stack(0x0000006ec5100000,0x0000006ec5200000)]
  0x000001e66269f800 JavaThread "Service Thread" daemon [_thread_blocked, id=23504, stack(0x0000006ec5200000,0x0000006ec5300000)]
  0x000001e663b56800 JavaThread "Daemon health stats" [_thread_blocked, id=25984, stack(0x0000006ec5800000,0x0000006ec5900000)]
  0x000001e66405c800 JavaThread "Incoming local TCP Connector on port 56674" [_thread_in_native, id=28232, stack(0x0000006ec5900000,0x0000006ec5a00000)]
  0x000001e664d36800 JavaThread "Daemon periodic checks" [_thread_blocked, id=28012, stack(0x0000006ec5a00000,0x0000006ec5b00000)]
  0x000001e664420000 JavaThread "Daemon" [_thread_blocked, id=12276, stack(0x0000006ec5b00000,0x0000006ec5c00000)]
  0x000001e663a38000 JavaThread "Handler for socket connection from /127.0.0.1:56674 to /127.0.0.1:56675" [_thread_in_native, id=5352, stack(0x0000006ec5c00000,0x0000006ec5d00000)]
  0x000001e663e65000 JavaThread "Cancel handler" [_thread_blocked, id=28284, stack(0x0000006ec5d00000,0x0000006ec5e00000)]
  0x000001e664bea800 JavaThread "Daemon worker" [_thread_blocked, id=11340, stack(0x0000006ec5e00000,0x0000006ec5f00000)]
  0x000001e663e66800 JavaThread "Asynchronous log dispatcher for DefaultDaemonConnection: socket connection from /127.0.0.1:56674 to /127.0.0.1:56675" [_thread_blocked, id=4928, stack(0x0000006ec5f00000,0x0000006ec6000000)]
  0x000001e663933000 JavaThread "Stdin handler" [_thread_blocked, id=13956, stack(0x0000006ec6000000,0x0000006ec6100000)]
  0x000001e664beb800 JavaThread "Thread-8" [_thread_blocked, id=20340, stack(0x0000006ec6100000,0x0000006ec6200000)]
  0x000001e664cd9000 JavaThread "Cache worker for file hash cache (C:\Users\Dark Knight\.gradle\caches\6.7.1\fileHashes)" [_thread_blocked, id=12680, stack(0x0000006ec6700000,0x0000006ec6800000)]
  0x000001e664cda800 JavaThread "File lock request listener" [_thread_in_native, id=15312, stack(0x0000006ec6800000,0x0000006ec6900000)]
  0x000001e664cd7000 JavaThread "Cache worker for journal cache (C:\Users\Dark Knight\.gradle\caches\journal-1)" [_thread_blocked, id=11088, stack(0x0000006ec6a00000,0x0000006ec6b00000)]
  0x000001e664cdb800 JavaThread "Cache worker for file hash cache (C:\Android Projects\Udemy TUTORIAL\Quiz App\.gradle\6.7.1\fileHashes)" [_thread_blocked, id=28996, stack(0x0000006ec6d00000,0x0000006ec6e00000)]
  0x000001e664cd5800 JavaThread "Cache worker for checksums cache (C:\Android Projects\Udemy TUTORIAL\Quiz App\.gradle\checksums)" [_thread_blocked, id=26716, stack(0x0000006ec6e00000,0x0000006ec6f00000)]
  0x000001e664cdc000 JavaThread "Cache worker for cache directory md-supplier (C:\Users\Dark Knight\.gradle\caches\6.7.1\md-supplier)" [_thread_blocked, id=10496, stack(0x0000006ec6f00000,0x0000006ec7000000)]
  0x000001e664cd9800 JavaThread "Cache worker for cache directory md-rule (C:\Users\Dark Knight\.gradle\caches\6.7.1\md-rule)" [_thread_blocked, id=28128, stack(0x0000006ec7000000,0x0000006ec7100000)]
  0x000001e664cd6800 JavaThread "Cache worker for execution history cache (C:\Users\Dark Knight\.gradle\caches\6.7.1\executionHistory)" [_thread_blocked, id=26048, stack(0x0000006ec7100000,0x0000006ec7200000)]
  0x000001e664cd8000 JavaThread "jar transforms" [_thread_blocked, id=31752, stack(0x0000006ec7200000,0x0000006ec7300000)]
  0x000001e66529e800 JavaThread "Cache worker for file content cache (C:\Users\Dark Knight\.gradle\caches\6.7.1\fileContent)" [_thread_blocked, id=2964, stack(0x0000006ec7300000,0x0000006ec7400000)]
  0x000001e66529d800 JavaThread "Cache worker for Build Output Cleanup Cache (C:\Android Projects\Udemy TUTORIAL\Quiz App\.gradle\buildOutputCleanup)" [_thread_blocked, id=24976, stack(0x0000006ec7400000,0x0000006ec7500000)]
  0x000001e66529c000 JavaThread "Build operations" [_thread_blocked, id=4468, stack(0x0000006ec7500000,0x0000006ec7600000)]
  0x000001e66529f000 JavaThread "Build operations Thread 2" [_thread_in_vm, id=14744, stack(0x0000006ec7600000,0x0000006ec7700000)]
  0x000001e6652a2800 JavaThread "Build operations Thread 3" [_thread_in_native, id=5932, stack(0x0000006ec7700000,0x0000006ec7800000)]
  0x000001e66529c800 JavaThread "Build operations Thread 4" [_thread_in_native, id=32676, stack(0x0000006ec7800000,0x0000006ec7900000)]
  0x000001e6652a9000 JavaThread "Build operations Thread 5" [_thread_in_native, id=28392, stack(0x0000006ec7900000,0x0000006ec7a00000)]
  0x000001e6652a3000 JavaThread "Build operations Thread 6" [_thread_in_vm, id=26796, stack(0x0000006ec7a00000,0x0000006ec7b00000)]
  0x000001e6652a8000 JavaThread "Build operations Thread 7" [_thread_in_native, id=18852, stack(0x0000006ec7b00000,0x0000006ec7c00000)]
  0x000001e6652a9800 JavaThread "Build operations Thread 8" [_thread_blocked, id=32364, stack(0x0000006ec7c00000,0x0000006ec7d00000)]
  0x000001e6652a5800 JavaThread "jar transforms Thread 2" [_thread_blocked, id=32700, stack(0x0000006ec7d00000,0x0000006ec7e00000)]
  0x000001e6652a6800 JavaThread "jar transforms Thread 3" [_thread_blocked, id=18116, stack(0x0000006ec7e00000,0x0000006ec7f00000)]
  0x000001e6652a4000 JavaThread "jar transforms Thread 4" [_thread_blocked, id=28876, stack(0x0000006ec7f00000,0x0000006ec8000000)]
  0x000001e6652aa800 JavaThread "jar transforms Thread 5" [_thread_blocked, id=15904, stack(0x0000006ec8000000,0x0000006ec8100000)]
  0x000001e6652a5000 JavaThread "jar transforms Thread 6" [_thread_blocked, id=32552, stack(0x0000006ec8100000,0x0000006ec8200000)]
  0x000001e6652a7800 JavaThread "jar transforms Thread 7" [_thread_blocked, id=32380, stack(0x0000006ec8200000,0x0000006ec8300000)]
  0x000001e666595800 JavaThread "jar transforms Thread 8" [_thread_blocked, id=17064, stack(0x0000006ec8300000,0x0000006ec8400000)]
  0x000001e666596000 JavaThread "jar transforms Thread 9" [_thread_blocked, id=2780, stack(0x0000006ec8400000,0x0000006ec8500000)]
  0x000001e666597000 JavaThread "jar transforms Thread 10" [_thread_blocked, id=14328, stack(0x0000006ec8500000,0x0000006ec8600000)]
  0x000001e666599800 JavaThread "jar transforms Thread 11" [_thread_blocked, id=18996, stack(0x0000006ec8600000,0x0000006ec8700000)]
  0x000001e666598000 JavaThread "jar transforms Thread 12" [_thread_blocked, id=25880, stack(0x0000006ec8700000,0x0000006ec8800000)]
  0x000001e666598800 JavaThread "jar transforms Thread 13" [_thread_blocked, id=8600, stack(0x0000006ec8800000,0x0000006ec8900000)]
  0x000001e666594800 JavaThread "jar transforms Thread 14" [_thread_blocked, id=28364, stack(0x0000006ec8900000,0x0000006ec8a00000)]
  0x000001e666593800 JavaThread "jar transforms Thread 15" [_thread_blocked, id=21288, stack(0x0000006ec8a00000,0x0000006ec8b00000)]
  0x000001e66659e800 JavaThread "jar transforms Thread 16" [_thread_blocked, id=28520, stack(0x0000006ec8b00000,0x0000006ec8c00000)]
  0x000001e66659f000 JavaThread "jar transforms Thread 17" [_thread_blocked, id=16120, stack(0x0000006ec8c00000,0x0000006ec8d00000)]
  0x000001e66659b000 JavaThread "jar transforms Thread 18" [_thread_blocked, id=20708, stack(0x0000006ec8d00000,0x0000006ec8e00000)]
  0x000001e66659c000 JavaThread "jar transforms Thread 19" [_thread_blocked, id=14588, stack(0x0000006ec8e00000,0x0000006ec8f00000)]
  0x000001e66659c800 JavaThread "jar transforms Thread 20" [_thread_blocked, id=27308, stack(0x0000006ec8f00000,0x0000006ec9000000)]
  0x000001e66659a800 JavaThread "jar transforms Thread 21" [_thread_blocked, id=20116, stack(0x0000006ec9000000,0x0000006ec9100000)]
  0x000001e66659d800 JavaThread "jar transforms Thread 22" [_thread_blocked, id=18932, stack(0x0000006ec9100000,0x0000006ec9200000)]
  0x000001e6665a2800 JavaThread "jar transforms Thread 23" [_thread_blocked, id=8776, stack(0x0000006ec9200000,0x0000006ec9300000)]
  0x000001e6665a0000 JavaThread "jar transforms Thread 24" [_thread_blocked, id=14680, stack(0x0000006ec9300000,0x0000006ec9400000)]
  0x000001e6665a1000 JavaThread "jar transforms Thread 25" [_thread_blocked, id=10948, stack(0x0000006ec9400000,0x0000006ec9500000)]
  0x000001e6665a1800 JavaThread "jar transforms Thread 26" [_thread_blocked, id=18760, stack(0x0000006ec9500000,0x0000006ec9600000)]
  0x000001e666aa7800 JavaThread "jar transforms Thread 27" [_thread_blocked, id=15220, stack(0x0000006ec9600000,0x0000006ec9700000)]
  0x000001e666aa9000 JavaThread "jar transforms Thread 28" [_thread_blocked, id=14088, stack(0x0000006ec9700000,0x0000006ec9800000)]
  0x000001e666aa8800 JavaThread "jar transforms Thread 29" [_thread_blocked, id=19104, stack(0x0000006ec9800000,0x0000006ec9900000)]
  0x000001e666aa4800 JavaThread "jar transforms Thread 30" [_thread_blocked, id=2364, stack(0x0000006ec9900000,0x0000006ec9a00000)]
  0x000001e666aa3800 JavaThread "jar transforms Thread 31" [_thread_blocked, id=30908, stack(0x0000006ec9a00000,0x0000006ec9b00000)]
  0x000001e666aa6000 JavaThread "jar transforms Thread 32" [_thread_blocked, id=32268, stack(0x0000006ec9b00000,0x0000006ec9c00000)]
  0x000001e666aa7000 JavaThread "jar transforms Thread 33" [_thread_blocked, id=29100, stack(0x0000006ec9c00000,0x0000006ec9d00000)]
  0x000001e666aaa000 JavaThread "jar transforms Thread 34" [_thread_blocked, id=32240, stack(0x0000006ec9d00000,0x0000006ec9e00000)]
  0x000001e666aab000 JavaThread "jar transforms Thread 35" [_thread_blocked, id=27484, stack(0x0000006ec9e00000,0x0000006ec9f00000)]
  0x000001e666aa5000 JavaThread "jar transforms Thread 36" [_thread_blocked, id=21376, stack(0x0000006ec9f00000,0x0000006eca000000)]
  0x000001e666ab0800 JavaThread "jar transforms Thread 37" [_thread_blocked, id=3308, stack(0x0000006eca000000,0x0000006eca100000)]
  0x000001e666aab800 JavaThread "jar transforms Thread 38" [_thread_blocked, id=26148, stack(0x0000006eca100000,0x0000006eca200000)]
  0x000001e666ab2000 JavaThread "jar transforms Thread 39" [_thread_blocked, id=26224, stack(0x0000006eca200000,0x0000006eca300000)]
  0x000001e666ab1800 JavaThread "jar transforms Thread 40" [_thread_blocked, id=20424, stack(0x0000006eca300000,0x0000006eca400000)]
  0x000001e666aac800 JavaThread "jar transforms Thread 41" [_thread_blocked, id=26720, stack(0x0000006eca400000,0x0000006eca500000)]
  0x000001e666ab0000 JavaThread "jar transforms Thread 42" [_thread_blocked, id=17144, stack(0x0000006eca500000,0x0000006eca600000)]
  0x000001e666aad800 JavaThread "jar transforms Thread 43" [_thread_blocked, id=31540, stack(0x0000006eca600000,0x0000006eca700000)]
  0x000001e666aae000 JavaThread "jar transforms Thread 44" [_thread_blocked, id=16092, stack(0x0000006eca700000,0x0000006eca800000)]
  0x000001e666aaf000 JavaThread "jar transforms Thread 45" [_thread_blocked, id=10968, stack(0x0000006eca800000,0x0000006eca900000)]
  0x000001e666c4b800 JavaThread "jar transforms Thread 46" [_thread_blocked, id=30644, stack(0x0000006eca900000,0x0000006ecaa00000)]
  0x000001e666c4d800 JavaThread "jar transforms Thread 47" [_thread_blocked, id=2628, stack(0x0000006ecaa00000,0x0000006ecab00000)]
  0x000001e666c4a000 JavaThread "jar transforms Thread 48" [_thread_blocked, id=22372, stack(0x0000006ecab00000,0x0000006ecac00000)]
  0x000001e666c4c800 JavaThread "jar transforms Thread 49" [_thread_blocked, id=17900, stack(0x0000006ecac00000,0x0000006ecad00000)]
  0x000001e666c4b000 JavaThread "jar transforms Thread 50" [_thread_blocked, id=19440, stack(0x0000006ecad00000,0x0000006ecae00000)]
  0x000001e666c4e000 JavaThread "jar transforms Thread 51" [_thread_blocked, id=19876, stack(0x0000006ecae00000,0x0000006ecaf00000)]
  0x000001e666c4f000 JavaThread "jar transforms Thread 52" [_thread_blocked, id=17084, stack(0x0000006ecaf00000,0x0000006ecb000000)]
  0x000001e666c49800 JavaThread "jar transforms Thread 53" [_thread_blocked, id=2864, stack(0x0000006ecb000000,0x0000006ecb100000)]
  0x000001e666c52800 JavaThread "jar transforms Thread 54" [_thread_blocked, id=21592, stack(0x0000006ecb100000,0x0000006ecb200000)]
  0x000001e666c50800 JavaThread "jar transforms Thread 55" [_thread_blocked, id=18724, stack(0x0000006ecb200000,0x0000006ecb300000)]
  0x000001e666c51800 JavaThread "jar transforms Thread 56" [_thread_blocked, id=21748, stack(0x0000006ecb300000,0x0000006ecb400000)]
  0x000001e666c54000 JavaThread "jar transforms Thread 57" [_thread_blocked, id=16284, stack(0x0000006ecb400000,0x0000006ecb500000)]
  0x000001e666c53000 JavaThread "jar transforms Thread 58" [_thread_blocked, id=27456, stack(0x0000006ecb500000,0x0000006ecb600000)]
  0x000001e666c54800 JavaThread "jar transforms Thread 59" [_thread_blocked, id=20620, stack(0x0000006ecb600000,0x0000006ecb700000)]
  0x000001e666c50000 JavaThread "jar transforms Thread 60" [_thread_blocked, id=7632, stack(0x0000006ecb700000,0x0000006ecb800000)]
  0x000001e666c55800 JavaThread "jar transforms Thread 61" [_thread_blocked, id=23212, stack(0x0000006ecb800000,0x0000006ecb900000)]
  0x000001e666c56800 JavaThread "jar transforms Thread 62" [_thread_blocked, id=2300, stack(0x0000006ecb900000,0x0000006ecba00000)]
  0x000001e666c57000 JavaThread "jar transforms Thread 63" [_thread_blocked, id=4500, stack(0x0000006ecba00000,0x0000006ecbb00000)]
  0x000001e666c58000 JavaThread "jar transforms Thread 64" [_thread_blocked, id=13872, stack(0x0000006ecbb00000,0x0000006ecbc00000)]
  0x000001e669600800 JavaThread "jar transforms Thread 65" [_thread_blocked, id=26760, stack(0x0000006ecbc00000,0x0000006ecbd00000)]
  0x000001e669601800 JavaThread "jar transforms Thread 66" [_thread_blocked, id=28248, stack(0x0000006ecbd00000,0x0000006ecbe00000)]
  0x000001e669602800 JavaThread "jar transforms Thread 67" [_thread_blocked, id=18504, stack(0x0000006ecbe00000,0x0000006ecbf00000)]
  0x000001e669604000 JavaThread "jar transforms Thread 68" [_thread_blocked, id=4620, stack(0x0000006ecbf00000,0x0000006ecc000000)]
  0x000001e669606800 JavaThread "jar transforms Thread 69" [_thread_blocked, id=27480, stack(0x0000006ecc000000,0x0000006ecc100000)]
  0x000001e669607000 JavaThread "jar transforms Thread 70" [_thread_blocked, id=23160, stack(0x0000006ecc100000,0x0000006ecc200000)]
  0x000001e669603000 JavaThread "jar transforms Thread 71" [_thread_blocked, id=7984, stack(0x0000006ecc200000,0x0000006ecc300000)]
  0x000001e66960a800 JavaThread "jar transforms Thread 72" [_thread_blocked, id=32048, stack(0x0000006ecc300000,0x0000006ecc400000)]
  0x000001e669608000 JavaThread "jar transforms Thread 73" [_thread_blocked, id=27768, stack(0x0000006ecc400000,0x0000006ecc500000)]
  0x000001e669609000 JavaThread "jar transforms Thread 74" [_thread_blocked, id=9556, stack(0x0000006ecc500000,0x0000006ecc600000)]
  0x000001e669605800 JavaThread "jar transforms Thread 75" [_thread_blocked, id=17124, stack(0x0000006ecc600000,0x0000006ecc700000)]
  0x000001e669609800 JavaThread "jar transforms Thread 76" [_thread_blocked, id=20108, stack(0x0000006ecc700000,0x0000006ecc800000)]
  0x000001e669604800 JavaThread "jar transforms Thread 77" [_thread_blocked, id=22156, stack(0x0000006ecc800000,0x0000006ecc900000)]
  0x000001e66960b000 JavaThread "jar transforms Thread 78" [_thread_blocked, id=10120, stack(0x0000006ecc900000,0x0000006ecca00000)]
  0x000001e66960c000 JavaThread "jar transforms Thread 79" [_thread_blocked, id=28120, stack(0x0000006ecca00000,0x0000006eccb00000)]
  0x000001e66960d000 JavaThread "jar transforms Thread 80" [_thread_blocked, id=1840, stack(0x0000006eccb00000,0x0000006eccc00000)]
  0x000001e66960d800 JavaThread "jar transforms Thread 81" [_thread_blocked, id=7780, stack(0x0000006eccc00000,0x0000006eccd00000)]
  0x000001e66960f800 JavaThread "jar transforms Thread 82" [_thread_blocked, id=24700, stack(0x0000006eccd00000,0x0000006ecce00000)]
  0x000001e66960e800 JavaThread "jar transforms Thread 83" [_thread_blocked, id=3120, stack(0x0000006ecce00000,0x0000006eccf00000)]
  0x000001e66716a800 JavaThread "jar transforms Thread 84" [_thread_blocked, id=22100, stack(0x0000006eccf00000,0x0000006ecd000000)]
  0x000001e667169000 JavaThread "jar transforms Thread 85" [_thread_blocked, id=31772, stack(0x0000006ecd000000,0x0000006ecd100000)]
  0x000001e667166800 JavaThread "jar transforms Thread 86" [_thread_blocked, id=25980, stack(0x0000006ecd100000,0x0000006ecd200000)]
  0x000001e667169800 JavaThread "jar transforms Thread 87" [_thread_blocked, id=32704, stack(0x0000006ecd200000,0x0000006ecd300000)]
  0x000001e66716b800 JavaThread "jar transforms Thread 88" [_thread_blocked, id=17824, stack(0x0000006ecd300000,0x0000006ecd400000)]
  0x000001e667167000 JavaThread "jar transforms Thread 89" [_thread_blocked, id=7408, stack(0x0000006ecd400000,0x0000006ecd500000)]
  0x000001e667165800 JavaThread "jar transforms Thread 90" [_thread_blocked, id=23684, stack(0x0000006ecd500000,0x0000006ecd600000)]
  0x000001e66716c000 JavaThread "jar transforms Thread 91" [_thread_blocked, id=16292, stack(0x0000006ecd600000,0x0000006ecd700000)]
  0x000001e66716d000 JavaThread "jar transforms Thread 92" [_thread_blocked, id=19532, stack(0x0000006ecd700000,0x0000006ecd800000)]
  0x000001e66716d800 JavaThread "jar transforms Thread 93" [_thread_blocked, id=13348, stack(0x0000006ecd800000,0x0000006ecd900000)]
  0x000001e667168000 JavaThread "jar transforms Thread 94" [_thread_blocked, id=22032, stack(0x0000006ecd900000,0x0000006ecda00000)]
  0x000001e667174000 JavaThread "jar transforms Thread 95" [_thread_blocked, id=4220, stack(0x0000006ecda00000,0x0000006ecdb00000)]
  0x000001e667170000 JavaThread "jar transforms Thread 96" [_thread_blocked, id=13224, stack(0x0000006ecdb00000,0x0000006ecdc00000)]
  0x000001e667173800 JavaThread "jar transforms Thread 97" [_thread_blocked, id=32688, stack(0x0000006ecdc00000,0x0000006ecdd00000)]
  0x000001e667172000 JavaThread "jar transforms Thread 98" [_thread_blocked, id=15036, stack(0x0000006ecdd00000,0x0000006ecde00000)]
  0x000001e667172800 JavaThread "jar transforms Thread 99" [_thread_blocked, id=23888, stack(0x0000006ecde00000,0x0000006ecdf00000)]
  0x000001e66716e800 JavaThread "jar transforms Thread 100" [_thread_blocked, id=1536, stack(0x0000006ecdf00000,0x0000006ece000000)]
  0x000001e66716f800 JavaThread "jar transforms Thread 101" [_thread_blocked, id=17788, stack(0x0000006ece000000,0x0000006ece100000)]
  0x000001e667171000 JavaThread "jar transforms Thread 102" [_thread_blocked, id=31292, stack(0x0000006ece100000,0x0000006ece200000)]
  0x000001e669471000 JavaThread "jar transforms Thread 103" [_thread_blocked, id=13612, stack(0x0000006ece200000,0x0000006ece300000)]
  0x000001e66946b000 JavaThread "jar transforms Thread 104" [_thread_blocked, id=13284, stack(0x0000006ece300000,0x0000006ece400000)]
  0x000001e669470000 JavaThread "jar transforms Thread 105" [_thread_blocked, id=16924, stack(0x0000006ece400000,0x0000006ece500000)]
  0x000001e669471800 JavaThread "jar transforms Thread 106" [_thread_blocked, id=3440, stack(0x0000006ece500000,0x0000006ece600000)]
  0x000001e66946c000 JavaThread "jar transforms Thread 107" [_thread_blocked, id=14976, stack(0x0000006ece600000,0x0000006ece700000)]
  0x000001e669472800 JavaThread "jar transforms Thread 108" [_thread_blocked, id=10544, stack(0x0000006ece700000,0x0000006ece800000)]
  0x000001e66946d000 JavaThread "jar transforms Thread 109" [_thread_blocked, id=29888, stack(0x0000006ece800000,0x0000006ece900000)]
  0x000001e669473800 JavaThread "jar transforms Thread 110" [_thread_blocked, id=24724, stack(0x0000006ece900000,0x0000006ecea00000)]
  0x000001e66946d800 JavaThread "jar transforms Thread 111" [_thread_blocked, id=31676, stack(0x0000006ecea00000,0x0000006eceb00000)]
  0x000001e669474000 JavaThread "jar transforms Thread 112" [_thread_blocked, id=12804, stack(0x0000006eceb00000,0x0000006ecec00000)]
  0x000001e66946e800 JavaThread "jar transforms Thread 113" [_thread_blocked, id=31576, stack(0x0000006ecec00000,0x0000006eced00000)]
  0x000001e669475000 JavaThread "jar transforms Thread 114" [_thread_blocked, id=8948, stack(0x0000006eced00000,0x0000006ecee00000)]
  0x000001e66946f800 JavaThread "jar transforms Thread 115" [_thread_blocked, id=30488, stack(0x0000006ecee00000,0x0000006ecef00000)]
  0x000001e669476000 JavaThread "jar transforms Thread 116" [_thread_blocked, id=26028, stack(0x0000006ecef00000,0x0000006ecf000000)]
  0x000001e66947a000 JavaThread "jar transforms Thread 117" [_thread_blocked, id=25924, stack(0x0000006ecf000000,0x0000006ecf100000)]
  0x000001e669478000 JavaThread "jar transforms Thread 118" [_thread_blocked, id=21084, stack(0x0000006ecf100000,0x0000006ecf200000)]
  0x000001e669476800 JavaThread "jar transforms Thread 119" [_thread_blocked, id=28100, stack(0x0000006ecf200000,0x0000006ecf300000)]
  0x000001e669479000 JavaThread "Memory manager" [_thread_blocked, id=25156, stack(0x0000006ecf300000,0x0000006ecf400000)]
  0x000001e66b1a5000 JavaThread "build event listener" [_thread_blocked, id=1076, stack(0x0000006ecf400000,0x0000006ecf500000)]
  0x000001e66b1a1000 JavaThread "pool-3-thread-1" [_thread_blocked, id=2820, stack(0x0000006ecf500000,0x0000006ecf600000)]
  0x000001e66b1a1800 JavaThread "build event listener" [_thread_blocked, id=13700, stack(0x0000006ecf600000,0x0000006ecf700000)]
  0x000001e66b19f800 JavaThread "Execution worker for ':'" [_thread_blocked, id=23276, stack(0x0000006ecf700000,0x0000006ecf800000)]
  0x000001e66b1a0000 JavaThread "Execution worker for ':' Thread 2" [_thread_blocked, id=24288, stack(0x0000006ecf800000,0x0000006ecf900000)]
  0x000001e66b1a8000 JavaThread "Execution worker for ':' Thread 3" [_thread_blocked, id=19232, stack(0x0000006ecf900000,0x0000006ecfa00000)]
  0x000001e66b1a2800 JavaThread "Execution worker for ':' Thread 4" [_thread_blocked, id=16000, stack(0x0000006ecfa00000,0x0000006ecfb00000)]
  0x000001e66b1a9000 JavaThread "Execution worker for ':' Thread 5" [_thread_blocked, id=22740, stack(0x0000006ecfb00000,0x0000006ecfc00000)]
  0x000001e66b1a3800 JavaThread "Execution worker for ':' Thread 6" [_thread_blocked, id=29796, stack(0x0000006ecfc00000,0x0000006ecfd00000)]
  0x000001e66b1a6000 JavaThread "Execution worker for ':' Thread 7" [_thread_blocked, id=27744, stack(0x0000006ecfd00000,0x0000006ecfe00000)]
  0x000001e66b1aa000 JavaThread "Cache worker for execution history cache (C:\Android Projects\Udemy TUTORIAL\Quiz App\.gradle\6.7.1\executionHistory)" [_thread_blocked, id=23252, stack(0x0000006ecfe00000,0x0000006ecff00000)]
  0x000001e664f10800 JavaThread "C2 CompilerThread1" daemon [_thread_in_native, id=30368, stack(0x0000006ec6b00000,0x0000006ec6c00000)]
  0x000001e66b1a4000 JavaThread "WorkerExecutor Queue" [_thread_blocked, id=468, stack(0x0000006ec6c00000,0x0000006ec6d00000)]
  0x000001e66b1ac800 JavaThread "WorkerExecutor Queue Thread 2" [_thread_blocked, id=19004, stack(0x0000006ecff00000,0x0000006ed0000000)]
  0x000001e66b1a6800 JavaThread "WorkerExecutor Queue Thread 3" [_thread_in_native, id=28208, stack(0x0000006ed0000000,0x0000006ed0100000)]
  0x000001e66b1ad000 JavaThread "WorkerExecutor Queue Thread 4" [_thread_blocked, id=28656, stack(0x0000006ed0100000,0x0000006ed0200000)]

Other Threads:
  0x000001e661c7d800 VMThread "VM Thread" [stack: 0x0000006ec4900000,0x0000006ec4a00000] [id=14204]
  0x000001e6626a1800 WatcherThread [stack: 0x0000006ec5300000,0x0000006ec5400000] [id=4104]
  0x000001e645a0a800 GCTaskThread "GC Thread#0" [stack: 0x0000006ec4400000,0x0000006ec4500000] [id=27796]
  0x000001e6634fc800 GCTaskThread "GC Thread#1" [stack: 0x0000006ec5600000,0x0000006ec5700000] [id=11020]
  0x000001e66283b800 GCTaskThread "GC Thread#2" [stack: 0x0000006ec5700000,0x0000006ec5800000] [id=22992]
  0x000001e664bec800 GCTaskThread "GC Thread#3" [stack: 0x0000006ec6200000,0x0000006ec6300000] [id=23960]
  0x000001e663e48000 GCTaskThread "GC Thread#4" [stack: 0x0000006ec6300000,0x0000006ec6400000] [id=18420]
  0x000001e663a4b800 GCTaskThread "GC Thread#5" [stack: 0x0000006ec6400000,0x0000006ec6500000] [id=9144]
  0x000001e663ea3800 GCTaskThread "GC Thread#6" [stack: 0x0000006ec6500000,0x0000006ec6600000] [id=2904]
  0x000001e663b4f800 GCTaskThread "GC Thread#7" [stack: 0x0000006ec6600000,0x0000006ec6700000] [id=31580]
  0x000001e645a3c000 ConcurrentGCThread "G1 Main Marker" [stack: 0x0000006ec4500000,0x0000006ec4600000] [id=19296]
  0x000001e645a3e800 ConcurrentGCThread "G1 Conc#0" [stack: 0x0000006ec4600000,0x0000006ec4700000] [id=30792]
  0x000001e66483a000 ConcurrentGCThread "G1 Conc#1" [stack: 0x0000006ec6900000,0x0000006ec6a00000] [id=18936]
  0x000001e661b02800 ConcurrentGCThread "G1 Refine#0" [stack: 0x0000006ec4700000,0x0000006ec4800000] [id=29564]
  0x000001e661b03000 ConcurrentGCThread "G1 Young RemSet Sampling" [stack: 0x0000006ec4800000,0x0000006ec4900000] [id=8752]

Threads with active compile tasks:
C2 CompilerThread0   7901 8680       4       org.gradle.internal.snapshot.SnapshotUtil::getMetadataFromChildren (317 bytes)
C2 CompilerThread1   7901 8705   !   4       java.io.BufferedReader::readLine (304 bytes)

VM state:not at safepoint (normal execution)

VM Mutex/Monitor currently owned by a thread: None

OutOfMemory and StackOverflow Exception counts:
OutOfMemoryError java_heap_errors=1
LinkageErrors=120

Heap address: 0x0000000080000000, size: 2048 MB, Compressed Oops mode: 32-bit
Narrow klass base: 0x0000000000000000, Narrow klass shift: 3
Compressed class space size: 1073741824 Address: 0x0000000100000000

Heap:
 garbage-first heap   total 189440K, used 79475K [0x0000000080000000, 0x0000000100000000)
  region size 1024K, 18 young (18432K), 11 survivors (11264K)
 Metaspace       used 85228K, capacity 87339K, committed 87424K, reserved 1124352K
  class space    used 11108K, capacity 11839K, committed 11904K, reserved 1048576K
Heap Regions: E=young(eden), S=young(survivor), O=old, HS=humongous(starts), HC=humongous(continues), CS=collection set, F=free, A=archive, TAMS=top-at-mark-start (previous, next)
|   0|0x0000000080000000, 0x0000000080100000, 0x0000000080100000|100%| O|  |TAMS 0x0000000080100000, 0x0000000080000000| Untracked 
|   1|0x0000000080100000, 0x0000000080200000, 0x0000000080200000|100%| O|  |TAMS 0x0000000080200000, 0x0000000080100000| Untracked 
|   2|0x0000000080200000, 0x0000000080300000, 0x0000000080300000|100%| O|  |TAMS 0x0000000080300000, 0x0000000080200000| Untracked 
|   3|0x0000000080300000, 0x0000000080400000, 0x0000000080400000|100%|HS|  |TAMS 0x0000000080400000, 0x0000000080300000| Complete 
|   4|0x0000000080400000, 0x0000000080500000, 0x0000000080500000|100%|HC|  |TAMS 0x0000000080500000, 0x0000000080400000| Complete 
|   5|0x0000000080500000, 0x0000000080600000, 0x0000000080600000|100%|HC|  |TAMS 0x0000000080600000, 0x0000000080500000| Complete 
|   6|0x0000000080600000, 0x0000000080700000, 0x0000000080700000|100%| O|  |TAMS 0x0000000080700000, 0x0000000080600000| Untracked 
|   7|0x0000000080700000, 0x0000000080800000, 0x0000000080800000|100%| O|  |TAMS 0x0000000080800000, 0x0000000080700000| Untracked 
|   8|0x0000000080800000, 0x0000000080900000, 0x0000000080900000|100%| O|  |TAMS 0x0000000080900000, 0x0000000080800000| Untracked 
|   9|0x0000000080900000, 0x0000000080a00000, 0x0000000080a00000|100%| O|  |TAMS 0x0000000080a00000, 0x0000000080900000| Untracked 
|  10|0x0000000080a00000, 0x0000000080b00000, 0x0000000080b00000|100%| O|  |TAMS 0x0000000080b00000, 0x0000000080a00000| Untracked 
|  11|0x0000000080b00000, 0x0000000080c00000, 0x0000000080c00000|100%| O|  |TAMS 0x0000000080c00000, 0x0000000080b00000| Untracked 
|  12|0x0000000080c00000, 0x0000000080d00000, 0x0000000080d00000|100%| O|  |TAMS 0x0000000080d00000, 0x0000000080c00000| Untracked 
|  13|0x0000000080d00000, 0x0000000080e00000, 0x0000000080e00000|100%| O|  |TAMS 0x0000000080e00000, 0x0000000080d00000| Untracked 
|  14|0x0000000080e00000, 0x0000000080f00000, 0x0000000080f00000|100%| O|  |TAMS 0x0000000080f00000, 0x0000000080e00000| Untracked 
|  15|0x0000000080f00000, 0x0000000081000000, 0x0000000081000000|100%| O|  |TAMS 0x0000000081000000, 0x0000000080f00000| Untracked 
|  16|0x0000000081000000, 0x0000000081100000, 0x0000000081100000|100%| O|  |TAMS 0x0000000081100000, 0x0000000081000000| Untracked 
|  17|0x0000000081100000, 0x0000000081200000, 0x0000000081200000|100%| O|  |TAMS 0x0000000081200000, 0x0000000081100000| Untracked 
|  18|0x0000000081200000, 0x0000000081300000, 0x0000000081300000|100%| O|  |TAMS 0x0000000081300000, 0x0000000081200000| Untracked 
|  19|0x0000000081300000, 0x0000000081400000, 0x0000000081400000|100%| O|  |TAMS 0x0000000081400000, 0x0000000081300000| Untracked 
|  20|0x0000000081400000, 0x0000000081500000, 0x0000000081500000|100%| O|  |TAMS 0x0000000081500000, 0x0000000081400000| Untracked 
|  21|0x0000000081500000, 0x0000000081600000, 0x0000000081600000|100%| O|  |TAMS 0x0000000081600000, 0x0000000081500000| Untracked 
|  22|0x0000000081600000, 0x0000000081700000, 0x0000000081700000|100%|HS|  |TAMS 0x0000000081700000, 0x0000000081600000| Complete 
|  23|0x0000000081700000, 0x0000000081800000, 0x0000000081800000|100%|HS|  |TAMS 0x0000000081800000, 0x0000000081700000| Complete 
|  24|0x0000000081800000, 0x0000000081900000, 0x0000000081900000|100%|HS|  |TAMS 0x0000000081900000, 0x0000000081800000| Complete 
|  25|0x0000000081900000, 0x0000000081a00000, 0x0000000081a00000|100%|HC|  |TAMS 0x0000000081a00000, 0x0000000081900000| Complete 
|  26|0x0000000081a00000, 0x0000000081b00000, 0x0000000081b00000|100%|HC|  |TAMS 0x0000000081b00000, 0x0000000081a00000| Complete 
|  27|0x0000000081b00000, 0x0000000081c00000, 0x0000000081c00000|100%|HS|  |TAMS 0x0000000081c00000, 0x0000000081b00000| Complete 
|  28|0x0000000081c00000, 0x0000000081d00000, 0x0000000081d00000|100%|HC|  |TAMS 0x0000000081d00000, 0x0000000081c00000| Complete 
|  29|0x0000000081d00000, 0x0000000081e00000, 0x0000000081e00000|100%| O|  |TAMS 0x0000000081e00000, 0x0000000081d00000| Untracked 
|  30|0x0000000081e00000, 0x0000000081f00000, 0x0000000081f00000|100%| O|  |TAMS 0x0000000081f00000, 0x0000000081e00000| Untracked 
|  31|0x0000000081f00000, 0x0000000082000000, 0x0000000082000000|100%| O|  |TAMS 0x0000000082000000, 0x0000000081f00000| Untracked 
|  32|0x0000000082000000, 0x0000000082100000, 0x0000000082100000|100%| O|  |TAMS 0x0000000082100000, 0x0000000082000000| Untracked 
|  33|0x0000000082100000, 0x0000000082200000, 0x0000000082200000|100%| O|  |TAMS 0x0000000082100000, 0x0000000082100000| Untracked 
|  34|0x0000000082200000, 0x0000000082300000, 0x0000000082300000|100%| O|  |TAMS 0x0000000082300000, 0x0000000082200000| Untracked 
|  35|0x0000000082300000, 0x0000000082400000, 0x0000000082400000|100%| O|  |TAMS 0x0000000082400000, 0x0000000082300000| Untracked 
|  36|0x0000000082400000, 0x0000000082500000, 0x0000000082500000|100%| O|  |TAMS 0x0000000082500000, 0x0000000082400000| Untracked 
|  37|0x0000000082500000, 0x0000000082600000, 0x0000000082600000|100%| O|  |TAMS 0x0000000082600000, 0x0000000082500000| Untracked 
|  38|0x0000000082600000, 0x0000000082700000, 0x0000000082700000|100%| O|  |TAMS 0x0000000082700000, 0x0000000082600000| Untracked 
|  39|0x0000000082700000, 0x0000000082800000, 0x0000000082800000|100%| O|  |TAMS 0x0000000082800000, 0x0000000082700000| Untracked 
|  40|0x0000000082800000, 0x0000000082900000, 0x0000000082900000|100%| O|  |TAMS 0x0000000082900000, 0x0000000082800000| Untracked 
|  41|0x0000000082900000, 0x0000000082a00000, 0x0000000082a00000|100%| O|  |TAMS 0x0000000082a00000, 0x0000000082900000| Untracked 
|  42|0x0000000082a00000, 0x0000000082b00000, 0x0000000082b00000|100%| O|  |TAMS 0x0000000082b00000, 0x0000000082a00000| Untracked 
|  43|0x0000000082b00000, 0x0000000082c00000, 0x0000000082c00000|100%| O|  |TAMS 0x0000000082c00000, 0x0000000082b00000| Untracked 
|  44|0x0000000082c00000, 0x0000000082d00000, 0x0000000082d00000|100%| O|  |TAMS 0x0000000082cfb000, 0x0000000082c00000| Untracked 
|  45|0x0000000082d00000, 0x0000000082e00000, 0x0000000082e00000|100%| O|  |TAMS 0x0000000082d00000, 0x0000000082d00000| Untracked 
|  46|0x0000000082e00000, 0x0000000082f00000, 0x0000000082f00000|100%| O|  |TAMS 0x0000000082e00000, 0x0000000082e00000| Untracked 
|  47|0x0000000082f00000, 0x0000000083000000, 0x0000000083000000|100%| O|  |TAMS 0x0000000082f00000, 0x0000000082f00000| Untracked 
|  48|0x0000000083000000, 0x0000000083100000, 0x0000000083100000|100%| O|  |TAMS 0x0000000083000000, 0x0000000083000000| Untracked 
|  49|0x0000000083100000, 0x0000000083200000, 0x0000000083200000|100%| O|  |TAMS 0x0000000083100000, 0x0000000083100000| Untracked 
|  50|0x0000000083200000, 0x0000000083300000, 0x0000000083300000|100%| O|  |TAMS 0x0000000083200000, 0x0000000083200000| Untracked 
|  51|0x0000000083300000, 0x0000000083400000, 0x0000000083400000|100%| O|  |TAMS 0x0000000083300000, 0x0000000083300000| Untracked 
|  52|0x0000000083400000, 0x0000000083500000, 0x0000000083500000|100%| O|  |TAMS 0x0000000083400000, 0x0000000083400000| Untracked 
|  53|0x0000000083500000, 0x0000000083600000, 0x0000000083600000|100%| O|  |TAMS 0x0000000083500000, 0x0000000083500000| Untracked 
|  54|0x0000000083600000, 0x0000000083700000, 0x0000000083700000|100%| O|  |TAMS 0x0000000083600000, 0x0000000083600000| Untracked 
|  55|0x0000000083700000, 0x0000000083800000, 0x0000000083800000|100%| O|  |TAMS 0x0000000083700000, 0x0000000083700000| Untracked 
|  56|0x0000000083800000, 0x0000000083900000, 0x0000000083900000|100%| O|  |TAMS 0x0000000083800000, 0x0000000083800000| Untracked 
|  57|0x0000000083900000, 0x0000000083a00000, 0x0000000083a00000|100%| O|  |TAMS 0x0000000083900000, 0x0000000083900000| Untracked 
|  58|0x0000000083a00000, 0x0000000083b00000, 0x0000000083b00000|100%| O|  |TAMS 0x0000000083a00000, 0x0000000083a00000| Untracked 
|  59|0x0000000083b00000, 0x0000000083c00000, 0x0000000083c00000|100%| O|  |TAMS 0x0000000083b00000, 0x0000000083b00000| Untracked 
|  60|0x0000000083c00000, 0x0000000083d00000, 0x0000000083d00000|100%| O|  |TAMS 0x0000000083c00000, 0x0000000083c00000| Untracked 
|  61|0x0000000083d00000, 0x0000000083d9cc00, 0x0000000083e00000| 61%| O|  |TAMS 0x0000000083d00000, 0x0000000083d00000| Untracked 
|  62|0x0000000083e00000, 0x0000000083e00000, 0x0000000083f00000|  0%| F|  |TAMS 0x0000000083e00000, 0x0000000083e00000| Untracked 
|  63|0x0000000083f00000, 0x0000000083f00000, 0x0000000084000000|  0%| F|  |TAMS 0x0000000083f00000, 0x0000000083f00000| Untracked 
|  64|0x0000000084000000, 0x0000000084000000, 0x0000000084100000|  0%| F|  |TAMS 0x0000000084000000, 0x0000000084000000| Untracked 
|  65|0x0000000084100000, 0x0000000084100000, 0x0000000084200000|  0%| F|  |TAMS 0x0000000084100000, 0x0000000084100000| Untracked 
|  66|0x0000000084200000, 0x0000000084200000, 0x0000000084300000|  0%| F|  |TAMS 0x0000000084200000, 0x0000000084200000| Untracked 
|  67|0x0000000084300000, 0x0000000084300000, 0x0000000084400000|  0%| F|  |TAMS 0x0000000084300000, 0x0000000084300000| Untracked 
|  68|0x0000000084400000, 0x0000000084400000, 0x0000000084500000|  0%| F|  |TAMS 0x0000000084400000, 0x0000000084400000| Untracked 
|  69|0x0000000084500000, 0x0000000084500000, 0x0000000084600000|  0%| F|  |TAMS 0x0000000084500000, 0x0000000084500000| Untracked 
|  70|0x0000000084600000, 0x0000000084600000, 0x0000000084700000|  0%| F|  |TAMS 0x0000000084600000, 0x0000000084600000| Untracked 
|  71|0x0000000084700000, 0x0000000084700000, 0x0000000084800000|  0%| F|  |TAMS 0x0000000084700000, 0x0000000084700000| Untracked 
|  72|0x0000000084800000, 0x0000000084800000, 0x0000000084900000|  0%| F|  |TAMS 0x0000000084800000, 0x0000000084800000| Untracked 
|  73|0x0000000084900000, 0x0000000084900000, 0x0000000084a00000|  0%| F|  |TAMS 0x0000000084900000, 0x0000000084900000| Untracked 
|  74|0x0000000084a00000, 0x0000000084a00000, 0x0000000084b00000|  0%| F|  |TAMS 0x0000000084a00000, 0x0000000084a00000| Untracked 
|  75|0x0000000084b00000, 0x0000000084b00000, 0x0000000084c00000|  0%| F|  |TAMS 0x0000000084b00000, 0x0000000084b00000| Untracked 
|  76|0x0000000084c00000, 0x0000000084c00000, 0x0000000084d00000|  0%| F|  |TAMS 0x0000000084c00000, 0x0000000084c00000| Untracked 
|  77|0x0000000084d00000, 0x0000000084d00000, 0x0000000084e00000|  0%| F|  |TAMS 0x0000000084d00000, 0x0000000084d00000| Untracked 
|  78|0x0000000084e00000, 0x0000000084e00000, 0x0000000084f00000|  0%| F|  |TAMS 0x0000000084e00000, 0x0000000084e00000| Untracked 
|  79|0x0000000084f00000, 0x0000000084f00000, 0x0000000085000000|  0%| F|  |TAMS 0x0000000084f00000, 0x0000000084f00000| Untracked 
|  80|0x0000000085000000, 0x0000000085000000, 0x0000000085100000|  0%| F|  |TAMS 0x0000000085000000, 0x0000000085000000| Untracked 
|  81|0x0000000085100000, 0x0000000085100000, 0x0000000085200000|  0%| F|  |TAMS 0x0000000085100000, 0x0000000085100000| Untracked 
|  82|0x0000000085200000, 0x0000000085200000, 0x0000000085300000|  0%| F|  |TAMS 0x0000000085200000, 0x0000000085200000| Untracked 
|  83|0x0000000085300000, 0x0000000085300000, 0x0000000085400000|  0%| F|  |TAMS 0x0000000085300000, 0x0000000085300000| Untracked 
|  84|0x0000000085400000, 0x0000000085400000, 0x0000000085500000|  0%| F|  |TAMS 0x0000000085400000, 0x0000000085400000| Untracked 
|  85|0x0000000085500000, 0x0000000085500000, 0x0000000085600000|  0%| F|  |TAMS 0x0000000085500000, 0x0000000085500000| Untracked 
|  86|0x0000000085600000, 0x0000000085600000, 0x0000000085700000|  0%| F|  |TAMS 0x0000000085600000, 0x0000000085600000| Untracked 
|  87|0x0000000085700000, 0x0000000085700000, 0x0000000085800000|  0%| F|  |TAMS 0x0000000085700000, 0x0000000085700000| Untracked 
|  88|0x0000000085800000, 0x0000000085800000, 0x0000000085900000|  0%| F|  |TAMS 0x0000000085800000, 0x0000000085800000| Untracked 
|  89|0x0000000085900000, 0x0000000085900000, 0x0000000085a00000|  0%| F|  |TAMS 0x0000000085900000, 0x0000000085900000| Untracked 
|  90|0x0000000085a00000, 0x0000000085b00000, 0x0000000085b00000|100%| S|CS|TAMS 0x0000000085a00000, 0x0000000085a00000| Complete 
|  91|0x0000000085b00000, 0x0000000085c00000, 0x0000000085c00000|100%| S|CS|TAMS 0x0000000085b00000, 0x0000000085b00000| Complete 
|  92|0x0000000085c00000, 0x0000000085c00000, 0x0000000085d00000|  0%| F|  |TAMS 0x0000000085c00000, 0x0000000085c00000| Untracked 
|  93|0x0000000085d00000, 0x0000000085d00000, 0x0000000085e00000|  0%| F|  |TAMS 0x0000000085d00000, 0x0000000085d00000| Untracked 
|  94|0x0000000085e00000, 0x0000000085e00000, 0x0000000085f00000|  0%| F|  |TAMS 0x0000000085e00000, 0x0000000085e00000| Untracked 
|  95|0x0000000085f00000, 0x0000000085f00000, 0x0000000086000000|  0%| F|  |TAMS 0x0000000085f00000, 0x0000000085f00000| Untracked 
|  96|0x0000000086000000, 0x0000000086000000, 0x0000000086100000|  0%| F|  |TAMS 0x0000000086000000, 0x0000000086000000| Untracked 
|  97|0x0000000086100000, 0x0000000086100000, 0x0000000086200000|  0%| F|  |TAMS 0x0000000086100000, 0x0000000086100000| Untracked 
|  98|0x0000000086200000, 0x0000000086200000, 0x0000000086300000|  0%| F|  |TAMS 0x0000000086200000, 0x0000000086200000| Untracked 
|  99|0x0000000086300000, 0x0000000086300000, 0x0000000086400000|  0%| F|  |TAMS 0x0000000086300000, 0x0000000086300000| Untracked 
| 100|0x0000000086400000, 0x0000000086400000, 0x0000000086500000|  0%| F|  |TAMS 0x0000000086400000, 0x0000000086400000| Untracked 
| 101|0x0000000086500000, 0x0000000086600000, 0x0000000086600000|100%| S|CS|TAMS 0x0000000086500000, 0x0000000086500000| Complete 
| 102|0x0000000086600000, 0x0000000086700000, 0x0000000086700000|100%| S|CS|TAMS 0x0000000086600000, 0x0000000086600000| Complete 
| 103|0x0000000086700000, 0x0000000086800000, 0x0000000086800000|100%| S|CS|TAMS 0x0000000086700000, 0x0000000086700000| Complete 
| 104|0x0000000086800000, 0x0000000086900000, 0x0000000086900000|100%| S|CS|TAMS 0x0000000086800000, 0x0000000086800000| Complete 
| 105|0x0000000086900000, 0x0000000086a00000, 0x0000000086a00000|100%| S|CS|TAMS 0x0000000086900000, 0x0000000086900000| Complete 
| 106|0x0000000086a00000, 0x0000000086b00000, 0x0000000086b00000|100%| S|CS|TAMS 0x0000000086a00000, 0x0000000086a00000| Complete 
| 107|0x0000000086b00000, 0x0000000086c00000, 0x0000000086c00000|100%| S|CS|TAMS 0x0000000086b00000, 0x0000000086b00000| Complete 
| 108|0x0000000086c00000, 0x0000000086d00000, 0x0000000086d00000|100%| S|CS|TAMS 0x0000000086c00000, 0x0000000086c00000| Complete 
| 109|0x0000000086d00000, 0x0000000086e00000, 0x0000000086e00000|100%| S|CS|TAMS 0x0000000086d00000, 0x0000000086d00000| Complete 
| 110|0x0000000086e00000, 0x0000000086e00000, 0x0000000086f00000|  0%| F|  |TAMS 0x0000000086e00000, 0x0000000086e00000| Untracked 
| 111|0x0000000086f00000, 0x0000000086f00000, 0x0000000087000000|  0%| F|  |TAMS 0x0000000086f00000, 0x0000000086f00000| Untracked 
| 112|0x0000000087000000, 0x0000000087000000, 0x0000000087100000|  0%| F|  |TAMS 0x0000000087000000, 0x0000000087000000| Untracked 
| 113|0x0000000087100000, 0x0000000087100000, 0x0000000087200000|  0%| F|  |TAMS 0x0000000087100000, 0x0000000087100000| Untracked 
| 114|0x0000000087200000, 0x0000000087200000, 0x0000000087300000|  0%| F|  |TAMS 0x0000000087200000, 0x0000000087200000| Untracked 
| 115|0x0000000087300000, 0x0000000087300000, 0x0000000087400000|  0%| F|  |TAMS 0x0000000087300000, 0x0000000087300000| Untracked 
| 116|0x0000000087400000, 0x0000000087400000, 0x0000000087500000|  0%| F|  |TAMS 0x0000000087400000, 0x0000000087400000| Untracked 
| 117|0x0000000087500000, 0x0000000087500000, 0x0000000087600000|  0%| F|  |TAMS 0x0000000087500000, 0x0000000087500000| Untracked 
| 118|0x0000000087600000, 0x0000000087600000, 0x0000000087700000|  0%| F|  |TAMS 0x0000000087600000, 0x0000000087600000| Untracked 
| 119|0x0000000087700000, 0x0000000087700000, 0x0000000087800000|  0%| F|  |TAMS 0x0000000087700000, 0x0000000087700000| Untracked 
| 120|0x0000000087800000, 0x0000000087800000, 0x0000000087900000|  0%| F|  |TAMS 0x0000000087800000, 0x0000000087800000| Untracked 
| 121|0x0000000087900000, 0x0000000087900000, 0x0000000087a00000|  0%| F|  |TAMS 0x0000000087900000, 0x0000000087900000| Untracked 
| 122|0x0000000087a00000, 0x0000000087a00000, 0x0000000087b00000|  0%| F|  |TAMS 0x0000000087a00000, 0x0000000087a00000| Untracked 
| 123|0x0000000087b00000, 0x0000000087b00000, 0x0000000087c00000|  0%| F|  |TAMS 0x0000000087b00000, 0x0000000087b00000| Untracked 
| 124|0x0000000087c00000, 0x0000000087c00000, 0x0000000087d00000|  0%| F|  |TAMS 0x0000000087c00000, 0x0000000087c00000| Untracked 
| 125|0x0000000087d00000, 0x0000000087d00000, 0x0000000087e00000|  0%| F|  |TAMS 0x0000000087d00000, 0x0000000087d00000| Untracked 
| 126|0x0000000087e00000, 0x0000000087e00000, 0x0000000087f00000|  0%| F|  |TAMS 0x0000000087e00000, 0x0000000087e00000| Untracked 
| 127|0x0000000087f00000, 0x0000000087f00000, 0x0000000088000000|  0%| F|  |TAMS 0x0000000087f00000, 0x0000000087f00000| Untracked 
| 128|0x0000000088000000, 0x0000000088000000, 0x0000000088100000|  0%| F|  |TAMS 0x0000000088000000, 0x0000000088000000| Untracked 
| 129|0x0000000088100000, 0x0000000088100000, 0x0000000088200000|  0%| F|  |TAMS 0x0000000088100000, 0x0000000088100000| Untracked 
| 130|0x0000000088200000, 0x0000000088200000, 0x0000000088300000|  0%| F|  |TAMS 0x0000000088200000, 0x0000000088200000| Untracked 
| 131|0x0000000088300000, 0x0000000088300000, 0x0000000088400000|  0%| F|  |TAMS 0x0000000088300000, 0x0000000088300000| Untracked 
| 132|0x0000000088400000, 0x0000000088400000, 0x0000000088500000|  0%| F|  |TAMS 0x0000000088400000, 0x0000000088400000| Untracked 
| 133|0x0000000088500000, 0x0000000088500000, 0x0000000088600000|  0%| F|  |TAMS 0x0000000088500000, 0x0000000088500000| Untracked 
| 134|0x0000000088600000, 0x0000000088600000, 0x0000000088700000|  0%| F|  |TAMS 0x0000000088600000, 0x0000000088600000| Untracked 
| 135|0x0000000088700000, 0x0000000088700000, 0x0000000088800000|  0%| F|  |TAMS 0x0000000088700000, 0x0000000088700000| Untracked 
| 136|0x0000000088800000, 0x0000000088800000, 0x0000000088900000|  0%| F|  |TAMS 0x0000000088800000, 0x0000000088800000| Untracked 
| 137|0x0000000088900000, 0x0000000088900000, 0x0000000088a00000|  0%| F|  |TAMS 0x0000000088900000, 0x0000000088900000| Untracked 
| 138|0x0000000088a00000, 0x0000000088a00000, 0x0000000088b00000|  0%| F|  |TAMS 0x0000000088a00000, 0x0000000088a00000| Untracked 
| 139|0x0000000088b00000, 0x0000000088b00000, 0x0000000088c00000|  0%| F|  |TAMS 0x0000000088b00000, 0x0000000088b00000| Untracked 
| 140|0x0000000088c00000, 0x0000000088c00000, 0x0000000088d00000|  0%| F|  |TAMS 0x0000000088c00000, 0x0000000088c00000| Untracked 
| 141|0x0000000088d00000, 0x0000000088d00000, 0x0000000088e00000|  0%| F|  |TAMS 0x0000000088d00000, 0x0000000088d00000| Untracked 
| 142|0x0000000088e00000, 0x0000000088e00000, 0x0000000088f00000|  0%| F|  |TAMS 0x0000000088e00000, 0x0000000088e00000| Untracked 
| 143|0x0000000088f00000, 0x0000000088f00000, 0x0000000089000000|  0%| F|  |TAMS 0x0000000088f00000, 0x0000000088f00000| Untracked 
| 144|0x0000000089000000, 0x0000000089000000, 0x0000000089100000|  0%| F|  |TAMS 0x0000000089000000, 0x0000000089000000| Untracked 
| 145|0x0000000089100000, 0x0000000089100000, 0x0000000089200000|  0%| F|  |TAMS 0x0000000089100000, 0x0000000089100000| Untracked 
| 146|0x0000000089200000, 0x0000000089200000, 0x0000000089300000|  0%| F|  |TAMS 0x0000000089200000, 0x0000000089200000| Untracked 
| 147|0x0000000089300000, 0x0000000089300000, 0x0000000089400000|  0%| F|  |TAMS 0x0000000089300000, 0x0000000089300000| Untracked 
| 148|0x0000000089400000, 0x0000000089400000, 0x0000000089500000|  0%| F|  |TAMS 0x0000000089400000, 0x0000000089400000| Untracked 
| 149|0x0000000089500000, 0x0000000089500000, 0x0000000089600000|  0%| F|  |TAMS 0x0000000089500000, 0x0000000089500000| Untracked 
| 150|0x0000000089600000, 0x0000000089600000, 0x0000000089700000|  0%| F|  |TAMS 0x0000000089600000, 0x0000000089600000| Untracked 
| 151|0x0000000089700000, 0x0000000089700000, 0x0000000089800000|  0%| F|  |TAMS 0x0000000089700000, 0x0000000089700000| Untracked 
| 152|0x0000000089800000, 0x0000000089800000, 0x0000000089900000|  0%| F|  |TAMS 0x0000000089800000, 0x0000000089800000| Untracked 
| 153|0x0000000089900000, 0x0000000089900000, 0x0000000089a00000|  0%| F|  |TAMS 0x0000000089900000, 0x0000000089900000| Untracked 
| 154|0x0000000089a00000, 0x0000000089a00000, 0x0000000089b00000|  0%| F|  |TAMS 0x0000000089a00000, 0x0000000089a00000| Untracked 
| 155|0x0000000089b00000, 0x0000000089b00000, 0x0000000089c00000|  0%| F|  |TAMS 0x0000000089b00000, 0x0000000089b00000| Untracked 
| 156|0x0000000089c00000, 0x0000000089c00000, 0x0000000089d00000|  0%| F|  |TAMS 0x0000000089c00000, 0x0000000089c00000| Untracked 
| 157|0x0000000089d00000, 0x0000000089d00000, 0x0000000089e00000|  0%| F|  |TAMS 0x0000000089d00000, 0x0000000089d00000| Untracked 
| 158|0x0000000089e00000, 0x0000000089e00000, 0x0000000089f00000|  0%| F|  |TAMS 0x0000000089e00000, 0x0000000089e00000| Untracked 
| 159|0x0000000089f00000, 0x0000000089f00000, 0x000000008a000000|  0%| F|  |TAMS 0x0000000089f00000, 0x0000000089f00000| Untracked 
| 160|0x000000008a000000, 0x000000008a000000, 0x000000008a100000|  0%| F|  |TAMS 0x000000008a000000, 0x000000008a000000| Untracked 
| 161|0x000000008a100000, 0x000000008a100000, 0x000000008a200000|  0%| F|  |TAMS 0x000000008a100000, 0x000000008a100000| Untracked 
| 162|0x000000008a200000, 0x000000008a200000, 0x000000008a300000|  0%| F|  |TAMS 0x000000008a200000, 0x000000008a200000| Untracked 
| 163|0x000000008a300000, 0x000000008a300000, 0x000000008a400000|  0%| F|  |TAMS 0x000000008a300000, 0x000000008a300000| Untracked 
| 164|0x000000008a400000, 0x000000008a400000, 0x000000008a500000|  0%| F|  |TAMS 0x000000008a400000, 0x000000008a400000| Untracked 
| 165|0x000000008a500000, 0x000000008a500000, 0x000000008a600000|  0%| F|  |TAMS 0x000000008a500000, 0x000000008a500000| Untracked 
| 166|0x000000008a600000, 0x000000008a600000, 0x000000008a700000|  0%| F|  |TAMS 0x000000008a600000, 0x000000008a600000| Untracked 
| 167|0x000000008a700000, 0x000000008a700000, 0x000000008a800000|  0%| F|  |TAMS 0x000000008a700000, 0x000000008a700000| Untracked 
| 168|0x000000008a800000, 0x000000008a800000, 0x000000008a900000|  0%| F|  |TAMS 0x000000008a800000, 0x000000008a800000| Untracked 
| 169|0x000000008a900000, 0x000000008a900000, 0x000000008aa00000|  0%| F|  |TAMS 0x000000008a900000, 0x000000008a900000| Untracked 
| 170|0x000000008aa00000, 0x000000008aa00000, 0x000000008ab00000|  0%| F|  |TAMS 0x000000008aa00000, 0x000000008aa00000| Untracked 
| 171|0x000000008ab00000, 0x000000008ab00000, 0x000000008ac00000|  0%| F|  |TAMS 0x000000008ab00000, 0x000000008ab00000| Untracked 
| 172|0x000000008ac00000, 0x000000008ac00000, 0x000000008ad00000|  0%| F|  |TAMS 0x000000008ac00000, 0x000000008ac00000| Untracked 
| 173|0x000000008ad00000, 0x000000008ad6c010, 0x000000008ae00000| 42%| E|  |TAMS 0x000000008ad00000, 0x000000008ad00000| Complete 
| 174|0x000000008ae00000, 0x000000008af00000, 0x000000008af00000|100%| E|CS|TAMS 0x000000008ae00000, 0x000000008ae00000| Complete 
| 175|0x000000008af00000, 0x000000008b000000, 0x000000008b000000|100%| E|CS|TAMS 0x000000008af00000, 0x000000008af00000| Complete 
| 176|0x000000008b000000, 0x000000008b100000, 0x000000008b100000|100%| E|  |TAMS 0x000000008b000000, 0x000000008b000000| Complete 
| 177|0x000000008b100000, 0x000000008b200000, 0x000000008b200000|100%| E|CS|TAMS 0x000000008b100000, 0x000000008b100000| Complete 
| 178|0x000000008b200000, 0x000000008b300000, 0x000000008b300000|100%| E|CS|TAMS 0x000000008b200000, 0x000000008b200000| Complete 
| 179|0x000000008b300000, 0x000000008b400000, 0x000000008b400000|100%| E|CS|TAMS 0x000000008b300000, 0x000000008b300000| Complete 
| 180|0x000000008b400000, 0x000000008b500000, 0x000000008b500000|100%| E|CS|TAMS 0x000000008b400000, 0x000000008b400000| Complete 
| 181|0x000000008b500000, 0x000000008b600000, 0x000000008b600000|100%| E|CS|TAMS 0x000000008b500000, 0x000000008b500000| Complete 
| 182|0x000000008b600000, 0x000000008b700000, 0x000000008b700000|100%| E|CS|TAMS 0x000000008b600000, 0x000000008b600000| Complete 
| 183|0x000000008b700000, 0x000000008b800000, 0x000000008b800000|100%| E|CS|TAMS 0x000000008b700000, 0x000000008b700000| Complete 
| 184|0x000000008b800000, 0x000000008b900000, 0x000000008b900000|100%| E|CS|TAMS 0x000000008b800000, 0x000000008b800000| Complete 

Card table byte_map: [0x000001e65a9b0000,0x000001e65adb0000] _byte_map_base: 0x000001e65a5b0000

Marking Bits (Prev, Next): (CMBitMap*) 0x000001e645a33700, (CMBitMap*) 0x000001e645a336c8
 Prev Bits: [0x000001e65d1b0000, 0x000001e65f1b0000)
 Next Bits: [0x000001e65b1b0000, 0x000001e65d1b0000)

Polling page: 0x000001e645ad0000

Metaspace:

Usage:
  Non-class:     73.73 MB capacity,    72.41 MB ( 98%) used,     1.11 MB (  2%) free+waste,   225.56 KB ( <1%) overhead. 
      Class:     11.56 MB capacity,    10.85 MB ( 94%) used,   625.71 KB (  5%) free+waste,   102.81 KB ( <1%) overhead. 
       Both:     85.30 MB capacity,    83.26 MB ( 98%) used,     1.72 MB (  2%) free+waste,   328.38 KB ( <1%) overhead. 

Virtual space:
  Non-class space:       74.00 MB reserved,      73.75 MB (>99%) committed 
      Class space:        1.00 GB reserved,      11.63 MB (  1%) committed 
             Both:        1.07 GB reserved,      85.38 MB (  8%) committed 

Chunk freelists:
   Non-Class:  16.00 KB
       Class:  1.00 KB
        Both:  17.00 KB

MaxMetaspaceSize: 17179869184.00 GB
CompressedClassSpaceSize: 1.00 GB

CodeHeap 'non-profiled nmethods': size=120000Kb used=5106Kb max_used=5106Kb free=114893Kb
 bounds [0x000001e652610000, 0x000001e652b10000, 0x000001e659b40000]
CodeHeap 'profiled nmethods': size=120000Kb used=18480Kb max_used=18480Kb free=101519Kb
 bounds [0x000001e64b0e0000, 0x000001e64c2f0000, 0x000001e652610000]
CodeHeap 'non-nmethods': size=5760Kb used=2274Kb max_used=2326Kb free=3486Kb
 bounds [0x000001e64ab40000, 0x000001e64adb0000, 0x000001e64b0e0000]
 total_blobs=9605 nmethods=8732 adapters=784
 compilation: enabled
              stopped_count=0, restarted_count=0
 full_count=0

Compilation events (20 events):
Event: 7.834 Thread 0x000001e662526000 8929       2       java.util.zip.ZipCoder$UTF8::toString (12 bytes)
Event: 7.834 Thread 0x000001e662526000 nmethod 8929 0x000001e64c2d8e10 code [0x000001e64c2d8fc0, 0x000001e64c2d90c8]
Event: 7.834 Thread 0x000001e662526000 8936       2       com.android.builder.dexing.ClassFileInput$$Lambda$852/0x0000000100b5f440::test (8 bytes)
Event: 7.834 Thread 0x000001e662526000 nmethod 8936 0x000001e64c2d9190 code [0x000001e64c2d9340, 0x000001e64c2d9488]
Event: 7.834 Thread 0x000001e662526000 8934   !   2       java.util.zip.ZipFile$ZipEntryIterator::next (76 bytes)
Event: 7.835 Thread 0x000001e662526000 nmethod 8934 0x000001e64c2d9590 code [0x000001e64c2d9780, 0x000001e64c2d9be8]
Event: 7.835 Thread 0x000001e662526000 8939       2       java.util.zip.ZipFile$$Lambda$850/0x0000000100b5f840::apply (12 bytes)
Event: 7.835 Thread 0x000001e662526000 nmethod 8939 0x000001e64c2d9f90 code [0x000001e64c2da140, 0x000001e64c2da308]
Event: 7.835 Thread 0x000001e662526000 8937       2       java.lang.StringCoding::newStringUTF8NoRepl (56 bytes)
Event: 7.835 Thread 0x000001e662526000 nmethod 8937 0x000001e64c2da410 code [0x000001e64c2da5e0, 0x000001e64c2da908]
Event: 7.835 Thread 0x000001e662526000 8938       2       com.android.builder.dexing.ClassFileInput::lambda$static$0 (64 bytes)
Event: 7.836 Thread 0x000001e662526000 nmethod 8938 0x000001e64c2daa90 code [0x000001e64c2dacc0, 0x000001e64c2daff8]
Event: 7.836 Thread 0x000001e662526000 8935       2       com.android.build.gradle.internal.dependency.BaseDexingTransform$processNonIncrementally$3::invoke (16 bytes)
Event: 7.836 Thread 0x000001e662526000 nmethod 8935 0x000001e64c2db290 code [0x000001e64c2db460, 0x000001e64c2db638]
Event: 7.836 Thread 0x000001e662526000 8941       2       com.android.build.gradle.internal.dependency.BaseDexingTransform$processNonIncrementally$3::invoke (14 bytes)
Event: 7.836 Thread 0x000001e662526000 nmethod 8941 0x000001e64c2db790 code [0x000001e64c2db960, 0x000001e64c2dbab8]
Event: 7.849 Thread 0x000001e664f10800 nmethod 8470 0x000001e652af8410 code [0x000001e652af8e80, 0x000001e652aff530]
Event: 7.849 Thread 0x000001e664f10800 8705   !   4       java.io.BufferedReader::readLine (304 bytes)
Event: 7.856 Thread 0x000001e662526000 8942       2       java.lang.Long::getChars (208 bytes)
Event: 7.857 Thread 0x000001e662526000 nmethod 8942 0x000001e64c2dbb90 code [0x000001e64c2dbd80, 0x000001e64c2dc258]

GC Heap History (20 events):
Event: 2.276 GC heap before
{Heap before GC invocations=4 (full 0):
 garbage-first heap   total 131072K, used 66889K [0x0000000080000000, 0x0000000100000000)
  region size 1024K, 51 young (52224K), 1 survivors (1024K)
 Metaspace       used 26364K, capacity 26937K, committed 27008K, reserved 1073152K
  class space    used 3457K, capacity 3698K, committed 3712K, reserved 1048576K
}
Event: 2.278 GC heap after
{Heap after GC invocations=5 (full 0):
 garbage-first heap   total 131072K, used 18365K [0x0000000080000000, 0x0000000100000000)
  region size 1024K, 3 young (3072K), 3 survivors (3072K)
 Metaspace       used 26364K, capacity 26937K, committed 27008K, reserved 1073152K
  class space    used 3457K, capacity 3698K, committed 3712K, reserved 1048576K
}
Event: 2.753 GC heap before
{Heap before GC invocations=5 (full 0):
 garbage-first heap   total 131072K, used 65469K [0x0000000080000000, 0x0000000100000000)
  region size 1024K, 50 young (51200K), 3 survivors (3072K)
 Metaspace       used 35110K, capacity 35773K, committed 35840K, reserved 1081344K
  class space    used 4568K, capacity 4856K, committed 4864K, reserved 1048576K
}
Event: 2.759 GC heap after
{Heap after GC invocations=6 (full 0):
 garbage-first heap   total 131072K, used 21617K [0x0000000080000000, 0x0000000100000000)
  region size 1024K, 6 young (6144K), 6 survivors (6144K)
 Metaspace       used 35110K, capacity 35773K, committed 35840K, reserved 1081344K
  class space    used 4568K, capacity 4856K, committed 4864K, reserved 1048576K
}
Event: 3.219 GC heap before
{Heap before GC invocations=7 (full 0):
 garbage-first heap   total 131072K, used 85105K [0x0000000080000000, 0x0000000100000000)
  region size 1024K, 65 young (66560K), 6 survivors (6144K)
 Metaspace       used 40785K, capacity 41662K, committed 41984K, reserved 1085440K
  class space    used 5213K, capacity 5533K, committed 5632K, reserved 1048576K
}
Event: 3.225 GC heap after
{Heap after GC invocations=8 (full 0):
 garbage-first heap   total 131072K, used 25643K [0x0000000080000000, 0x0000000100000000)
  region size 1024K, 8 young (8192K), 8 survivors (8192K)
 Metaspace       used 40785K, capacity 41662K, committed 41984K, reserved 1085440K
  class space    used 5213K, capacity 5533K, committed 5632K, reserved 1048576K
}
Event: 3.706 GC heap before
{Heap before GC invocations=8 (full 0):
 garbage-first heap   total 131072K, used 87083K [0x0000000080000000, 0x0000000100000000)
  region size 1024K, 68 young (69632K), 8 survivors (8192K)
 Metaspace       used 44407K, capacity 45448K, committed 45568K, reserved 1089536K
  class space    used 5701K, capacity 6074K, committed 6144K, reserved 1048576K
}
Event: 3.713 GC heap after
{Heap after GC invocations=9 (full 0):
 garbage-first heap   total 157696K, used 28886K [0x0000000080000000, 0x0000000100000000)
  region size 1024K, 8 young (8192K), 8 survivors (8192K)
 Metaspace       used 44407K, capacity 45448K, committed 45568K, reserved 1089536K
  class space    used 5701K, capacity 6074K, committed 6144K, reserved 1048576K
}
Event: 4.271 GC heap before
{Heap before GC invocations=9 (full 0):
 garbage-first heap   total 157696K, used 110806K [0x0000000080000000, 0x0000000100000000)
  region size 1024K, 82 young (83968K), 8 survivors (8192K)
 Metaspace       used 51513K, capacity 52784K, committed 52992K, reserved 1095680K
  class space    used 6576K, capacity 7055K, committed 7168K, reserved 1048576K
}
Event: 4.278 GC heap after
{Heap after GC invocations=10 (full 0):
 garbage-first heap   total 157696K, used 44717K [0x0000000080000000, 0x0000000100000000)
  region size 1024K, 11 young (11264K), 11 survivors (11264K)
 Metaspace       used 51513K, capacity 52784K, committed 52992K, reserved 1095680K
  class space    used 6576K, capacity 7055K, committed 7168K, reserved 1048576K
}
Event: 4.834 GC heap before
{Heap before GC invocations=10 (full 0):
 garbage-first heap   total 157696K, used 103085K [0x0000000080000000, 0x0000000100000000)
  region size 1024K, 69 young (70656K), 11 survivors (11264K)
 Metaspace       used 58668K, capacity 60067K, committed 60160K, reserved 1101824K
  class space    used 7448K, capacity 7971K, committed 8064K, reserved 1048576K
}
Event: 4.850 GC heap after
{Heap after GC invocations=11 (full 0):
 garbage-first heap   total 157696K, used 50640K [0x0000000080000000, 0x0000000100000000)
  region size 1024K, 6 young (6144K), 6 survivors (6144K)
 Metaspace       used 58668K, capacity 60067K, committed 60160K, reserved 1101824K
  class space    used 7448K, capacity 7971K, committed 8064K, reserved 1048576K
}
Event: 5.362 GC heap before
{Heap before GC invocations=12 (full 0):
 garbage-first heap   total 157696K, used 113104K [0x0000000080000000, 0x0000000100000000)
  region size 1024K, 67 young (68608K), 6 survivors (6144K)
 Metaspace       used 63110K, capacity 64580K, committed 64640K, reserved 1105920K
  class space    used 8007K, capacity 8554K, committed 8576K, reserved 1048576K
}
Event: 5.368 GC heap after
{Heap after GC invocations=13 (full 0):
 garbage-first heap   total 157696K, used 54961K [0x0000000080000000, 0x0000000100000000)
  region size 1024K, 6 young (6144K), 6 survivors (6144K)
 Metaspace       used 63110K, capacity 64580K, committed 64640K, reserved 1105920K
  class space    used 8007K, capacity 8554K, committed 8576K, reserved 1048576K
}
Event: 5.964 GC heap before
{Heap before GC invocations=13 (full 0):
 garbage-first heap   total 157696K, used 116401K [0x0000000080000000, 0x0000000100000000)
  region size 1024K, 66 young (67584K), 6 survivors (6144K)
 Metaspace       used 70679K, capacity 72268K, committed 72576K, reserved 1112064K
  class space    used 9168K, capacity 9760K, committed 9856K, reserved 1048576K
}
Event: 5.971 GC heap after
{Heap after GC invocations=14 (full 0):
 garbage-first heap   total 189440K, used 59078K [0x0000000080000000, 0x0000000100000000)
  region size 1024K, 5 young (5120K), 5 survivors (5120K)
 Metaspace       used 70679K, capacity 72268K, committed 72576K, reserved 1112064K
  class space    used 9168K, capacity 9760K, committed 9856K, reserved 1048576K
}
Event: 6.749 GC heap before
{Heap before GC invocations=14 (full 0):
 garbage-first heap   total 189440K, used 135878K [0x0000000080000000, 0x0000000100000000)
  region size 1024K, 80 young (81920K), 5 survivors (5120K)
 Metaspace       used 78297K, capacity 80059K, committed 80384K, reserved 1118208K
  class space    used 10214K, capacity 10892K, committed 11008K, reserved 1048576K
}
Event: 6.754 GC heap after
{Heap after GC invocations=15 (full 0):
 garbage-first heap   total 189440K, used 63339K [0x0000000080000000, 0x0000000100000000)
  region size 1024K, 9 young (9216K), 9 survivors (9216K)
 Metaspace       used 78297K, capacity 80059K, committed 80384K, reserved 1118208K
  class space    used 10214K, capacity 10892K, committed 11008K, reserved 1048576K
}
Event: 7.340 GC heap before
{Heap before GC invocations=15 (full 0):
 garbage-first heap   total 189440K, used 139115K [0x0000000080000000, 0x0000000100000000)
  region size 1024K, 84 young (86016K), 9 survivors (9216K)
 Metaspace       used 81219K, capacity 83138K, committed 83328K, reserved 1122304K
  class space    used 10597K, capacity 11291K, committed 11392K, reserved 1048576K
}
Event: 7.350 GC heap after
{Heap after GC invocations=16 (full 0):
 garbage-first heap   total 189440K, used 67506K [0x0000000080000000, 0x0000000100000000)
  region size 1024K, 9 young (9216K), 9 survivors (9216K)
 Metaspace       used 81219K, capacity 83138K, committed 83328K, reserved 1122304K
  class space    used 10597K, capacity 11291K, committed 11392K, reserved 1048576K
}

Deoptimization events (20 events):
Event: 7.807 Thread 0x000001e6652a9000 Uncommon trap: trap_request=0xffffff4d fr.pc=0x000001e652a6befc relative=0x00000000000013fc
Event: 7.807 Thread 0x000001e6652a9000 Uncommon trap: reason=unstable_if action=reinterpret pc=0x000001e652a6befc method=java.util.concurrent.ConcurrentHashMap.putVal(Ljava/lang/Object;Ljava/lang/Object;Z)Ljava/lang/Object; @ 97 c2
Event: 7.807 Thread 0x000001e6652a9000 DEOPT PACKING pc=0x000001e652a6befc sp=0x0000006ec79faea0
Event: 7.807 Thread 0x000001e6652a9000 DEOPT UNPACKING pc=0x000001e64ab674af sp=0x0000006ec79fae38 mode 2
Event: 7.837 Thread 0x000001e66b1a6800 Uncommon trap: trap_request=0xffffff4d fr.pc=0x000001e6528cfcdc relative=0x00000000000000bc
Event: 7.837 Thread 0x000001e66b1a6800 Uncommon trap: reason=unstable_if action=reinterpret pc=0x000001e6528cfcdc method=jdk.internal.misc.Unsafe.convEndian(ZS)S @ 4 c2
Event: 7.837 Thread 0x000001e66b1a6800 DEOPT PACKING pc=0x000001e6528cfcdc sp=0x0000006ed00fd2f0
Event: 7.837 Thread 0x000001e66b1a6800 DEOPT UNPACKING pc=0x000001e64ab674af sp=0x0000006ed00fd1b0 mode 2
Event: 7.855 Thread 0x000001e66b1a6800 Uncommon trap: trap_request=0xffffff4d fr.pc=0x000001e6526d658c relative=0x000000000000130c
Event: 7.855 Thread 0x000001e66b1a6800 Uncommon trap: reason=unstable_if action=reinterpret pc=0x000001e6526d658c method=java.util.concurrent.ConcurrentHashMap.transfer([Ljava/util/concurrent/ConcurrentHashMap$Node;[Ljava/util/concurrent/ConcurrentHashMap$Node;)V @ 34 c2
Event: 7.855 Thread 0x000001e66b1a6800 DEOPT PACKING pc=0x000001e6526d658c sp=0x0000006ed00fb2a0
Event: 7.855 Thread 0x000001e66b1a6800 DEOPT UNPACKING pc=0x000001e64ab674af sp=0x0000006ed00fb248 mode 2
Event: 7.855 Thread 0x000001e66b1a6800 Uncommon trap: trap_request=0xffffff4d fr.pc=0x000001e6526c4c04 relative=0x0000000000001224
Event: 7.855 Thread 0x000001e66b1a6800 Uncommon trap: reason=unstable_if action=reinterpret pc=0x000001e6526c4c04 method=java.util.concurrent.ConcurrentHashMap.transfer([Ljava/util/concurrent/ConcurrentHashMap$Node;[Ljava/util/concurrent/ConcurrentHashMap$Node;)V @ 273 c2
Event: 7.855 Thread 0x000001e66b1a6800 DEOPT PACKING pc=0x000001e6526c4c04 sp=0x0000006ed00fb2c0
Event: 7.855 Thread 0x000001e66b1a6800 DEOPT UNPACKING pc=0x000001e64ab674af sp=0x0000006ed00fb240 mode 2
Event: 7.856 Thread 0x000001e66b1a6800 Uncommon trap: trap_request=0xffffff4d fr.pc=0x000001e652ae8bb0 relative=0x0000000000001190
Event: 7.856 Thread 0x000001e66b1a6800 Uncommon trap: reason=unstable_if action=reinterpret pc=0x000001e652ae8bb0 method=sun.nio.fs.WindowsPathParser.normalize(Ljava/lang/StringBuilder;Ljava/lang/String;I)Ljava/lang/String; @ 100 c2
Event: 7.856 Thread 0x000001e66b1a6800 DEOPT PACKING pc=0x000001e652ae8bb0 sp=0x0000006ed00fc790
Event: 7.856 Thread 0x000001e66b1a6800 DEOPT UNPACKING pc=0x000001e64ab674af sp=0x0000006ed00fc780 mode 2

Classes redefined (0 events):
No events

Internal exceptions (20 events):
Event: 6.631 Thread 0x000001e664beb800 Exception <a 'java/lang/NoSuchMethodError'{0x00000000876dc008}: <clinit>> (0x00000000876dc008) thrown at [./src/hotspot/share/prims/jni.cpp, line 1362]
Event: 6.742 Thread 0x000001e66b1a2800 Exception <a 'java/lang/NoSuchMethodError'{0x0000000086e21a60}: 'java.lang.Object java.lang.invoke.Invokers$Holder.linkToTargetMethod(java.lang.Object, java.lang.Object, java.lang.Object, java.lang.Object, java.lang.Object, java.lang.Object, java.lang.Object)'> (0x0000000086e21a60) thrown at [./src/hotspot/share/interpreter/linkResolver.cpp, line 773]
Event: 6.764 Thread 0x000001e66529c800 Exception <a 'java/lang/NoSuchMethodError'{0x000000008b784268}: 'java.lang.Object java.lang.invoke.DirectMethodHandle$Holder.invokeSpecialIFC(java.lang.Object, java.lang.Object, java.lang.Object)'> (0x000000008b784268) thrown at [./src/hotspot/share/interpreter/linkResolver.cpp, line 773]
Event: 6.764 Thread 0x000001e6652a8000 Exception <a 'java/lang/NoSuchMethodError'{0x000000008b8e5e40}: 'java.lang.Object java.lang.invoke.DirectMethodHandle$Holder.invokeSpecialIFC(java.lang.Object, java.lang.Object, java.lang.Object)'> (0x000000008b8e5e40) thrown at [./src/hotspot/share/interpreter/linkResolver.cpp, line 773]
Event: 6.764 Thread 0x000001e6652a3000 Exception <a 'java/lang/NoSuchMethodError'{0x000000008b7ad978}: 'java.lang.Object java.lang.invoke.DirectMethodHandle$Holder.invokeSpecialIFC(java.lang.Object, java.lang.Object, java.lang.Object)'> (0x000000008b7ad978) thrown at [./src/hotspot/share/interpreter/linkResolver.cpp, line 773]
Event: 6.764 Thread 0x000001e66b1a2800 Exception <a 'java/lang/NoSuchMethodError'{0x000000008b873c28}: 'java.lang.Object java.lang.invoke.DirectMethodHandle$Holder.invokeSpecialIFC(java.lang.Object, java.lang.Object, java.lang.Object)'> (0x000000008b873c28) thrown at [./src/hotspot/share/interpreter/linkResolver.cpp, line 773]
Event: 6.764 Thread 0x000001e6652a2800 Exception <a 'java/lang/NoSuchMethodError'{0x000000008b8bc270}: 'java.lang.Object java.lang.invoke.DirectMethodHandle$Holder.invokeSpecialIFC(java.lang.Object, java.lang.Object, java.lang.Object)'> (0x000000008b8bc270) thrown at [./src/hotspot/share/interpreter/linkResolver.cpp, line 773]
Event: 6.764 Thread 0x000001e66529f000 Exception <a 'java/lang/NoSuchMethodError'{0x000000008b75b3a8}: 'java.lang.Object java.lang.invoke.DirectMethodHandle$Holder.invokeSpecialIFC(java.lang.Object, java.lang.Object, java.lang.Object)'> (0x000000008b75b3a8) thrown at [./src/hotspot/share/interpreter/linkResolver.cpp, line 773]
Event: 7.124 Thread 0x000001e66b1a3800 Exception <a 'java/lang/NoSuchMethodError'{0x00000000889b31d0}: <clinit>> (0x00000000889b31d0) thrown at [./src/hotspot/share/prims/jni.cpp, line 1362]
Event: 7.143 Thread 0x000001e6652a8000 Implicit null exception at 0x000001e652aa85ce to 0x000001e652aa8d9c
Event: 7.143 Thread 0x000001e66529c800 Implicit null exception at 0x000001e652aa85ce to 0x000001e652aa8d9c
Event: 7.148 Thread 0x000001e6652a8000 Implicit null exception at 0x000001e652aacb52 to 0x000001e652aacf58
Event: 7.192 Thread 0x000001e66b1a3800 Exception <a 'java/lang/NoSuchMethodError'{0x000000008823d210}: 'java.lang.Object java.lang.invoke.DirectMethodHandle$Holder.invokeSpecial(java.lang.Object, java.lang.Object, int, java.lang.Object, java.lang.Object)'> (0x000000008823d210) thrown at [./src/hotspot/share/interpreter/linkResolver.cpp, line 773]
Event: 7.193 Thread 0x000001e66b1a3800 Exception <a 'java/lang/NoSuchMethodError'{0x0000000088245748}: 'java.lang.Object java.lang.invoke.DirectMethodHandle$Holder.invokeStatic(java.lang.Object, java.lang.Object, int, java.lang.Object)'> (0x0000000088245748) thrown at [./src/hotspot/share/interpreter/linkResolver.cpp, line 773]
Event: 7.193 Thread 0x000001e66b1a3800 Exception <a 'java/lang/NoSuchMethodError'{0x0000000088249198}: 'java.lang.Object java.lang.invoke.Invokers$Holder.linkToTargetMethod(java.lang.Object, int, java.lang.Object, java.lang.Object)'> (0x0000000088249198) thrown at [./src/hotspot/share/interpreter/linkResolver.cpp, line 773]
Event: 7.203 Thread 0x000001e66b1a3800 Exception <a 'java/lang/NoSuchMethodError'{0x00000000882920f0}: 'void java.lang.invoke.DirectMethodHandle$Holder.invokeVirtual(java.lang.Object, java.lang.Object)'> (0x00000000882920f0) thrown at [./src/hotspot/share/interpreter/linkResolver.cpp, line 773]
Event: 7.543 Thread 0x000001e66b19f800 Exception <a 'java/lang/NoSuchMethodError'{0x0000000089f8a240}: 'void java.lang.invoke.DirectMethodHandle$Holder.invokeStatic(java.lang.Object, java.lang.Object, java.lang.Object, java.lang.Object, int, java.lang.Object)'> (0x0000000089f8a240) thrown at [./src/hotspot/share/interpreter/linkResolver.cpp, line 773]
Event: 7.719 Thread 0x000001e664beb800 Exception <a 'java/lang/NoSuchMethodError'{0x00000000887df818}: <clinit>> (0x00000000887df818) thrown at [./src/hotspot/share/prims/jni.cpp, line 1362]
Event: 7.754 Thread 0x000001e66b1a9000 Exception <a 'java/lang/NoSuchMethodError'{0x0000000088048308}: 'int java.lang.invoke.DirectMethodHandle$Holder.invokeSpecial(java.lang.Object, java.lang.Object, java.lang.Object, java.lang.Object, java.lang.Object)'> (0x0000000088048308) thrown at [./src/hotspot/share/interpreter/linkResolver.cpp, line 773]
Event: 7.775 Thread 0x000001e66b1a6800 Exception <a 'sun/nio/fs/WindowsException'{0x0000000087fb4e68}> (0x0000000087fb4e68) thrown at [./src/hotspot/share/prims/jni.cpp, line 615]

Events (20 events):
Event: 7.859 loading class com/android/tools/build/apkzlib/zip/Eocd done
Event: 7.859 loading class com/android/tools/r8/DataResourceProvider$Visitor
Event: 7.859 loading class com/android/tools/r8/DataResourceProvider$Visitor done
Event: 7.859 loading class com/android/tools/build/apkzlib/zip/ZipField$F4
Event: 7.859 loading class com/android/tools/build/apkzlib/zip/ZipField$F4 done
Event: 7.859 loading class com/android/tools/r8/utils/e$b
Event: 7.859 loading class com/android/tools/r8/utils/e$b done
Event: 7.859 loading class com/android/tools/build/apkzlib/zip/ZipField
Event: 7.859 loading class com/android/tools/build/apkzlib/zip/ZipField done
Event: 7.860 loading class com/android/tools/build/apkzlib/zip/ZipField$F2
Event: 7.860 loading class com/android/tools/build/apkzlib/zip/ZipField$F2 done
Event: 7.860 loading class com/android/tools/build/apkzlib/zip/ZipFieldInvariant
Event: 7.860 loading class com/android/tools/build/apkzlib/zip/ZipFieldInvariant done
Event: 7.860 loading class com/android/tools/r8/ProgramResourceProvider
Event: 7.860 loading class com/android/tools/r8/ProgramResourceProvider done
Event: 7.860 loading class com/android/tools/build/apkzlib/zip/ZipFieldInvariantNonNegative
Event: 7.860 loading class com/android/tools/build/apkzlib/zip/ZipFieldInvariantNonNegative done
Event: 7.860 loading class com/android/tools/build/apkzlib/zip/ZipFieldInvariantMaxValue
Event: 7.860 loading class com/android/tools/build/apkzlib/zip/ZipFieldInvariantMaxValue done
Event: 7.860 loading class java/util/zip/ZipInputStream


Dynamic libraries:
0x00007ff604290000 - 0x00007ff60429a000 	C:\Program Files\Android\Android Studio\jre\bin\java.exe
0x00007fff961d0000 - 0x00007fff963c5000 	C:\WINDOWS\SYSTEM32\ntdll.dll
0x00007fff95e70000 - 0x00007fff95f2d000 	C:\WINDOWS\System32\KERNEL32.DLL
0x00007fff93e30000 - 0x00007fff940f9000 	C:\WINDOWS\System32\KERNELBASE.dll
0x00007fff93a90000 - 0x00007fff93b90000 	C:\WINDOWS\System32\ucrtbase.dll
0x00007fff87e80000 - 0x00007fff87e97000 	C:\Program Files\Android\Android Studio\jre\bin\VCRUNTIME140.dll
0x00007fff87e60000 - 0x00007fff87e79000 	C:\Program Files\Android\Android Studio\jre\bin\jli.dll
0x00007fff95820000 - 0x00007fff959c0000 	C:\WINDOWS\System32\USER32.dll
0x00007fff94100000 - 0x00007fff94122000 	C:\WINDOWS\System32\win32u.dll
0x00007fff94f10000 - 0x00007fff94f3a000 	C:\WINDOWS\System32\GDI32.dll
0x00007fff7ffe0000 - 0x00007fff8027a000 	C:\WINDOWS\WinSxS\amd64_microsoft.windows.common-controls_6595b64144ccf1df_6.0.19041.1083_none_60bbe31371f34e71\COMCTL32.dll
0x00007fff94130000 - 0x00007fff9423b000 	C:\WINDOWS\System32\gdi32full.dll
0x00007fff95530000 - 0x00007fff955ce000 	C:\WINDOWS\System32\msvcrt.dll
0x00007fff939a0000 - 0x00007fff93a3d000 	C:\WINDOWS\System32\msvcp_win.dll
0x00007fff946b0000 - 0x00007fff946e0000 	C:\WINDOWS\System32\IMM32.DLL
0x00007fff68e20000 - 0x00007fff68ebd000 	C:\Program Files\Android\Android Studio\jre\bin\msvcp140.dll
0x00007fff5b5a0000 - 0x00007fff5c05c000 	C:\Program Files\Android\Android Studio\jre\bin\server\jvm.dll
0x00007fff95650000 - 0x00007fff956fc000 	C:\WINDOWS\System32\ADVAPI32.dll
0x00007fff95020000 - 0x00007fff950bb000 	C:\WINDOWS\System32\sechost.dll
0x00007fff95f30000 - 0x00007fff9605a000 	C:\WINDOWS\System32\RPCRT4.dll
0x00007fff946e0000 - 0x00007fff946e8000 	C:\WINDOWS\System32\PSAPI.DLL
0x00007fff8a770000 - 0x00007fff8a797000 	C:\WINDOWS\SYSTEM32\WINMM.dll
0x00007fff8c6b0000 - 0x00007fff8c6b9000 	C:\WINDOWS\SYSTEM32\WSOCK32.dll
0x00007fff8c7b0000 - 0x00007fff8c7ba000 	C:\WINDOWS\SYSTEM32\VERSION.dll
0x00007fff955d0000 - 0x00007fff9563b000 	C:\WINDOWS\System32\WS2_32.dll
0x00007fff921d0000 - 0x00007fff921e2000 	C:\WINDOWS\SYSTEM32\kernel.appcore.dll
0x00007fff8d6f0000 - 0x00007fff8d701000 	C:\Program Files\Android\Android Studio\jre\bin\verify.dll
0x00007fff915f0000 - 0x00007fff917d4000 	C:\WINDOWS\SYSTEM32\DBGHELP.DLL
0x00007fff822d0000 - 0x00007fff822fc000 	C:\WINDOWS\SYSTEM32\dbgcore.DLL
0x00007fff93910000 - 0x00007fff93993000 	C:\WINDOWS\System32\bcryptPrimitives.dll
0x00007fff8bb10000 - 0x00007fff8bb39000 	C:\Program Files\Android\Android Studio\jre\bin\java.dll
0x00007fff90e80000 - 0x00007fff90e8b000 	C:\Program Files\Android\Android Studio\jre\bin\jimage.dll
0x00007fff88460000 - 0x00007fff88478000 	C:\Program Files\Android\Android Studio\jre\bin\zip.dll
0x00007fff946f0000 - 0x00007fff94e2f000 	C:\WINDOWS\System32\SHELL32.dll
0x00007fff91a20000 - 0x00007fff921b1000 	C:\WINDOWS\SYSTEM32\windows.storage.dll
0x00007fff951d0000 - 0x00007fff95525000 	C:\WINDOWS\System32\combase.dll
0x00007fff93380000 - 0x00007fff933ac000 	C:\WINDOWS\SYSTEM32\Wldp.dll
0x00007fff95770000 - 0x00007fff9581e000 	C:\WINDOWS\System32\SHCORE.dll
0x00007fff959c0000 - 0x00007fff95a15000 	C:\WINDOWS\System32\shlwapi.dll
0x00007fff93850000 - 0x00007fff9386f000 	C:\WINDOWS\SYSTEM32\profapi.dll
0x00007fff88270000 - 0x00007fff8828a000 	C:\Program Files\Android\Android Studio\jre\bin\net.dll
0x00007fff84850000 - 0x00007fff8495a000 	C:\WINDOWS\SYSTEM32\WINHTTP.dll
0x00007fff93070000 - 0x00007fff930da000 	C:\WINDOWS\system32\mswsock.dll
0x00007fff87570000 - 0x00007fff87584000 	C:\Program Files\Android\Android Studio\jre\bin\nio.dll
0x00007fff7e9a0000 - 0x00007fff7e9c7000 	C:\Users\Dark Knight\.gradle\native\fdc75f09e3144964f2cf3f50f0aa648679c211496f362492102eb8c894070792\windows-amd64\native-platform.dll
0x00007fff3f9a0000 - 0x00007fff3fb36000 	C:\Users\Dark Knight\.gradle\native\12488b8bf47d2d4c9fbf2f6322a914ad602e24e48041cd04a747c6da556b65c4\windows-amd64\native-platform-file-events.dll
0x00007fff8edb0000 - 0x00007fff8edba000 	C:\Program Files\Android\Android Studio\jre\bin\management.dll
0x00007fff8ed90000 - 0x00007fff8ed9c000 	C:\Program Files\Android\Android Studio\jre\bin\management_ext.dll
0x00007fff93260000 - 0x00007fff93278000 	C:\WINDOWS\SYSTEM32\CRYPTSP.dll
0x00007fff929b0000 - 0x00007fff929e4000 	C:\WINDOWS\system32\rsaenh.dll
0x00007fff93cf0000 - 0x00007fff93d17000 	C:\WINDOWS\System32\bcrypt.dll
0x00007fff937d0000 - 0x00007fff937fe000 	C:\WINDOWS\SYSTEM32\USERENV.dll
0x00007fff93250000 - 0x00007fff9325c000 	C:\WINDOWS\SYSTEM32\CRYPTBASE.dll
0x00007fff92d60000 - 0x00007fff92d9b000 	C:\WINDOWS\SYSTEM32\IPHLPAPI.DLL
0x00007fff95760000 - 0x00007fff95768000 	C:\WINDOWS\System32\NSI.dll
0x00007fff8a6b0000 - 0x00007fff8a6c7000 	C:\WINDOWS\SYSTEM32\dhcpcsvc6.DLL
0x00007fff8a9c0000 - 0x00007fff8a9dd000 	C:\WINDOWS\SYSTEM32\dhcpcsvc.DLL
0x00007fff92da0000 - 0x00007fff92e6c000 	C:\WINDOWS\SYSTEM32\DNSAPI.dll
0x00007fff8be80000 - 0x00007fff8be8b000 	C:\WINDOWS\SYSTEM32\WINNSI.DLL

dbghelp: loaded successfully - version: 4.0.5 - missing functions: none
symbol engine: initialized successfully - sym options: 0x614 - pdb path: .;C:\Program Files\Android\Android Studio\jre\bin;C:\WINDOWS\SYSTEM32;C:\WINDOWS\WinSxS\amd64_microsoft.windows.common-controls_6595b64144ccf1df_6.0.19041.1083_none_60bbe31371f34e71;C:\Program Files\Android\Android Studio\jre\bin\server;C:\Users\Dark Knight\.gradle\native\fdc75f09e3144964f2cf3f50f0aa648679c211496f362492102eb8c894070792\windows-amd64;C:\Users\Dark Knight\.gradle\native\12488b8bf47d2d4c9fbf2f6322a914ad602e24e48041cd04a747c6da556b65c4\windows-amd64

VM Arguments:
jvm_args: --add-opens=java.base/java.util=ALL-UNNAMED --add-opens=java.base/java.lang=ALL-UNNAMED --add-opens=java.base/java.lang.invoke=ALL-UNNAMED --add-opens=java.prefs/java.util.prefs=ALL-UNNAMED -Xmx2048m -Dfile.encoding=UTF-8 -Duser.country=IN -Duser.language=en -Duser.variant 
java_command: org.gradle.launcher.daemon.bootstrap.GradleDaemon 6.7.1
java_class_path (initial): C:\Users\Dark Knight\.gradle\wrapper\dists\gradle-6.7.1-bin\bwlcbys1h7rz3272sye1xwiv6\gradle-6.7.1\lib\gradle-launcher-6.7.1.jar
Launcher Type: SUN_STANDARD

[Global flags]
     intx CICompilerCount                          = 4                                         {product} {ergonomic}
     uint ConcGCThreads                            = 2                                         {product} {ergonomic}
     uint G1ConcRefinementThreads                  = 8                                         {product} {ergonomic}
   size_t G1HeapRegionSize                         = 1048576                                   {product} {ergonomic}
    uintx GCDrainStackTargetSize                   = 64                                        {product} {ergonomic}
   size_t InitialHeapSize                          = 134217728                                 {product} {ergonomic}
   size_t MarkStackSize                            = 4194304                                   {product} {ergonomic}
   size_t MaxHeapSize                              = 2147483648                                {product} {command line}
   size_t MaxNewSize                               = 1287651328                                {product} {ergonomic}
   size_t MinHeapDeltaBytes                        = 1048576                                   {product} {ergonomic}
    uintx NonNMethodCodeHeapSize                   = 5836300                                {pd product} {ergonomic}
    uintx NonProfiledCodeHeapSize                  = 122910970                              {pd product} {ergonomic}
    uintx ProfiledCodeHeapSize                     = 122910970                              {pd product} {ergonomic}
    uintx ReservedCodeCacheSize                    = 251658240                              {pd product} {ergonomic}
     bool SegmentedCodeCache                       = true                                      {product} {ergonomic}
     bool UseCompressedClassPointers               = true                                 {lp64_product} {ergonomic}
     bool UseCompressedOops                        = true                                 {lp64_product} {ergonomic}
     bool UseG1GC                                  = true                                      {product} {ergonomic}
     bool UseLargePagesIndividualAllocation        = false                                  {pd product} {ergonomic}

Logging:
Log output configuration:
 #0: stdout all=warning uptime,level,tags
 #1: stderr all=off uptime,level,tags

Environment Variables:
PATH=C:\Windows\system32;C:\Windows;C:\Windows\System32\Wbem;C:\Windows\System32\WindowsPowerShell\v1.0\;C:\Windows\System32\OpenSSH\;C:\Program Files (x86)\NVIDIA Corporation\PhysX\Common;C:\Program Files\NVIDIA Corporation\NVIDIA NvDLISR;C:\WINDOWS\system32;C:\WINDOWS;C:\WINDOWS\System32\Wbem;C:\WINDOWS\System32\WindowsPowerShell\v1.0\;C:\WINDOWS\System32\OpenSSH\;C:\MinGW\bin;C:\Program Files\MEGA-X;C:\WINDOWS\system32;C:\WINDOWS;C:\WINDOWS\System32\Wbem;C:\WINDOWS\System32\WindowsPowerShell\v1.0\;C:\WINDOWS\System32\OpenSSH\;C:\Program Files\Git\cmd;C:\Users\Dark Knight\AppData\Local\Microsoft\WindowsApps;C:\Users\Dark Knight\AppData\Local\GitHubDesktop\bin;C:\Users\Dark Knight\AppData\Local\atom\bin;C:\ProgramData\Dark Knight\atom\bin;C:\MinGW\bin;C:\Program Files (x86)\Microsoft Visual Studio\2019\BuildTools\MSBuild\Current\Bin;C:\Users\Dark Knight\AppData\Local\Programs\Microsoft VS Code\bin;C:\Users\Dark Knight\AppData\Local\Microsoft\WindowsApps;
USERNAME=Dark Knight
OS=Windows_NT
PROCESSOR_IDENTIFIER=Intel64 Family 6 Model 158 Stepping 10, GenuineIntel



---------------  S Y S T E M  ---------------

OS: Windows 10 , 64 bit Build 19041 (10.0.19041.1023)
OS uptime: 5 days 4:15 hours

CPU:total 8 (initial active 8) (4 cores per cpu, 2 threads per core) family 6 model 158 stepping 10, cmov, cx8, fxsr, mmx, sse, sse2, sse3, ssse3, sse4.1, sse4.2, popcnt, avx, avx2, aes, clmul, erms, 3dnowpref, lzcnt, ht, tsc, tscinvbit, bmi1, bmi2, adx, fma

Memory: 4k page, system-wide physical 8112M (559M free)
TotalPageFile size 12208M (AvailPageFile size 3M)
current process WorkingSet (physical memory assigned to process): 448M, peak: 448M
current process commit charge ("private bytes"): 491M, peak: 491M

vm_info: OpenJDK 64-Bit Server VM (11.0.8+10-b944.6842174) for windows-amd64 JRE (11.0.8+10-b944.6842174), built on Sep 19 2020 01:11:42 by "builder" with MS VC++ 14.0 (VS2015)

END.
