#
# There is insufficient memory for the Java Runtime Environment to continue.
# Native memory allocation (mmap) failed to map 38797312 bytes for Failed to commit area from 0x000000008b900000 to 0x000000008de00000 of length 38797312.
# Possible reasons:
#   The system is out of physical RAM or swap space
#   The process is running with CompressedOops enabled, and the Java Heap may be blocking the growth of the native heap
# Possible solutions:
#   Reduce memory load on the system
#   Increase physical memory or swap space
#   Check if swap backing store is full
#   Decrease Java heap size (-Xmx/-Xms)
#   Decrease number of Java threads
#   Decrease Java thread stack sizes (-Xss)
#   Set larger code cache with -XX:ReservedCodeCacheSize=
#   JVM is running with Unscaled Compressed Oops mode in which the Java heap is
#     placed in the first 4GB address space. The Java Heap base address is the
#     maximum limit for the native heap growth. Please use -XX:HeapBaseMinAddress
#     to set the Java Heap base and to place the Java Heap above 4GB virtual address.
# This output file may be truncated or incomplete.
#
#  Out of Memory Error (./src/hotspot/os/windows/os_windows.cpp:3303), pid=24748, tid=680
#
# JRE version: OpenJDK Runtime Environment (11.0.8+10) (build 11.0.8+10-b944.6842174)
# Java VM: OpenJDK 64-Bit Server VM (11.0.8+10-b944.6842174, mixed mode, tiered, compressed oops, g1 gc, windows-amd64)
# No core dump will be written. Minidumps are not enabled by default on client versions of Windows
#

---------------  S U M M A R Y ------------

Command Line: --add-opens=java.base/java.util=ALL-UNNAMED --add-opens=java.base/java.lang=ALL-UNNAMED --add-opens=java.base/java.lang.invoke=ALL-UNNAMED --add-opens=java.prefs/java.util.prefs=ALL-UNNAMED -Xmx2048m -Dfile.encoding=UTF-8 -Duser.country=IN -Duser.language=en -Duser.variant org.gradle.launcher.daemon.bootstrap.GradleDaemon 6.7.1

Host: Intel(R) Core(TM) i5-9300H CPU @ 2.40GHz, 8 cores, 7G,  Windows 10 , 64 bit Build 19041 (10.0.19041.1023)
Time: Wed Jul 14 20:35:41 2021 India Standard Time elapsed time: 8 seconds (0d 0h 0m 8s)

---------------  T H R E A D  ---------------

Current thread (0x000002b47292a800):  VMThread "VM Thread" [stack: 0x000000c26d900000,0x000000c26da00000] [id=680]

Stack: [0x000000c26d900000,0x000000c26da00000]
[error occurred during error reporting (printing stack bounds), id 0xc0000005, EXCEPTION_ACCESS_VIOLATION (0xc0000005) at pc=0x000002b45b7e0dad]

Native frames: (J=compiled Java code, j=interpreted, Vv=VM code, C=native code)
V  [jvm.dll+0x5de50a]
V  [jvm.dll+0x7122f5]
V  [jvm.dll+0x71384d]
V  [jvm.dll+0x713e65]
V  [jvm.dll+0x713e1b]
V  [jvm.dll+0x5dd958]
V  [jvm.dll+0x5de0f8]
C  [ntdll.dll+0xa217f]
C  [ntdll.dll+0x51454]
C  [ntdll.dll+0xa0cae]
C  0x000002b45b7e0dad

VM_Operation (0x000000c26eef52d0): G1CollectForAllocation, mode: safepoint, requested by thread 0x000002b475771800


---------------  P R O C E S S  ---------------

Threads class SMR info:
_java_thread_list=0x000002b47780daf0, length=161, elements={
0x000002b457e3a800, 0x000002b472931000, 0x000002b472933000, 0x000002b4732c3800,
0x000002b4732c6000, 0x000002b4732c7000, 0x000002b4732cb800, 0x000002b4732cd000,
0x000002b47340a800, 0x000002b47342f800, 0x000002b474800000, 0x000002b475380000,
0x000002b4757cc800, 0x000002b4757cd000, 0x000002b474d9c800, 0x000002b474465800,
0x000002b475771800, 0x000002b474cc3800, 0x000002b474d97800, 0x000002b474e38000,
0x000002b475767800, 0x000002b475766000, 0x000002b475768800, 0x000002b475b60800,
0x000002b475afc800, 0x000002b475769800, 0x000002b475764800, 0x000002b47576a000,
0x000002b47576b000, 0x000002b475765800, 0x000002b475767000, 0x000002b475f53000,
0x000002b475f51800, 0x000002b475f56800, 0x000002b475f55800, 0x000002b475f57800,
0x000002b475f58000, 0x000002b475f52800, 0x000002b475f59000, 0x000002b475f59800,
0x000002b475f54000, 0x000002b475f5a800, 0x000002b475f55000, 0x000002b475f5c000,
0x000002b475f60000, 0x000002b475f5e800, 0x000002b475f5d000, 0x000002b475f5f800,
0x000002b475f5b800, 0x000002b475f5e000, 0x000002b476f6c000, 0x000002b476f6d000,
0x000002b476f6d800, 0x000002b476f68800, 0x000002b476f68000, 0x000002b476f6b000,
0x000002b476f6e800, 0x000002b476f6a800, 0x000002b476f69800, 0x000002b476f74000,
0x000002b476f70000, 0x000002b476f75000, 0x000002b476f71000, 0x000002b476f6f800,
0x000002b476f76000, 0x000002b476f71800, 0x000002b476f72800, 0x000002b476f73800,
0x000002b475dfe800, 0x000002b475df8800, 0x000002b475dfc000, 0x000002b475dfd800,
0x000002b475dff000, 0x000002b475dfb000, 0x000002b475df9800, 0x000002b475dfc800,
0x000002b475e00000, 0x000002b475dfa000, 0x000002b475e00800, 0x000002b475e01800,
0x000002b475e02800, 0x000002b475e03000, 0x000002b475e04000, 0x000002b475e05000,
0x000002b475e05800, 0x000002b475e06800, 0x000002b475e07000, 0x000002b47a4a9000,
0x000002b47a4aa000, 0x000002b47a4ac800, 0x000002b47a4ae000, 0x000002b47a4aa800,
0x000002b47a4a8800, 0x000002b47a4ad000, 0x000002b47a4af000, 0x000002b47a4af800,
0x000002b47a4b0800, 0x000002b47a4b1800, 0x000002b47a4ab800, 0x000002b47a4b7000,
0x000002b47a4b6000, 0x000002b47a4b3800, 0x000002b47a4b2000, 0x000002b47a4b3000,
0x000002b47a4b4800, 0x000002b47a4b5800, 0x000002b477d90800, 0x000002b477d92000,
0x000002b477d93000, 0x000002b477d91800, 0x000002b477d95800, 0x000002b477d93800,
0x000002b477d94800, 0x000002b477d8f800, 0x000002b477d99800, 0x000002b477d97000,
0x000002b477d96000, 0x000002b477d98000, 0x000002b477d9b000, 0x000002b477d9a800,
0x000002b477d98800, 0x000002b477d9c000, 0x000002b477d9e800, 0x000002b477d9d800,
0x000002b477d9c800, 0x000002b47a47a800, 0x000002b47a479000, 0x000002b47a476800,
0x000002b47a478000, 0x000002b47a479800, 0x000002b47a47b000, 0x000002b47a47c000,
0x000002b47a47d000, 0x000002b47a477000, 0x000002b47a481000, 0x000002b47a47f800,
0x000002b47a483800, 0x000002b47a47e800, 0x000002b47a47d800, 0x000002b47a480000,
0x000002b47a485000, 0x000002b47a482800, 0x000002b47a481800, 0x000002b47a484000,
0x000002b477d7d000, 0x000002b477d7f800, 0x000002b477d7e800, 0x000002b477d7c000,
0x000002b477d7d800, 0x000002b477d81000, 0x000002b477d80000, 0x000002b477d7b800,
0x000002b477d85000, 0x000002b477d86800, 0x000002b477d84800, 0x000002b477d86000,
0x000002b477d87800, 0x000002b477d82000, 0x000002b477d82800, 0x000002b477d89000,
0x000002b477d88800
}

Java Threads: ( => current thread )
  0x000002b457e3a800 JavaThread "main" [_thread_blocked, id=29240, stack(0x000000c26d300000,0x000000c26d400000)]
  0x000002b472931000 JavaThread "Reference Handler" daemon [_thread_blocked, id=22084, stack(0x000000c26da00000,0x000000c26db00000)]
  0x000002b472933000 JavaThread "Finalizer" daemon [_thread_blocked, id=21628, stack(0x000000c26db00000,0x000000c26dc00000)]
  0x000002b4732c3800 JavaThread "Signal Dispatcher" daemon [_thread_blocked, id=3548, stack(0x000000c26dc00000,0x000000c26dd00000)]
  0x000002b4732c6000 JavaThread "Attach Listener" daemon [_thread_blocked, id=27460, stack(0x000000c26dd00000,0x000000c26de00000)]
  0x000002b4732c7000 JavaThread "C2 CompilerThread0" daemon [_thread_in_native, id=29292, stack(0x000000c26de00000,0x000000c26df00000)]
  0x000002b4732cb800 JavaThread "C1 CompilerThread0" daemon [_thread_blocked, id=2928, stack(0x000000c26df00000,0x000000c26e000000)]
  0x000002b4732cd000 JavaThread "Sweeper thread" daemon [_thread_blocked, id=10204, stack(0x000000c26e000000,0x000000c26e100000)]
  0x000002b47340a800 JavaThread "Common-Cleaner" daemon [_thread_blocked, id=29516, stack(0x000000c26e100000,0x000000c26e200000)]
  0x000002b47342f800 JavaThread "Service Thread" daemon [_thread_blocked, id=14788, stack(0x000000c26e200000,0x000000c26e300000)]
  0x000002b474800000 JavaThread "Daemon health stats" [_thread_blocked, id=25208, stack(0x000000c26e800000,0x000000c26e900000)]
  0x000002b475380000 JavaThread "Incoming local TCP Connector on port 62332" [_thread_in_native, id=23304, stack(0x000000c26e900000,0x000000c26ea00000)]
  0x000002b4757cc800 JavaThread "Daemon periodic checks" [_thread_blocked, id=27372, stack(0x000000c26ea00000,0x000000c26eb00000)]
  0x000002b4757cd000 JavaThread "Daemon" [_thread_blocked, id=20020, stack(0x000000c26eb00000,0x000000c26ec00000)]
  0x000002b474d9c800 JavaThread "Handler for socket connection from /127.0.0.1:62332 to /127.0.0.1:62333" [_thread_in_native, id=11072, stack(0x000000c26ec00000,0x000000c26ed00000)]
  0x000002b474465800 JavaThread "Cancel handler" [_thread_blocked, id=15412, stack(0x000000c26ed00000,0x000000c26ee00000)]
  0x000002b475771800 JavaThread "Daemon worker" [_thread_blocked, id=31848, stack(0x000000c26ee00000,0x000000c26ef00000)]
  0x000002b474cc3800 JavaThread "Asynchronous log dispatcher for DefaultDaemonConnection: socket connection from /127.0.0.1:62332 to /127.0.0.1:62333" [_thread_blocked, id=9028, stack(0x000000c26ef00000,0x000000c26f000000)]
  0x000002b474d97800 JavaThread "Stdin handler" [_thread_blocked, id=19312, stack(0x000000c26f000000,0x000000c26f100000)]
  0x000002b474e38000 JavaThread "Thread-8" [_thread_blocked, id=13052, stack(0x000000c26f100000,0x000000c26f200000)]
  0x000002b475767800 JavaThread "Cache worker for file hash cache (C:\Users\Dark Knight\.gradle\caches\6.7.1\fileHashes)" [_thread_blocked, id=30596, stack(0x000000c26f700000,0x000000c26f800000)]
  0x000002b475766000 JavaThread "File lock request listener" [_thread_in_native, id=19320, stack(0x000000c26f800000,0x000000c26f900000)]
  0x000002b475768800 JavaThread "Cache worker for journal cache (C:\Users\Dark Knight\.gradle\caches\journal-1)" [_thread_blocked, id=27252, stack(0x000000c26fa00000,0x000000c26fb00000)]
  0x000002b475b60800 JavaThread "C2 CompilerThread1" daemon [_thread_blocked, id=22792, stack(0x000000c26fb00000,0x000000c26fc00000)]
  0x000002b475afc800 JavaThread "C2 CompilerThread2" daemon [_thread_blocked, id=30420, stack(0x000000c26fc00000,0x000000c26fd00000)]
  0x000002b475769800 JavaThread "Cache worker for file hash cache (C:\Android Projects\Udemy TUTORIAL\Quiz App\.gradle\6.7.1\fileHashes)" [_thread_blocked, id=30876, stack(0x000000c26fd00000,0x000000c26fe00000)]
  0x000002b475764800 JavaThread "jar transforms" [_thread_blocked, id=29012, stack(0x000000c26fe00000,0x000000c26ff00000)]
  0x000002b47576a000 JavaThread "jar transforms Thread 2" [_thread_blocked, id=5872, stack(0x000000c26ff00000,0x000000c270000000)]
  0x000002b47576b000 JavaThread "jar transforms Thread 3" [_thread_blocked, id=8236, stack(0x000000c270000000,0x000000c270100000)]
  0x000002b475765800 JavaThread "jar transforms Thread 4" [_thread_blocked, id=13652, stack(0x000000c270100000,0x000000c270200000)]
  0x000002b475767000 JavaThread "jar transforms Thread 5" [_thread_blocked, id=13384, stack(0x000000c270200000,0x000000c270300000)]
  0x000002b475f53000 JavaThread "jar transforms Thread 6" [_thread_blocked, id=29892, stack(0x000000c270300000,0x000000c270400000)]
  0x000002b475f51800 JavaThread "jar transforms Thread 7" [_thread_blocked, id=7036, stack(0x000000c270400000,0x000000c270500000)]
  0x000002b475f56800 JavaThread "jar transforms Thread 8" [_thread_blocked, id=29480, stack(0x000000c270500000,0x000000c270600000)]
  0x000002b475f55800 JavaThread "jar transforms Thread 9" [_thread_blocked, id=18268, stack(0x000000c270600000,0x000000c270700000)]
  0x000002b475f57800 JavaThread "jar transforms Thread 10" [_thread_blocked, id=26888, stack(0x000000c270700000,0x000000c270800000)]
  0x000002b475f58000 JavaThread "jar transforms Thread 11" [_thread_blocked, id=14072, stack(0x000000c270800000,0x000000c270900000)]
  0x000002b475f52800 JavaThread "jar transforms Thread 12" [_thread_blocked, id=17176, stack(0x000000c270900000,0x000000c270a00000)]
  0x000002b475f59000 JavaThread "jar transforms Thread 13" [_thread_blocked, id=15060, stack(0x000000c270a00000,0x000000c270b00000)]
  0x000002b475f59800 JavaThread "jar transforms Thread 14" [_thread_blocked, id=11984, stack(0x000000c270b00000,0x000000c270c00000)]
  0x000002b475f54000 JavaThread "jar transforms Thread 15" [_thread_blocked, id=24996, stack(0x000000c270c00000,0x000000c270d00000)]
  0x000002b475f5a800 JavaThread "jar transforms Thread 16" [_thread_blocked, id=18124, stack(0x000000c270d00000,0x000000c270e00000)]
  0x000002b475f55000 JavaThread "jar transforms Thread 17" [_thread_blocked, id=30132, stack(0x000000c270e00000,0x000000c270f00000)]
  0x000002b475f5c000 JavaThread "jar transforms Thread 18" [_thread_blocked, id=30160, stack(0x000000c270f00000,0x000000c271000000)]
  0x000002b475f60000 JavaThread "jar transforms Thread 19" [_thread_blocked, id=16940, stack(0x000000c271000000,0x000000c271100000)]
  0x000002b475f5e800 JavaThread "jar transforms Thread 20" [_thread_blocked, id=30436, stack(0x000000c271100000,0x000000c271200000)]
  0x000002b475f5d000 JavaThread "jar transforms Thread 21" [_thread_blocked, id=16692, stack(0x000000c271200000,0x000000c271300000)]
  0x000002b475f5f800 JavaThread "Cache worker for checksums cache (C:\Android Projects\Udemy TUTORIAL\Quiz App\.gradle\checksums)" [_thread_blocked, id=31220, stack(0x000000c271300000,0x000000c271400000)]
  0x000002b475f5b800 JavaThread "Cache worker for cache directory md-supplier (C:\Users\Dark Knight\.gradle\caches\6.7.1\md-supplier)" [_thread_blocked, id=8556, stack(0x000000c271400000,0x000000c271500000)]
  0x000002b475f5e000 JavaThread "Cache worker for cache directory md-rule (C:\Users\Dark Knight\.gradle\caches\6.7.1\md-rule)" [_thread_blocked, id=11580, stack(0x000000c271500000,0x000000c271600000)]
  0x000002b476f6c000 JavaThread "Cache worker for execution history cache (C:\Users\Dark Knight\.gradle\caches\6.7.1\executionHistory)" [_thread_blocked, id=14796, stack(0x000000c271600000,0x000000c271700000)]
  0x000002b476f6d000 JavaThread "Cache worker for file content cache (C:\Users\Dark Knight\.gradle\caches\6.7.1\fileContent)" [_thread_blocked, id=30712, stack(0x000000c271700000,0x000000c271800000)]
  0x000002b476f6d800 JavaThread "Cache worker for Build Output Cleanup Cache (C:\Android Projects\Udemy TUTORIAL\Quiz App\.gradle\buildOutputCleanup)" [_thread_blocked, id=27876, stack(0x000000c271800000,0x000000c271900000)]
  0x000002b476f68800 JavaThread "Build operations" [_thread_blocked, id=24768, stack(0x000000c271900000,0x000000c271a00000)]
  0x000002b476f68000 JavaThread "Build operations Thread 2" [_thread_blocked, id=22676, stack(0x000000c271a00000,0x000000c271b00000)]
  0x000002b476f6b000 JavaThread "Build operations Thread 3" [_thread_blocked, id=2484, stack(0x000000c271b00000,0x000000c271c00000)]
  0x000002b476f6e800 JavaThread "Build operations Thread 4" [_thread_blocked, id=30320, stack(0x000000c271c00000,0x000000c271d00000)]
  0x000002b476f6a800 JavaThread "Build operations Thread 5" [_thread_blocked, id=14720, stack(0x000000c271d00000,0x000000c271e00000)]
  0x000002b476f69800 JavaThread "Build operations Thread 6" [_thread_blocked, id=30724, stack(0x000000c271e00000,0x000000c271f00000)]
  0x000002b476f74000 JavaThread "Build operations Thread 7" [_thread_blocked, id=412, stack(0x000000c271f00000,0x000000c272000000)]
  0x000002b476f70000 JavaThread "Build operations Thread 8" [_thread_blocked, id=23292, stack(0x000000c272000000,0x000000c272100000)]
  0x000002b476f75000 JavaThread "jar transforms Thread 22" [_thread_blocked, id=16588, stack(0x000000c272100000,0x000000c272200000)]
  0x000002b476f71000 JavaThread "jar transforms Thread 23" [_thread_blocked, id=28380, stack(0x000000c272200000,0x000000c272300000)]
  0x000002b476f6f800 JavaThread "jar transforms Thread 24" [_thread_blocked, id=32404, stack(0x000000c272300000,0x000000c272400000)]
  0x000002b476f76000 JavaThread "jar transforms Thread 25" [_thread_blocked, id=316, stack(0x000000c272400000,0x000000c272500000)]
  0x000002b476f71800 JavaThread "jar transforms Thread 26" [_thread_blocked, id=23176, stack(0x000000c272500000,0x000000c272600000)]
  0x000002b476f72800 JavaThread "jar transforms Thread 27" [_thread_blocked, id=17624, stack(0x000000c272600000,0x000000c272700000)]
  0x000002b476f73800 JavaThread "jar transforms Thread 28" [_thread_blocked, id=25280, stack(0x000000c272700000,0x000000c272800000)]
  0x000002b475dfe800 JavaThread "jar transforms Thread 29" [_thread_blocked, id=1208, stack(0x000000c272800000,0x000000c272900000)]
  0x000002b475df8800 JavaThread "jar transforms Thread 30" [_thread_blocked, id=27468, stack(0x000000c272900000,0x000000c272a00000)]
  0x000002b475dfc000 JavaThread "jar transforms Thread 31" [_thread_blocked, id=29496, stack(0x000000c272a00000,0x000000c272b00000)]
  0x000002b475dfd800 JavaThread "jar transforms Thread 32" [_thread_blocked, id=26840, stack(0x000000c272b00000,0x000000c272c00000)]
  0x000002b475dff000 JavaThread "jar transforms Thread 33" [_thread_blocked, id=12848, stack(0x000000c272c00000,0x000000c272d00000)]
  0x000002b475dfb000 JavaThread "jar transforms Thread 34" [_thread_blocked, id=26572, stack(0x000000c272d00000,0x000000c272e00000)]
  0x000002b475df9800 JavaThread "jar transforms Thread 35" [_thread_blocked, id=27784, stack(0x000000c272e00000,0x000000c272f00000)]
  0x000002b475dfc800 JavaThread "jar transforms Thread 36" [_thread_blocked, id=17512, stack(0x000000c272f00000,0x000000c273000000)]
  0x000002b475e00000 JavaThread "jar transforms Thread 37" [_thread_blocked, id=31988, stack(0x000000c273000000,0x000000c273100000)]
  0x000002b475dfa000 JavaThread "jar transforms Thread 38" [_thread_blocked, id=18012, stack(0x000000c273100000,0x000000c273200000)]
  0x000002b475e00800 JavaThread "jar transforms Thread 39" [_thread_blocked, id=31804, stack(0x000000c273200000,0x000000c273300000)]
  0x000002b475e01800 JavaThread "jar transforms Thread 40" [_thread_blocked, id=21348, stack(0x000000c273300000,0x000000c273400000)]
  0x000002b475e02800 JavaThread "jar transforms Thread 41" [_thread_blocked, id=11384, stack(0x000000c273400000,0x000000c273500000)]
  0x000002b475e03000 JavaThread "jar transforms Thread 42" [_thread_blocked, id=32356, stack(0x000000c273500000,0x000000c273600000)]
  0x000002b475e04000 JavaThread "jar transforms Thread 43" [_thread_blocked, id=24636, stack(0x000000c273600000,0x000000c273700000)]
  0x000002b475e05000 JavaThread "jar transforms Thread 44" [_thread_blocked, id=25040, stack(0x000000c273700000,0x000000c273800000)]
  0x000002b475e05800 JavaThread "jar transforms Thread 45" [_thread_blocked, id=12252, stack(0x000000c273800000,0x000000c273900000)]
  0x000002b475e06800 JavaThread "jar transforms Thread 46" [_thread_blocked, id=29208, stack(0x000000c273900000,0x000000c273a00000)]
  0x000002b475e07000 JavaThread "jar transforms Thread 47" [_thread_blocked, id=10788, stack(0x000000c273a00000,0x000000c273b00000)]
  0x000002b47a4a9000 JavaThread "jar transforms Thread 48" [_thread_blocked, id=17548, stack(0x000000c273b00000,0x000000c273c00000)]
  0x000002b47a4aa000 JavaThread "jar transforms Thread 49" [_thread_blocked, id=32192, stack(0x000000c273c00000,0x000000c273d00000)]
  0x000002b47a4ac800 JavaThread "jar transforms Thread 50" [_thread_blocked, id=31816, stack(0x000000c273d00000,0x000000c273e00000)]
  0x000002b47a4ae000 JavaThread "jar transforms Thread 51" [_thread_blocked, id=29296, stack(0x000000c273e00000,0x000000c273f00000)]
  0x000002b47a4aa800 JavaThread "jar transforms Thread 52" [_thread_blocked, id=21820, stack(0x000000c273f00000,0x000000c274000000)]
  0x000002b47a4a8800 JavaThread "jar transforms Thread 53" [_thread_blocked, id=29132, stack(0x000000c274000000,0x000000c274100000)]
  0x000002b47a4ad000 JavaThread "jar transforms Thread 54" [_thread_blocked, id=21104, stack(0x000000c274100000,0x000000c274200000)]
  0x000002b47a4af000 JavaThread "jar transforms Thread 55" [_thread_blocked, id=15180, stack(0x000000c274200000,0x000000c274300000)]
  0x000002b47a4af800 JavaThread "jar transforms Thread 56" [_thread_blocked, id=31732, stack(0x000000c274300000,0x000000c274400000)]
  0x000002b47a4b0800 JavaThread "jar transforms Thread 57" [_thread_blocked, id=23972, stack(0x000000c274400000,0x000000c274500000)]
  0x000002b47a4b1800 JavaThread "jar transforms Thread 58" [_thread_blocked, id=14436, stack(0x000000c274500000,0x000000c274600000)]
  0x000002b47a4ab800 JavaThread "jar transforms Thread 59" [_thread_blocked, id=24740, stack(0x000000c274600000,0x000000c274700000)]
  0x000002b47a4b7000 JavaThread "jar transforms Thread 60" [_thread_blocked, id=29608, stack(0x000000c274700000,0x000000c274800000)]
  0x000002b47a4b6000 JavaThread "jar transforms Thread 61" [_thread_blocked, id=19248, stack(0x000000c274800000,0x000000c274900000)]
  0x000002b47a4b3800 JavaThread "jar transforms Thread 62" [_thread_blocked, id=30780, stack(0x000000c274900000,0x000000c274a00000)]
  0x000002b47a4b2000 JavaThread "jar transforms Thread 63" [_thread_blocked, id=6348, stack(0x000000c274a00000,0x000000c274b00000)]
  0x000002b47a4b3000 JavaThread "jar transforms Thread 64" [_thread_blocked, id=15352, stack(0x000000c274b00000,0x000000c274c00000)]
  0x000002b47a4b4800 JavaThread "jar transforms Thread 65" [_thread_blocked, id=29072, stack(0x000000c274c00000,0x000000c274d00000)]
  0x000002b47a4b5800 JavaThread "jar transforms Thread 66" [_thread_blocked, id=32556, stack(0x000000c274d00000,0x000000c274e00000)]
  0x000002b477d90800 JavaThread "jar transforms Thread 67" [_thread_blocked, id=31876, stack(0x000000c274e00000,0x000000c274f00000)]
  0x000002b477d92000 JavaThread "jar transforms Thread 68" [_thread_blocked, id=5384, stack(0x000000c274f00000,0x000000c275000000)]
  0x000002b477d93000 JavaThread "jar transforms Thread 69" [_thread_blocked, id=31648, stack(0x000000c275000000,0x000000c275100000)]
  0x000002b477d91800 JavaThread "jar transforms Thread 70" [_thread_blocked, id=32360, stack(0x000000c275100000,0x000000c275200000)]
  0x000002b477d95800 JavaThread "jar transforms Thread 71" [_thread_blocked, id=26880, stack(0x000000c275200000,0x000000c275300000)]
  0x000002b477d93800 JavaThread "jar transforms Thread 72" [_thread_blocked, id=21012, stack(0x000000c275300000,0x000000c275400000)]
  0x000002b477d94800 JavaThread "jar transforms Thread 73" [_thread_blocked, id=3900, stack(0x000000c275400000,0x000000c275500000)]
  0x000002b477d8f800 JavaThread "jar transforms Thread 74" [_thread_blocked, id=25940, stack(0x000000c275500000,0x000000c275600000)]
  0x000002b477d99800 JavaThread "jar transforms Thread 75" [_thread_blocked, id=23852, stack(0x000000c275600000,0x000000c275700000)]
  0x000002b477d97000 JavaThread "jar transforms Thread 76" [_thread_blocked, id=15804, stack(0x000000c275700000,0x000000c275800000)]
  0x000002b477d96000 JavaThread "jar transforms Thread 77" [_thread_blocked, id=30424, stack(0x000000c275800000,0x000000c275900000)]
  0x000002b477d98000 JavaThread "jar transforms Thread 78" [_thread_blocked, id=25744, stack(0x000000c275900000,0x000000c275a00000)]
  0x000002b477d9b000 JavaThread "jar transforms Thread 79" [_thread_blocked, id=20104, stack(0x000000c275a00000,0x000000c275b00000)]
  0x000002b477d9a800 JavaThread "jar transforms Thread 80" [_thread_blocked, id=21428, stack(0x000000c275b00000,0x000000c275c00000)]
  0x000002b477d98800 JavaThread "jar transforms Thread 81" [_thread_blocked, id=8428, stack(0x000000c275c00000,0x000000c275d00000)]
  0x000002b477d9c000 JavaThread "jar transforms Thread 82" [_thread_blocked, id=19000, stack(0x000000c275d00000,0x000000c275e00000)]
  0x000002b477d9e800 JavaThread "jar transforms Thread 83" [_thread_blocked, id=800, stack(0x000000c275e00000,0x000000c275f00000)]
  0x000002b477d9d800 JavaThread "jar transforms Thread 84" [_thread_blocked, id=28288, stack(0x000000c275f00000,0x000000c276000000)]
  0x000002b477d9c800 JavaThread "jar transforms Thread 85" [_thread_blocked, id=25640, stack(0x000000c276000000,0x000000c276100000)]
  0x000002b47a47a800 JavaThread "jar transforms Thread 86" [_thread_blocked, id=16608, stack(0x000000c276100000,0x000000c276200000)]
  0x000002b47a479000 JavaThread "jar transforms Thread 87" [_thread_blocked, id=10856, stack(0x000000c276200000,0x000000c276300000)]
  0x000002b47a476800 JavaThread "jar transforms Thread 88" [_thread_blocked, id=17048, stack(0x000000c276300000,0x000000c276400000)]
  0x000002b47a478000 JavaThread "jar transforms Thread 89" [_thread_blocked, id=25488, stack(0x000000c276400000,0x000000c276500000)]
  0x000002b47a479800 JavaThread "jar transforms Thread 90" [_thread_blocked, id=17316, stack(0x000000c276500000,0x000000c276600000)]
  0x000002b47a47b000 JavaThread "jar transforms Thread 91" [_thread_blocked, id=29812, stack(0x000000c276600000,0x000000c276700000)]
  0x000002b47a47c000 JavaThread "jar transforms Thread 92" [_thread_blocked, id=14440, stack(0x000000c276700000,0x000000c276800000)]
  0x000002b47a47d000 JavaThread "jar transforms Thread 93" [_thread_blocked, id=32308, stack(0x000000c276800000,0x000000c276900000)]
  0x000002b47a477000 JavaThread "jar transforms Thread 94" [_thread_blocked, id=2384, stack(0x000000c276900000,0x000000c276a00000)]
  0x000002b47a481000 JavaThread "jar transforms Thread 95" [_thread_blocked, id=20744, stack(0x000000c276a00000,0x000000c276b00000)]
  0x000002b47a47f800 JavaThread "jar transforms Thread 96" [_thread_blocked, id=28348, stack(0x000000c276b00000,0x000000c276c00000)]
  0x000002b47a483800 JavaThread "jar transforms Thread 97" [_thread_blocked, id=12916, stack(0x000000c276c00000,0x000000c276d00000)]
  0x000002b47a47e800 JavaThread "jar transforms Thread 98" [_thread_blocked, id=11120, stack(0x000000c276d00000,0x000000c276e00000)]
  0x000002b47a47d800 JavaThread "jar transforms Thread 99" [_thread_blocked, id=12984, stack(0x000000c276e00000,0x000000c276f00000)]
  0x000002b47a480000 JavaThread "jar transforms Thread 100" [_thread_blocked, id=29664, stack(0x000000c276f00000,0x000000c277000000)]
  0x000002b47a485000 JavaThread "jar transforms Thread 101" [_thread_blocked, id=31956, stack(0x000000c277000000,0x000000c277100000)]
  0x000002b47a482800 JavaThread "jar transforms Thread 102" [_thread_blocked, id=31764, stack(0x000000c277100000,0x000000c277200000)]
  0x000002b47a481800 JavaThread "jar transforms Thread 103" [_thread_blocked, id=2188, stack(0x000000c277200000,0x000000c277300000)]
  0x000002b47a484000 JavaThread "jar transforms Thread 104" [_thread_blocked, id=28892, stack(0x000000c277300000,0x000000c277400000)]
  0x000002b477d7d000 JavaThread "jar transforms Thread 105" [_thread_blocked, id=20732, stack(0x000000c277400000,0x000000c277500000)]
  0x000002b477d7f800 JavaThread "jar transforms Thread 106" [_thread_blocked, id=21296, stack(0x000000c277500000,0x000000c277600000)]
  0x000002b477d7e800 JavaThread "jar transforms Thread 107" [_thread_blocked, id=11976, stack(0x000000c277600000,0x000000c277700000)]
  0x000002b477d7c000 JavaThread "jar transforms Thread 108" [_thread_blocked, id=25480, stack(0x000000c277700000,0x000000c277800000)]
  0x000002b477d7d800 JavaThread "jar transforms Thread 109" [_thread_blocked, id=2264, stack(0x000000c277800000,0x000000c277900000)]
  0x000002b477d81000 JavaThread "jar transforms Thread 110" [_thread_blocked, id=6388, stack(0x000000c277900000,0x000000c277a00000)]
  0x000002b477d80000 JavaThread "jar transforms Thread 111" [_thread_blocked, id=26196, stack(0x000000c277a00000,0x000000c277b00000)]
  0x000002b477d7b800 JavaThread "jar transforms Thread 112" [_thread_blocked, id=1660, stack(0x000000c277b00000,0x000000c277c00000)]
  0x000002b477d85000 JavaThread "jar transforms Thread 113" [_thread_blocked, id=29708, stack(0x000000c277c00000,0x000000c277d00000)]
  0x000002b477d86800 JavaThread "jar transforms Thread 114" [_thread_blocked, id=28660, stack(0x000000c277d00000,0x000000c277e00000)]
  0x000002b477d84800 JavaThread "jar transforms Thread 115" [_thread_blocked, id=32640, stack(0x000000c277e00000,0x000000c277f00000)]
  0x000002b477d86000 JavaThread "jar transforms Thread 116" [_thread_blocked, id=30912, stack(0x000000c277f00000,0x000000c278000000)]
  0x000002b477d87800 JavaThread "jar transforms Thread 117" [_thread_blocked, id=15972, stack(0x000000c278000000,0x000000c278100000)]
  0x000002b477d82000 JavaThread "jar transforms Thread 118" [_thread_blocked, id=5312, stack(0x000000c278100000,0x000000c278200000)]
  0x000002b477d82800 JavaThread "jar transforms Thread 119" [_thread_blocked, id=31284, stack(0x000000c278200000,0x000000c278300000)]
  0x000002b477d89000 JavaThread "Memory manager" [_thread_blocked, id=27408, stack(0x000000c278300000,0x000000c278400000)]
  0x000002b477d88800 JavaThread "pool-3-thread-1" [_thread_blocked, id=32008, stack(0x000000c278400000,0x000000c278500000)]

Other Threads:
=>0x000002b47292a800 VMThread "VM Thread" [stack: 0x000000c26d900000,0x000000c26da00000] [id=680]
  0x000002b473430800 WatcherThread [stack: 0x000000c26e300000,0x000000c26e400000] [id=18192]
  0x000002b457e52000 GCTaskThread "GC Thread#0" [stack: 0x000000c26d400000,0x000000c26d500000] [id=13524]
  0x000002b474237000 GCTaskThread "GC Thread#1" [stack: 0x000000c26e600000,0x000000c26e700000] [id=14208]
  0x000002b4743a2800 GCTaskThread "GC Thread#2" [stack: 0x000000c26e700000,0x000000c26e800000] [id=16256]
  0x000002b474d93800 GCTaskThread "GC Thread#3" [stack: 0x000000c26f200000,0x000000c26f300000] [id=27472]
  0x000002b474a7a800 GCTaskThread "GC Thread#4" [stack: 0x000000c26f300000,0x000000c26f400000] [id=22480]
  0x000002b474e39000 GCTaskThread "GC Thread#5" [stack: 0x000000c26f400000,0x000000c26f500000] [id=31356]
  0x000002b474d96800 GCTaskThread "GC Thread#6" [stack: 0x000000c26f500000,0x000000c26f600000] [id=8536]
  0x000002b4746cc800 GCTaskThread "GC Thread#7" [stack: 0x000000c26f600000,0x000000c26f700000] [id=8840]
  0x000002b457e84800 ConcurrentGCThread "G1 Main Marker" [stack: 0x000000c26d500000,0x000000c26d600000] [id=17940]
  0x000002b457e86000 ConcurrentGCThread "G1 Conc#0" [stack: 0x000000c26d600000,0x000000c26d700000] [id=1216]
  0x000002b474ae3800 ConcurrentGCThread "G1 Conc#1" [stack: 0x000000c26f900000,0x000000c26fa00000] [id=8504]
  0x000002b472780800 ConcurrentGCThread "G1 Refine#0" [stack: 0x000000c26d700000,0x000000c26d800000] [id=16300]
  0x000002b457f16800 ConcurrentGCThread "G1 Young RemSet Sampling" [stack: 0x000000c26d800000,0x000000c26d900000] [id=30580]

Threads with active compile tasks:
C2 CompilerThread0   8086 8204   !   4       java.net.URL::<init> (543 bytes)
C1 CompilerThread0   8086 8463       3       kotlin.reflect.jvm.internal.impl.protobuf.CodedInputStream::readEnum (5 bytes)

VM state:at safepoint (normal execution)

VM Mutex/Monitor currently owned by a thread:  ([mutex/lock_event])
[0x000002b457e370b0] Threads_lock - owner thread: 0x000002b47292a800
[0x000002b457e36c30] Heap_lock - owner thread: 0x000002b475771800

Heap address: 0x0000000080000000, size: 2048 MB, Compressed Oops mode: 32-bit
Narrow klass base: 0x0000000000000000, Narrow klass shift: 3
Compressed class space size: 1073741824 Address: 0x0000000100000000

Heap:
 garbage-first heap   total 227328K, used 92189K [0x0000000080000000, 0x0000000100000000)
  region size 1024K, 7 young (7168K), 7 survivors (7168K)
 Metaspace       used 86493K, capacity 88753K, committed 89088K, reserved 1126400K
  class space    used 11276K, capacity 12023K, committed 12108K, reserved 1048576K
Heap Regions: E=young(eden), S=young(survivor), O=old, HS=humongous(starts), HC=humongous(continues), CS=collection set, F=free, A=archive, TAMS=top-at-mark-start (previous, next)
|   0|0x0000000080000000, 0x0000000080100000, 0x0000000080100000|100%| O|  |TAMS 0x0000000080100000, 0x0000000080000000| Untracked 
|   1|0x0000000080100000, 0x0000000080200000, 0x0000000080200000|100%| O|  |TAMS 0x0000000080200000, 0x0000000080100000| Untracked 
|   2|0x0000000080200000, 0x0000000080300000, 0x0000000080300000|100%| O|  |TAMS 0x0000000080300000, 0x0000000080200000| Untracked 
|   3|0x0000000080300000, 0x0000000080400000, 0x0000000080400000|100%|HS|  |TAMS 0x0000000080400000, 0x0000000080300000| Complete 
|   4|0x0000000080400000, 0x0000000080500000, 0x0000000080500000|100%|HC|  |TAMS 0x0000000080500000, 0x0000000080400000| Complete 
|   5|0x0000000080500000, 0x0000000080600000, 0x0000000080600000|100%|HC|  |TAMS 0x0000000080600000, 0x0000000080500000| Complete 
|   6|0x0000000080600000, 0x0000000080700000, 0x0000000080700000|100%| O|  |TAMS 0x0000000080700000, 0x0000000080600000| Untracked 
|   7|0x0000000080700000, 0x0000000080800000, 0x0000000080800000|100%| O|  |TAMS 0x0000000080800000, 0x0000000080700000| Untracked 
|   8|0x0000000080800000, 0x0000000080900000, 0x0000000080900000|100%| O|  |TAMS 0x0000000080900000, 0x0000000080800000| Untracked 
|   9|0x0000000080900000, 0x0000000080a00000, 0x0000000080a00000|100%| O|  |TAMS 0x0000000080a00000, 0x0000000080900000| Untracked 
|  10|0x0000000080a00000, 0x0000000080b00000, 0x0000000080b00000|100%| O|  |TAMS 0x0000000080b00000, 0x0000000080a00000| Untracked 
|  11|0x0000000080b00000, 0x0000000080c00000, 0x0000000080c00000|100%| O|  |TAMS 0x0000000080c00000, 0x0000000080b00000| Untracked 
|  12|0x0000000080c00000, 0x0000000080d00000, 0x0000000080d00000|100%| O|  |TAMS 0x0000000080d00000, 0x0000000080c00000| Untracked 
|  13|0x0000000080d00000, 0x0000000080e00000, 0x0000000080e00000|100%| O|  |TAMS 0x0000000080e00000, 0x0000000080d00000| Untracked 
|  14|0x0000000080e00000, 0x0000000080f00000, 0x0000000080f00000|100%| O|  |TAMS 0x0000000080f00000, 0x0000000080e00000| Untracked 
|  15|0x0000000080f00000, 0x0000000081000000, 0x0000000081000000|100%| O|  |TAMS 0x0000000081000000, 0x0000000080f00000| Untracked 
|  16|0x0000000081000000, 0x0000000081100000, 0x0000000081100000|100%|HS|  |TAMS 0x0000000081100000, 0x0000000081000000| Complete 
|  17|0x0000000081100000, 0x0000000081200000, 0x0000000081200000|100%|HC|  |TAMS 0x0000000081200000, 0x0000000081100000| Complete 
|  18|0x0000000081200000, 0x0000000081300000, 0x0000000081300000|100%|HS|  |TAMS 0x0000000081300000, 0x0000000081200000| Complete 
|  19|0x0000000081300000, 0x0000000081400000, 0x0000000081400000|100%|HC|  |TAMS 0x0000000081400000, 0x0000000081300000| Complete 
|  20|0x0000000081400000, 0x0000000081500000, 0x0000000081500000|100%|HC|  |TAMS 0x0000000081500000, 0x0000000081400000| Complete 
|  21|0x0000000081500000, 0x0000000081600000, 0x0000000081600000|100%|HS|  |TAMS 0x0000000081600000, 0x0000000081500000| Complete 
|  22|0x0000000081600000, 0x0000000081700000, 0x0000000081700000|100%|HC|  |TAMS 0x0000000081700000, 0x0000000081600000| Complete 
|  23|0x0000000081700000, 0x0000000081800000, 0x0000000081800000|100%|HC|  |TAMS 0x0000000081800000, 0x0000000081700000| Complete 
|  24|0x0000000081800000, 0x0000000081900000, 0x0000000081900000|100%|HC|  |TAMS 0x0000000081900000, 0x0000000081800000| Complete 
|  25|0x0000000081900000, 0x0000000081a00000, 0x0000000081a00000|100%| O|  |TAMS 0x0000000081a00000, 0x0000000081900000| Untracked 
|  26|0x0000000081a00000, 0x0000000081b00000, 0x0000000081b00000|100%| O|  |TAMS 0x0000000081b00000, 0x0000000081a00000| Untracked 
|  27|0x0000000081b00000, 0x0000000081c00000, 0x0000000081c00000|100%| O|  |TAMS 0x0000000081c00000, 0x0000000081b00000| Untracked 
|  28|0x0000000081c00000, 0x0000000081d00000, 0x0000000081d00000|100%| O|  |TAMS 0x0000000081d00000, 0x0000000081c00000| Untracked 
|  29|0x0000000081d00000, 0x0000000081e00000, 0x0000000081e00000|100%| O|  |TAMS 0x0000000081e00000, 0x0000000081d00000| Untracked 
|  30|0x0000000081e00000, 0x0000000081f00000, 0x0000000081f00000|100%| O|  |TAMS 0x0000000081f00000, 0x0000000081e00000| Untracked 
|  31|0x0000000081f00000, 0x0000000082000000, 0x0000000082000000|100%| O|  |TAMS 0x0000000082000000, 0x0000000081f00000| Untracked 
|  32|0x0000000082000000, 0x0000000082100000, 0x0000000082100000|100%| O|  |TAMS 0x0000000082100000, 0x0000000082000000| Untracked 
|  33|0x0000000082100000, 0x0000000082200000, 0x0000000082200000|100%| O|  |TAMS 0x0000000082200000, 0x0000000082100000| Untracked 
|  34|0x0000000082200000, 0x0000000082300000, 0x0000000082300000|100%|HS|  |TAMS 0x0000000082300000, 0x0000000082200000| Complete 
|  35|0x0000000082300000, 0x0000000082400000, 0x0000000082400000|100%|HC|  |TAMS 0x0000000082400000, 0x0000000082300000| Complete 
|  36|0x0000000082400000, 0x0000000082500000, 0x0000000082500000|100%|HC|  |TAMS 0x0000000082500000, 0x0000000082400000| Complete 
|  37|0x0000000082500000, 0x0000000082600000, 0x0000000082600000|100%|HC|  |TAMS 0x0000000082600000, 0x0000000082500000| Complete 
|  38|0x0000000082600000, 0x0000000082700000, 0x0000000082700000|100%|HS|  |TAMS 0x0000000082700000, 0x0000000082600000| Complete 
|  39|0x0000000082700000, 0x0000000082800000, 0x0000000082800000|100%|HC|  |TAMS 0x0000000082800000, 0x0000000082700000| Complete 
|  40|0x0000000082800000, 0x0000000082900000, 0x0000000082900000|100%|HC|  |TAMS 0x0000000082900000, 0x0000000082800000| Complete 
|  41|0x0000000082900000, 0x0000000082a00000, 0x0000000082a00000|100%| O|  |TAMS 0x0000000082a00000, 0x0000000082900000| Untracked 
|  42|0x0000000082a00000, 0x0000000082b00000, 0x0000000082b00000|100%| O|  |TAMS 0x0000000082b00000, 0x0000000082a00000| Untracked 
|  43|0x0000000082b00000, 0x0000000082c00000, 0x0000000082c00000|100%| O|  |TAMS 0x0000000082c00000, 0x0000000082b00000| Untracked 
|  44|0x0000000082c00000, 0x0000000082d00000, 0x0000000082d00000|100%| O|  |TAMS 0x0000000082d00000, 0x0000000082c00000| Untracked 
|  45|0x0000000082d00000, 0x0000000082e00000, 0x0000000082e00000|100%| O|  |TAMS 0x0000000082e00000, 0x0000000082d00000| Untracked 
|  46|0x0000000082e00000, 0x0000000082f00000, 0x0000000082f00000|100%| O|  |TAMS 0x0000000082f00000, 0x0000000082e00000| Untracked 
|  47|0x0000000082f00000, 0x0000000083000000, 0x0000000083000000|100%| O|  |TAMS 0x0000000083000000, 0x0000000082f00000| Untracked 
|  48|0x0000000083000000, 0x0000000083100000, 0x0000000083100000|100%|HS|  |TAMS 0x0000000083100000, 0x0000000083000000| Complete 
|  49|0x0000000083100000, 0x0000000083200000, 0x0000000083200000|100%|HS|  |TAMS 0x0000000083200000, 0x0000000083100000| Complete 
|  50|0x0000000083200000, 0x0000000083300000, 0x0000000083300000|100%|HS|  |TAMS 0x0000000083300000, 0x0000000083200000| Complete 
|  51|0x0000000083300000, 0x0000000083400000, 0x0000000083400000|100%|HC|  |TAMS 0x0000000083400000, 0x0000000083300000| Complete 
|  52|0x0000000083400000, 0x0000000083500000, 0x0000000083500000|100%|HC|  |TAMS 0x0000000083500000, 0x0000000083400000| Complete 
|  53|0x0000000083500000, 0x0000000083600000, 0x0000000083600000|100%|HS|  |TAMS 0x0000000083600000, 0x0000000083500000| Complete 
|  54|0x0000000083600000, 0x0000000083700000, 0x0000000083700000|100%|HC|  |TAMS 0x0000000083700000, 0x0000000083600000| Complete 
|  55|0x0000000083700000, 0x0000000083800000, 0x0000000083800000|100%| O|  |TAMS 0x0000000083800000, 0x0000000083700000| Untracked 
|  56|0x0000000083800000, 0x0000000083900000, 0x0000000083900000|100%| O|  |TAMS 0x0000000083900000, 0x0000000083800000| Untracked 
|  57|0x0000000083900000, 0x0000000083a00000, 0x0000000083a00000|100%| O|  |TAMS 0x0000000083a00000, 0x0000000083900000| Untracked 
|  58|0x0000000083a00000, 0x0000000083b00000, 0x0000000083b00000|100%| O|  |TAMS 0x0000000083b00000, 0x0000000083a00000| Untracked 
|  59|0x0000000083b00000, 0x0000000083c00000, 0x0000000083c00000|100%| O|  |TAMS 0x0000000083c00000, 0x0000000083b00000| Untracked 
|  60|0x0000000083c00000, 0x0000000083d00000, 0x0000000083d00000|100%| O|  |TAMS 0x0000000083d00000, 0x0000000083c00000| Untracked 
|  61|0x0000000083d00000, 0x0000000083e00000, 0x0000000083e00000|100%| O|  |TAMS 0x0000000083e00000, 0x0000000083d00000| Untracked 
|  62|0x0000000083e00000, 0x0000000083f00000, 0x0000000083f00000|100%| O|  |TAMS 0x0000000083f00000, 0x0000000083e00000| Untracked 
|  63|0x0000000083f00000, 0x0000000084000000, 0x0000000084000000|100%| O|  |TAMS 0x0000000084000000, 0x0000000083f00000| Untracked 
|  64|0x0000000084000000, 0x0000000084100000, 0x0000000084100000|100%| O|  |TAMS 0x0000000084100000, 0x0000000084000000| Untracked 
|  65|0x0000000084100000, 0x0000000084200000, 0x0000000084200000|100%| O|  |TAMS 0x0000000084200000, 0x0000000084100000| Untracked 
|  66|0x0000000084200000, 0x0000000084300000, 0x0000000084300000|100%| O|  |TAMS 0x0000000084300000, 0x0000000084200000| Untracked 
|  67|0x0000000084300000, 0x0000000084400000, 0x0000000084400000|100%| O|  |TAMS 0x0000000084300000, 0x0000000084300000| Untracked 
|  68|0x0000000084400000, 0x0000000084500000, 0x0000000084500000|100%| O|  |TAMS 0x0000000084500000, 0x0000000084400000| Untracked 
|  69|0x0000000084500000, 0x0000000084600000, 0x0000000084600000|100%| O|  |TAMS 0x0000000084600000, 0x0000000084500000| Untracked 
|  70|0x0000000084600000, 0x0000000084700000, 0x0000000084700000|100%| O|  |TAMS 0x0000000084691a00, 0x0000000084600000| Untracked 
|  71|0x0000000084700000, 0x0000000084800000, 0x0000000084800000|100%| O|  |TAMS 0x0000000084700000, 0x0000000084700000| Untracked 
|  72|0x0000000084800000, 0x0000000084900000, 0x0000000084900000|100%| O|  |TAMS 0x0000000084800000, 0x0000000084800000| Untracked 
|  73|0x0000000084900000, 0x0000000084a00000, 0x0000000084a00000|100%| O|  |TAMS 0x0000000084900000, 0x0000000084900000| Untracked 
|  74|0x0000000084a00000, 0x0000000084b00000, 0x0000000084b00000|100%| O|  |TAMS 0x0000000084a00000, 0x0000000084a00000| Untracked 
|  75|0x0000000084b00000, 0x0000000084c00000, 0x0000000084c00000|100%| O|  |TAMS 0x0000000084b00000, 0x0000000084b00000| Untracked 
|  76|0x0000000084c00000, 0x0000000084d00000, 0x0000000084d00000|100%| O|  |TAMS 0x0000000084c00000, 0x0000000084c00000| Untracked 
|  77|0x0000000084d00000, 0x0000000084e00000, 0x0000000084e00000|100%| O|  |TAMS 0x0000000084d00000, 0x0000000084d00000| Untracked 
|  78|0x0000000084e00000, 0x0000000084f00000, 0x0000000084f00000|100%| O|  |TAMS 0x0000000084e00000, 0x0000000084e00000| Untracked 
|  79|0x0000000084f00000, 0x0000000085000000, 0x0000000085000000|100%| O|  |TAMS 0x0000000084f00000, 0x0000000084f00000| Untracked 
|  80|0x0000000085000000, 0x0000000085100000, 0x0000000085100000|100%| O|  |TAMS 0x0000000085000000, 0x0000000085000000| Untracked 
|  81|0x0000000085100000, 0x0000000085200000, 0x0000000085200000|100%| O|  |TAMS 0x0000000085100000, 0x0000000085100000| Untracked 
|  82|0x0000000085200000, 0x0000000085300000, 0x0000000085300000|100%| O|  |TAMS 0x0000000085200000, 0x0000000085200000| Untracked 
|  83|0x0000000085300000, 0x0000000085384000, 0x0000000085400000| 51%| O|  |TAMS 0x0000000085300000, 0x0000000085300000| Untracked 
|  84|0x0000000085400000, 0x0000000085400000, 0x0000000085500000|  0%| F|  |TAMS 0x0000000085400000, 0x0000000085400000| Untracked 
|  85|0x0000000085500000, 0x0000000085500000, 0x0000000085600000|  0%| F|  |TAMS 0x0000000085500000, 0x0000000085500000| Untracked 
|  86|0x0000000085600000, 0x0000000085600000, 0x0000000085700000|  0%| F|  |TAMS 0x0000000085600000, 0x0000000085600000| Untracked 
|  87|0x0000000085700000, 0x0000000085700000, 0x0000000085800000|  0%| F|  |TAMS 0x0000000085700000, 0x0000000085700000| Untracked 
|  88|0x0000000085800000, 0x0000000085800000, 0x0000000085900000|  0%| F|  |TAMS 0x0000000085800000, 0x0000000085800000| Untracked 
|  89|0x0000000085900000, 0x0000000085900000, 0x0000000085a00000|  0%| F|  |TAMS 0x0000000085900000, 0x0000000085900000| Untracked 
|  90|0x0000000085a00000, 0x0000000085a00000, 0x0000000085b00000|  0%| F|  |TAMS 0x0000000085a00000, 0x0000000085a00000| Untracked 
|  91|0x0000000085b00000, 0x0000000085b00000, 0x0000000085c00000|  0%| F|  |TAMS 0x0000000085b00000, 0x0000000085b00000| Untracked 
|  92|0x0000000085c00000, 0x0000000085c00000, 0x0000000085d00000|  0%| F|  |TAMS 0x0000000085c00000, 0x0000000085c00000| Untracked 
|  93|0x0000000085d00000, 0x0000000085d00000, 0x0000000085e00000|  0%| F|  |TAMS 0x0000000085d00000, 0x0000000085d00000| Untracked 
|  94|0x0000000085e00000, 0x0000000085e00000, 0x0000000085f00000|  0%| F|  |TAMS 0x0000000085e00000, 0x0000000085e00000| Untracked 
|  95|0x0000000085f00000, 0x0000000085f00000, 0x0000000086000000|  0%| F|  |TAMS 0x0000000085f00000, 0x0000000085f00000| Untracked 
|  96|0x0000000086000000, 0x0000000086000000, 0x0000000086100000|  0%| F|  |TAMS 0x0000000086000000, 0x0000000086000000| Untracked 
|  97|0x0000000086100000, 0x0000000086100000, 0x0000000086200000|  0%| F|  |TAMS 0x0000000086100000, 0x0000000086100000| Untracked 
|  98|0x0000000086200000, 0x0000000086200000, 0x0000000086300000|  0%| F|  |TAMS 0x0000000086200000, 0x0000000086200000| Untracked 
|  99|0x0000000086300000, 0x0000000086300000, 0x0000000086400000|  0%| F|  |TAMS 0x0000000086300000, 0x0000000086300000| Untracked 
| 100|0x0000000086400000, 0x0000000086400000, 0x0000000086500000|  0%| F|  |TAMS 0x0000000086400000, 0x0000000086400000| Untracked 
| 101|0x0000000086500000, 0x0000000086500000, 0x0000000086600000|  0%| F|  |TAMS 0x0000000086500000, 0x0000000086500000| Untracked 
| 102|0x0000000086600000, 0x0000000086600000, 0x0000000086700000|  0%| F|  |TAMS 0x0000000086600000, 0x0000000086600000| Untracked 
| 103|0x0000000086700000, 0x0000000086700000, 0x0000000086800000|  0%| F|  |TAMS 0x0000000086700000, 0x0000000086700000| Untracked 
| 104|0x0000000086800000, 0x0000000086800000, 0x0000000086900000|  0%| F|  |TAMS 0x0000000086800000, 0x0000000086800000| Untracked 
| 105|0x0000000086900000, 0x0000000086900000, 0x0000000086a00000|  0%| F|  |TAMS 0x0000000086900000, 0x0000000086900000| Untracked 
| 106|0x0000000086a00000, 0x0000000086a00000, 0x0000000086b00000|  0%| F|  |TAMS 0x0000000086a00000, 0x0000000086a00000| Untracked 
| 107|0x0000000086b00000, 0x0000000086b00000, 0x0000000086c00000|  0%| F|  |TAMS 0x0000000086b00000, 0x0000000086b00000| Untracked 
| 108|0x0000000086c00000, 0x0000000086c00000, 0x0000000086d00000|  0%| F|  |TAMS 0x0000000086c00000, 0x0000000086c00000| Untracked 
| 109|0x0000000086d00000, 0x0000000086d00000, 0x0000000086e00000|  0%| F|  |TAMS 0x0000000086d00000, 0x0000000086d00000| Untracked 
| 110|0x0000000086e00000, 0x0000000086e00000, 0x0000000086f00000|  0%| F|  |TAMS 0x0000000086e00000, 0x0000000086e00000| Untracked 
| 111|0x0000000086f00000, 0x0000000086f00000, 0x0000000087000000|  0%| F|  |TAMS 0x0000000086f00000, 0x0000000086f00000| Untracked 
| 112|0x0000000087000000, 0x0000000087000000, 0x0000000087100000|  0%| F|  |TAMS 0x0000000087000000, 0x0000000087000000| Untracked 
| 113|0x0000000087100000, 0x0000000087100000, 0x0000000087200000|  0%| F|  |TAMS 0x0000000087100000, 0x0000000087100000| Untracked 
| 114|0x0000000087200000, 0x0000000087283460, 0x0000000087300000| 51%| S|CS|TAMS 0x0000000087200000, 0x0000000087200000| Complete 
| 115|0x0000000087300000, 0x0000000087400000, 0x0000000087400000|100%| S|CS|TAMS 0x0000000087300000, 0x0000000087300000| Complete 
| 116|0x0000000087400000, 0x0000000087500000, 0x0000000087500000|100%| S|CS|TAMS 0x0000000087400000, 0x0000000087400000| Complete 
| 117|0x0000000087500000, 0x0000000087600000, 0x0000000087600000|100%| S|CS|TAMS 0x0000000087500000, 0x0000000087500000| Complete 
| 118|0x0000000087600000, 0x0000000087700000, 0x0000000087700000|100%| S|CS|TAMS 0x0000000087600000, 0x0000000087600000| Complete 
| 119|0x0000000087700000, 0x0000000087800000, 0x0000000087800000|100%| S|CS|TAMS 0x0000000087700000, 0x0000000087700000| Complete 
| 120|0x0000000087800000, 0x0000000087900000, 0x0000000087900000|100%| S|CS|TAMS 0x0000000087800000, 0x0000000087800000| Complete 
| 121|0x0000000087900000, 0x0000000087900000, 0x0000000087a00000|  0%| F|  |TAMS 0x0000000087900000, 0x0000000087900000| Untracked 
| 122|0x0000000087a00000, 0x0000000087a00000, 0x0000000087b00000|  0%| F|  |TAMS 0x0000000087a00000, 0x0000000087a00000| Untracked 
| 123|0x0000000087b00000, 0x0000000087b00000, 0x0000000087c00000|  0%| F|  |TAMS 0x0000000087b00000, 0x0000000087b00000| Untracked 
| 124|0x0000000087c00000, 0x0000000087c00000, 0x0000000087d00000|  0%| F|  |TAMS 0x0000000087c00000, 0x0000000087c00000| Untracked 
| 125|0x0000000087d00000, 0x0000000087d00000, 0x0000000087e00000|  0%| F|  |TAMS 0x0000000087d00000, 0x0000000087d00000| Untracked 
| 126|0x0000000087e00000, 0x0000000087e00000, 0x0000000087f00000|  0%| F|  |TAMS 0x0000000087e00000, 0x0000000087e00000| Untracked 
| 127|0x0000000087f00000, 0x0000000087f00000, 0x0000000088000000|  0%| F|  |TAMS 0x0000000087f00000, 0x0000000087f00000| Untracked 
| 128|0x0000000088000000, 0x0000000088000000, 0x0000000088100000|  0%| F|  |TAMS 0x0000000088000000, 0x0000000088000000| Untracked 
| 129|0x0000000088100000, 0x0000000088100000, 0x0000000088200000|  0%| F|  |TAMS 0x0000000088100000, 0x0000000088100000| Untracked 
| 130|0x0000000088200000, 0x0000000088200000, 0x0000000088300000|  0%| F|  |TAMS 0x0000000088200000, 0x0000000088200000| Untracked 
| 131|0x0000000088300000, 0x0000000088300000, 0x0000000088400000|  0%| F|  |TAMS 0x0000000088300000, 0x0000000088300000| Untracked 
| 132|0x0000000088400000, 0x0000000088400000, 0x0000000088500000|  0%| F|  |TAMS 0x0000000088400000, 0x0000000088400000| Untracked 
| 133|0x0000000088500000, 0x0000000088500000, 0x0000000088600000|  0%| F|  |TAMS 0x0000000088500000, 0x0000000088500000| Untracked 
| 134|0x0000000088600000, 0x0000000088600000, 0x0000000088700000|  0%| F|  |TAMS 0x0000000088600000, 0x0000000088600000| Untracked 
| 135|0x0000000088700000, 0x0000000088700000, 0x0000000088800000|  0%| F|  |TAMS 0x0000000088700000, 0x0000000088700000| Untracked 
| 136|0x0000000088800000, 0x0000000088800000, 0x0000000088900000|  0%| F|  |TAMS 0x0000000088800000, 0x0000000088800000| Untracked 
| 137|0x0000000088900000, 0x0000000088900000, 0x0000000088a00000|  0%| F|  |TAMS 0x0000000088900000, 0x0000000088900000| Untracked 
| 138|0x0000000088a00000, 0x0000000088a00000, 0x0000000088b00000|  0%| F|  |TAMS 0x0000000088a00000, 0x0000000088a00000| Untracked 
| 139|0x0000000088b00000, 0x0000000088b00000, 0x0000000088c00000|  0%| F|  |TAMS 0x0000000088b00000, 0x0000000088b00000| Untracked 
| 140|0x0000000088c00000, 0x0000000088c00000, 0x0000000088d00000|  0%| F|  |TAMS 0x0000000088c00000, 0x0000000088c00000| Untracked 
| 141|0x0000000088d00000, 0x0000000088d00000, 0x0000000088e00000|  0%| F|  |TAMS 0x0000000088d00000, 0x0000000088d00000| Untracked 
| 142|0x0000000088e00000, 0x0000000088e00000, 0x0000000088f00000|  0%| F|  |TAMS 0x0000000088e00000, 0x0000000088e00000| Untracked 
| 143|0x0000000088f00000, 0x0000000088f00000, 0x0000000089000000|  0%| F|  |TAMS 0x0000000088f00000, 0x0000000088f00000| Untracked 
| 144|0x0000000089000000, 0x0000000089000000, 0x0000000089100000|  0%| F|  |TAMS 0x0000000089000000, 0x0000000089000000| Untracked 
| 145|0x0000000089100000, 0x0000000089100000, 0x0000000089200000|  0%| F|  |TAMS 0x0000000089100000, 0x0000000089100000| Untracked 
| 146|0x0000000089200000, 0x0000000089200000, 0x0000000089300000|  0%| F|  |TAMS 0x0000000089200000, 0x0000000089200000| Untracked 
| 147|0x0000000089300000, 0x0000000089300000, 0x0000000089400000|  0%| F|  |TAMS 0x0000000089300000, 0x0000000089300000| Untracked 
| 148|0x0000000089400000, 0x0000000089400000, 0x0000000089500000|  0%| F|  |TAMS 0x0000000089400000, 0x0000000089400000| Untracked 
| 149|0x0000000089500000, 0x0000000089500000, 0x0000000089600000|  0%| F|  |TAMS 0x0000000089500000, 0x0000000089500000| Untracked 
| 150|0x0000000089600000, 0x0000000089600000, 0x0000000089700000|  0%| F|  |TAMS 0x0000000089600000, 0x0000000089600000| Untracked 
| 151|0x0000000089700000, 0x0000000089700000, 0x0000000089800000|  0%| F|  |TAMS 0x0000000089700000, 0x0000000089700000| Untracked 
| 152|0x0000000089800000, 0x0000000089800000, 0x0000000089900000|  0%| F|  |TAMS 0x0000000089800000, 0x0000000089800000| Untracked 
| 153|0x0000000089900000, 0x0000000089900000, 0x0000000089a00000|  0%| F|  |TAMS 0x0000000089900000, 0x0000000089900000| Untracked 
| 154|0x0000000089a00000, 0x0000000089a00000, 0x0000000089b00000|  0%| F|  |TAMS 0x0000000089a00000, 0x0000000089a00000| Untracked 
| 155|0x0000000089b00000, 0x0000000089b00000, 0x0000000089c00000|  0%| F|  |TAMS 0x0000000089b00000, 0x0000000089b00000| Untracked 
| 156|0x0000000089c00000, 0x0000000089c00000, 0x0000000089d00000|  0%| F|  |TAMS 0x0000000089c00000, 0x0000000089c00000| Untracked 
| 157|0x0000000089d00000, 0x0000000089d00000, 0x0000000089e00000|  0%| F|  |TAMS 0x0000000089d00000, 0x0000000089d00000| Untracked 
| 158|0x0000000089e00000, 0x0000000089e00000, 0x0000000089f00000|  0%| F|  |TAMS 0x0000000089e00000, 0x0000000089e00000| Untracked 
| 159|0x0000000089f00000, 0x0000000089f00000, 0x000000008a000000|  0%| F|  |TAMS 0x0000000089f00000, 0x0000000089f00000| Untracked 
| 160|0x000000008a000000, 0x000000008a000000, 0x000000008a100000|  0%| F|  |TAMS 0x000000008a000000, 0x000000008a000000| Untracked 
| 161|0x000000008a100000, 0x000000008a100000, 0x000000008a200000|  0%| F|  |TAMS 0x000000008a100000, 0x000000008a100000| Untracked 
| 162|0x000000008a200000, 0x000000008a200000, 0x000000008a300000|  0%| F|  |TAMS 0x000000008a200000, 0x000000008a200000| Untracked 
| 163|0x000000008a300000, 0x000000008a300000, 0x000000008a400000|  0%| F|  |TAMS 0x000000008a300000, 0x000000008a300000| Untracked 
| 164|0x000000008a400000, 0x000000008a400000, 0x000000008a500000|  0%| F|  |TAMS 0x000000008a400000, 0x000000008a400000| Untracked 
| 165|0x000000008a500000, 0x000000008a500000, 0x000000008a600000|  0%| F|  |TAMS 0x000000008a500000, 0x000000008a500000| Untracked 
| 166|0x000000008a600000, 0x000000008a600000, 0x000000008a700000|  0%| F|  |TAMS 0x000000008a600000, 0x000000008a600000| Untracked 
| 167|0x000000008a700000, 0x000000008a700000, 0x000000008a800000|  0%| F|  |TAMS 0x000000008a700000, 0x000000008a700000| Untracked 
| 168|0x000000008a800000, 0x000000008a800000, 0x000000008a900000|  0%| F|  |TAMS 0x000000008a800000, 0x000000008a800000| Untracked 
| 169|0x000000008a900000, 0x000000008a900000, 0x000000008aa00000|  0%| F|  |TAMS 0x000000008a900000, 0x000000008a900000| Untracked 
| 170|0x000000008aa00000, 0x000000008aa00000, 0x000000008ab00000|  0%| F|  |TAMS 0x000000008aa00000, 0x000000008aa00000| Untracked 
| 171|0x000000008ab00000, 0x000000008ab00000, 0x000000008ac00000|  0%| F|  |TAMS 0x000000008ab00000, 0x000000008ab00000| Untracked 
| 172|0x000000008ac00000, 0x000000008ac00000, 0x000000008ad00000|  0%| F|  |TAMS 0x000000008ac00000, 0x000000008ac00000| Untracked 
| 173|0x000000008ad00000, 0x000000008ad00000, 0x000000008ae00000|  0%| F|  |TAMS 0x000000008ad00000, 0x000000008ad00000| Untracked 
| 174|0x000000008ae00000, 0x000000008ae00000, 0x000000008af00000|  0%| F|  |TAMS 0x000000008ae00000, 0x000000008ae00000| Untracked 
| 175|0x000000008af00000, 0x000000008af00000, 0x000000008b000000|  0%| F|  |TAMS 0x000000008af00000, 0x000000008af00000| Untracked 
| 176|0x000000008b000000, 0x000000008b000000, 0x000000008b100000|  0%| F|  |TAMS 0x000000008b000000, 0x000000008b000000| Untracked 
| 177|0x000000008b100000, 0x000000008b100000, 0x000000008b200000|  0%| F|  |TAMS 0x000000008b100000, 0x000000008b100000| Untracked 
| 178|0x000000008b200000, 0x000000008b200000, 0x000000008b300000|  0%| F|  |TAMS 0x000000008b200000, 0x000000008b200000| Untracked 
| 179|0x000000008b300000, 0x000000008b300000, 0x000000008b400000|  0%| F|  |TAMS 0x000000008b300000, 0x000000008b300000| Untracked 
| 180|0x000000008b400000, 0x000000008b400000, 0x000000008b500000|  0%| F|  |TAMS 0x000000008b400000, 0x000000008b400000| Untracked 
| 181|0x000000008b500000, 0x000000008b500000, 0x000000008b600000|  0%| F|  |TAMS 0x000000008b500000, 0x000000008b500000| Untracked 
| 182|0x000000008b600000, 0x000000008b600000, 0x000000008b700000|  0%| F|  |TAMS 0x000000008b600000, 0x000000008b600000| Untracked 
| 183|0x000000008b700000, 0x000000008b700000, 0x000000008b800000|  0%| F|  |TAMS 0x000000008b700000, 0x000000008b700000| Untracked 
| 184|0x000000008b800000, 0x000000008b800000, 0x000000008b900000|  0%| F|  |TAMS 0x000000008b800000, 0x000000008b800000| Untracked 

Card table byte_map: [0x000002b46b660000,0x000002b46ba60000] _byte_map_base: 0x000002b46b260000

Marking Bits (Prev, Next): (CMBitMap*) 0x000002b457e7bbb8, (CMBitMap*) 0x000002b457e7bbf0
 Prev Bits: [0x000002b46be60000, 0x000002b46de60000)
 Next Bits: [0x000002b46de60000, 0x000002b46fe60000)

Polling page: 0x000002b45b7c0000

Metaspace:

Usage:
  Non-class:     74.93 MB capacity,    73.45 MB ( 98%) used,     1.27 MB (  2%) free+waste,   215.94 KB ( <1%) overhead. 
      Class:     11.74 MB capacity,    11.01 MB ( 94%) used,   645.81 KB (  5%) free+waste,   100.63 KB ( <1%) overhead. 
       Both:     86.67 MB capacity,    84.47 MB ( 97%) used,     1.90 MB (  2%) free+waste,   316.56 KB ( <1%) overhead. 

Virtual space:
  Non-class space:       76.00 MB reserved,      75.18 MB ( 99%) committed 
      Class space:        1.00 GB reserved,      11.82 MB (  1%) committed 
             Both:        1.07 GB reserved,      87.00 MB (  8%) committed 

Chunk freelists:
   Non-Class:  58.00 KB
       Class:  9.00 KB
        Both:  67.00 KB

MaxMetaspaceSize: 17179869184.00 GB
CompressedClassSpaceSize: 1.00 GB

CodeHeap 'non-profiled nmethods': size=120000Kb used=5295Kb max_used=5295Kb free=114705Kb
 bounds [0x000002b4632b0000, 0x000002b4637e0000, 0x000002b46a7e0000]
CodeHeap 'profiled nmethods': size=120000Kb used=17484Kb max_used=17484Kb free=102516Kb
 bounds [0x000002b45bd80000, 0x000002b45cea0000, 0x000002b4632b0000]
CodeHeap 'non-nmethods': size=5760Kb used=2267Kb max_used=2315Kb free=3492Kb
 bounds [0x000002b45b7e0000, 0x000002b45ba50000, 0x000002b45bd80000]
 total_blobs=9060 nmethods=8194 adapters=777
 compilation: enabled
              stopped_count=0, restarted_count=0
 full_count=0

Compilation events (20 events):
Event: 8.051 Thread 0x000002b4732cb800 nmethod 8449 0x000002b45ce90790 code [0x000002b45ce909c0, 0x000002b45ce90fe8]
Event: 8.051 Thread 0x000002b4732cb800 8450       3       kotlin.reflect.jvm.internal.impl.descriptors.impl.ValueParameterDescriptorImpl::<init> (97 bytes)
Event: 8.051 Thread 0x000002b4732cb800 nmethod 8450 0x000002b45ce91290 code [0x000002b45ce914e0, 0x000002b45ce91cd8]
Event: 8.051 Thread 0x000002b4732cb800 8452       3       kotlin.reflect.jvm.internal.impl.protobuf.LazyStringArrayList::get (6 bytes)
Event: 8.051 Thread 0x000002b4732cb800 nmethod 8452 0x000002b45ce92010 code [0x000002b45ce921c0, 0x000002b45ce922e8]
Event: 8.051 Thread 0x000002b4732cb800 8453       3       kotlin.reflect.jvm.internal.impl.protobuf.LazyStringArrayList::get (101 bytes)
Event: 8.052 Thread 0x000002b4732cb800 nmethod 8453 0x000002b45ce92390 code [0x000002b45ce92600, 0x000002b45ce932b8]
Event: 8.052 Thread 0x000002b4732cb800 8454       3       kotlin.reflect.jvm.internal.impl.descriptors.impl.ModuleDescriptorImpl::assertValid (38 bytes)
Event: 8.052 Thread 0x000002b4732cb800 nmethod 8454 0x000002b45ce93590 code [0x000002b45ce93820, 0x000002b45ce94328]
Event: 8.052 Thread 0x000002b4732cb800 8455       3       java.util.ArrayList$SubList$1::hasNext (20 bytes)
Event: 8.052 Thread 0x000002b4732cb800 nmethod 8455 0x000002b45ce94710 code [0x000002b45ce948c0, 0x000002b45ce94a38]
Event: 8.052 Thread 0x000002b4732cb800 8451       1       kotlin.reflect.jvm.internal.impl.metadata.ProtoBuf$Function::getName (5 bytes)
Event: 8.052 Thread 0x000002b4732cb800 nmethod 8451 0x000002b4637db910 code [0x000002b4637dbac0, 0x000002b4637dbb78]
Event: 8.056 Thread 0x000002b4732cb800 8456       3       java.nio.HeapByteBuffer::compact (55 bytes)
Event: 8.056 Thread 0x000002b4732cb800 nmethod 8456 0x000002b45ce94b10 code [0x000002b45ce94d20, 0x000002b45ce952c8]
Event: 8.058 Thread 0x000002b4732cb800 8457       3       java.lang.CharacterDataLatin1::digit (32 bytes)
Event: 8.058 Thread 0x000002b4732cb800 nmethod 8457 0x000002b45ce95490 code [0x000002b45ce95640, 0x000002b45ce95878]
Event: 8.058 Thread 0x000002b4732cb800 8460       3       kotlin.reflect.jvm.internal.impl.protobuf.LiteralByteString::<init> (15 bytes)
Event: 8.058 Thread 0x000002b4732cb800 nmethod 8460 0x000002b45ce95990 code [0x000002b45ce95b40, 0x000002b45ce95d58]
Event: 8.058 Thread 0x000002b4732cb800 8463       3       kotlin.reflect.jvm.internal.impl.protobuf.CodedInputStream::readEnum (5 bytes)

GC Heap History (20 events):
Event: 3.909 GC heap after
{Heap after GC invocations=11 (full 0):
 garbage-first heap   total 157696K, used 51262K [0x0000000080000000, 0x0000000100000000)
  region size 1024K, 3 young (3072K), 3 survivors (3072K)
 Metaspace       used 44885K, capacity 46121K, committed 46156K, reserved 1089536K
  class space    used 5782K, capacity 6196K, committed 6220K, reserved 1048576K
}
Event: 4.311 GC heap before
{Heap before GC invocations=11 (full 0):
 garbage-first heap   total 157696K, used 96318K [0x0000000080000000, 0x0000000100000000)
  region size 1024K, 48 young (49152K), 3 survivors (3072K)
 Metaspace       used 47090K, capacity 48546K, committed 48844K, reserved 1091584K
  class space    used 6048K, capacity 6484K, committed 6604K, reserved 1048576K
}
Event: 4.314 GC heap after
{Heap after GC invocations=12 (full 0):
 garbage-first heap   total 157696K, used 53389K [0x0000000080000000, 0x0000000100000000)
  region size 1024K, 5 young (5120K), 5 survivors (5120K)
 Metaspace       used 47090K, capacity 48546K, committed 48844K, reserved 1091584K
  class space    used 6048K, capacity 6484K, committed 6604K, reserved 1048576K
}
Event: 4.728 GC heap before
{Heap before GC invocations=12 (full 0):
 garbage-first heap   total 157696K, used 107661K [0x0000000080000000, 0x0000000100000000)
  region size 1024K, 52 young (53248K), 5 survivors (5120K)
 Metaspace       used 52416K, capacity 53976K, committed 54092K, reserved 1095680K
  class space    used 6684K, capacity 7166K, committed 7244K, reserved 1048576K
}
Event: 4.733 GC heap after
{Heap after GC invocations=13 (full 0):
 garbage-first heap   total 157696K, used 68209K [0x0000000080000000, 0x0000000100000000)
  region size 1024K, 7 young (7168K), 7 survivors (7168K)
 Metaspace       used 52416K, capacity 53976K, committed 54092K, reserved 1095680K
  class space    used 6684K, capacity 7166K, committed 7244K, reserved 1048576K
}
Event: 5.144 GC heap before
{Heap before GC invocations=13 (full 0):
 garbage-first heap   total 157696K, used 112241K [0x0000000080000000, 0x0000000100000000)
  region size 1024K, 50 young (51200K), 7 survivors (7168K)
 Metaspace       used 58154K, capacity 59732K, committed 59980K, reserved 1101824K
  class space    used 7433K, capacity 7971K, committed 8012K, reserved 1048576K
}
Event: 5.149 GC heap after
{Heap after GC invocations=14 (full 0):
 garbage-first heap   total 157696K, used 71609K [0x0000000080000000, 0x0000000100000000)
  region size 1024K, 4 young (4096K), 4 survivors (4096K)
 Metaspace       used 58154K, capacity 59732K, committed 59980K, reserved 1101824K
  class space    used 7433K, capacity 7971K, committed 8012K, reserved 1048576K
}
Event: 5.188 GC heap before
{Heap before GC invocations=14 (full 0):
 garbage-first heap   total 157696K, used 74681K [0x0000000080000000, 0x0000000100000000)
  region size 1024K, 8 young (8192K), 4 survivors (4096K)
 Metaspace       used 58499K, capacity 60134K, committed 60288K, reserved 1101824K
  class space    used 7481K, capacity 8038K, committed 8140K, reserved 1048576K
}
Event: 5.192 GC heap after
{Heap after GC invocations=15 (full 0):
 garbage-first heap   total 157696K, used 71748K [0x0000000080000000, 0x0000000100000000)
  region size 1024K, 4 young (4096K), 4 survivors (4096K)
 Metaspace       used 58499K, capacity 60134K, committed 60288K, reserved 1101824K
  class space    used 7481K, capacity 8038K, committed 8140K, reserved 1048576K
}
Event: 5.652 GC heap before
{Heap before GC invocations=16 (full 0):
 garbage-first heap   total 157696K, used 117828K [0x0000000080000000, 0x0000000100000000)
  region size 1024K, 48 young (49152K), 4 survivors (4096K)
 Metaspace       used 63085K, capacity 64694K, committed 64896K, reserved 1105920K
  class space    used 8021K, capacity 8568K, committed 8652K, reserved 1048576K
}
Event: 5.658 GC heap after
{Heap after GC invocations=17 (full 0):
 garbage-first heap   total 157696K, used 74175K [0x0000000080000000, 0x0000000100000000)
  region size 1024K, 3 young (3072K), 3 survivors (3072K)
 Metaspace       used 63085K, capacity 64694K, committed 64896K, reserved 1105920K
  class space    used 8021K, capacity 8568K, committed 8652K, reserved 1048576K
}
Event: 5.977 GC heap before
{Heap before GC invocations=18 (full 0):
 garbage-first heap   total 157696K, used 120255K [0x0000000080000000, 0x0000000100000000)
  region size 1024K, 48 young (49152K), 3 survivors (3072K)
 Metaspace       used 66045K, capacity 67802K, committed 67968K, reserved 1107968K
  class space    used 8450K, capacity 9027K, committed 9164K, reserved 1048576K
}
Event: 5.983 GC heap after
{Heap after GC invocations=19 (full 0):
 garbage-first heap   total 189440K, used 77883K [0x0000000080000000, 0x0000000100000000)
  region size 1024K, 6 young (6144K), 6 survivors (6144K)
 Metaspace       used 66045K, capacity 67802K, committed 67968K, reserved 1107968K
  class space    used 8450K, capacity 9027K, committed 9164K, reserved 1048576K
}
Event: 6.533 GC heap before
{Heap before GC invocations=19 (full 0):
 garbage-first heap   total 189440K, used 135227K [0x0000000080000000, 0x0000000100000000)
  region size 1024K, 62 young (63488K), 6 survivors (6144K)
 Metaspace       used 72951K, capacity 74865K, committed 75008K, reserved 1114112K
  class space    used 9447K, capacity 10030K, committed 10060K, reserved 1048576K
}
Event: 6.541 GC heap after
{Heap after GC invocations=20 (full 0):
 garbage-first heap   total 189440K, used 81650K [0x0000000080000000, 0x0000000100000000)
  region size 1024K, 8 young (8192K), 8 survivors (8192K)
 Metaspace       used 72951K, capacity 74865K, committed 75008K, reserved 1114112K
  class space    used 9447K, capacity 10030K, committed 10060K, reserved 1048576K
}
Event: 7.055 GC heap before
{Heap before GC invocations=20 (full 0):
 garbage-first heap   total 189440K, used 138994K [0x0000000080000000, 0x0000000100000000)
  region size 1024K, 64 young (65536K), 8 survivors (8192K)
 Metaspace       used 77392K, capacity 79306K, committed 79488K, reserved 1118208K
  class space    used 9991K, capacity 10615K, committed 10700K, reserved 1048576K
}
Event: 7.063 GC heap after
{Heap after GC invocations=21 (full 0):
 garbage-first heap   total 189440K, used 85781K [0x0000000080000000, 0x0000000100000000)
  region size 1024K, 8 young (8192K), 8 survivors (8192K)
 Metaspace       used 77392K, capacity 79306K, committed 79488K, reserved 1118208K
  class space    used 9991K, capacity 10615K, committed 10700K, reserved 1048576K
}
Event: 7.554 GC heap before
{Heap before GC invocations=21 (full 0):
 garbage-first heap   total 189440K, used 143125K [0x0000000080000000, 0x0000000100000000)
  region size 1024K, 64 young (65536K), 8 survivors (8192K)
 Metaspace       used 81246K, capacity 83456K, committed 83840K, reserved 1122304K
  class space    used 10612K, capacity 11334K, committed 11468K, reserved 1048576K
}
Event: 7.562 GC heap after
{Heap after GC invocations=22 (full 0):
 garbage-first heap   total 189440K, used 89060K [0x0000000080000000, 0x0000000100000000)
  region size 1024K, 8 young (8192K), 8 survivors (8192K)
 Metaspace       used 81246K, capacity 83456K, committed 83840K, reserved 1122304K
  class space    used 10612K, capacity 11334K, committed 11468K, reserved 1048576K
}
Event: 8.058 GC heap before
{Heap before GC invocations=22 (full 0):
 garbage-first heap   total 189440K, used 146404K [0x0000000080000000, 0x0000000100000000)
  region size 1024K, 64 young (65536K), 8 survivors (8192K)
 Metaspace       used 86493K, capacity 88753K, committed 89088K, reserved 1126400K
  class space    used 11276K, capacity 12023K, committed 12108K, reserved 1048576K
}

Deoptimization events (20 events):
Event: 7.682 Thread 0x000002b475771800 DEOPT PACKING pc=0x000002b45c85c21f sp=0x000000c26eef6d70
Event: 7.682 Thread 0x000002b475771800 DEOPT UNPACKING pc=0x000002b45b8072ce sp=0x000000c26eef6230 mode 0
Event: 7.683 Thread 0x000002b475771800 DEOPT PACKING pc=0x000002b45c85c21f sp=0x000000c26eef6d70
Event: 7.683 Thread 0x000002b475771800 DEOPT UNPACKING pc=0x000002b45b8072ce sp=0x000000c26eef6230 mode 0
Event: 7.683 Thread 0x000002b475771800 DEOPT PACKING pc=0x000002b45c85c21f sp=0x000000c26eef6d70
Event: 7.683 Thread 0x000002b475771800 DEOPT UNPACKING pc=0x000002b45b8072ce sp=0x000000c26eef6230 mode 0
Event: 7.684 Thread 0x000002b475771800 DEOPT PACKING pc=0x000002b45c85c21f sp=0x000000c26eef6d70
Event: 7.684 Thread 0x000002b475771800 DEOPT UNPACKING pc=0x000002b45b8072ce sp=0x000000c26eef6230 mode 0
Event: 7.684 Thread 0x000002b475771800 DEOPT PACKING pc=0x000002b45c85c21f sp=0x000000c26eef6d70
Event: 7.684 Thread 0x000002b475771800 DEOPT UNPACKING pc=0x000002b45b8072ce sp=0x000000c26eef6230 mode 0
Event: 7.685 Thread 0x000002b475771800 DEOPT PACKING pc=0x000002b45c85c21f sp=0x000000c26eef6d70
Event: 7.685 Thread 0x000002b475771800 DEOPT UNPACKING pc=0x000002b45b8072ce sp=0x000000c26eef6230 mode 0
Event: 7.685 Thread 0x000002b475771800 Uncommon trap: trap_request=0xffffff4d fr.pc=0x000002b463624cc4 relative=0x00000000000000a4
Event: 7.685 Thread 0x000002b475771800 Uncommon trap: reason=unstable_if action=reinterpret pc=0x000002b463624cc4 method=java.lang.CharacterDataLatin1.digit(II)I @ 12 c2
Event: 7.685 Thread 0x000002b475771800 DEOPT PACKING pc=0x000002b463624cc4 sp=0x000000c26eef70d0
Event: 7.685 Thread 0x000002b475771800 DEOPT UNPACKING pc=0x000002b45b8074af sp=0x000000c26eef7048 mode 2
Event: 7.953 Thread 0x000002b475771800 Uncommon trap: trap_request=0xffffff4d fr.pc=0x000002b46377e0cc relative=0x000000000000060c
Event: 7.953 Thread 0x000002b475771800 Uncommon trap: reason=unstable_if action=reinterpret pc=0x000002b46377e0cc method=java.lang.String.indexOf([BBILjava/lang/String;I)I @ 54 c2
Event: 7.953 Thread 0x000002b475771800 DEOPT PACKING pc=0x000002b46377e0cc sp=0x000000c26eef6f10
Event: 7.953 Thread 0x000002b475771800 DEOPT UNPACKING pc=0x000002b45b8074af sp=0x000000c26eef6e78 mode 2

Classes redefined (0 events):
No events

Internal exceptions (20 events):
Event: 6.861 Thread 0x000002b475771800 Exception <a 'java/lang/ClassNotFoundException'{0x00000000895cbb20}: org/gradle/plugins/ide/idea/model/IdeaModuleCustomizer> (0x00000000895cbb20) thrown at [./src/hotspot/share/classfile/systemDictionary.cpp, line 231]
Event: 6.863 Thread 0x000002b475771800 Exception <a 'java/lang/ClassNotFoundException'{0x000000008942d2f8}: org/gradle/plugins/ide/idea/model/IdeaModule_DecoratedCustomizer> (0x000000008942d2f8) thrown at [./src/hotspot/share/classfile/systemDictionary.cpp, line 231]
Event: 6.868 Thread 0x000002b475771800 Exception <a 'java/lang/NoSuchMethodError'{0x00000000894eec30}: <clinit>> (0x00000000894eec30) thrown at [./src/hotspot/share/prims/jni.cpp, line 1362]
Event: 6.874 Thread 0x000002b475771800 Exception <a 'java/lang/NoSuchMethodError'{0x0000000089393f48}: <clinit>> (0x0000000089393f48) thrown at [./src/hotspot/share/prims/jni.cpp, line 1362]
Event: 7.302 Thread 0x000002b476f68000 Exception <a 'java/lang/NoSuchMethodError'{0x000000008a524408}: 'java.lang.Object java.lang.invoke.DirectMethodHandle$Holder.invokeSpecialIFC(java.lang.Object, java.lang.Object, java.lang.Object)'> (0x000000008a524408) thrown at [./src/hotspot/share/interpreter/linkResolver.cpp, line 773]
Event: 7.302 Thread 0x000002b475771800 Exception <a 'java/lang/NoSuchMethodError'{0x000000008a642590}: 'java.lang.Object java.lang.invoke.DirectMethodHandle$Holder.invokeSpecialIFC(java.lang.Object, java.lang.Object, java.lang.Object)'> (0x000000008a642590) thrown at [./src/hotspot/share/interpreter/linkResolver.cpp, line 773]
Event: 7.302 Thread 0x000002b476f70000 Exception <a 'java/lang/NoSuchMethodError'{0x000000008a517968}: 'java.lang.Object java.lang.invoke.DirectMethodHandle$Holder.invokeSpecialIFC(java.lang.Object, java.lang.Object, java.lang.Object)'> (0x000000008a517968) thrown at [./src/hotspot/share/interpreter/linkResolver.cpp, line 773]
Event: 7.331 Thread 0x000002b476f6e800 Exception <a 'java/lang/NoSuchMethodError'{0x000000008a198288}: 'void java.lang.invoke.DirectMethodHandle$Holder.invokeStatic(java.lang.Object, java.lang.Object, java.lang.Object, java.lang.Object, java.lang.Object, java.lang.Object, java.lang.Object)'> (0x000000008a198288) thrown at [./src/hotspot/share/interpreter/linkResolver.cpp, line 773]
Event: 7.331 Thread 0x000002b476f6b000 Exception <a 'java/lang/NoSuchMethodError'{0x000000008a1d6870}: 'void java.lang.invoke.DirectMethodHandle$Holder.invokeStatic(java.lang.Object, java.lang.Object, java.lang.Object, java.lang.Object, java.lang.Object, java.lang.Object, java.lang.Object)'> (0x000000008a1d6870) thrown at [./src/hotspot/share/interpreter/linkResolver.cpp, line 773]
Event: 7.331 Thread 0x000002b476f69800 Exception <a 'java/lang/NoSuchMethodError'{0x000000008a009d80}: 'void java.lang.invoke.DirectMethodHandle$Holder.invokeStatic(java.lang.Object, java.lang.Object, java.lang.Object, java.lang.Object, java.lang.Object, java.lang.Object, java.lang.Object)'> (0x000000008a009d80) thrown at [./src/hotspot/share/interpreter/linkResolver.cpp, line 773]
Event: 7.331 Thread 0x000002b476f68800 Exception <a 'java/lang/NoSuchMethodError'{0x000000008a1b3af8}: 'void java.lang.invoke.DirectMethodHandle$Holder.invokeStatic(java.lang.Object, java.lang.Object, java.lang.Object, java.lang.Object, java.lang.Object, java.lang.Object, java.lang.Object)'> (0x000000008a1b3af8) thrown at [./src/hotspot/share/interpreter/linkResolver.cpp, line 773]
Event: 7.331 Thread 0x000002b476f70000 Exception <a 'java/lang/NoSuchMethodError'{0x000000008a0169a8}: 'void java.lang.invoke.DirectMethodHandle$Holder.invokeStatic(java.lang.Object, java.lang.Object, java.lang.Object, java.lang.Object, java.lang.Object, java.lang.Object, java.lang.Object)'> (0x000000008a0169a8) thrown at [./src/hotspot/share/interpreter/linkResolver.cpp, line 773]
Event: 7.331 Thread 0x000002b476f68000 Exception <a 'java/lang/NoSuchMethodError'{0x000000008a1cec40}: 'void java.lang.invoke.DirectMethodHandle$Holder.invokeStatic(java.lang.Object, java.lang.Object, java.lang.Object, java.lang.Object, java.lang.Object, java.lang.Object, java.lang.Object)'> (0x000000008a1cec40) thrown at [./src/hotspot/share/interpreter/linkResolver.cpp, line 773]
Event: 7.332 Thread 0x000002b475771800 Exception <a 'java/lang/NoSuchMethodError'{0x000000008a4e7420}: 'void java.lang.invoke.DirectMethodHandle$Holder.invokeStatic(java.lang.Object, java.lang.Object, java.lang.Object, java.lang.Object, java.lang.Object, java.lang.Object, java.lang.Object)'> (0x000000008a4e7420) thrown at [./src/hotspot/share/interpreter/linkResolver.cpp, line 773]
Event: 7.332 Thread 0x000002b476f6a800 Exception <a 'java/lang/NoSuchMethodError'{0x000000008a1bf408}: 'void java.lang.invoke.DirectMethodHandle$Holder.invokeStatic(java.lang.Object, java.lang.Object, java.lang.Object, java.lang.Object, java.lang.Object, java.lang.Object, java.lang.Object)'> (0x000000008a1bf408) thrown at [./src/hotspot/share/interpreter/linkResolver.cpp, line 773]
Event: 7.333 Thread 0x000002b476f6e800 Exception <a 'java/lang/NoSuchMethodError'{0x000000008a024330}: 'void java.lang.invoke.DirectMethodHandle$Holder.invokeStatic(java.lang.Object, java.lang.Object, java.lang.Object, java.lang.Object, java.lang.Object, int, java.lang.Object)'> (0x000000008a024330) thrown at [./src/hotspot/share/interpreter/linkResolver.cpp, line 773]
Event: 7.333 Thread 0x000002b476f6a800 Exception <a 'java/lang/NoSuchMethodError'{0x000000008a04d170}: 'void java.lang.invoke.DirectMethodHandle$Holder.invokeStatic(java.lang.Object, java.lang.Object, java.lang.Object, java.lang.Object, java.lang.Object, int, java.lang.Object)'> (0x000000008a04d170) thrown at [./src/hotspot/share/interpreter/linkResolver.cpp, line 773]
Event: 7.443 Thread 0x000002b475771800 Exception <a 'sun/nio/fs/WindowsException'{0x00000000892d3ea8}> (0x00000000892d3ea8) thrown at [./src/hotspot/share/prims/jni.cpp, line 615]
Event: 7.502 Thread 0x000002b475771800 Exception <a 'java/lang/NullPointerException'{0x00000000889d7fb0}> (0x00000000889d7fb0) thrown at [./src/hotspot/share/interpreter/linkResolver.cpp, line 1440]
Event: 7.654 Thread 0x000002b475771800 Exception <a 'java/lang/NoSuchMethodError'{0x000000008b088f88}: 'int java.lang.invoke.DirectMethodHandle$Holder.invokeStatic(java.lang.Object, java.lang.Object, int, java.lang.Object)'> (0x000000008b088f88) thrown at [./src/hotspot/share/interpreter/linkResolver.cpp, line 773]

Events (20 events):
Event: 8.054 loading class kotlin/reflect/jvm/internal/impl/descriptors/impl/TypeParameterDescriptorImpl done
Event: 8.055 loading class kotlin/reflect/jvm/internal/impl/builtins/DefaultBuiltIns$Companion
Event: 8.055 loading class kotlin/reflect/jvm/internal/impl/builtins/DefaultBuiltIns$Companion done
Event: 8.055 loading class kotlin/reflect/jvm/internal/impl/builtins/BuiltInsLoader
Event: 8.055 loading class kotlin/reflect/jvm/internal/impl/builtins/BuiltInsLoader done
Event: 8.055 loading class kotlin/reflect/jvm/internal/impl/builtins/BuiltInsLoader$Companion
Event: 8.055 loading class kotlin/reflect/jvm/internal/impl/builtins/BuiltInsLoader$Companion done
Event: 8.055 loading class kotlin/reflect/jvm/internal/impl/builtins/BuiltInsLoader$Companion$Instance$2
Event: 8.055 loading class kotlin/reflect/jvm/internal/impl/builtins/BuiltInsLoader$Companion$Instance$2 done
Event: 8.056 loading class kotlin/reflect/jvm/internal/impl/serialization/deserialization/builtins/BuiltInsLoaderImpl
Event: 8.056 loading class kotlin/reflect/jvm/internal/impl/serialization/deserialization/builtins/BuiltInsLoaderImpl done
Event: 8.057 loading class kotlin/reflect/jvm/internal/impl/serialization/deserialization/builtins/BuiltInsResourceLoader
Event: 8.057 loading class kotlin/reflect/jvm/internal/impl/serialization/deserialization/builtins/BuiltInsResourceLoader done
Event: 8.057 loading class kotlin/reflect/jvm/internal/impl/descriptors/deserialization/PlatformDependentDeclarationFilter$NoPlatformDependent
Event: 8.057 loading class kotlin/reflect/jvm/internal/impl/descriptors/deserialization/PlatformDependentDeclarationFilter$NoPlatformDependent done
Event: 8.057 loading class kotlin/reflect/jvm/internal/impl/descriptors/deserialization/AdditionalClassPartsProvider$None
Event: 8.057 loading class kotlin/reflect/jvm/internal/impl/descriptors/deserialization/AdditionalClassPartsProvider$None done
Event: 8.057 loading class kotlin/reflect/jvm/internal/impl/serialization/deserialization/builtins/BuiltInsLoaderImpl$createPackageFragmentProvider$1
Event: 8.057 loading class kotlin/reflect/jvm/internal/impl/serialization/deserialization/builtins/BuiltInsLoaderImpl$createPackageFragmentProvider$1 done
Event: 8.058 Executing VM operation: G1CollectForAllocation


Dynamic libraries:
0x00007ff604290000 - 0x00007ff60429a000 	C:\Program Files\Android\Android Studio\jre\bin\java.exe
0x00007fff961d0000 - 0x00007fff963c5000 	C:\WINDOWS\SYSTEM32\ntdll.dll
0x00007fff95e70000 - 0x00007fff95f2d000 	C:\WINDOWS\System32\KERNEL32.DLL
0x00007fff93e30000 - 0x00007fff940f9000 	C:\WINDOWS\System32\KERNELBASE.dll
0x00007fff93a90000 - 0x00007fff93b90000 	C:\WINDOWS\System32\ucrtbase.dll
0x00007fff87e80000 - 0x00007fff87e99000 	C:\Program Files\Android\Android Studio\jre\bin\jli.dll
0x00007fff87e60000 - 0x00007fff87e77000 	C:\Program Files\Android\Android Studio\jre\bin\VCRUNTIME140.dll
0x00007fff95820000 - 0x00007fff959c0000 	C:\WINDOWS\System32\USER32.dll
0x00007fff94100000 - 0x00007fff94122000 	C:\WINDOWS\System32\win32u.dll
0x00007fff94f10000 - 0x00007fff94f3a000 	C:\WINDOWS\System32\GDI32.dll
0x00007fff7ffe0000 - 0x00007fff8027a000 	C:\WINDOWS\WinSxS\amd64_microsoft.windows.common-controls_6595b64144ccf1df_6.0.19041.1083_none_60bbe31371f34e71\COMCTL32.dll
0x00007fff94130000 - 0x00007fff9423b000 	C:\WINDOWS\System32\gdi32full.dll
0x00007fff95530000 - 0x00007fff955ce000 	C:\WINDOWS\System32\msvcrt.dll
0x00007fff939a0000 - 0x00007fff93a3d000 	C:\WINDOWS\System32\msvcp_win.dll
0x00007fff946b0000 - 0x00007fff946e0000 	C:\WINDOWS\System32\IMM32.DLL
0x00007fff68e20000 - 0x00007fff68ebd000 	C:\Program Files\Android\Android Studio\jre\bin\msvcp140.dll
0x00007fff5b5a0000 - 0x00007fff5c05c000 	C:\Program Files\Android\Android Studio\jre\bin\server\jvm.dll
0x00007fff95650000 - 0x00007fff956fc000 	C:\WINDOWS\System32\ADVAPI32.dll
0x00007fff95020000 - 0x00007fff950bb000 	C:\WINDOWS\System32\sechost.dll
0x00007fff95f30000 - 0x00007fff9605a000 	C:\WINDOWS\System32\RPCRT4.dll
0x00007fff946e0000 - 0x00007fff946e8000 	C:\WINDOWS\System32\PSAPI.DLL
0x00007fff8a770000 - 0x00007fff8a797000 	C:\WINDOWS\SYSTEM32\WINMM.dll
0x00007fff8c6b0000 - 0x00007fff8c6b9000 	C:\WINDOWS\SYSTEM32\WSOCK32.dll
0x00007fff8c7b0000 - 0x00007fff8c7ba000 	C:\WINDOWS\SYSTEM32\VERSION.dll
0x00007fff955d0000 - 0x00007fff9563b000 	C:\WINDOWS\System32\WS2_32.dll
0x00007fff921d0000 - 0x00007fff921e2000 	C:\WINDOWS\SYSTEM32\kernel.appcore.dll
0x00007fff8d6f0000 - 0x00007fff8d701000 	C:\Program Files\Android\Android Studio\jre\bin\verify.dll
0x00007fff915f0000 - 0x00007fff917d4000 	C:\WINDOWS\SYSTEM32\DBGHELP.DLL
0x00007fff822d0000 - 0x00007fff822fc000 	C:\WINDOWS\SYSTEM32\dbgcore.DLL
0x00007fff93910000 - 0x00007fff93993000 	C:\WINDOWS\System32\bcryptPrimitives.dll
0x00007fff8bb10000 - 0x00007fff8bb39000 	C:\Program Files\Android\Android Studio\jre\bin\java.dll
0x00007fff90e80000 - 0x00007fff90e8b000 	C:\Program Files\Android\Android Studio\jre\bin\jimage.dll
0x00007fff88460000 - 0x00007fff88478000 	C:\Program Files\Android\Android Studio\jre\bin\zip.dll
0x00007fff946f0000 - 0x00007fff94e2f000 	C:\WINDOWS\System32\SHELL32.dll
0x00007fff91a20000 - 0x00007fff921b1000 	C:\WINDOWS\SYSTEM32\windows.storage.dll
0x00007fff951d0000 - 0x00007fff95525000 	C:\WINDOWS\System32\combase.dll
0x00007fff93380000 - 0x00007fff933ac000 	C:\WINDOWS\SYSTEM32\Wldp.dll
0x00007fff95770000 - 0x00007fff9581e000 	C:\WINDOWS\System32\SHCORE.dll
0x00007fff959c0000 - 0x00007fff95a15000 	C:\WINDOWS\System32\shlwapi.dll
0x00007fff93850000 - 0x00007fff9386f000 	C:\WINDOWS\SYSTEM32\profapi.dll
0x00007fff88270000 - 0x00007fff8828a000 	C:\Program Files\Android\Android Studio\jre\bin\net.dll
0x00007fff84850000 - 0x00007fff8495a000 	C:\WINDOWS\SYSTEM32\WINHTTP.dll
0x00007fff93070000 - 0x00007fff930da000 	C:\WINDOWS\system32\mswsock.dll
0x00007fff87570000 - 0x00007fff87584000 	C:\Program Files\Android\Android Studio\jre\bin\nio.dll
0x00007fff7e9a0000 - 0x00007fff7e9c7000 	C:\Users\Dark Knight\.gradle\native\fdc75f09e3144964f2cf3f50f0aa648679c211496f362492102eb8c894070792\windows-amd64\native-platform.dll
0x00007fff3f9a0000 - 0x00007fff3fb36000 	C:\Users\Dark Knight\.gradle\native\12488b8bf47d2d4c9fbf2f6322a914ad602e24e48041cd04a747c6da556b65c4\windows-amd64\native-platform-file-events.dll
0x00007fff8edb0000 - 0x00007fff8edba000 	C:\Program Files\Android\Android Studio\jre\bin\management.dll
0x00007fff8ed90000 - 0x00007fff8ed9c000 	C:\Program Files\Android\Android Studio\jre\bin\management_ext.dll
0x00007fff93260000 - 0x00007fff93278000 	C:\WINDOWS\SYSTEM32\CRYPTSP.dll
0x00007fff929b0000 - 0x00007fff929e4000 	C:\WINDOWS\system32\rsaenh.dll
0x00007fff93cf0000 - 0x00007fff93d17000 	C:\WINDOWS\System32\bcrypt.dll
0x00007fff937d0000 - 0x00007fff937fe000 	C:\WINDOWS\SYSTEM32\USERENV.dll
0x00007fff93250000 - 0x00007fff9325c000 	C:\WINDOWS\SYSTEM32\CRYPTBASE.dll
0x00007fff92d60000 - 0x00007fff92d9b000 	C:\WINDOWS\SYSTEM32\IPHLPAPI.DLL
0x00007fff95760000 - 0x00007fff95768000 	C:\WINDOWS\System32\NSI.dll
0x00007fff8a6b0000 - 0x00007fff8a6c7000 	C:\WINDOWS\SYSTEM32\dhcpcsvc6.DLL
0x00007fff8a9c0000 - 0x00007fff8a9dd000 	C:\WINDOWS\SYSTEM32\dhcpcsvc.DLL
0x00007fff92da0000 - 0x00007fff92e6c000 	C:\WINDOWS\SYSTEM32\DNSAPI.dll
0x00007fff8be80000 - 0x00007fff8be8b000 	C:\WINDOWS\SYSTEM32\WINNSI.DLL

dbghelp: loaded successfully - version: 4.0.5 - missing functions: none
symbol engine: initialized successfully - sym options: 0x614 - pdb path: .;C:\Program Files\Android\Android Studio\jre\bin;C:\WINDOWS\SYSTEM32;C:\WINDOWS\WinSxS\amd64_microsoft.windows.common-controls_6595b64144ccf1df_6.0.19041.1083_none_60bbe31371f34e71;C:\Program Files\Android\Android Studio\jre\bin\server;C:\Users\Dark Knight\.gradle\native\fdc75f09e3144964f2cf3f50f0aa648679c211496f362492102eb8c894070792\windows-amd64;C:\Users\Dark Knight\.gradle\native\12488b8bf47d2d4c9fbf2f6322a914ad602e24e48041cd04a747c6da556b65c4\windows-amd64

VM Arguments:
jvm_args: --add-opens=java.base/java.util=ALL-UNNAMED --add-opens=java.base/java.lang=ALL-UNNAMED --add-opens=java.base/java.lang.invoke=ALL-UNNAMED --add-opens=java.prefs/java.util.prefs=ALL-UNNAMED -Xmx2048m -Dfile.encoding=UTF-8 -Duser.country=IN -Duser.language=en -Duser.variant 
java_command: org.gradle.launcher.daemon.bootstrap.GradleDaemon 6.7.1
java_class_path (initial): C:\Users\Dark Knight\.gradle\wrapper\dists\gradle-6.7.1-bin\bwlcbys1h7rz3272sye1xwiv6\gradle-6.7.1\lib\gradle-launcher-6.7.1.jar
Launcher Type: SUN_STANDARD

[Global flags]
     intx CICompilerCount                          = 4                                         {product} {ergonomic}
     uint ConcGCThreads                            = 2                                         {product} {ergonomic}
     uint G1ConcRefinementThreads                  = 8                                         {product} {ergonomic}
   size_t G1HeapRegionSize                         = 1048576                                   {product} {ergonomic}
    uintx GCDrainStackTargetSize                   = 64                                        {product} {ergonomic}
   size_t InitialHeapSize                          = 134217728                                 {product} {ergonomic}
   size_t MarkStackSize                            = 4194304                                   {product} {ergonomic}
   size_t MaxHeapSize                              = 2147483648                                {product} {command line}
   size_t MaxNewSize                               = 1287651328                                {product} {ergonomic}
   size_t MinHeapDeltaBytes                        = 1048576                                   {product} {ergonomic}
    uintx NonNMethodCodeHeapSize                   = 5836300                                {pd product} {ergonomic}
    uintx NonProfiledCodeHeapSize                  = 122910970                              {pd product} {ergonomic}
    uintx ProfiledCodeHeapSize                     = 122910970                              {pd product} {ergonomic}
    uintx ReservedCodeCacheSize                    = 251658240                              {pd product} {ergonomic}
     bool SegmentedCodeCache                       = true                                      {product} {ergonomic}
     bool UseCompressedClassPointers               = true                                 {lp64_product} {ergonomic}
     bool UseCompressedOops                        = true                                 {lp64_product} {ergonomic}
     bool UseG1GC                                  = true                                      {product} {ergonomic}
     bool UseLargePagesIndividualAllocation        = false                                  {pd product} {ergonomic}

Logging:
Log output configuration:
 #0: stdout all=warning uptime,level,tags
 #1: stderr all=off uptime,level,tags

Environment Variables:
PATH=C:\Windows\system32;C:\Windows;C:\Windows\System32\Wbem;C:\Windows\System32\WindowsPowerShell\v1.0\;C:\Windows\System32\OpenSSH\;C:\Program Files (x86)\NVIDIA Corporation\PhysX\Common;C:\Program Files\NVIDIA Corporation\NVIDIA NvDLISR;C:\WINDOWS\system32;C:\WINDOWS;C:\WINDOWS\System32\Wbem;C:\WINDOWS\System32\WindowsPowerShell\v1.0\;C:\WINDOWS\System32\OpenSSH\;C:\MinGW\bin;C:\Program Files\MEGA-X;C:\WINDOWS\system32;C:\WINDOWS;C:\WINDOWS\System32\Wbem;C:\WINDOWS\System32\WindowsPowerShell\v1.0\;C:\WINDOWS\System32\OpenSSH\;C:\Program Files\Git\cmd;C:\Users\Dark Knight\AppData\Local\Microsoft\WindowsApps;C:\Users\Dark Knight\AppData\Local\GitHubDesktop\bin;C:\Users\Dark Knight\AppData\Local\atom\bin;C:\ProgramData\Dark Knight\atom\bin;C:\MinGW\bin;C:\Program Files (x86)\Microsoft Visual Studio\2019\BuildTools\MSBuild\Current\Bin;C:\Users\Dark Knight\AppData\Local\Programs\Microsoft VS Code\bin;C:\Users\Dark Knight\AppData\Local\Microsoft\WindowsApps;
USERNAME=Dark Knight
OS=Windows_NT
PROCESSOR_IDENTIFIER=Intel64 Family 6 Model 158 Stepping 10, GenuineIntel



---------------  S Y S T E M  ---------------

OS: Windows 10 , 64 bit Build 19041 (10.0.19041.1023)
OS uptime: 5 days 4:14 hours

CPU:total 8 (initial active 8) (4 cores per cpu, 2 threads per core) family 6 model 158 stepping 10, cmov, cx8, fxsr, mmx, sse, sse2, sse3, ssse3, sse4.1, sse4.2, popcnt, avx, avx2, aes, clmul, erms, 3dnowpref, lzcnt, ht, tsc, tscinvbit, bmi1, bmi2, adx, fma

Memory: 4k page, system-wide physical 8112M (634M free)
TotalPageFile size 12208M (AvailPageFile size 15M)
current process WorkingSet (physical memory assigned to process): 457M, peak: 464M
current process commit charge ("private bytes"): 497M, peak: 532M

vm_info: OpenJDK 64-Bit Server VM (11.0.8+10-b944.6842174) for windows-amd64 JRE (11.0.8+10-b944.6842174), built on Sep 19 2020 01:11:42 by "builder" with MS VC++ 14.0 (VS2015)

END.
