#
# There is insufficient memory for the Java Runtime Environment to continue.
# Native memory allocation (malloc) failed to allocate 734736 bytes for Chunk::new
# Possible reasons:
#   The system is out of physical RAM or swap space
#   The process is running with CompressedOops enabled, and the Java Heap may be blocking the growth of the native heap
# Possible solutions:
#   Reduce memory load on the system
#   Increase physical memory or swap space
#   Check if swap backing store is full
#   Decrease Java heap size (-Xmx/-Xms)
#   Decrease number of Java threads
#   Decrease Java thread stack sizes (-Xss)
#   Set larger code cache with -XX:ReservedCodeCacheSize=
#   JVM is running with Unscaled Compressed Oops mode in which the Java heap is
#     placed in the first 4GB address space. The Java Heap base address is the
#     maximum limit for the native heap growth. Please use -XX:HeapBaseMinAddress
#     to set the Java Heap base and to place the Java Heap above 4GB virtual address.
# This output file may be truncated or incomplete.
#
#  Out of Memory Error (./src/hotspot/share/memory/arena.cpp:197), pid=31684, tid=9372
#
# JRE version: OpenJDK Runtime Environment (11.0.8+10) (build 11.0.8+10-b944.6842174)
# Java VM: OpenJDK 64-Bit Server VM (11.0.8+10-b944.6842174, mixed mode, tiered, compressed oops, g1 gc, windows-amd64)
# No core dump will be written. Minidumps are not enabled by default on client versions of Windows
#

---------------  S U M M A R Y ------------

Command Line: --add-opens=java.base/java.util=ALL-UNNAMED --add-opens=java.base/java.lang=ALL-UNNAMED --add-opens=java.base/java.lang.invoke=ALL-UNNAMED --add-opens=java.prefs/java.util.prefs=ALL-UNNAMED -Xmx2048m -Dfile.encoding=UTF-8 -Duser.country=IN -Duser.language=en -Duser.variant org.gradle.launcher.daemon.bootstrap.GradleDaemon 6.7.1

Host: Intel(R) Core(TM) i5-9300H CPU @ 2.40GHz, 8 cores, 7G,  Windows 10 , 64 bit Build 19041 (10.0.19041.1023)
Time: Wed Jul 14 20:36:55 2021 India Standard Time elapsed time: 7 seconds (0d 0h 0m 7s)

---------------  T H R E A D  ---------------

Current thread (0x000001d3aee67000):  JavaThread "C2 CompilerThread1" daemon [_thread_in_native, id=9372, stack(0x0000001a51000000,0x0000001a51100000)]


Current CompileTask:
C2:   7573 8271       4       java.lang.reflect.Method::invoke (65 bytes)

Stack: [0x0000001a51000000,0x0000001a51100000]
Native frames: (J=compiled Java code, j=interpreted, Vv=VM code, C=native code)
V  [jvm.dll+0x5de50a]
V  [jvm.dll+0x7122f5]
V  [jvm.dll+0x71384d]
V  [jvm.dll+0x713f03]
V  [jvm.dll+0x23e728]
V  [jvm.dll+0xb899c]
V  [jvm.dll+0xb8e9c]
V  [jvm.dll+0x35020b]
V  [jvm.dll+0x31dea3]
V  [jvm.dll+0x31d39a]
V  [jvm.dll+0x1f7702]
V  [jvm.dll+0x1f68d4]
V  [jvm.dll+0x17f32c]
V  [jvm.dll+0x205047]
V  [jvm.dll+0x203891]
V  [jvm.dll+0x6dad3f]
V  [jvm.dll+0x6d3895]
V  [jvm.dll+0x5dd4a6]
C  [ucrtbase.dll+0x21bb2]
C  [KERNEL32.DLL+0x17034]
C  [ntdll.dll+0x52651]


---------------  P R O C E S S  ---------------

Threads class SMR info:
_java_thread_list=0x000001d3b12a1140, length=169, elements={
0x000001d39077a800, 0x000001d3aca24000, 0x000001d3aca2f000, 0x000001d3ad3b2800,
0x000001d3ad3b3800, 0x000001d3ad3b7000, 0x000001d3ad3bb000, 0x000001d3ad3bf800,
0x000001d3ad506000, 0x000001d3ad525000, 0x000001d3af362000, 0x000001d3ae4bf800,
0x000001d3aee67000, 0x000001d3ad64f000, 0x000001d3ae97b800, 0x000001d3aee28800,
0x000001d3ae635000, 0x000001d3ae78b800, 0x000001d3af35a000, 0x000001d3af5ac000,
0x000001d3af388800, 0x000001d3af386000, 0x000001d3af385000, 0x000001d3af383800,
0x000001d3af387800, 0x000001d3af389800, 0x000001d3af38a000, 0x000001d3af384800,
0x000001d3af387000, 0x000001d3aff7e800, 0x000001d3aff81000, 0x000001d3aff7f000,
0x000001d3aff81800, 0x000001d3aff80000, 0x000001d3aff83000, 0x000001d3aff7d800,
0x000001d3aff89000, 0x000001d3aff84000, 0x000001d3aff88000, 0x000001d3aff8a800,
0x000001d3aff87800, 0x000001d3aff85000, 0x000001d3aff85800, 0x000001d3aff89800,
0x000001d3aff86800, 0x000001d3b2b3b000, 0x000001d3b2b39800, 0x000001d3b2b3a800,
0x000001d3b2b3d000, 0x000001d3b2b3d800, 0x000001d3b2b3e800, 0x000001d3b2b3c000,
0x000001d3b2b39000, 0x000001d3b2b43800, 0x000001d3b2b44000, 0x000001d3b2b3f800,
0x000001d3b2b41000, 0x000001d3b2b41800, 0x000001d3b2b45000, 0x000001d3b2b42800,
0x000001d3b2b46000, 0x000001d3b2b40000, 0x000001d3b2b46800, 0x000001d3b2b47800,
0x000001d3b2cbf000, 0x000001d3b2cba000, 0x000001d3b2cbc800, 0x000001d3b2cc0000,
0x000001d3b2cbd800, 0x000001d3b2cbb000, 0x000001d3b2cbe000, 0x000001d3b2cc0800,
0x000001d3b2cc1800, 0x000001d3b2cbb800, 0x000001d3b2cc7000, 0x000001d3b2cc6800,
0x000001d3b2cc8000, 0x000001d3b2cc2000, 0x000001d3b2cc9000, 0x000001d3b2cc3000,
0x000001d3b2cc4000, 0x000001d3b2cc5800, 0x000001d3b2cc4800, 0x000001d3aff5e000,
0x000001d3aff5f000, 0x000001d3aff61800, 0x000001d3aff5c800, 0x000001d3aff5d800,
0x000001d3aff60000, 0x000001d3aff5b800, 0x000001d3aff63000, 0x000001d3aff60800,
0x000001d3aff64000, 0x000001d3aff64800, 0x000001d3aff65800, 0x000001d3aff66800,
0x000001d3aff68000, 0x000001d3aff67000, 0x000001d3aff62800, 0x000001d3aff69000,
0x000001d3aff69800, 0x000001d3aff6a800, 0x000001d3b34bf000, 0x000001d3b34bf800,
0x000001d3b34bb800, 0x000001d3b34be000, 0x000001d3b34ba000, 0x000001d3b34c0800,
0x000001d3b34bd800, 0x000001d3b34bb000, 0x000001d3b34c1800, 0x000001d3b34c2000,
0x000001d3b34bc800, 0x000001d3b34c8800, 0x000001d3b34c8000, 0x000001d3b34c4000,
0x000001d3b34c7000, 0x000001d3b34c3000, 0x000001d3b34c4800, 0x000001d3b34c5800,
0x000001d3b34c6800, 0x000001d3b1a91800, 0x000001d3b1a94000, 0x000001d3b1a92800,
0x000001d3b1a94800, 0x000001d3b1a95800, 0x000001d3b1a93000, 0x000001d3b1a96800,
0x000001d3b1a90800, 0x000001d3b1a97000, 0x000001d3b1a98000, 0x000001d3b1a9a800,
0x000001d3b1a9d000, 0x000001d3b1a9b000, 0x000001d3b1a9c000, 0x000001d3b1a9d800,
0x000001d3b1a9e800, 0x000001d3b1a99000, 0x000001d3b1a9f800, 0x000001d3b1a99800,
0x000001d3b4327800, 0x000001d3b4324000, 0x000001d3b4329800, 0x000001d3b432a800,
0x000001d3b4328000, 0x000001d3b4325800, 0x000001d3b4329000, 0x000001d3b4325000,
0x000001d3b432b800, 0x000001d3b432c000, 0x000001d3b4326800, 0x000001d3b432d000,
0x000001d3b432e000, 0x000001d3b432f800, 0x000001d3b4332800, 0x000001d3b432e800,
0x000001d3b4332000, 0x000001d3b4331000, 0x000001d3aebd3000, 0x000001d3aebd4000,
0x000001d3aebd2800, 0x000001d3aebce800, 0x000001d3aebd0800, 0x000001d3aebd5000,
0x000001d3aebcf000, 0x000001d3aebd5800, 0x000001d3aebd0000, 0x000001d3aebd6800,
0x000001d3aebd7000
}

Java Threads: ( => current thread )
  0x000001d39077a800 JavaThread "main" [_thread_blocked, id=4580, stack(0x0000001a4f900000,0x0000001a4fa00000)]
  0x000001d3aca24000 JavaThread "Reference Handler" daemon [_thread_blocked, id=26064, stack(0x0000001a50000000,0x0000001a50100000)]
  0x000001d3aca2f000 JavaThread "Finalizer" daemon [_thread_blocked, id=21092, stack(0x0000001a50100000,0x0000001a50200000)]
  0x000001d3ad3b2800 JavaThread "Signal Dispatcher" daemon [_thread_blocked, id=14084, stack(0x0000001a50200000,0x0000001a50300000)]
  0x000001d3ad3b3800 JavaThread "Attach Listener" daemon [_thread_blocked, id=3416, stack(0x0000001a50300000,0x0000001a50400000)]
  0x000001d3ad3b7000 JavaThread "C2 CompilerThread0" daemon [_thread_in_native, id=12144, stack(0x0000001a50400000,0x0000001a50500000)]
  0x000001d3ad3bb000 JavaThread "C1 CompilerThread0" daemon [_thread_in_native, id=17120, stack(0x0000001a50500000,0x0000001a50600000)]
  0x000001d3ad3bf800 JavaThread "Sweeper thread" daemon [_thread_blocked, id=28164, stack(0x0000001a50600000,0x0000001a50700000)]
  0x000001d3ad506000 JavaThread "Common-Cleaner" daemon [_thread_blocked, id=27104, stack(0x0000001a50700000,0x0000001a50800000)]
  0x000001d3ad525000 JavaThread "Service Thread" daemon [_thread_blocked, id=13592, stack(0x0000001a50800000,0x0000001a50900000)]
  0x000001d3af362000 JavaThread "Daemon health stats" [_thread_blocked, id=3444, stack(0x0000001a50e00000,0x0000001a50f00000)]
  0x000001d3ae4bf800 JavaThread "Incoming local TCP Connector on port 56709" [_thread_in_native, id=14968, stack(0x0000001a50f00000,0x0000001a51000000)]
=>0x000001d3aee67000 JavaThread "C2 CompilerThread1" daemon [_thread_in_native, id=9372, stack(0x0000001a51000000,0x0000001a51100000)]
  0x000001d3ad64f000 JavaThread "Daemon periodic checks" [_thread_blocked, id=18888, stack(0x0000001a51100000,0x0000001a51200000)]
  0x000001d3ae97b800 JavaThread "Daemon" [_thread_blocked, id=17600, stack(0x0000001a51200000,0x0000001a51300000)]
  0x000001d3aee28800 JavaThread "Handler for socket connection from /127.0.0.1:56709 to /127.0.0.1:56710" [_thread_blocked, id=26584, stack(0x0000001a51300000,0x0000001a51400000)]
  0x000001d3ae635000 JavaThread "Cancel handler" [_thread_blocked, id=20852, stack(0x0000001a51400000,0x0000001a51500000)]
  0x000001d3ae78b800 JavaThread "Daemon worker" [_thread_blocked, id=25820, stack(0x0000001a51500000,0x0000001a51600000)]
  0x000001d3af35a000 JavaThread "Stdin handler" [_thread_blocked, id=2092, stack(0x0000001a51700000,0x0000001a51800000)]
  0x000001d3af5ac000 JavaThread "Thread-8" [_thread_blocked, id=22640, stack(0x0000001a51800000,0x0000001a51900000)]
  0x000001d3af388800 JavaThread "Cache worker for file hash cache (C:\Users\Dark Knight\.gradle\caches\6.7.1\fileHashes)" [_thread_blocked, id=11172, stack(0x0000001a51e00000,0x0000001a51f00000)]
  0x000001d3af386000 JavaThread "File lock request listener" [_thread_in_native, id=9620, stack(0x0000001a51f00000,0x0000001a52000000)]
  0x000001d3af385000 JavaThread "Cache worker for journal cache (C:\Users\Dark Knight\.gradle\caches\journal-1)" [_thread_blocked, id=5172, stack(0x0000001a52100000,0x0000001a52200000)]
  0x000001d3af383800 JavaThread "Cache worker for file hash cache (C:\Android Projects\Udemy TUTORIAL\Quiz App\.gradle\6.7.1\fileHashes)" [_thread_blocked, id=14952, stack(0x0000001a52200000,0x0000001a52300000)]
  0x000001d3af387800 JavaThread "Cache worker for checksums cache (C:\Android Projects\Udemy TUTORIAL\Quiz App\.gradle\checksums)" [_thread_blocked, id=1520, stack(0x0000001a52300000,0x0000001a52400000)]
  0x000001d3af389800 JavaThread "Cache worker for cache directory md-supplier (C:\Users\Dark Knight\.gradle\caches\6.7.1\md-supplier)" [_thread_blocked, id=20224, stack(0x0000001a52400000,0x0000001a52500000)]
  0x000001d3af38a000 JavaThread "Cache worker for cache directory md-rule (C:\Users\Dark Knight\.gradle\caches\6.7.1\md-rule)" [_thread_blocked, id=30400, stack(0x0000001a52600000,0x0000001a52700000)]
  0x000001d3af384800 JavaThread "Cache worker for execution history cache (C:\Users\Dark Knight\.gradle\caches\6.7.1\executionHistory)" [_thread_blocked, id=9884, stack(0x0000001a52700000,0x0000001a52800000)]
  0x000001d3af387000 JavaThread "jar transforms" [_thread_blocked, id=16576, stack(0x0000001a52800000,0x0000001a52900000)]
  0x000001d3aff7e800 JavaThread "Cache worker for file content cache (C:\Users\Dark Knight\.gradle\caches\6.7.1\fileContent)" [_thread_blocked, id=24692, stack(0x0000001a52900000,0x0000001a52a00000)]
  0x000001d3aff81000 JavaThread "Cache worker for Build Output Cleanup Cache (C:\Android Projects\Udemy TUTORIAL\Quiz App\.gradle\buildOutputCleanup)" [_thread_blocked, id=31688, stack(0x0000001a52a00000,0x0000001a52b00000)]
  0x000001d3aff7f000 JavaThread "Build operations" [_thread_blocked, id=29912, stack(0x0000001a52b00000,0x0000001a52c00000)]
  0x000001d3aff81800 JavaThread "Build operations Thread 2" [_thread_blocked, id=9720, stack(0x0000001a52c00000,0x0000001a52d00000)]
  0x000001d3aff80000 JavaThread "Build operations Thread 3" [_thread_blocked, id=14228, stack(0x0000001a52d00000,0x0000001a52e00000)]
  0x000001d3aff83000 JavaThread "Build operations Thread 4" [_thread_blocked, id=6440, stack(0x0000001a52e00000,0x0000001a52f00000)]
  0x000001d3aff7d800 JavaThread "Build operations Thread 5" [_thread_blocked, id=11996, stack(0x0000001a52f00000,0x0000001a53000000)]
  0x000001d3aff89000 JavaThread "Build operations Thread 6" [_thread_blocked, id=8824, stack(0x0000001a53000000,0x0000001a53100000)]
  0x000001d3aff84000 JavaThread "Build operations Thread 7" [_thread_blocked, id=29620, stack(0x0000001a53100000,0x0000001a53200000)]
  0x000001d3aff88000 JavaThread "Build operations Thread 8" [_thread_blocked, id=23084, stack(0x0000001a53200000,0x0000001a53300000)]
  0x000001d3aff8a800 JavaThread "jar transforms Thread 2" [_thread_blocked, id=14612, stack(0x0000001a53300000,0x0000001a53400000)]
  0x000001d3aff87800 JavaThread "jar transforms Thread 3" [_thread_blocked, id=29424, stack(0x0000001a53400000,0x0000001a53500000)]
  0x000001d3aff85000 JavaThread "jar transforms Thread 4" [_thread_blocked, id=5316, stack(0x0000001a53500000,0x0000001a53600000)]
  0x000001d3aff85800 JavaThread "jar transforms Thread 5" [_thread_blocked, id=23440, stack(0x0000001a53600000,0x0000001a53700000)]
  0x000001d3aff89800 JavaThread "jar transforms Thread 6" [_thread_blocked, id=28320, stack(0x0000001a53700000,0x0000001a53800000)]
  0x000001d3aff86800 JavaThread "jar transforms Thread 7" [_thread_blocked, id=13460, stack(0x0000001a53800000,0x0000001a53900000)]
  0x000001d3b2b3b000 JavaThread "jar transforms Thread 8" [_thread_blocked, id=11676, stack(0x0000001a53900000,0x0000001a53a00000)]
  0x000001d3b2b39800 JavaThread "jar transforms Thread 9" [_thread_blocked, id=11332, stack(0x0000001a53a00000,0x0000001a53b00000)]
  0x000001d3b2b3a800 JavaThread "jar transforms Thread 10" [_thread_blocked, id=17680, stack(0x0000001a53b00000,0x0000001a53c00000)]
  0x000001d3b2b3d000 JavaThread "jar transforms Thread 11" [_thread_blocked, id=22712, stack(0x0000001a53c00000,0x0000001a53d00000)]
  0x000001d3b2b3d800 JavaThread "jar transforms Thread 12" [_thread_blocked, id=2568, stack(0x0000001a53d00000,0x0000001a53e00000)]
  0x000001d3b2b3e800 JavaThread "jar transforms Thread 13" [_thread_blocked, id=4076, stack(0x0000001a53e00000,0x0000001a53f00000)]
  0x000001d3b2b3c000 JavaThread "jar transforms Thread 14" [_thread_blocked, id=15004, stack(0x0000001a53f00000,0x0000001a54000000)]
  0x000001d3b2b39000 JavaThread "jar transforms Thread 15" [_thread_blocked, id=2900, stack(0x0000001a54000000,0x0000001a54100000)]
  0x000001d3b2b43800 JavaThread "jar transforms Thread 16" [_thread_blocked, id=32544, stack(0x0000001a54100000,0x0000001a54200000)]
  0x000001d3b2b44000 JavaThread "jar transforms Thread 17" [_thread_blocked, id=18552, stack(0x0000001a54200000,0x0000001a54300000)]
  0x000001d3b2b3f800 JavaThread "jar transforms Thread 18" [_thread_blocked, id=28868, stack(0x0000001a54300000,0x0000001a54400000)]
  0x000001d3b2b41000 JavaThread "jar transforms Thread 19" [_thread_blocked, id=25716, stack(0x0000001a54400000,0x0000001a54500000)]
  0x000001d3b2b41800 JavaThread "jar transforms Thread 20" [_thread_blocked, id=4020, stack(0x0000001a54500000,0x0000001a54600000)]
  0x000001d3b2b45000 JavaThread "jar transforms Thread 21" [_thread_blocked, id=21704, stack(0x0000001a54600000,0x0000001a54700000)]
  0x000001d3b2b42800 JavaThread "jar transforms Thread 22" [_thread_blocked, id=3080, stack(0x0000001a54700000,0x0000001a54800000)]
  0x000001d3b2b46000 JavaThread "jar transforms Thread 23" [_thread_blocked, id=1832, stack(0x0000001a54800000,0x0000001a54900000)]
  0x000001d3b2b40000 JavaThread "jar transforms Thread 24" [_thread_blocked, id=22716, stack(0x0000001a54900000,0x0000001a54a00000)]
  0x000001d3b2b46800 JavaThread "jar transforms Thread 25" [_thread_blocked, id=25904, stack(0x0000001a54a00000,0x0000001a54b00000)]
  0x000001d3b2b47800 JavaThread "jar transforms Thread 26" [_thread_blocked, id=6268, stack(0x0000001a54b00000,0x0000001a54c00000)]
  0x000001d3b2cbf000 JavaThread "jar transforms Thread 27" [_thread_blocked, id=19644, stack(0x0000001a54c00000,0x0000001a54d00000)]
  0x000001d3b2cba000 JavaThread "jar transforms Thread 28" [_thread_blocked, id=3888, stack(0x0000001a54d00000,0x0000001a54e00000)]
  0x000001d3b2cbc800 JavaThread "jar transforms Thread 29" [_thread_blocked, id=21204, stack(0x0000001a54e00000,0x0000001a54f00000)]
  0x000001d3b2cc0000 JavaThread "jar transforms Thread 30" [_thread_blocked, id=23680, stack(0x0000001a54f00000,0x0000001a55000000)]
  0x000001d3b2cbd800 JavaThread "jar transforms Thread 31" [_thread_blocked, id=30396, stack(0x0000001a55000000,0x0000001a55100000)]
  0x000001d3b2cbb000 JavaThread "jar transforms Thread 32" [_thread_blocked, id=19660, stack(0x0000001a55100000,0x0000001a55200000)]
  0x000001d3b2cbe000 JavaThread "jar transforms Thread 33" [_thread_blocked, id=11488, stack(0x0000001a55200000,0x0000001a55300000)]
  0x000001d3b2cc0800 JavaThread "jar transforms Thread 34" [_thread_blocked, id=31888, stack(0x0000001a55300000,0x0000001a55400000)]
  0x000001d3b2cc1800 JavaThread "jar transforms Thread 35" [_thread_blocked, id=16144, stack(0x0000001a55400000,0x0000001a55500000)]
  0x000001d3b2cbb800 JavaThread "jar transforms Thread 36" [_thread_blocked, id=32444, stack(0x0000001a55500000,0x0000001a55600000)]
  0x000001d3b2cc7000 JavaThread "jar transforms Thread 37" [_thread_blocked, id=9708, stack(0x0000001a55600000,0x0000001a55700000)]
  0x000001d3b2cc6800 JavaThread "jar transforms Thread 38" [_thread_blocked, id=21464, stack(0x0000001a55700000,0x0000001a55800000)]
  0x000001d3b2cc8000 JavaThread "jar transforms Thread 39" [_thread_blocked, id=31852, stack(0x0000001a55800000,0x0000001a55900000)]
  0x000001d3b2cc2000 JavaThread "jar transforms Thread 40" [_thread_blocked, id=30888, stack(0x0000001a55900000,0x0000001a55a00000)]
  0x000001d3b2cc9000 JavaThread "jar transforms Thread 41" [_thread_blocked, id=27080, stack(0x0000001a55a00000,0x0000001a55b00000)]
  0x000001d3b2cc3000 JavaThread "jar transforms Thread 42" [_thread_blocked, id=26112, stack(0x0000001a55b00000,0x0000001a55c00000)]
  0x000001d3b2cc4000 JavaThread "jar transforms Thread 43" [_thread_blocked, id=11724, stack(0x0000001a55c00000,0x0000001a55d00000)]
  0x000001d3b2cc5800 JavaThread "jar transforms Thread 44" [_thread_blocked, id=13852, stack(0x0000001a55d00000,0x0000001a55e00000)]
  0x000001d3b2cc4800 JavaThread "jar transforms Thread 45" [_thread_blocked, id=13020, stack(0x0000001a55e00000,0x0000001a55f00000)]
  0x000001d3aff5e000 JavaThread "jar transforms Thread 46" [_thread_blocked, id=9404, stack(0x0000001a55f00000,0x0000001a56000000)]
  0x000001d3aff5f000 JavaThread "jar transforms Thread 47" [_thread_blocked, id=12256, stack(0x0000001a56000000,0x0000001a56100000)]
  0x000001d3aff61800 JavaThread "jar transforms Thread 48" [_thread_blocked, id=27340, stack(0x0000001a56100000,0x0000001a56200000)]
  0x000001d3aff5c800 JavaThread "jar transforms Thread 49" [_thread_blocked, id=27792, stack(0x0000001a56200000,0x0000001a56300000)]
  0x000001d3aff5d800 JavaThread "jar transforms Thread 50" [_thread_blocked, id=32760, stack(0x0000001a56300000,0x0000001a56400000)]
  0x000001d3aff60000 JavaThread "jar transforms Thread 51" [_thread_blocked, id=16644, stack(0x0000001a56400000,0x0000001a56500000)]
  0x000001d3aff5b800 JavaThread "jar transforms Thread 52" [_thread_blocked, id=16732, stack(0x0000001a56500000,0x0000001a56600000)]
  0x000001d3aff63000 JavaThread "jar transforms Thread 53" [_thread_blocked, id=22964, stack(0x0000001a56600000,0x0000001a56700000)]
  0x000001d3aff60800 JavaThread "jar transforms Thread 54" [_thread_blocked, id=24192, stack(0x0000001a56700000,0x0000001a56800000)]
  0x000001d3aff64000 JavaThread "jar transforms Thread 55" [_thread_blocked, id=22104, stack(0x0000001a56800000,0x0000001a56900000)]
  0x000001d3aff64800 JavaThread "jar transforms Thread 56" [_thread_blocked, id=30176, stack(0x0000001a56900000,0x0000001a56a00000)]
  0x000001d3aff65800 JavaThread "jar transforms Thread 57" [_thread_blocked, id=9220, stack(0x0000001a56a00000,0x0000001a56b00000)]
  0x000001d3aff66800 JavaThread "jar transforms Thread 58" [_thread_blocked, id=23284, stack(0x0000001a56b00000,0x0000001a56c00000)]
  0x000001d3aff68000 JavaThread "jar transforms Thread 59" [_thread_blocked, id=26252, stack(0x0000001a56c00000,0x0000001a56d00000)]
  0x000001d3aff67000 JavaThread "jar transforms Thread 60" [_thread_blocked, id=13684, stack(0x0000001a56d00000,0x0000001a56e00000)]
  0x000001d3aff62800 JavaThread "jar transforms Thread 61" [_thread_blocked, id=24392, stack(0x0000001a56e00000,0x0000001a56f00000)]
  0x000001d3aff69000 JavaThread "jar transforms Thread 62" [_thread_blocked, id=29784, stack(0x0000001a56f00000,0x0000001a57000000)]
  0x000001d3aff69800 JavaThread "jar transforms Thread 63" [_thread_blocked, id=19760, stack(0x0000001a57000000,0x0000001a57100000)]
  0x000001d3aff6a800 JavaThread "jar transforms Thread 64" [_thread_blocked, id=31036, stack(0x0000001a57100000,0x0000001a57200000)]
  0x000001d3b34bf000 JavaThread "jar transforms Thread 65" [_thread_blocked, id=28756, stack(0x0000001a57200000,0x0000001a57300000)]
  0x000001d3b34bf800 JavaThread "jar transforms Thread 66" [_thread_blocked, id=18428, stack(0x0000001a57300000,0x0000001a57400000)]
  0x000001d3b34bb800 JavaThread "jar transforms Thread 67" [_thread_blocked, id=6072, stack(0x0000001a57400000,0x0000001a57500000)]
  0x000001d3b34be000 JavaThread "jar transforms Thread 68" [_thread_blocked, id=23848, stack(0x0000001a57500000,0x0000001a57600000)]
  0x000001d3b34ba000 JavaThread "jar transforms Thread 69" [_thread_blocked, id=13732, stack(0x0000001a57600000,0x0000001a57700000)]
  0x000001d3b34c0800 JavaThread "jar transforms Thread 70" [_thread_blocked, id=22928, stack(0x0000001a57700000,0x0000001a57800000)]
  0x000001d3b34bd800 JavaThread "jar transforms Thread 71" [_thread_blocked, id=26372, stack(0x0000001a57800000,0x0000001a57900000)]
  0x000001d3b34bb000 JavaThread "jar transforms Thread 72" [_thread_blocked, id=26312, stack(0x0000001a57900000,0x0000001a57a00000)]
  0x000001d3b34c1800 JavaThread "jar transforms Thread 73" [_thread_blocked, id=14392, stack(0x0000001a57a00000,0x0000001a57b00000)]
  0x000001d3b34c2000 JavaThread "jar transforms Thread 74" [_thread_blocked, id=23924, stack(0x0000001a57b00000,0x0000001a57c00000)]
  0x000001d3b34bc800 JavaThread "jar transforms Thread 75" [_thread_blocked, id=30236, stack(0x0000001a57c00000,0x0000001a57d00000)]
  0x000001d3b34c8800 JavaThread "jar transforms Thread 76" [_thread_blocked, id=4612, stack(0x0000001a57d00000,0x0000001a57e00000)]
  0x000001d3b34c8000 JavaThread "jar transforms Thread 77" [_thread_blocked, id=6464, stack(0x0000001a57e00000,0x0000001a57f00000)]
  0x000001d3b34c4000 JavaThread "jar transforms Thread 78" [_thread_blocked, id=25320, stack(0x0000001a57f00000,0x0000001a58000000)]
  0x000001d3b34c7000 JavaThread "jar transforms Thread 79" [_thread_blocked, id=29136, stack(0x0000001a58000000,0x0000001a58100000)]
  0x000001d3b34c3000 JavaThread "jar transforms Thread 80" [_thread_blocked, id=24640, stack(0x0000001a58100000,0x0000001a58200000)]
  0x000001d3b34c4800 JavaThread "jar transforms Thread 81" [_thread_blocked, id=19636, stack(0x0000001a58200000,0x0000001a58300000)]
  0x000001d3b34c5800 JavaThread "jar transforms Thread 82" [_thread_blocked, id=21800, stack(0x0000001a58300000,0x0000001a58400000)]
  0x000001d3b34c6800 JavaThread "jar transforms Thread 83" [_thread_blocked, id=11500, stack(0x0000001a58400000,0x0000001a58500000)]
  0x000001d3b1a91800 JavaThread "jar transforms Thread 84" [_thread_blocked, id=24340, stack(0x0000001a58500000,0x0000001a58600000)]
  0x000001d3b1a94000 JavaThread "jar transforms Thread 85" [_thread_blocked, id=30936, stack(0x0000001a58600000,0x0000001a58700000)]
  0x000001d3b1a92800 JavaThread "jar transforms Thread 86" [_thread_blocked, id=20092, stack(0x0000001a58700000,0x0000001a58800000)]
  0x000001d3b1a94800 JavaThread "jar transforms Thread 87" [_thread_blocked, id=11376, stack(0x0000001a58800000,0x0000001a58900000)]
  0x000001d3b1a95800 JavaThread "jar transforms Thread 88" [_thread_blocked, id=2444, stack(0x0000001a58900000,0x0000001a58a00000)]
  0x000001d3b1a93000 JavaThread "jar transforms Thread 89" [_thread_blocked, id=5944, stack(0x0000001a58a00000,0x0000001a58b00000)]
  0x000001d3b1a96800 JavaThread "jar transforms Thread 90" [_thread_blocked, id=28820, stack(0x0000001a58b00000,0x0000001a58c00000)]
  0x000001d3b1a90800 JavaThread "jar transforms Thread 91" [_thread_blocked, id=32728, stack(0x0000001a58c00000,0x0000001a58d00000)]
  0x000001d3b1a97000 JavaThread "jar transforms Thread 92" [_thread_blocked, id=30276, stack(0x0000001a58d00000,0x0000001a58e00000)]
  0x000001d3b1a98000 JavaThread "jar transforms Thread 93" [_thread_blocked, id=31408, stack(0x0000001a58e00000,0x0000001a58f00000)]
  0x000001d3b1a9a800 JavaThread "jar transforms Thread 94" [_thread_blocked, id=19724, stack(0x0000001a58f00000,0x0000001a59000000)]
  0x000001d3b1a9d000 JavaThread "jar transforms Thread 95" [_thread_blocked, id=12296, stack(0x0000001a59000000,0x0000001a59100000)]
  0x000001d3b1a9b000 JavaThread "jar transforms Thread 96" [_thread_blocked, id=4744, stack(0x0000001a59100000,0x0000001a59200000)]
  0x000001d3b1a9c000 JavaThread "jar transforms Thread 97" [_thread_blocked, id=26936, stack(0x0000001a59200000,0x0000001a59300000)]
  0x000001d3b1a9d800 JavaThread "jar transforms Thread 98" [_thread_blocked, id=30716, stack(0x0000001a59300000,0x0000001a59400000)]
  0x000001d3b1a9e800 JavaThread "jar transforms Thread 99" [_thread_blocked, id=8652, stack(0x0000001a59400000,0x0000001a59500000)]
  0x000001d3b1a99000 JavaThread "jar transforms Thread 100" [_thread_blocked, id=14132, stack(0x0000001a59500000,0x0000001a59600000)]
  0x000001d3b1a9f800 JavaThread "jar transforms Thread 101" [_thread_blocked, id=9612, stack(0x0000001a59600000,0x0000001a59700000)]
  0x000001d3b1a99800 JavaThread "jar transforms Thread 102" [_thread_blocked, id=29836, stack(0x0000001a59700000,0x0000001a59800000)]
  0x000001d3b4327800 JavaThread "jar transforms Thread 103" [_thread_blocked, id=32660, stack(0x0000001a59800000,0x0000001a59900000)]
  0x000001d3b4324000 JavaThread "jar transforms Thread 104" [_thread_blocked, id=16360, stack(0x0000001a59900000,0x0000001a59a00000)]
  0x000001d3b4329800 JavaThread "jar transforms Thread 105" [_thread_blocked, id=30512, stack(0x0000001a59a00000,0x0000001a59b00000)]
  0x000001d3b432a800 JavaThread "jar transforms Thread 106" [_thread_blocked, id=3196, stack(0x0000001a59b00000,0x0000001a59c00000)]
  0x000001d3b4328000 JavaThread "jar transforms Thread 107" [_thread_blocked, id=20908, stack(0x0000001a59c00000,0x0000001a59d00000)]
  0x000001d3b4325800 JavaThread "jar transforms Thread 108" [_thread_blocked, id=872, stack(0x0000001a59d00000,0x0000001a59e00000)]
  0x000001d3b4329000 JavaThread "jar transforms Thread 109" [_thread_blocked, id=23648, stack(0x0000001a59e00000,0x0000001a59f00000)]
  0x000001d3b4325000 JavaThread "jar transforms Thread 110" [_thread_blocked, id=21692, stack(0x0000001a59f00000,0x0000001a5a000000)]
  0x000001d3b432b800 JavaThread "jar transforms Thread 111" [_thread_blocked, id=25324, stack(0x0000001a5a000000,0x0000001a5a100000)]
  0x000001d3b432c000 JavaThread "jar transforms Thread 112" [_thread_blocked, id=28600, stack(0x0000001a5a100000,0x0000001a5a200000)]
  0x000001d3b4326800 JavaThread "jar transforms Thread 113" [_thread_blocked, id=20336, stack(0x0000001a5a200000,0x0000001a5a300000)]
  0x000001d3b432d000 JavaThread "jar transforms Thread 114" [_thread_blocked, id=11876, stack(0x0000001a5a300000,0x0000001a5a400000)]
  0x000001d3b432e000 JavaThread "jar transforms Thread 115" [_thread_blocked, id=28484, stack(0x0000001a5a400000,0x0000001a5a500000)]
  0x000001d3b432f800 JavaThread "jar transforms Thread 116" [_thread_blocked, id=31632, stack(0x0000001a5a500000,0x0000001a5a600000)]
  0x000001d3b4332800 JavaThread "jar transforms Thread 117" [_thread_blocked, id=32516, stack(0x0000001a5a600000,0x0000001a5a700000)]
  0x000001d3b432e800 JavaThread "jar transforms Thread 118" [_thread_blocked, id=5060, stack(0x0000001a5a700000,0x0000001a5a800000)]
  0x000001d3b4332000 JavaThread "jar transforms Thread 119" [_thread_blocked, id=31596, stack(0x0000001a5a800000,0x0000001a5a900000)]
  0x000001d3b4331000 JavaThread "Memory manager" [_thread_blocked, id=10476, stack(0x0000001a5a900000,0x0000001a5aa00000)]
  0x000001d3aebd3000 JavaThread "build event listener" [_thread_blocked, id=31604, stack(0x0000001a5aa00000,0x0000001a5ab00000)]
  0x000001d3aebd4000 JavaThread "pool-3-thread-1" [_thread_blocked, id=1692, stack(0x0000001a5ab00000,0x0000001a5ac00000)]
  0x000001d3aebd2800 JavaThread "build event listener" [_thread_blocked, id=22092, stack(0x0000001a5ac00000,0x0000001a5ad00000)]
  0x000001d3aebce800 JavaThread "Execution worker for ':'" [_thread_blocked, id=2156, stack(0x0000001a5ad00000,0x0000001a5ae00000)]
  0x000001d3aebd0800 JavaThread "Execution worker for ':' Thread 2" [_thread_blocked, id=20884, stack(0x0000001a5ae00000,0x0000001a5af00000)]
  0x000001d3aebd5000 JavaThread "Execution worker for ':' Thread 3" [_thread_blocked, id=19228, stack(0x0000001a5af00000,0x0000001a5b000000)]
  0x000001d3aebcf000 JavaThread "Execution worker for ':' Thread 4" [_thread_blocked, id=27220, stack(0x0000001a5b000000,0x0000001a5b100000)]
  0x000001d3aebd5800 JavaThread "Execution worker for ':' Thread 5" [_thread_blocked, id=30756, stack(0x0000001a5b100000,0x0000001a5b200000)]
  0x000001d3aebd0000 JavaThread "Execution worker for ':' Thread 6" [_thread_blocked, id=9640, stack(0x0000001a5b200000,0x0000001a5b300000)]
  0x000001d3aebd6800 JavaThread "Execution worker for ':' Thread 7" [_thread_blocked, id=32224, stack(0x0000001a5b300000,0x0000001a5b400000)]
  0x000001d3aebd7000 JavaThread "Cache worker for execution history cache (C:\Android Projects\Udemy TUTORIAL\Quiz App\.gradle\6.7.1\executionHistory)" [_thread_blocked, id=30328, stack(0x0000001a5b400000,0x0000001a5b500000)]

Other Threads:
  0x000001d3ac9e6000 VMThread "VM Thread" [stack: 0x0000001a4ff00000,0x0000001a50000000] [id=9420]
  0x000001d3ad536000 WatcherThread [stack: 0x0000001a50900000,0x0000001a50a00000] [id=7556]
  0x000001d390792800 GCTaskThread "GC Thread#0" [stack: 0x0000001a4fa00000,0x0000001a4fb00000] [id=15936]
  0x000001d3adf3b800 GCTaskThread "GC Thread#1" [stack: 0x0000001a50c00000,0x0000001a50d00000] [id=26800]
  0x000001d3ae074800 GCTaskThread "GC Thread#2" [stack: 0x0000001a50d00000,0x0000001a50e00000] [id=30884]
  0x000001d3ae82e800 GCTaskThread "GC Thread#3" [stack: 0x0000001a51900000,0x0000001a51a00000] [id=18456]
  0x000001d3ae705000 GCTaskThread "GC Thread#4" [stack: 0x0000001a51a00000,0x0000001a51b00000] [id=3336]
  0x000001d3ae414000 GCTaskThread "GC Thread#5" [stack: 0x0000001a51b00000,0x0000001a51c00000] [id=12152]
  0x000001d3ae6a7800 GCTaskThread "GC Thread#6" [stack: 0x0000001a51c00000,0x0000001a51d00000] [id=21216]
  0x000001d3ae76a800 GCTaskThread "GC Thread#7" [stack: 0x0000001a51d00000,0x0000001a51e00000] [id=6488]
  0x000001d3907c3800 ConcurrentGCThread "G1 Main Marker" [stack: 0x0000001a4fb00000,0x0000001a4fc00000] [id=14540]
  0x000001d3907c6000 ConcurrentGCThread "G1 Conc#0" [stack: 0x0000001a4fc00000,0x0000001a4fd00000] [id=18424]
  0x000001d3af996800 ConcurrentGCThread "G1 Conc#1" [stack: 0x0000001a52000000,0x0000001a52100000] [id=29636]
  0x000001d3ac870800 ConcurrentGCThread "G1 Refine#0" [stack: 0x0000001a4fd00000,0x0000001a4fe00000] [id=29420]
  0x000001d390856000 ConcurrentGCThread "G1 Young RemSet Sampling" [stack: 0x0000001a4fe00000,0x0000001a4ff00000] [id=8288]

Threads with active compile tasks:
C2 CompilerThread0   7610 8391       4       org.gradle.internal.logging.text.AbstractLineChoppingStyledTextOutput::doAppend (43 bytes)
C2 CompilerThread1   7610 8271       4       java.lang.reflect.Method::invoke (65 bytes)

VM state:not at safepoint (normal execution)

VM Mutex/Monitor currently owned by a thread: None

Heap address: 0x0000000080000000, size: 2048 MB, Compressed Oops mode: 32-bit
Narrow klass base: 0x0000000000000000, Narrow klass shift: 3
Compressed class space size: 1073741824 Address: 0x0000000100000000

Heap:
 garbage-first heap   total 189440K, used 101362K [0x0000000080000000, 0x0000000100000000)
  region size 1024K, 44 young (45056K), 9 survivors (9216K)
 Metaspace       used 82366K, capacity 84234K, committed 84480K, reserved 1122304K
  class space    used 10727K, capacity 11401K, committed 11520K, reserved 1048576K
Heap Regions: E=young(eden), S=young(survivor), O=old, HS=humongous(starts), HC=humongous(continues), CS=collection set, F=free, A=archive, TAMS=top-at-mark-start (previous, next)
|   0|0x0000000080000000, 0x0000000080100000, 0x0000000080100000|100%| O|  |TAMS 0x0000000080100000, 0x0000000080000000| Untracked 
|   1|0x0000000080100000, 0x0000000080200000, 0x0000000080200000|100%| O|  |TAMS 0x0000000080200000, 0x0000000080100000| Untracked 
|   2|0x0000000080200000, 0x0000000080300000, 0x0000000080300000|100%| O|  |TAMS 0x0000000080300000, 0x0000000080200000| Untracked 
|   3|0x0000000080300000, 0x0000000080400000, 0x0000000080400000|100%|HS|  |TAMS 0x0000000080400000, 0x0000000080300000| Complete 
|   4|0x0000000080400000, 0x0000000080500000, 0x0000000080500000|100%|HC|  |TAMS 0x0000000080500000, 0x0000000080400000| Complete 
|   5|0x0000000080500000, 0x0000000080600000, 0x0000000080600000|100%|HC|  |TAMS 0x0000000080600000, 0x0000000080500000| Complete 
|   6|0x0000000080600000, 0x0000000080700000, 0x0000000080700000|100%| O|  |TAMS 0x0000000080700000, 0x0000000080600000| Untracked 
|   7|0x0000000080700000, 0x0000000080800000, 0x0000000080800000|100%| O|  |TAMS 0x0000000080800000, 0x0000000080700000| Untracked 
|   8|0x0000000080800000, 0x0000000080900000, 0x0000000080900000|100%| O|  |TAMS 0x0000000080900000, 0x0000000080800000| Untracked 
|   9|0x0000000080900000, 0x0000000080a00000, 0x0000000080a00000|100%| O|  |TAMS 0x0000000080a00000, 0x0000000080900000| Untracked 
|  10|0x0000000080a00000, 0x0000000080b00000, 0x0000000080b00000|100%| O|  |TAMS 0x0000000080b00000, 0x0000000080a00000| Untracked 
|  11|0x0000000080b00000, 0x0000000080c00000, 0x0000000080c00000|100%| O|  |TAMS 0x0000000080c00000, 0x0000000080b00000| Untracked 
|  12|0x0000000080c00000, 0x0000000080d00000, 0x0000000080d00000|100%| O|  |TAMS 0x0000000080d00000, 0x0000000080c00000| Untracked 
|  13|0x0000000080d00000, 0x0000000080e00000, 0x0000000080e00000|100%| O|  |TAMS 0x0000000080e00000, 0x0000000080d00000| Untracked 
|  14|0x0000000080e00000, 0x0000000080f00000, 0x0000000080f00000|100%| O|  |TAMS 0x0000000080f00000, 0x0000000080e00000| Untracked 
|  15|0x0000000080f00000, 0x0000000081000000, 0x0000000081000000|100%| O|  |TAMS 0x0000000081000000, 0x0000000080f00000| Untracked 
|  16|0x0000000081000000, 0x0000000081100000, 0x0000000081100000|100%| O|  |TAMS 0x0000000081100000, 0x0000000081000000| Untracked 
|  17|0x0000000081100000, 0x0000000081200000, 0x0000000081200000|100%| O|  |TAMS 0x0000000081200000, 0x0000000081100000| Untracked 
|  18|0x0000000081200000, 0x0000000081300000, 0x0000000081300000|100%|HS|  |TAMS 0x0000000081300000, 0x0000000081200000| Complete 
|  19|0x0000000081300000, 0x0000000081400000, 0x0000000081400000|100%| O|  |TAMS 0x0000000081400000, 0x0000000081300000| Untracked 
|  20|0x0000000081400000, 0x0000000081500000, 0x0000000081500000|100%| O|  |TAMS 0x0000000081500000, 0x0000000081400000| Untracked 
|  21|0x0000000081500000, 0x0000000081600000, 0x0000000081600000|100%| O|  |TAMS 0x0000000081600000, 0x0000000081500000| Untracked 
|  22|0x0000000081600000, 0x0000000081700000, 0x0000000081700000|100%|HS|  |TAMS 0x0000000081700000, 0x0000000081600000| Complete 
|  23|0x0000000081700000, 0x0000000081800000, 0x0000000081800000|100%|HS|  |TAMS 0x0000000081800000, 0x0000000081700000| Complete 
|  24|0x0000000081800000, 0x0000000081900000, 0x0000000081900000|100%|HC|  |TAMS 0x0000000081900000, 0x0000000081800000| Complete 
|  25|0x0000000081900000, 0x0000000081a00000, 0x0000000081a00000|100%|HC|  |TAMS 0x0000000081a00000, 0x0000000081900000| Complete 
|  26|0x0000000081a00000, 0x0000000081b00000, 0x0000000081b00000|100%|HS|  |TAMS 0x0000000081b00000, 0x0000000081a00000| Complete 
|  27|0x0000000081b00000, 0x0000000081c00000, 0x0000000081c00000|100%|HC|  |TAMS 0x0000000081c00000, 0x0000000081b00000| Complete 
|  28|0x0000000081c00000, 0x0000000081d00000, 0x0000000081d00000|100%| O|  |TAMS 0x0000000081d00000, 0x0000000081c00000| Untracked 
|  29|0x0000000081d00000, 0x0000000081e00000, 0x0000000081e00000|100%| O|  |TAMS 0x0000000081e00000, 0x0000000081d00000| Untracked 
|  30|0x0000000081e00000, 0x0000000081f00000, 0x0000000081f00000|100%| O|  |TAMS 0x0000000081f00000, 0x0000000081e00000| Untracked 
|  31|0x0000000081f00000, 0x0000000082000000, 0x0000000082000000|100%| O|  |TAMS 0x0000000082000000, 0x0000000081f00000| Untracked 
|  32|0x0000000082000000, 0x0000000082100000, 0x0000000082100000|100%| O|  |TAMS 0x0000000082100000, 0x0000000082000000| Untracked 
|  33|0x0000000082100000, 0x0000000082200000, 0x0000000082200000|100%| O|  |TAMS 0x0000000082100000, 0x0000000082100000| Untracked 
|  34|0x0000000082200000, 0x0000000082300000, 0x0000000082300000|100%| O|  |TAMS 0x0000000082300000, 0x0000000082200000| Untracked 
|  35|0x0000000082300000, 0x0000000082400000, 0x0000000082400000|100%| O|  |TAMS 0x0000000082400000, 0x0000000082300000| Untracked 
|  36|0x0000000082400000, 0x0000000082500000, 0x0000000082500000|100%| O|  |TAMS 0x0000000082500000, 0x0000000082400000| Untracked 
|  37|0x0000000082500000, 0x0000000082600000, 0x0000000082600000|100%| O|  |TAMS 0x0000000082600000, 0x0000000082500000| Untracked 
|  38|0x0000000082600000, 0x0000000082700000, 0x0000000082700000|100%| O|  |TAMS 0x0000000082700000, 0x0000000082600000| Untracked 
|  39|0x0000000082700000, 0x0000000082800000, 0x0000000082800000|100%| O|  |TAMS 0x0000000082800000, 0x0000000082700000| Untracked 
|  40|0x0000000082800000, 0x0000000082900000, 0x0000000082900000|100%| O|  |TAMS 0x0000000082900000, 0x0000000082800000| Untracked 
|  41|0x0000000082900000, 0x0000000082a00000, 0x0000000082a00000|100%| O|  |TAMS 0x0000000082a00000, 0x0000000082900000| Untracked 
|  42|0x0000000082a00000, 0x0000000082b00000, 0x0000000082b00000|100%| O|  |TAMS 0x0000000082b00000, 0x0000000082a00000| Untracked 
|  43|0x0000000082b00000, 0x0000000082c00000, 0x0000000082c00000|100%| O|  |TAMS 0x0000000082c00000, 0x0000000082b00000| Untracked 
|  44|0x0000000082c00000, 0x0000000082d00000, 0x0000000082d00000|100%| O|  |TAMS 0x0000000082cd7c00, 0x0000000082c00000| Untracked 
|  45|0x0000000082d00000, 0x0000000082e00000, 0x0000000082e00000|100%| O|  |TAMS 0x0000000082d00000, 0x0000000082d00000| Untracked 
|  46|0x0000000082e00000, 0x0000000082f00000, 0x0000000082f00000|100%| O|  |TAMS 0x0000000082e00000, 0x0000000082e00000| Untracked 
|  47|0x0000000082f00000, 0x0000000083000000, 0x0000000083000000|100%| O|  |TAMS 0x0000000082f00000, 0x0000000082f00000| Untracked 
|  48|0x0000000083000000, 0x0000000083100000, 0x0000000083100000|100%| O|  |TAMS 0x0000000083000000, 0x0000000083000000| Untracked 
|  49|0x0000000083100000, 0x0000000083200000, 0x0000000083200000|100%| O|  |TAMS 0x0000000083100000, 0x0000000083100000| Untracked 
|  50|0x0000000083200000, 0x0000000083300000, 0x0000000083300000|100%| O|  |TAMS 0x0000000083200000, 0x0000000083200000| Untracked 
|  51|0x0000000083300000, 0x0000000083400000, 0x0000000083400000|100%| O|  |TAMS 0x0000000083300000, 0x0000000083300000| Untracked 
|  52|0x0000000083400000, 0x0000000083500000, 0x0000000083500000|100%| O|  |TAMS 0x0000000083400000, 0x0000000083400000| Untracked 
|  53|0x0000000083500000, 0x0000000083600000, 0x0000000083600000|100%| O|  |TAMS 0x0000000083500000, 0x0000000083500000| Untracked 
|  54|0x0000000083600000, 0x0000000083700000, 0x0000000083700000|100%| O|  |TAMS 0x0000000083600000, 0x0000000083600000| Untracked 
|  55|0x0000000083700000, 0x0000000083800000, 0x0000000083800000|100%| O|  |TAMS 0x0000000083700000, 0x0000000083700000| Untracked 
|  56|0x0000000083800000, 0x0000000083844600, 0x0000000083900000| 26%| O|  |TAMS 0x0000000083800000, 0x0000000083800000| Untracked 
|  57|0x0000000083900000, 0x0000000083900000, 0x0000000083a00000|  0%| F|  |TAMS 0x0000000083900000, 0x0000000083900000| Untracked 
|  58|0x0000000083a00000, 0x0000000083a00000, 0x0000000083b00000|  0%| F|  |TAMS 0x0000000083a00000, 0x0000000083a00000| Untracked 
|  59|0x0000000083b00000, 0x0000000083b00000, 0x0000000083c00000|  0%| F|  |TAMS 0x0000000083b00000, 0x0000000083b00000| Untracked 
|  60|0x0000000083c00000, 0x0000000083c00000, 0x0000000083d00000|  0%| F|  |TAMS 0x0000000083c00000, 0x0000000083c00000| Untracked 
|  61|0x0000000083d00000, 0x0000000083d00000, 0x0000000083e00000|  0%| F|  |TAMS 0x0000000083d00000, 0x0000000083d00000| Untracked 
|  62|0x0000000083e00000, 0x0000000083e00000, 0x0000000083f00000|  0%| F|  |TAMS 0x0000000083e00000, 0x0000000083e00000| Untracked 
|  63|0x0000000083f00000, 0x0000000083f00000, 0x0000000084000000|  0%| F|  |TAMS 0x0000000083f00000, 0x0000000083f00000| Untracked 
|  64|0x0000000084000000, 0x0000000084000000, 0x0000000084100000|  0%| F|  |TAMS 0x0000000084000000, 0x0000000084000000| Untracked 
|  65|0x0000000084100000, 0x0000000084100000, 0x0000000084200000|  0%| F|  |TAMS 0x0000000084100000, 0x0000000084100000| Untracked 
|  66|0x0000000084200000, 0x0000000084200000, 0x0000000084300000|  0%| F|  |TAMS 0x0000000084200000, 0x0000000084200000| Untracked 
|  67|0x0000000084300000, 0x0000000084300000, 0x0000000084400000|  0%| F|  |TAMS 0x0000000084300000, 0x0000000084300000| Untracked 
|  68|0x0000000084400000, 0x0000000084400000, 0x0000000084500000|  0%| F|  |TAMS 0x0000000084400000, 0x0000000084400000| Untracked 
|  69|0x0000000084500000, 0x0000000084500000, 0x0000000084600000|  0%| F|  |TAMS 0x0000000084500000, 0x0000000084500000| Untracked 
|  70|0x0000000084600000, 0x0000000084600000, 0x0000000084700000|  0%| F|  |TAMS 0x0000000084600000, 0x0000000084600000| Untracked 
|  71|0x0000000084700000, 0x0000000084700000, 0x0000000084800000|  0%| F|  |TAMS 0x0000000084700000, 0x0000000084700000| Untracked 
|  72|0x0000000084800000, 0x0000000084800000, 0x0000000084900000|  0%| F|  |TAMS 0x0000000084800000, 0x0000000084800000| Untracked 
|  73|0x0000000084900000, 0x0000000084900000, 0x0000000084a00000|  0%| F|  |TAMS 0x0000000084900000, 0x0000000084900000| Untracked 
|  74|0x0000000084a00000, 0x0000000084a00000, 0x0000000084b00000|  0%| F|  |TAMS 0x0000000084a00000, 0x0000000084a00000| Untracked 
|  75|0x0000000084b00000, 0x0000000084b00000, 0x0000000084c00000|  0%| F|  |TAMS 0x0000000084b00000, 0x0000000084b00000| Untracked 
|  76|0x0000000084c00000, 0x0000000084c00000, 0x0000000084d00000|  0%| F|  |TAMS 0x0000000084c00000, 0x0000000084c00000| Untracked 
|  77|0x0000000084d00000, 0x0000000084d00000, 0x0000000084e00000|  0%| F|  |TAMS 0x0000000084d00000, 0x0000000084d00000| Untracked 
|  78|0x0000000084e00000, 0x0000000084e00000, 0x0000000084f00000|  0%| F|  |TAMS 0x0000000084e00000, 0x0000000084e00000| Untracked 
|  79|0x0000000084f00000, 0x0000000084f00000, 0x0000000085000000|  0%| F|  |TAMS 0x0000000084f00000, 0x0000000084f00000| Untracked 
|  80|0x0000000085000000, 0x0000000085000000, 0x0000000085100000|  0%| F|  |TAMS 0x0000000085000000, 0x0000000085000000| Untracked 
|  81|0x0000000085100000, 0x0000000085100000, 0x0000000085200000|  0%| F|  |TAMS 0x0000000085100000, 0x0000000085100000| Untracked 
|  82|0x0000000085200000, 0x0000000085200000, 0x0000000085300000|  0%| F|  |TAMS 0x0000000085200000, 0x0000000085200000| Untracked 
|  83|0x0000000085300000, 0x0000000085300000, 0x0000000085400000|  0%| F|  |TAMS 0x0000000085300000, 0x0000000085300000| Untracked 
|  84|0x0000000085400000, 0x0000000085400000, 0x0000000085500000|  0%| F|  |TAMS 0x0000000085400000, 0x0000000085400000| Untracked 
|  85|0x0000000085500000, 0x0000000085500000, 0x0000000085600000|  0%| F|  |TAMS 0x0000000085500000, 0x0000000085500000| Untracked 
|  86|0x0000000085600000, 0x0000000085600000, 0x0000000085700000|  0%| F|  |TAMS 0x0000000085600000, 0x0000000085600000| Untracked 
|  87|0x0000000085700000, 0x0000000085700000, 0x0000000085800000|  0%| F|  |TAMS 0x0000000085700000, 0x0000000085700000| Untracked 
|  88|0x0000000085800000, 0x0000000085800000, 0x0000000085900000|  0%| F|  |TAMS 0x0000000085800000, 0x0000000085800000| Untracked 
|  89|0x0000000085900000, 0x0000000085900000, 0x0000000085a00000|  0%| F|  |TAMS 0x0000000085900000, 0x0000000085900000| Untracked 
|  90|0x0000000085a00000, 0x0000000085a00000, 0x0000000085b00000|  0%| F|  |TAMS 0x0000000085a00000, 0x0000000085a00000| Untracked 
|  91|0x0000000085b00000, 0x0000000085b00000, 0x0000000085c00000|  0%| F|  |TAMS 0x0000000085b00000, 0x0000000085b00000| Untracked 
|  92|0x0000000085c00000, 0x0000000085c00000, 0x0000000085d00000|  0%| F|  |TAMS 0x0000000085c00000, 0x0000000085c00000| Untracked 
|  93|0x0000000085d00000, 0x0000000085d00000, 0x0000000085e00000|  0%| F|  |TAMS 0x0000000085d00000, 0x0000000085d00000| Untracked 
|  94|0x0000000085e00000, 0x0000000085e00000, 0x0000000085f00000|  0%| F|  |TAMS 0x0000000085e00000, 0x0000000085e00000| Untracked 
|  95|0x0000000085f00000, 0x0000000085f00000, 0x0000000086000000|  0%| F|  |TAMS 0x0000000085f00000, 0x0000000085f00000| Untracked 
|  96|0x0000000086000000, 0x0000000086000000, 0x0000000086100000|  0%| F|  |TAMS 0x0000000086000000, 0x0000000086000000| Untracked 
|  97|0x0000000086100000, 0x0000000086100000, 0x0000000086200000|  0%| F|  |TAMS 0x0000000086100000, 0x0000000086100000| Untracked 
|  98|0x0000000086200000, 0x0000000086200000, 0x0000000086300000|  0%| F|  |TAMS 0x0000000086200000, 0x0000000086200000| Untracked 
|  99|0x0000000086300000, 0x0000000086300000, 0x0000000086400000|  0%| F|  |TAMS 0x0000000086300000, 0x0000000086300000| Untracked 
| 100|0x0000000086400000, 0x0000000086400000, 0x0000000086500000|  0%| F|  |TAMS 0x0000000086400000, 0x0000000086400000| Untracked 
| 101|0x0000000086500000, 0x0000000086500000, 0x0000000086600000|  0%| F|  |TAMS 0x0000000086500000, 0x0000000086500000| Untracked 
| 102|0x0000000086600000, 0x0000000086600000, 0x0000000086700000|  0%| F|  |TAMS 0x0000000086600000, 0x0000000086600000| Untracked 
| 103|0x0000000086700000, 0x00000000867b8500, 0x0000000086800000| 71%| S|CS|TAMS 0x0000000086700000, 0x0000000086700000| Complete 
| 104|0x0000000086800000, 0x0000000086900000, 0x0000000086900000|100%| S|CS|TAMS 0x0000000086800000, 0x0000000086800000| Complete 
| 105|0x0000000086900000, 0x0000000086a00000, 0x0000000086a00000|100%| S|CS|TAMS 0x0000000086900000, 0x0000000086900000| Complete 
| 106|0x0000000086a00000, 0x0000000086b00000, 0x0000000086b00000|100%| S|CS|TAMS 0x0000000086a00000, 0x0000000086a00000| Complete 
| 107|0x0000000086b00000, 0x0000000086c00000, 0x0000000086c00000|100%| S|CS|TAMS 0x0000000086b00000, 0x0000000086b00000| Complete 
| 108|0x0000000086c00000, 0x0000000086d00000, 0x0000000086d00000|100%| S|CS|TAMS 0x0000000086c00000, 0x0000000086c00000| Complete 
| 109|0x0000000086d00000, 0x0000000086e00000, 0x0000000086e00000|100%| S|CS|TAMS 0x0000000086d00000, 0x0000000086d00000| Complete 
| 110|0x0000000086e00000, 0x0000000086f00000, 0x0000000086f00000|100%| S|CS|TAMS 0x0000000086e00000, 0x0000000086e00000| Complete 
| 111|0x0000000086f00000, 0x0000000087000000, 0x0000000087000000|100%| S|CS|TAMS 0x0000000086f00000, 0x0000000086f00000| Complete 
| 112|0x0000000087000000, 0x0000000087000000, 0x0000000087100000|  0%| F|  |TAMS 0x0000000087000000, 0x0000000087000000| Untracked 
| 113|0x0000000087100000, 0x0000000087100000, 0x0000000087200000|  0%| F|  |TAMS 0x0000000087100000, 0x0000000087100000| Untracked 
| 114|0x0000000087200000, 0x0000000087200000, 0x0000000087300000|  0%| F|  |TAMS 0x0000000087200000, 0x0000000087200000| Untracked 
| 115|0x0000000087300000, 0x0000000087300000, 0x0000000087400000|  0%| F|  |TAMS 0x0000000087300000, 0x0000000087300000| Untracked 
| 116|0x0000000087400000, 0x0000000087400000, 0x0000000087500000|  0%| F|  |TAMS 0x0000000087400000, 0x0000000087400000| Untracked 
| 117|0x0000000087500000, 0x0000000087500000, 0x0000000087600000|  0%| F|  |TAMS 0x0000000087500000, 0x0000000087500000| Untracked 
| 118|0x0000000087600000, 0x0000000087600000, 0x0000000087700000|  0%| F|  |TAMS 0x0000000087600000, 0x0000000087600000| Untracked 
| 119|0x0000000087700000, 0x0000000087700000, 0x0000000087800000|  0%| F|  |TAMS 0x0000000087700000, 0x0000000087700000| Untracked 
| 120|0x0000000087800000, 0x0000000087800000, 0x0000000087900000|  0%| F|  |TAMS 0x0000000087800000, 0x0000000087800000| Untracked 
| 121|0x0000000087900000, 0x0000000087900000, 0x0000000087a00000|  0%| F|  |TAMS 0x0000000087900000, 0x0000000087900000| Untracked 
| 122|0x0000000087a00000, 0x0000000087a00000, 0x0000000087b00000|  0%| F|  |TAMS 0x0000000087a00000, 0x0000000087a00000| Untracked 
| 123|0x0000000087b00000, 0x0000000087b00000, 0x0000000087c00000|  0%| F|  |TAMS 0x0000000087b00000, 0x0000000087b00000| Untracked 
| 124|0x0000000087c00000, 0x0000000087c00000, 0x0000000087d00000|  0%| F|  |TAMS 0x0000000087c00000, 0x0000000087c00000| Untracked 
| 125|0x0000000087d00000, 0x0000000087d00000, 0x0000000087e00000|  0%| F|  |TAMS 0x0000000087d00000, 0x0000000087d00000| Untracked 
| 126|0x0000000087e00000, 0x0000000087e00000, 0x0000000087f00000|  0%| F|  |TAMS 0x0000000087e00000, 0x0000000087e00000| Untracked 
| 127|0x0000000087f00000, 0x0000000087f00000, 0x0000000088000000|  0%| F|  |TAMS 0x0000000087f00000, 0x0000000087f00000| Untracked 
| 128|0x0000000088000000, 0x0000000088000000, 0x0000000088100000|  0%| F|  |TAMS 0x0000000088000000, 0x0000000088000000| Untracked 
| 129|0x0000000088100000, 0x0000000088100000, 0x0000000088200000|  0%| F|  |TAMS 0x0000000088100000, 0x0000000088100000| Untracked 
| 130|0x0000000088200000, 0x0000000088200000, 0x0000000088300000|  0%| F|  |TAMS 0x0000000088200000, 0x0000000088200000| Untracked 
| 131|0x0000000088300000, 0x0000000088300000, 0x0000000088400000|  0%| F|  |TAMS 0x0000000088300000, 0x0000000088300000| Untracked 
| 132|0x0000000088400000, 0x0000000088400000, 0x0000000088500000|  0%| F|  |TAMS 0x0000000088400000, 0x0000000088400000| Untracked 
| 133|0x0000000088500000, 0x0000000088500000, 0x0000000088600000|  0%| F|  |TAMS 0x0000000088500000, 0x0000000088500000| Untracked 
| 134|0x0000000088600000, 0x0000000088600000, 0x0000000088700000|  0%| F|  |TAMS 0x0000000088600000, 0x0000000088600000| Untracked 
| 135|0x0000000088700000, 0x0000000088700000, 0x0000000088800000|  0%| F|  |TAMS 0x0000000088700000, 0x0000000088700000| Untracked 
| 136|0x0000000088800000, 0x0000000088800000, 0x0000000088900000|  0%| F|  |TAMS 0x0000000088800000, 0x0000000088800000| Untracked 
| 137|0x0000000088900000, 0x0000000088900000, 0x0000000088a00000|  0%| F|  |TAMS 0x0000000088900000, 0x0000000088900000| Untracked 
| 138|0x0000000088a00000, 0x0000000088a00000, 0x0000000088b00000|  0%| F|  |TAMS 0x0000000088a00000, 0x0000000088a00000| Untracked 
| 139|0x0000000088b00000, 0x0000000088b00000, 0x0000000088c00000|  0%| F|  |TAMS 0x0000000088b00000, 0x0000000088b00000| Untracked 
| 140|0x0000000088c00000, 0x0000000088c00000, 0x0000000088d00000|  0%| F|  |TAMS 0x0000000088c00000, 0x0000000088c00000| Untracked 
| 141|0x0000000088d00000, 0x0000000088d00000, 0x0000000088e00000|  0%| F|  |TAMS 0x0000000088d00000, 0x0000000088d00000| Untracked 
| 142|0x0000000088e00000, 0x0000000088e00000, 0x0000000088f00000|  0%| F|  |TAMS 0x0000000088e00000, 0x0000000088e00000| Untracked 
| 143|0x0000000088f00000, 0x0000000088f00000, 0x0000000089000000|  0%| F|  |TAMS 0x0000000088f00000, 0x0000000088f00000| Untracked 
| 144|0x0000000089000000, 0x0000000089000000, 0x0000000089100000|  0%| F|  |TAMS 0x0000000089000000, 0x0000000089000000| Untracked 
| 145|0x0000000089100000, 0x0000000089100000, 0x0000000089200000|  0%| F|  |TAMS 0x0000000089100000, 0x0000000089100000| Untracked 
| 146|0x0000000089200000, 0x0000000089200000, 0x0000000089300000|  0%| F|  |TAMS 0x0000000089200000, 0x0000000089200000| Untracked 
| 147|0x0000000089300000, 0x0000000089300000, 0x0000000089400000|  0%| F|  |TAMS 0x0000000089300000, 0x0000000089300000| Untracked 
| 148|0x0000000089400000, 0x0000000089400000, 0x0000000089500000|  0%| F|  |TAMS 0x0000000089400000, 0x0000000089400000| Untracked 
| 149|0x0000000089500000, 0x0000000089500000, 0x0000000089600000|  0%| F|  |TAMS 0x0000000089500000, 0x0000000089500000| Untracked 
| 150|0x0000000089600000, 0x000000008966fbf0, 0x0000000089700000| 43%| E|  |TAMS 0x0000000089600000, 0x0000000089600000| Complete 
| 151|0x0000000089700000, 0x0000000089800000, 0x0000000089800000|100%| E|CS|TAMS 0x0000000089700000, 0x0000000089700000| Complete 
| 152|0x0000000089800000, 0x0000000089900000, 0x0000000089900000|100%| E|CS|TAMS 0x0000000089800000, 0x0000000089800000| Complete 
| 153|0x0000000089900000, 0x0000000089a00000, 0x0000000089a00000|100%| E|CS|TAMS 0x0000000089900000, 0x0000000089900000| Complete 
| 154|0x0000000089a00000, 0x0000000089b00000, 0x0000000089b00000|100%| E|CS|TAMS 0x0000000089a00000, 0x0000000089a00000| Complete 
| 155|0x0000000089b00000, 0x0000000089c00000, 0x0000000089c00000|100%| E|CS|TAMS 0x0000000089b00000, 0x0000000089b00000| Complete 
| 156|0x0000000089c00000, 0x0000000089d00000, 0x0000000089d00000|100%| E|CS|TAMS 0x0000000089c00000, 0x0000000089c00000| Complete 
| 157|0x0000000089d00000, 0x0000000089e00000, 0x0000000089e00000|100%| E|CS|TAMS 0x0000000089d00000, 0x0000000089d00000| Complete 
| 158|0x0000000089e00000, 0x0000000089f00000, 0x0000000089f00000|100%| E|CS|TAMS 0x0000000089e00000, 0x0000000089e00000| Complete 
| 159|0x0000000089f00000, 0x000000008a000000, 0x000000008a000000|100%| E|CS|TAMS 0x0000000089f00000, 0x0000000089f00000| Complete 
| 160|0x000000008a000000, 0x000000008a100000, 0x000000008a100000|100%| E|CS|TAMS 0x000000008a000000, 0x000000008a000000| Complete 
| 161|0x000000008a100000, 0x000000008a200000, 0x000000008a200000|100%| E|CS|TAMS 0x000000008a100000, 0x000000008a100000| Complete 
| 162|0x000000008a200000, 0x000000008a300000, 0x000000008a300000|100%| E|CS|TAMS 0x000000008a200000, 0x000000008a200000| Complete 
| 163|0x000000008a300000, 0x000000008a400000, 0x000000008a400000|100%| E|CS|TAMS 0x000000008a300000, 0x000000008a300000| Complete 
| 164|0x000000008a400000, 0x000000008a500000, 0x000000008a500000|100%| E|CS|TAMS 0x000000008a400000, 0x000000008a400000| Complete 
| 165|0x000000008a500000, 0x000000008a600000, 0x000000008a600000|100%| E|CS|TAMS 0x000000008a500000, 0x000000008a500000| Complete 
| 166|0x000000008a600000, 0x000000008a700000, 0x000000008a700000|100%| E|CS|TAMS 0x000000008a600000, 0x000000008a600000| Complete 
| 167|0x000000008a700000, 0x000000008a800000, 0x000000008a800000|100%| E|CS|TAMS 0x000000008a700000, 0x000000008a700000| Complete 
| 168|0x000000008a800000, 0x000000008a900000, 0x000000008a900000|100%| E|CS|TAMS 0x000000008a800000, 0x000000008a800000| Complete 
| 169|0x000000008a900000, 0x000000008aa00000, 0x000000008aa00000|100%| E|CS|TAMS 0x000000008a900000, 0x000000008a900000| Complete 
| 170|0x000000008aa00000, 0x000000008ab00000, 0x000000008ab00000|100%| E|CS|TAMS 0x000000008aa00000, 0x000000008aa00000| Complete 
| 171|0x000000008ab00000, 0x000000008ac00000, 0x000000008ac00000|100%| E|CS|TAMS 0x000000008ab00000, 0x000000008ab00000| Complete 
| 172|0x000000008ac00000, 0x000000008ad00000, 0x000000008ad00000|100%| E|CS|TAMS 0x000000008ac00000, 0x000000008ac00000| Complete 
| 173|0x000000008ad00000, 0x000000008ae00000, 0x000000008ae00000|100%| E|CS|TAMS 0x000000008ad00000, 0x000000008ad00000| Complete 
| 174|0x000000008ae00000, 0x000000008af00000, 0x000000008af00000|100%| E|CS|TAMS 0x000000008ae00000, 0x000000008ae00000| Complete 
| 175|0x000000008af00000, 0x000000008b000000, 0x000000008b000000|100%| E|CS|TAMS 0x000000008af00000, 0x000000008af00000| Complete 
| 176|0x000000008b000000, 0x000000008b100000, 0x000000008b100000|100%| E|CS|TAMS 0x000000008b000000, 0x000000008b000000| Complete 
| 177|0x000000008b100000, 0x000000008b200000, 0x000000008b200000|100%| E|CS|TAMS 0x000000008b100000, 0x000000008b100000| Complete 
| 178|0x000000008b200000, 0x000000008b300000, 0x000000008b300000|100%| E|CS|TAMS 0x000000008b200000, 0x000000008b200000| Complete 
| 179|0x000000008b300000, 0x000000008b400000, 0x000000008b400000|100%| E|CS|TAMS 0x000000008b300000, 0x000000008b300000| Complete 
| 180|0x000000008b400000, 0x000000008b500000, 0x000000008b500000|100%| E|CS|TAMS 0x000000008b400000, 0x000000008b400000| Complete 
| 181|0x000000008b500000, 0x000000008b600000, 0x000000008b600000|100%| E|CS|TAMS 0x000000008b500000, 0x000000008b500000| Complete 
| 182|0x000000008b600000, 0x000000008b700000, 0x000000008b700000|100%| E|CS|TAMS 0x000000008b600000, 0x000000008b600000| Complete 
| 183|0x000000008b700000, 0x000000008b800000, 0x000000008b800000|100%| E|CS|TAMS 0x000000008b700000, 0x000000008b700000| Complete 
| 184|0x000000008b800000, 0x000000008b900000, 0x000000008b900000|100%| E|CS|TAMS 0x000000008b800000, 0x000000008b800000| Complete 

Card table byte_map: [0x000001d3a5750000,0x000001d3a5b50000] _byte_map_base: 0x000001d3a5350000

Marking Bits (Prev, Next): (CMBitMap*) 0x000001d3907baa40, (CMBitMap*) 0x000001d3907baa08
 Prev Bits: [0x000001d3a7f50000, 0x000001d3a9f50000)
 Next Bits: [0x000001d3a5f50000, 0x000001d3a7f50000)

Polling page: 0x000001d390860000

Metaspace:

Usage:
  Non-class:     71.19 MB capacity,    69.97 MB ( 98%) used,     1.01 MB (  1%) free+waste,   210.13 KB ( <1%) overhead. 
      Class:     11.13 MB capacity,    10.48 MB ( 94%) used,   571.61 KB (  5%) free+waste,    96.81 KB ( <1%) overhead. 
       Both:     82.33 MB capacity,    80.46 MB ( 98%) used,     1.57 MB (  2%) free+waste,   306.94 KB ( <1%) overhead. 

Virtual space:
  Non-class space:       72.00 MB reserved,      71.25 MB ( 99%) committed 
      Class space:        1.00 GB reserved,      11.25 MB (  1%) committed 
             Both:        1.07 GB reserved,      82.50 MB (  8%) committed 

Chunk freelists:
   Non-Class:  61.00 KB
       Class:  22.00 KB
        Both:  83.00 KB

MaxMetaspaceSize: 17179869184.00 GB
CompressedClassSpaceSize: 1.00 GB

CodeHeap 'non-profiled nmethods': size=120000Kb used=4985Kb max_used=4985Kb free=115014Kb
 bounds [0x000001d39d3b0000, 0x000001d39d890000, 0x000001d3a48e0000]
CodeHeap 'profiled nmethods': size=120000Kb used=17214Kb max_used=17214Kb free=102785Kb
 bounds [0x000001d395e80000, 0x000001d396f60000, 0x000001d39d3b0000]
CodeHeap 'non-nmethods': size=5760Kb used=2256Kb max_used=2317Kb free=3503Kb
 bounds [0x000001d3958e0000, 0x000001d395b50000, 0x000001d395e80000]
 total_blobs=9018 nmethods=8172 adapters=755
 compilation: enabled
              stopped_count=0, restarted_count=0
 full_count=0

Compilation events (20 events):
Event: 7.562 Thread 0x000001d3ad3bb000 8357       1       kotlin.reflect.jvm.internal.impl.serialization.deserialization.ClassData::component1 (5 bytes)
Event: 7.562 Thread 0x000001d3ad3bb000 nmethod 8357 0x000001d39d885910 code [0x000001d39d885ac0, 0x000001d39d885b78]
Event: 7.562 Thread 0x000001d3ad3bb000 8358       1       kotlin.reflect.jvm.internal.impl.serialization.deserialization.ClassData::component2 (5 bytes)
Event: 7.562 Thread 0x000001d3ad3bb000 nmethod 8358 0x000001d39d885c10 code [0x000001d39d885dc0, 0x000001d39d885e78]
Event: 7.562 Thread 0x000001d3ad3bb000 8359       1       kotlin.reflect.jvm.internal.impl.serialization.deserialization.ClassData::component3 (5 bytes)
Event: 7.562 Thread 0x000001d3ad3bb000 nmethod 8359 0x000001d39d885f10 code [0x000001d39d8860c0, 0x000001d39d886178]
Event: 7.562 Thread 0x000001d3ad3bb000 8360       1       kotlin.reflect.jvm.internal.impl.serialization.deserialization.ClassData::component4 (5 bytes)
Event: 7.562 Thread 0x000001d3ad3bb000 nmethod 8360 0x000001d39d886210 code [0x000001d39d8863c0, 0x000001d39d886478]
Event: 7.562 Thread 0x000001d3ad3bb000 8361       1       kotlin.reflect.jvm.internal.impl.metadata.ProtoBuf$Class::getTypeParameterList (5 bytes)
Event: 7.562 Thread 0x000001d3ad3bb000 nmethod 8361 0x000001d39d886510 code [0x000001d39d8866c0, 0x000001d39d886778]
Event: 7.562 Thread 0x000001d3ad3bb000 8362       1       kotlin.reflect.jvm.internal.impl.serialization.deserialization.DeserializationContext::getTypeTable (5 bytes)
Event: 7.562 Thread 0x000001d3ad3bb000 nmethod 8362 0x000001d39d886810 code [0x000001d39d8869c0, 0x000001d39d886a78]
Event: 7.562 Thread 0x000001d3ad3bb000 8364       1       kotlin.reflect.jvm.internal.impl.serialization.deserialization.DeserializationComponents::getClassDataFinder (5 bytes)
Event: 7.562 Thread 0x000001d3ad3bb000 nmethod 8364 0x000001d39d886b10 code [0x000001d39d886cc0, 0x000001d39d886d78]
Event: 7.562 Thread 0x000001d3ad3bb000 8367       3       java.lang.Class::getEnclosingMethod (217 bytes)
Event: 7.565 Thread 0x000001d3ad3bb000 nmethod 8367 0x000001d396f1a310 code [0x000001d396f1a920, 0x000001d396f1e468]
Event: 7.565 Thread 0x000001d3ad3bb000 8378       3       sun.reflect.annotation.AnnotationParser::parseArray (226 bytes)
Event: 7.567 Thread 0x000001d3ad3bb000 nmethod 8378 0x000001d396f1f790 code [0x000001d396f1fbc0, 0x000001d396f219a8]
Event: 7.567 Thread 0x000001d3ad3bb000 8368   !   3       kotlin.reflect.jvm.internal.impl.metadata.ProtoBuf$Type::<init> (875 bytes)
Event: 7.571 Thread 0x000001d3ad3b7000 nmethod 8363 0x000001d39d886e10 code [0x000001d39d887000, 0x000001d39d887a48]

GC Heap History (20 events):
Event: 2.307 GC heap before
{Heap before GC invocations=4 (full 0):
 garbage-first heap   total 131072K, used 66136K [0x0000000080000000, 0x0000000100000000)
  region size 1024K, 51 young (52224K), 1 survivors (1024K)
 Metaspace       used 26363K, capacity 26937K, committed 27008K, reserved 1073152K
  class space    used 3457K, capacity 3698K, committed 3712K, reserved 1048576K
}
Event: 2.310 GC heap after
{Heap after GC invocations=5 (full 0):
 garbage-first heap   total 131072K, used 17706K [0x0000000080000000, 0x0000000100000000)
  region size 1024K, 3 young (3072K), 3 survivors (3072K)
 Metaspace       used 26363K, capacity 26937K, committed 27008K, reserved 1073152K
  class space    used 3457K, capacity 3698K, committed 3712K, reserved 1048576K
}
Event: 2.782 GC heap before
{Heap before GC invocations=5 (full 0):
 garbage-first heap   total 131072K, used 64810K [0x0000000080000000, 0x0000000100000000)
  region size 1024K, 50 young (51200K), 3 survivors (3072K)
 Metaspace       used 35120K, capacity 35773K, committed 35840K, reserved 1081344K
  class space    used 4571K, capacity 4856K, committed 4864K, reserved 1048576K
}
Event: 2.788 GC heap after
{Heap after GC invocations=6 (full 0):
 garbage-first heap   total 131072K, used 21064K [0x0000000080000000, 0x0000000100000000)
  region size 1024K, 6 young (6144K), 6 survivors (6144K)
 Metaspace       used 35120K, capacity 35773K, committed 35840K, reserved 1081344K
  class space    used 4571K, capacity 4856K, committed 4864K, reserved 1048576K
}
Event: 3.276 GC heap before
{Heap before GC invocations=7 (full 0):
 garbage-first heap   total 131072K, used 84552K [0x0000000080000000, 0x0000000100000000)
  region size 1024K, 65 young (66560K), 6 survivors (6144K)
 Metaspace       used 40805K, capacity 41726K, committed 41984K, reserved 1085440K
  class space    used 5213K, capacity 5533K, committed 5632K, reserved 1048576K
}
Event: 3.282 GC heap after
{Heap after GC invocations=8 (full 0):
 garbage-first heap   total 131072K, used 25005K [0x0000000080000000, 0x0000000100000000)
  region size 1024K, 8 young (8192K), 8 survivors (8192K)
 Metaspace       used 40805K, capacity 41726K, committed 41984K, reserved 1085440K
  class space    used 5213K, capacity 5533K, committed 5632K, reserved 1048576K
}
Event: 3.754 GC heap before
{Heap before GC invocations=8 (full 0):
 garbage-first heap   total 131072K, used 85421K [0x0000000080000000, 0x0000000100000000)
  region size 1024K, 67 young (68608K), 8 survivors (8192K)
 Metaspace       used 44443K, capacity 45528K, committed 45824K, reserved 1089536K
  class space    used 5704K, capacity 6079K, committed 6144K, reserved 1048576K
}
Event: 3.760 GC heap after
{Heap after GC invocations=9 (full 0):
 garbage-first heap   total 157696K, used 28411K [0x0000000080000000, 0x0000000100000000)
  region size 1024K, 8 young (8192K), 8 survivors (8192K)
 Metaspace       used 44443K, capacity 45528K, committed 45824K, reserved 1089536K
  class space    used 5704K, capacity 6079K, committed 6144K, reserved 1048576K
}
Event: 4.346 GC heap before
{Heap before GC invocations=9 (full 0):
 garbage-first heap   total 157696K, used 110331K [0x0000000080000000, 0x0000000100000000)
  region size 1024K, 82 young (83968K), 8 survivors (8192K)
 Metaspace       used 51581K, capacity 52868K, committed 52992K, reserved 1095680K
  class space    used 6589K, capacity 7062K, committed 7168K, reserved 1048576K
}
Event: 4.353 GC heap after
{Heap after GC invocations=10 (full 0):
 garbage-first heap   total 157696K, used 44446K [0x0000000080000000, 0x0000000100000000)
  region size 1024K, 11 young (11264K), 11 survivors (11264K)
 Metaspace       used 51581K, capacity 52868K, committed 52992K, reserved 1095680K
  class space    used 6589K, capacity 7062K, committed 7168K, reserved 1048576K
}
Event: 4.917 GC heap before
{Heap before GC invocations=10 (full 0):
 garbage-first heap   total 157696K, used 101790K [0x0000000080000000, 0x0000000100000000)
  region size 1024K, 67 young (68608K), 11 survivors (11264K)
 Metaspace       used 58540K, capacity 60069K, committed 60160K, reserved 1101824K
  class space    used 7442K, capacity 7974K, committed 8064K, reserved 1048576K
}
Event: 4.932 GC heap after
{Heap after GC invocations=11 (full 0):
 garbage-first heap   total 157696K, used 49908K [0x0000000080000000, 0x0000000100000000)
  region size 1024K, 5 young (5120K), 5 survivors (5120K)
 Metaspace       used 58540K, capacity 60069K, committed 60160K, reserved 1101824K
  class space    used 7442K, capacity 7974K, committed 8064K, reserved 1048576K
}
Event: 5.458 GC heap before
{Heap before GC invocations=12 (full 0):
 garbage-first heap   total 157696K, used 112372K [0x0000000080000000, 0x0000000100000000)
  region size 1024K, 66 young (67584K), 5 survivors (5120K)
 Metaspace       used 63050K, capacity 64531K, committed 64640K, reserved 1105920K
  class space    used 7998K, capacity 8559K, committed 8576K, reserved 1048576K
}
Event: 5.464 GC heap after
{Heap after GC invocations=13 (full 0):
 garbage-first heap   total 157696K, used 54111K [0x0000000080000000, 0x0000000100000000)
  region size 1024K, 9 young (9216K), 9 survivors (9216K)
 Metaspace       used 63050K, capacity 64531K, committed 64640K, reserved 1105920K
  class space    used 7998K, capacity 8559K, committed 8576K, reserved 1048576K
}
Event: 6.050 GC heap before
{Heap before GC invocations=13 (full 0):
 garbage-first heap   total 157696K, used 115551K [0x0000000080000000, 0x0000000100000000)
  region size 1024K, 69 young (70656K), 9 survivors (9216K)
 Metaspace       used 70909K, capacity 72511K, committed 72576K, reserved 1112064K
  class space    used 9203K, capacity 9802K, committed 9856K, reserved 1048576K
}
Event: 6.059 GC heap after
{Heap after GC invocations=14 (full 0):
 garbage-first heap   total 157696K, used 57952K [0x0000000080000000, 0x0000000100000000)
  region size 1024K, 9 young (9216K), 9 survivors (9216K)
 Metaspace       used 70909K, capacity 72511K, committed 72576K, reserved 1112064K
  class space    used 9203K, capacity 9802K, committed 9856K, reserved 1048576K
}
Event: 6.663 GC heap before
{Heap before GC invocations=14 (full 0):
 garbage-first heap   total 157696K, used 119392K [0x0000000080000000, 0x0000000100000000)
  region size 1024K, 69 young (70656K), 9 survivors (9216K)
 Metaspace       used 76610K, capacity 78334K, committed 78464K, reserved 1118208K
  class space    used 9941K, capacity 10564K, committed 10624K, reserved 1048576K
}
Event: 6.673 GC heap after
{Heap after GC invocations=15 (full 0):
 garbage-first heap   total 189440K, used 61741K [0x0000000080000000, 0x0000000100000000)
  region size 1024K, 8 young (8192K), 8 survivors (8192K)
 Metaspace       used 76610K, capacity 78334K, committed 78464K, reserved 1118208K
  class space    used 9941K, capacity 10564K, committed 10624K, reserved 1048576K
}
Event: 7.338 GC heap before
{Heap before GC invocations=15 (full 0):
 garbage-first heap   total 189440K, used 135469K [0x0000000080000000, 0x0000000100000000)
  region size 1024K, 81 young (82944K), 8 survivors (8192K)
 Metaspace       used 79515K, capacity 81513K, committed 81792K, reserved 1120256K
  class space    used 10367K, capacity 11049K, committed 11136K, reserved 1048576K
}
Event: 7.346 GC heap after
{Heap after GC invocations=16 (full 0):
 garbage-first heap   total 189440K, used 66546K [0x0000000080000000, 0x0000000100000000)
  region size 1024K, 9 young (9216K), 9 survivors (9216K)
 Metaspace       used 79515K, capacity 81513K, committed 81792K, reserved 1120256K
  class space    used 10367K, capacity 11049K, committed 11136K, reserved 1048576K
}

Deoptimization events (20 events):
Event: 7.232 Thread 0x000001d3aebd6800 DEOPT PACKING pc=0x000001d39d825cec sp=0x0000001a5b3fa790
Event: 7.232 Thread 0x000001d3aebd6800 DEOPT UNPACKING pc=0x000001d3959074af sp=0x0000001a5b3fa6c8 mode 2
Event: 7.238 Thread 0x000001d3aebd6800 DEOPT PACKING pc=0x000001d396aff13a sp=0x0000001a5b3fd840
Event: 7.238 Thread 0x000001d3aebd6800 DEOPT UNPACKING pc=0x000001d3959072ce sp=0x0000001a5b3fcda0 mode 0
Event: 7.250 Thread 0x000001d3aff83000 DEOPT PACKING pc=0x000001d396b4011c sp=0x0000001a52efca40
Event: 7.250 Thread 0x000001d3aff83000 DEOPT UNPACKING pc=0x000001d3959072ce sp=0x0000001a52efbfe0 mode 0
Event: 7.274 Thread 0x000001d3aebd6800 DEOPT PACKING pc=0x000001d396b4011c sp=0x0000001a5b3f8f50
Event: 7.274 Thread 0x000001d3aebd6800 DEOPT UNPACKING pc=0x000001d3959072ce sp=0x0000001a5b3f84f0 mode 0
Event: 7.274 Thread 0x000001d3aff88000 Uncommon trap: trap_request=0xffffff4d fr.pc=0x000001d39d84f3b0 relative=0x0000000000000090
Event: 7.274 Thread 0x000001d3aff88000 Uncommon trap: reason=unstable_if action=reinterpret pc=0x000001d39d84f3b0 method=com.google.common.cache.LongAdder.add(J)V @ 24 c2
Event: 7.274 Thread 0x000001d3aff88000 DEOPT PACKING pc=0x000001d39d84f3b0 sp=0x0000001a532fb520
Event: 7.274 Thread 0x000001d3aff88000 DEOPT UNPACKING pc=0x000001d3959074af sp=0x0000001a532fb478 mode 2
Event: 7.307 Thread 0x000001d3aebd6800 Uncommon trap: trap_request=0xffffff4d fr.pc=0x000001d39d8588e0 relative=0x0000000000000540
Event: 7.307 Thread 0x000001d3aebd6800 Uncommon trap: reason=unstable_if action=reinterpret pc=0x000001d39d8588e0 method=org.gradle.internal.snapshot.VfsRelativePath.lengthOfCommonPrefix(Ljava/lang/String;Lorg/gradle/internal/snapshot/CaseSensitivity;)I @ 107 c2
Event: 7.308 Thread 0x000001d3aebd6800 DEOPT PACKING pc=0x000001d39d8588e0 sp=0x0000001a5b3fa5a0
Event: 7.308 Thread 0x000001d3aebd6800 DEOPT UNPACKING pc=0x000001d3959074af sp=0x0000001a5b3fa540 mode 2
Event: 7.346 Thread 0x000001d3ad506000 Uncommon trap: trap_request=0xffffff6e fr.pc=0x000001d39d4e876c relative=0x000000000000052c
Event: 7.346 Thread 0x000001d3ad506000 Uncommon trap: reason=speculate_class_check action=maybe_recompile pc=0x000001d39d4e876c method=jdk.internal.ref.PhantomCleanable.clean()V @ 12 c2
Event: 7.346 Thread 0x000001d3ad506000 DEOPT PACKING pc=0x000001d39d4e876c sp=0x0000001a507fef90
Event: 7.346 Thread 0x000001d3ad506000 DEOPT UNPACKING pc=0x000001d3959074af sp=0x0000001a507fef70 mode 2

Classes redefined (0 events):
No events

Internal exceptions (20 events):
Event: 6.730 Thread 0x000001d3af5ac000 Exception <a 'java/lang/NoSuchMethodError'{0x000000008b5a87c0}: <clinit>> (0x000000008b5a87c0) thrown at [./src/hotspot/share/prims/jni.cpp, line 1362]
Event: 6.731 Thread 0x000001d3af5ac000 Exception <a 'java/lang/NoSuchMethodError'{0x000000008b5f8a68}: <clinit>> (0x000000008b5f8a68) thrown at [./src/hotspot/share/prims/jni.cpp, line 1362]
Event: 6.731 Thread 0x000001d3af5ac000 Exception <a 'java/lang/NoSuchMethodError'{0x000000008b5f9d40}: <clinit>> (0x000000008b5f9d40) thrown at [./src/hotspot/share/prims/jni.cpp, line 1362]
Event: 6.733 Thread 0x000001d3aebd6800 Exception <a 'java/lang/NoSuchMethodError'{0x000000008b5d4f18}: 'java.lang.Object java.lang.invoke.Invokers$Holder.linkToTargetMethod(java.lang.Object, java.lang.Object, java.lang.Object, java.lang.Object, java.lang.Object, java.lang.Object, java.lang.Object, java.lang.Object)'> (0x000000008b5d4f18) thrown at [./src/hotspot/share/interpreter/linkResolver.cpp, line 773]
Event: 6.745 Thread 0x000001d3aebd3000 Exception <a 'java/lang/NoSuchMethodError'{0x000000008b399270}: <clinit>> (0x000000008b399270) thrown at [./src/hotspot/share/prims/jni.cpp, line 1362]
Event: 6.747 Thread 0x000001d3aebd3000 Exception <a 'java/lang/NoSuchMethodError'{0x000000008b3dee38}: <clinit>> (0x000000008b3dee38) thrown at [./src/hotspot/share/prims/jni.cpp, line 1362]
Event: 6.767 Thread 0x000001d3af5ac000 Exception <a 'java/lang/NoSuchMethodError'{0x000000008b1fc4f8}: <clinit>> (0x000000008b1fc4f8) thrown at [./src/hotspot/share/prims/jni.cpp, line 1362]
Event: 6.889 Thread 0x000001d3aebd6800 Exception <a 'java/lang/NoSuchMethodError'{0x000000008a91e040}: 'java.lang.Object java.lang.invoke.Invokers$Holder.linkToTargetMethod(java.lang.Object, java.lang.Object, java.lang.Object, java.lang.Object, java.lang.Object, java.lang.Object, java.lang.Object)'> (0x000000008a91e040) thrown at [./src/hotspot/share/interpreter/linkResolver.cpp, line 773]
Event: 6.908 Thread 0x000001d3aff80000 Exception <a 'java/lang/NoSuchMethodError'{0x000000008a8a36b8}: 'java.lang.Object java.lang.invoke.DirectMethodHandle$Holder.invokeSpecialIFC(java.lang.Object, java.lang.Object, java.lang.Object)'> (0x000000008a8a36b8) thrown at [./src/hotspot/share/interpreter/linkResolver.cpp, line 773]
Event: 6.908 Thread 0x000001d3aff81800 Exception <a 'java/lang/NoSuchMethodError'{0x000000008a7ebf80}: 'java.lang.Object java.lang.invoke.DirectMethodHandle$Holder.invokeSpecialIFC(java.lang.Object, java.lang.Object, java.lang.Object)'> (0x000000008a7ebf80) thrown at [./src/hotspot/share/interpreter/linkResolver.cpp, line 773]
Event: 6.908 Thread 0x000001d3aff89000 Exception <a 'java/lang/NoSuchMethodError'{0x000000008a889d50}: 'java.lang.Object java.lang.invoke.DirectMethodHandle$Holder.invokeSpecialIFC(java.lang.Object, java.lang.Object, java.lang.Object)'> (0x000000008a889d50) thrown at [./src/hotspot/share/interpreter/linkResolver.cpp, line 773]
Event: 6.908 Thread 0x000001d3aff7f000 Exception <a 'java/lang/NoSuchMethodError'{0x000000008a7a7b60}: 'java.lang.Object java.lang.invoke.DirectMethodHandle$Holder.invokeSpecialIFC(java.lang.Object, java.lang.Object, java.lang.Object)'> (0x000000008a7a7b60) thrown at [./src/hotspot/share/interpreter/linkResolver.cpp, line 773]
Event: 6.908 Thread 0x000001d3aff7d800 Exception <a 'java/lang/NoSuchMethodError'{0x000000008a7d42f8}: 'java.lang.Object java.lang.invoke.DirectMethodHandle$Holder.invokeSpecialIFC(java.lang.Object, java.lang.Object, java.lang.Object)'> (0x000000008a7d42f8) thrown at [./src/hotspot/share/interpreter/linkResolver.cpp, line 773]
Event: 6.908 Thread 0x000001d3aff83000 Exception <a 'java/lang/NoSuchMethodError'{0x000000008a791bb8}: 'java.lang.Object java.lang.invoke.DirectMethodHandle$Holder.invokeSpecialIFC(java.lang.Object, java.lang.Object, java.lang.Object)'> (0x000000008a791bb8) thrown at [./src/hotspot/share/interpreter/linkResolver.cpp, line 773]
Event: 6.909 Thread 0x000001d3aff84000 Exception <a 'java/lang/NoSuchMethodError'{0x000000008a601848}: 'java.lang.Object java.lang.invoke.DirectMethodHandle$Holder.invokeSpecialIFC(java.lang.Object, java.lang.Object, java.lang.Object)'> (0x000000008a601848) thrown at [./src/hotspot/share/interpreter/linkResolver.cpp, line 773]
Event: 7.232 Thread 0x000001d3aebd6800 Exception <a 'java/lang/NoSuchMethodError'{0x0000000087929f10}: <clinit>> (0x0000000087929f10) thrown at [./src/hotspot/share/prims/jni.cpp, line 1362]
Event: 7.297 Thread 0x000001d3aebd6800 Exception <a 'java/lang/NoSuchMethodError'{0x00000000873c0470}: 'java.lang.Object java.lang.invoke.DirectMethodHandle$Holder.invokeSpecial(java.lang.Object, java.lang.Object, int, java.lang.Object, java.lang.Object)'> (0x00000000873c0470) thrown at [./src/hotspot/share/interpreter/linkResolver.cpp, line 773]
Event: 7.298 Thread 0x000001d3aebd6800 Exception <a 'java/lang/NoSuchMethodError'{0x00000000873c89a8}: 'java.lang.Object java.lang.invoke.DirectMethodHandle$Holder.invokeStatic(java.lang.Object, java.lang.Object, int, java.lang.Object)'> (0x00000000873c89a8) thrown at [./src/hotspot/share/interpreter/linkResolver.cpp, line 773]
Event: 7.298 Thread 0x000001d3aebd6800 Exception <a 'java/lang/NoSuchMethodError'{0x00000000873cc3f8}: 'java.lang.Object java.lang.invoke.Invokers$Holder.linkToTargetMethod(java.lang.Object, int, java.lang.Object, java.lang.Object)'> (0x00000000873cc3f8) thrown at [./src/hotspot/share/interpreter/linkResolver.cpp, line 773]
Event: 7.309 Thread 0x000001d3aebd6800 Exception <a 'java/lang/NoSuchMethodError'{0x0000000087214710}: 'void java.lang.invoke.DirectMethodHandle$Holder.invokeVirtual(java.lang.Object, java.lang.Object)'> (0x0000000087214710) thrown at [./src/hotspot/share/interpreter/linkResolver.cpp, line 773]

Events (20 events):
Event: 7.510 loading class kotlin/reflect/jvm/internal/impl/serialization/deserialization/descriptors/DeserializedMemberScope$properties$1
Event: 7.510 loading class kotlin/reflect/jvm/internal/impl/serialization/deserialization/descriptors/DeserializedMemberScope$properties$1 done
Event: 7.510 loading class kotlin/reflect/jvm/internal/impl/serialization/deserialization/descriptors/DeserializedMemberScope$typeAliasByName$1
Event: 7.510 loading class kotlin/reflect/jvm/internal/impl/serialization/deserialization/descriptors/DeserializedMemberScope$typeAliasByName$1 done
Event: 7.511 loading class kotlin/reflect/jvm/internal/impl/serialization/deserialization/descriptors/DeserializedMemberScope$functionNamesLazy$2
Event: 7.511 loading class kotlin/reflect/jvm/internal/impl/serialization/deserialization/descriptors/DeserializedMemberScope$functionNamesLazy$2 done
Event: 7.511 loading class kotlin/reflect/jvm/internal/impl/serialization/deserialization/descriptors/DeserializedMemberScope$variableNamesLazy$2
Event: 7.511 loading class kotlin/reflect/jvm/internal/impl/serialization/deserialization/descriptors/DeserializedMemberScope$variableNamesLazy$2 done
Event: 7.512 loading class kotlin/reflect/jvm/internal/impl/serialization/deserialization/descriptors/DeserializedMemberScope$classNames$2
Event: 7.512 loading class kotlin/reflect/jvm/internal/impl/serialization/deserialization/descriptors/DeserializedMemberScope$classNames$2 done
Event: 7.512 loading class kotlin/reflect/jvm/internal/impl/serialization/deserialization/descriptors/DeserializedClassDescriptor$DeserializedClassMemberScope$allDescriptors$1
Event: 7.512 loading class kotlin/reflect/jvm/internal/impl/serialization/deserialization/descriptors/DeserializedClassDescriptor$DeserializedClassMemberScope$allDescriptors$1 done
Event: 7.513 loading class kotlin/reflect/jvm/internal/impl/serialization/deserialization/descriptors/DeserializedClassDescriptor$DeserializedClassMemberScope$refinedSupertypes$1
Event: 7.513 loading class kotlin/reflect/jvm/internal/impl/serialization/deserialization/descriptors/DeserializedClassDescriptor$DeserializedClassMemberScope$refinedSupertypes$1 done
Event: 7.516 loading class com/android/build/api/artifact/ArtifactType$PUBLIC_ANDROID_RESOURCES_LIST
Event: 7.516 loading class com/android/build/api/artifact/ArtifactType$PUBLIC_ANDROID_RESOURCES_LIST done
Event: 7.518 loading class kotlin/reflect/jvm/internal/UtilKt
Event: 7.518 loading class kotlin/reflect/jvm/internal/UtilKt done
Event: 7.521 loading class kotlin/reflect/jvm/internal/impl/resolve/scopes/InnerClassesScopeWrapper
Event: 7.521 loading class kotlin/reflect/jvm/internal/impl/resolve/scopes/InnerClassesScopeWrapper done


Dynamic libraries:
0x00007ff604290000 - 0x00007ff60429a000 	C:\Program Files\Android\Android Studio\jre\bin\java.exe
0x00007fff961d0000 - 0x00007fff963c5000 	C:\WINDOWS\SYSTEM32\ntdll.dll
0x00007fff95e70000 - 0x00007fff95f2d000 	C:\WINDOWS\System32\KERNEL32.DLL
0x00007fff93e30000 - 0x00007fff940f9000 	C:\WINDOWS\System32\KERNELBASE.dll
0x00007fff93a90000 - 0x00007fff93b90000 	C:\WINDOWS\System32\ucrtbase.dll
0x00007fff87e80000 - 0x00007fff87e99000 	C:\Program Files\Android\Android Studio\jre\bin\jli.dll
0x00007fff87e60000 - 0x00007fff87e77000 	C:\Program Files\Android\Android Studio\jre\bin\VCRUNTIME140.dll
0x00007fff95820000 - 0x00007fff959c0000 	C:\WINDOWS\System32\USER32.dll
0x00007fff94100000 - 0x00007fff94122000 	C:\WINDOWS\System32\win32u.dll
0x00007fff94f10000 - 0x00007fff94f3a000 	C:\WINDOWS\System32\GDI32.dll
0x00007fff94130000 - 0x00007fff9423b000 	C:\WINDOWS\System32\gdi32full.dll
0x00007fff7ffe0000 - 0x00007fff8027a000 	C:\WINDOWS\WinSxS\amd64_microsoft.windows.common-controls_6595b64144ccf1df_6.0.19041.1083_none_60bbe31371f34e71\COMCTL32.dll
0x00007fff939a0000 - 0x00007fff93a3d000 	C:\WINDOWS\System32\msvcp_win.dll
0x00007fff95530000 - 0x00007fff955ce000 	C:\WINDOWS\System32\msvcrt.dll
0x00007fff946b0000 - 0x00007fff946e0000 	C:\WINDOWS\System32\IMM32.DLL
0x00007fff68e20000 - 0x00007fff68ebd000 	C:\Program Files\Android\Android Studio\jre\bin\msvcp140.dll
0x00007fff5b5a0000 - 0x00007fff5c05c000 	C:\Program Files\Android\Android Studio\jre\bin\server\jvm.dll
0x00007fff95650000 - 0x00007fff956fc000 	C:\WINDOWS\System32\ADVAPI32.dll
0x00007fff95020000 - 0x00007fff950bb000 	C:\WINDOWS\System32\sechost.dll
0x00007fff95f30000 - 0x00007fff9605a000 	C:\WINDOWS\System32\RPCRT4.dll
0x00007fff946e0000 - 0x00007fff946e8000 	C:\WINDOWS\System32\PSAPI.DLL
0x00007fff8c6b0000 - 0x00007fff8c6b9000 	C:\WINDOWS\SYSTEM32\WSOCK32.dll
0x00007fff8a770000 - 0x00007fff8a797000 	C:\WINDOWS\SYSTEM32\WINMM.dll
0x00007fff955d0000 - 0x00007fff9563b000 	C:\WINDOWS\System32\WS2_32.dll
0x00007fff8c7b0000 - 0x00007fff8c7ba000 	C:\WINDOWS\SYSTEM32\VERSION.dll
0x00007fff921d0000 - 0x00007fff921e2000 	C:\WINDOWS\SYSTEM32\kernel.appcore.dll
0x00007fff8d6f0000 - 0x00007fff8d701000 	C:\Program Files\Android\Android Studio\jre\bin\verify.dll
0x00007fff915f0000 - 0x00007fff917d4000 	C:\WINDOWS\SYSTEM32\DBGHELP.DLL
0x00007fff822d0000 - 0x00007fff822fc000 	C:\WINDOWS\SYSTEM32\dbgcore.DLL
0x00007fff93910000 - 0x00007fff93993000 	C:\WINDOWS\System32\bcryptPrimitives.dll
0x00007fff8bb10000 - 0x00007fff8bb39000 	C:\Program Files\Android\Android Studio\jre\bin\java.dll
0x00007fff90e80000 - 0x00007fff90e8b000 	C:\Program Files\Android\Android Studio\jre\bin\jimage.dll
0x00007fff88460000 - 0x00007fff88478000 	C:\Program Files\Android\Android Studio\jre\bin\zip.dll
0x00007fff946f0000 - 0x00007fff94e2f000 	C:\WINDOWS\System32\SHELL32.dll
0x00007fff91a20000 - 0x00007fff921b1000 	C:\WINDOWS\SYSTEM32\windows.storage.dll
0x00007fff951d0000 - 0x00007fff95525000 	C:\WINDOWS\System32\combase.dll
0x00007fff93380000 - 0x00007fff933ac000 	C:\WINDOWS\SYSTEM32\Wldp.dll
0x00007fff95770000 - 0x00007fff9581e000 	C:\WINDOWS\System32\SHCORE.dll
0x00007fff959c0000 - 0x00007fff95a15000 	C:\WINDOWS\System32\shlwapi.dll
0x00007fff93850000 - 0x00007fff9386f000 	C:\WINDOWS\SYSTEM32\profapi.dll
0x00007fff88270000 - 0x00007fff8828a000 	C:\Program Files\Android\Android Studio\jre\bin\net.dll
0x00007fff84850000 - 0x00007fff8495a000 	C:\WINDOWS\SYSTEM32\WINHTTP.dll
0x00007fff93070000 - 0x00007fff930da000 	C:\WINDOWS\system32\mswsock.dll
0x00007fff87570000 - 0x00007fff87584000 	C:\Program Files\Android\Android Studio\jre\bin\nio.dll
0x00007fff7e9a0000 - 0x00007fff7e9c7000 	C:\Users\Dark Knight\.gradle\native\fdc75f09e3144964f2cf3f50f0aa648679c211496f362492102eb8c894070792\windows-amd64\native-platform.dll
0x00007fff3f9a0000 - 0x00007fff3fb36000 	C:\Users\Dark Knight\.gradle\native\12488b8bf47d2d4c9fbf2f6322a914ad602e24e48041cd04a747c6da556b65c4\windows-amd64\native-platform-file-events.dll
0x00007fff8edb0000 - 0x00007fff8edba000 	C:\Program Files\Android\Android Studio\jre\bin\management.dll
0x00007fff8ed90000 - 0x00007fff8ed9c000 	C:\Program Files\Android\Android Studio\jre\bin\management_ext.dll
0x00007fff93260000 - 0x00007fff93278000 	C:\WINDOWS\SYSTEM32\CRYPTSP.dll
0x00007fff929b0000 - 0x00007fff929e4000 	C:\WINDOWS\system32\rsaenh.dll
0x00007fff93cf0000 - 0x00007fff93d17000 	C:\WINDOWS\System32\bcrypt.dll
0x00007fff937d0000 - 0x00007fff937fe000 	C:\WINDOWS\SYSTEM32\USERENV.dll
0x00007fff93250000 - 0x00007fff9325c000 	C:\WINDOWS\SYSTEM32\CRYPTBASE.dll
0x00007fff92d60000 - 0x00007fff92d9b000 	C:\WINDOWS\SYSTEM32\IPHLPAPI.DLL
0x00007fff95760000 - 0x00007fff95768000 	C:\WINDOWS\System32\NSI.dll
0x00007fff8a6b0000 - 0x00007fff8a6c7000 	C:\WINDOWS\SYSTEM32\dhcpcsvc6.DLL
0x00007fff8a9c0000 - 0x00007fff8a9dd000 	C:\WINDOWS\SYSTEM32\dhcpcsvc.DLL
0x00007fff92da0000 - 0x00007fff92e6c000 	C:\WINDOWS\SYSTEM32\DNSAPI.dll
0x00007fff8be80000 - 0x00007fff8be8b000 	C:\WINDOWS\SYSTEM32\WINNSI.DLL

dbghelp: loaded successfully - version: 4.0.5 - missing functions: none
symbol engine: initialized successfully - sym options: 0x614 - pdb path: .;C:\Program Files\Android\Android Studio\jre\bin;C:\WINDOWS\SYSTEM32;C:\WINDOWS\WinSxS\amd64_microsoft.windows.common-controls_6595b64144ccf1df_6.0.19041.1083_none_60bbe31371f34e71;C:\Program Files\Android\Android Studio\jre\bin\server;C:\Users\Dark Knight\.gradle\native\fdc75f09e3144964f2cf3f50f0aa648679c211496f362492102eb8c894070792\windows-amd64;C:\Users\Dark Knight\.gradle\native\12488b8bf47d2d4c9fbf2f6322a914ad602e24e48041cd04a747c6da556b65c4\windows-amd64

VM Arguments:
jvm_args: --add-opens=java.base/java.util=ALL-UNNAMED --add-opens=java.base/java.lang=ALL-UNNAMED --add-opens=java.base/java.lang.invoke=ALL-UNNAMED --add-opens=java.prefs/java.util.prefs=ALL-UNNAMED -Xmx2048m -Dfile.encoding=UTF-8 -Duser.country=IN -Duser.language=en -Duser.variant 
java_command: org.gradle.launcher.daemon.bootstrap.GradleDaemon 6.7.1
java_class_path (initial): C:\Users\Dark Knight\.gradle\wrapper\dists\gradle-6.7.1-bin\bwlcbys1h7rz3272sye1xwiv6\gradle-6.7.1\lib\gradle-launcher-6.7.1.jar
Launcher Type: SUN_STANDARD

[Global flags]
     intx CICompilerCount                          = 4                                         {product} {ergonomic}
     uint ConcGCThreads                            = 2                                         {product} {ergonomic}
     uint G1ConcRefinementThreads                  = 8                                         {product} {ergonomic}
   size_t G1HeapRegionSize                         = 1048576                                   {product} {ergonomic}
    uintx GCDrainStackTargetSize                   = 64                                        {product} {ergonomic}
   size_t InitialHeapSize                          = 134217728                                 {product} {ergonomic}
   size_t MarkStackSize                            = 4194304                                   {product} {ergonomic}
   size_t MaxHeapSize                              = 2147483648                                {product} {command line}
   size_t MaxNewSize                               = 1287651328                                {product} {ergonomic}
   size_t MinHeapDeltaBytes                        = 1048576                                   {product} {ergonomic}
    uintx NonNMethodCodeHeapSize                   = 5836300                                {pd product} {ergonomic}
    uintx NonProfiledCodeHeapSize                  = 122910970                              {pd product} {ergonomic}
    uintx ProfiledCodeHeapSize                     = 122910970                              {pd product} {ergonomic}
    uintx ReservedCodeCacheSize                    = 251658240                              {pd product} {ergonomic}
     bool SegmentedCodeCache                       = true                                      {product} {ergonomic}
     bool UseCompressedClassPointers               = true                                 {lp64_product} {ergonomic}
     bool UseCompressedOops                        = true                                 {lp64_product} {ergonomic}
     bool UseG1GC                                  = true                                      {product} {ergonomic}
     bool UseLargePagesIndividualAllocation        = false                                  {pd product} {ergonomic}

Logging:
Log output configuration:
 #0: stdout all=warning uptime,level,tags
 #1: stderr all=off uptime,level,tags

Environment Variables:
PATH=C:\Windows\system32;C:\Windows;C:\Windows\System32\Wbem;C:\Windows\System32\WindowsPowerShell\v1.0\;C:\Windows\System32\OpenSSH\;C:\Program Files (x86)\NVIDIA Corporation\PhysX\Common;C:\Program Files\NVIDIA Corporation\NVIDIA NvDLISR;C:\WINDOWS\system32;C:\WINDOWS;C:\WINDOWS\System32\Wbem;C:\WINDOWS\System32\WindowsPowerShell\v1.0\;C:\WINDOWS\System32\OpenSSH\;C:\MinGW\bin;C:\Program Files\MEGA-X;C:\WINDOWS\system32;C:\WINDOWS;C:\WINDOWS\System32\Wbem;C:\WINDOWS\System32\WindowsPowerShell\v1.0\;C:\WINDOWS\System32\OpenSSH\;C:\Program Files\Git\cmd;C:\Users\Dark Knight\AppData\Local\Microsoft\WindowsApps;C:\Users\Dark Knight\AppData\Local\GitHubDesktop\bin;C:\Users\Dark Knight\AppData\Local\atom\bin;C:\ProgramData\Dark Knight\atom\bin;C:\MinGW\bin;C:\Program Files (x86)\Microsoft Visual Studio\2019\BuildTools\MSBuild\Current\Bin;C:\Users\Dark Knight\AppData\Local\Programs\Microsoft VS Code\bin;C:\Users\Dark Knight\AppData\Local\Microsoft\WindowsApps;
USERNAME=Dark Knight
OS=Windows_NT
PROCESSOR_IDENTIFIER=Intel64 Family 6 Model 158 Stepping 10, GenuineIntel



---------------  S Y S T E M  ---------------

OS: Windows 10 , 64 bit Build 19041 (10.0.19041.1023)
OS uptime: 5 days 4:16 hours

CPU:total 8 (initial active 8) (4 cores per cpu, 2 threads per core) family 6 model 158 stepping 10, cmov, cx8, fxsr, mmx, sse, sse2, sse3, ssse3, sse4.1, sse4.2, popcnt, avx, avx2, aes, clmul, erms, 3dnowpref, lzcnt, ht, tsc, tscinvbit, bmi1, bmi2, adx, fma

Memory: 4k page, system-wide physical 8112M (854M free)
TotalPageFile size 12208M (AvailPageFile size 355M)
current process WorkingSet (physical memory assigned to process): 433M, peak: 433M
current process commit charge ("private bytes"): 474M, peak: 475M

vm_info: OpenJDK 64-Bit Server VM (11.0.8+10-b944.6842174) for windows-amd64 JRE (11.0.8+10-b944.6842174), built on Sep 19 2020 01:11:42 by "builder" with MS VC++ 14.0 (VS2015)

END.
