#
# There is insufficient memory for the Java Runtime Environment to continue.
# Native memory allocation (mmap) failed to map 27262976 bytes for Failed to commit area from 0x0000000088000000 to 0x0000000089a00000 of length 27262976.
# Possible reasons:
#   The system is out of physical RAM or swap space
#   The process is running with CompressedOops enabled, and the Java Heap may be blocking the growth of the native heap
# Possible solutions:
#   Reduce memory load on the system
#   Increase physical memory or swap space
#   Check if swap backing store is full
#   Decrease Java heap size (-Xmx/-Xms)
#   Decrease number of Java threads
#   Decrease Java thread stack sizes (-Xss)
#   Set larger code cache with -XX:ReservedCodeCacheSize=
#   JVM is running with Unscaled Compressed Oops mode in which the Java heap is
#     placed in the first 4GB address space. The Java Heap base address is the
#     maximum limit for the native heap growth. Please use -XX:HeapBaseMinAddress
#     to set the Java Heap base and to place the Java Heap above 4GB virtual address.
# This output file may be truncated or incomplete.
#
#  Out of Memory Error (./src/hotspot/os/windows/os_windows.cpp:3303), pid=21576, tid=29140
#
# JRE version: OpenJDK Runtime Environment (11.0.8+10) (build 11.0.8+10-b944.6842174)
# Java VM: OpenJDK 64-Bit Server VM (11.0.8+10-b944.6842174, mixed mode, tiered, compressed oops, g1 gc, windows-amd64)
# No core dump will be written. Minidumps are not enabled by default on client versions of Windows
#

---------------  S U M M A R Y ------------

Command Line: --add-opens=java.base/java.util=ALL-UNNAMED --add-opens=java.base/java.lang=ALL-UNNAMED --add-opens=java.base/java.lang.invoke=ALL-UNNAMED --add-opens=java.prefs/java.util.prefs=ALL-UNNAMED -Xmx2048m -Dfile.encoding=UTF-8 -Duser.country=IN -Duser.language=en -Duser.variant org.gradle.launcher.daemon.bootstrap.GradleDaemon 6.7.1

Host: Intel(R) Core(TM) i5-9300H CPU @ 2.40GHz, 8 cores, 7G,  Windows 10 , 64 bit Build 19041 (10.0.19041.1023)
Time: Fri Jul 16 12:52:35 2021 India Standard Time elapsed time: 8 seconds (0d 0h 0m 8s)

---------------  T H R E A D  ---------------

Current thread (0x0000028f1f03b800):  VMThread "VM Thread" [stack: 0x000000e973700000,0x000000e973800000] [id=29140]

Stack: [0x000000e973700000,0x000000e973800000]
[error occurred during error reporting (printing stack bounds), id 0xc0000005, EXCEPTION_ACCESS_VIOLATION (0xc0000005) at pc=0x0000028f07f00dad]

Native frames: (J=compiled Java code, j=interpreted, Vv=VM code, C=native code)
V  [jvm.dll+0x5de50a]
V  [jvm.dll+0x7122f5]
V  [jvm.dll+0x71384d]
V  [jvm.dll+0x713e65]
V  [jvm.dll+0x713e1b]
V  [jvm.dll+0x5dd958]
V  [jvm.dll+0x5de0f8]
C  [ntdll.dll+0xa217f]
C  [ntdll.dll+0x51454]
C  [ntdll.dll+0xa0cae]
C  0x0000028f07f00dad

VM_Operation (0x000000e973dfeca0): CollectForMetadataAllocation, mode: safepoint, requested by thread 0x0000028f1f067000


---------------  P R O C E S S  ---------------

Threads class SMR info:
_java_thread_list=0x0000028f26c3c520, length=160, elements={
0x0000028f0455a800, 0x0000028f1f042000, 0x0000028f1f043800, 0x0000028f1f9d2800,
0x0000028f1f9d3000, 0x0000028f1f05a000, 0x0000028f1f067000, 0x0000028f1f069800,
0x0000028f1fb54000, 0x0000028f1fb60800, 0x0000028f2257f800, 0x0000028f1fc69800,
0x0000028f2102a000, 0x0000028f21faf800, 0x0000028f220ea800, 0x0000028f20b5a800,
0x0000028f20b5b800, 0x0000028f2131c000, 0x0000028f21b46000, 0x0000028f2218e800,
0x0000028f22d78000, 0x0000028f22d7c000, 0x0000028f22d77000, 0x0000028f2325d800,
0x0000028f23253800, 0x0000028f22d7d000, 0x0000028f22d78800, 0x0000028f22d7b000,
0x0000028f22d7d800, 0x0000028f22d7a800, 0x0000028f22d79800, 0x0000028f2072e800,
0x0000028f20731000, 0x0000028f2072e000, 0x0000028f20732000, 0x0000028f20733000,
0x0000028f2072d000, 0x0000028f20734800, 0x0000028f20735800, 0x0000028f20736000,
0x0000028f20737000, 0x0000028f20739800, 0x0000028f20737800, 0x0000028f20738800,
0x0000028f20733800, 0x0000028f2073a000, 0x0000028f2073b000, 0x0000028f24e99800,
0x0000028f24ea0000, 0x0000028f24e9e000, 0x0000028f24e9b800, 0x0000028f24e9e800,
0x0000028f24e9f800, 0x0000028f24e9a800, 0x0000028f24e9d000, 0x0000028f24ea1000,
0x0000028f24ea2000, 0x0000028f24e9c000, 0x0000028f24ea5000, 0x0000028f24ea7000,
0x0000028f24ea3800, 0x0000028f24ea8800, 0x0000028f24ea4800, 0x0000028f24ea2800,
0x0000028f24ea6000, 0x0000028f24ea7800, 0x0000028f256fc000, 0x0000028f256fb000,
0x0000028f256fe000, 0x0000028f25702800, 0x0000028f256fc800, 0x0000028f256ff000,
0x0000028f256fd800, 0x0000028f25700800, 0x0000028f25703000, 0x0000028f25701800,
0x0000028f25705800, 0x0000028f25704000, 0x0000028f25704800, 0x0000028f25700000,
0x0000028f25707000, 0x0000028f25706800, 0x0000028f25708000, 0x0000028f25709000,
0x0000028f25709800, 0x0000028f24eaa800, 0x0000028f24eab800, 0x0000028f24ea9800,
0x0000028f24eae000, 0x0000028f24eb2000, 0x0000028f24eae800, 0x0000028f24eaf800,
0x0000028f24eb0000, 0x0000028f24eb1000, 0x0000028f24eac000, 0x0000028f24eb2800,
0x0000028f24ead000, 0x0000028f24eb6000, 0x0000028f24eb7000, 0x0000028f24eb4800,
0x0000028f24eb5000, 0x0000028f24eb3800, 0x0000028f24eb8800, 0x0000028f24eb7800,
0x0000028f2368b000, 0x0000028f23688800, 0x0000028f23689800, 0x0000028f2368a800,
0x0000028f23688000, 0x0000028f23686800, 0x0000028f23687000, 0x0000028f23685800,
0x0000028f2368d800, 0x0000028f2368d000, 0x0000028f2368e800, 0x0000028f2368c000,
0x0000028f23694000, 0x0000028f23690000, 0x0000028f2368f000, 0x0000028f23691000,
0x0000028f23691800, 0x0000028f23692800, 0x0000028f23693800, 0x0000028f235f4800,
0x0000028f235f4000, 0x0000028f235f0800, 0x0000028f235f1800, 0x0000028f235f5800,
0x0000028f235f8000, 0x0000028f235f2000, 0x0000028f235f9000, 0x0000028f235f3000,
0x0000028f235fb000, 0x0000028f235fa800, 0x0000028f235fc000, 0x0000028f235f6800,
0x0000028f235f7000, 0x0000028f235fd000, 0x0000028f235f9800, 0x0000028f235fe800,
0x0000028f235fd800, 0x0000028f235ff800, 0x0000028f24bba000, 0x0000028f24bbe000,
0x0000028f24bbb800, 0x0000028f24bb9800, 0x0000028f24bc0000, 0x0000028f24bbb000,
0x0000028f24bc2800, 0x0000028f24bbf000, 0x0000028f24bc0800, 0x0000028f24bc1800,
0x0000028f24bbc800, 0x0000028f24bc3000, 0x0000028f24bbd800, 0x0000028f24bc5800,
0x0000028f24bc8000, 0x0000028f24bc4000, 0x0000028f24bc4800, 0x0000028f24bc6800
}

Java Threads: ( => current thread )
  0x0000028f0455a800 JavaThread "main" [_thread_blocked, id=22084, stack(0x000000e973100000,0x000000e973200000)]
  0x0000028f1f042000 JavaThread "Reference Handler" daemon [_thread_blocked, id=18012, stack(0x000000e973800000,0x000000e973900000)]
  0x0000028f1f043800 JavaThread "Finalizer" daemon [_thread_blocked, id=20636, stack(0x000000e973900000,0x000000e973a00000)]
  0x0000028f1f9d2800 JavaThread "Signal Dispatcher" daemon [_thread_blocked, id=33784, stack(0x000000e973a00000,0x000000e973b00000)]
  0x0000028f1f9d3000 JavaThread "Attach Listener" daemon [_thread_blocked, id=14476, stack(0x000000e973b00000,0x000000e973c00000)]
  0x0000028f1f05a000 JavaThread "C2 CompilerThread0" daemon [_thread_blocked, id=22740, stack(0x000000e973c00000,0x000000e973d00000)]
  0x0000028f1f067000 JavaThread "C1 CompilerThread0" daemon [_thread_blocked, id=5844, stack(0x000000e973d00000,0x000000e973e00000)]
  0x0000028f1f069800 JavaThread "Sweeper thread" daemon [_thread_blocked, id=30780, stack(0x000000e973e00000,0x000000e973f00000)]
  0x0000028f1fb54000 JavaThread "Common-Cleaner" daemon [_thread_blocked, id=33204, stack(0x000000e973f00000,0x000000e974000000)]
  0x0000028f1fb60800 JavaThread "Service Thread" daemon [_thread_blocked, id=4280, stack(0x000000e974000000,0x000000e974100000)]
  0x0000028f2257f800 JavaThread "Daemon health stats" [_thread_blocked, id=33152, stack(0x000000e974600000,0x000000e974700000)]
  0x0000028f1fc69800 JavaThread "Incoming local TCP Connector on port 50338" [_thread_in_native, id=21668, stack(0x000000e974700000,0x000000e974800000)]
  0x0000028f2102a000 JavaThread "Daemon periodic checks" [_thread_blocked, id=17128, stack(0x000000e974800000,0x000000e974900000)]
  0x0000028f21faf800 JavaThread "Daemon" [_thread_blocked, id=31864, stack(0x000000e974900000,0x000000e974a00000)]
  0x0000028f220ea800 JavaThread "Handler for socket connection from /127.0.0.1:50338 to /127.0.0.1:50339" [_thread_in_native, id=32260, stack(0x000000e974a00000,0x000000e974b00000)]
  0x0000028f20b5a800 JavaThread "Cancel handler" [_thread_blocked, id=33700, stack(0x000000e974b00000,0x000000e974c00000)]
  0x0000028f20b5b800 JavaThread "Daemon worker" [_thread_blocked, id=23908, stack(0x000000e974c00000,0x000000e974d00000)]
  0x0000028f2131c000 JavaThread "Asynchronous log dispatcher for DefaultDaemonConnection: socket connection from /127.0.0.1:50338 to /127.0.0.1:50339" [_thread_blocked, id=21216, stack(0x000000e974d00000,0x000000e974e00000)]
  0x0000028f21b46000 JavaThread "Stdin handler" [_thread_blocked, id=8776, stack(0x000000e974e00000,0x000000e974f00000)]
  0x0000028f2218e800 JavaThread "Thread-8" [_thread_blocked, id=24072, stack(0x000000e974f00000,0x000000e975000000)]
  0x0000028f22d78000 JavaThread "Cache worker for file hash cache (C:\Users\Dark Knight\.gradle\caches\6.7.1\fileHashes)" [_thread_blocked, id=10336, stack(0x000000e975500000,0x000000e975600000)]
  0x0000028f22d7c000 JavaThread "File lock request listener" [_thread_in_native, id=31188, stack(0x000000e975600000,0x000000e975700000)]
  0x0000028f22d77000 JavaThread "Cache worker for journal cache (C:\Users\Dark Knight\.gradle\caches\journal-1)" [_thread_blocked, id=30336, stack(0x000000e975800000,0x000000e975900000)]
  0x0000028f2325d800 JavaThread "C2 CompilerThread1" daemon [_thread_in_native, id=21184, stack(0x000000e975900000,0x000000e975a00000)]
  0x0000028f23253800 JavaThread "C2 CompilerThread2" daemon [_thread_blocked, id=25248, stack(0x000000e975a00000,0x000000e975b00000)]
  0x0000028f22d7d000 JavaThread "Cache worker for file hash cache (C:\Android Projects\Udemy TUTORIAL\Quiz App\.gradle\6.7.1\fileHashes)" [_thread_blocked, id=28308, stack(0x000000e975b00000,0x000000e975c00000)]
  0x0000028f22d78800 JavaThread "Cache worker for checksums cache (C:\Android Projects\Udemy TUTORIAL\Quiz App\.gradle\checksums)" [_thread_blocked, id=3800, stack(0x000000e975c00000,0x000000e975d00000)]
  0x0000028f22d7b000 JavaThread "Cache worker for cache directory md-supplier (C:\Users\Dark Knight\.gradle\caches\6.7.1\md-supplier)" [_thread_blocked, id=28944, stack(0x000000e975d00000,0x000000e975e00000)]
  0x0000028f22d7d800 JavaThread "Cache worker for cache directory md-rule (C:\Users\Dark Knight\.gradle\caches\6.7.1\md-rule)" [_thread_blocked, id=32908, stack(0x000000e975e00000,0x000000e975f00000)]
  0x0000028f22d7a800 JavaThread "Cache worker for execution history cache (C:\Users\Dark Knight\.gradle\caches\6.7.1\executionHistory)" [_thread_blocked, id=29804, stack(0x000000e975f00000,0x000000e976000000)]
  0x0000028f22d79800 JavaThread "jar transforms" [_thread_blocked, id=29660, stack(0x000000e976000000,0x000000e976100000)]
  0x0000028f2072e800 JavaThread "Cache worker for file content cache (C:\Users\Dark Knight\.gradle\caches\6.7.1\fileContent)" [_thread_blocked, id=4340, stack(0x000000e976100000,0x000000e976200000)]
  0x0000028f20731000 JavaThread "Cache worker for Build Output Cleanup Cache (C:\Android Projects\Udemy TUTORIAL\Quiz App\.gradle\buildOutputCleanup)" [_thread_blocked, id=28920, stack(0x000000e976200000,0x000000e976300000)]
  0x0000028f2072e000 JavaThread "Build operations" [_thread_blocked, id=20400, stack(0x000000e976300000,0x000000e976400000)]
  0x0000028f20732000 JavaThread "Build operations Thread 2" [_thread_blocked, id=30364, stack(0x000000e976400000,0x000000e976500000)]
  0x0000028f20733000 JavaThread "Build operations Thread 3" [_thread_blocked, id=31120, stack(0x000000e976500000,0x000000e976600000)]
  0x0000028f2072d000 JavaThread "Build operations Thread 4" [_thread_blocked, id=4200, stack(0x000000e976600000,0x000000e976700000)]
  0x0000028f20734800 JavaThread "Build operations Thread 5" [_thread_blocked, id=27848, stack(0x000000e976700000,0x000000e976800000)]
  0x0000028f20735800 JavaThread "Build operations Thread 6" [_thread_blocked, id=2496, stack(0x000000e976800000,0x000000e976900000)]
  0x0000028f20736000 JavaThread "Build operations Thread 7" [_thread_blocked, id=32428, stack(0x000000e976900000,0x000000e976a00000)]
  0x0000028f20737000 JavaThread "Build operations Thread 8" [_thread_blocked, id=32492, stack(0x000000e976a00000,0x000000e976b00000)]
  0x0000028f20739800 JavaThread "jar transforms Thread 2" [_thread_blocked, id=20144, stack(0x000000e976b00000,0x000000e976c00000)]
  0x0000028f20737800 JavaThread "jar transforms Thread 3" [_thread_blocked, id=13332, stack(0x000000e976c00000,0x000000e976d00000)]
  0x0000028f20738800 JavaThread "jar transforms Thread 4" [_thread_blocked, id=23504, stack(0x000000e976d00000,0x000000e976e00000)]
  0x0000028f20733800 JavaThread "jar transforms Thread 5" [_thread_blocked, id=15460, stack(0x000000e976e00000,0x000000e976f00000)]
  0x0000028f2073a000 JavaThread "jar transforms Thread 6" [_thread_blocked, id=2816, stack(0x000000e976f00000,0x000000e977000000)]
  0x0000028f2073b000 JavaThread "jar transforms Thread 7" [_thread_blocked, id=33292, stack(0x000000e977000000,0x000000e977100000)]
  0x0000028f24e99800 JavaThread "jar transforms Thread 8" [_thread_blocked, id=24644, stack(0x000000e977100000,0x000000e977200000)]
  0x0000028f24ea0000 JavaThread "jar transforms Thread 9" [_thread_blocked, id=22872, stack(0x000000e977200000,0x000000e977300000)]
  0x0000028f24e9e000 JavaThread "jar transforms Thread 10" [_thread_blocked, id=26500, stack(0x000000e977300000,0x000000e977400000)]
  0x0000028f24e9b800 JavaThread "jar transforms Thread 11" [_thread_blocked, id=23600, stack(0x000000e977400000,0x000000e977500000)]
  0x0000028f24e9e800 JavaThread "jar transforms Thread 12" [_thread_blocked, id=27708, stack(0x000000e977500000,0x000000e977600000)]
  0x0000028f24e9f800 JavaThread "jar transforms Thread 13" [_thread_blocked, id=13548, stack(0x000000e977600000,0x000000e977700000)]
  0x0000028f24e9a800 JavaThread "jar transforms Thread 14" [_thread_blocked, id=31000, stack(0x000000e977700000,0x000000e977800000)]
  0x0000028f24e9d000 JavaThread "jar transforms Thread 15" [_thread_blocked, id=30400, stack(0x000000e977800000,0x000000e977900000)]
  0x0000028f24ea1000 JavaThread "jar transforms Thread 16" [_thread_blocked, id=13576, stack(0x000000e977900000,0x000000e977a00000)]
  0x0000028f24ea2000 JavaThread "jar transforms Thread 17" [_thread_blocked, id=31904, stack(0x000000e977a00000,0x000000e977b00000)]
  0x0000028f24e9c000 JavaThread "jar transforms Thread 18" [_thread_blocked, id=16456, stack(0x000000e977b00000,0x000000e977c00000)]
  0x0000028f24ea5000 JavaThread "jar transforms Thread 19" [_thread_blocked, id=11516, stack(0x000000e977c00000,0x000000e977d00000)]
  0x0000028f24ea7000 JavaThread "jar transforms Thread 20" [_thread_blocked, id=24504, stack(0x000000e977d00000,0x000000e977e00000)]
  0x0000028f24ea3800 JavaThread "jar transforms Thread 21" [_thread_blocked, id=10120, stack(0x000000e977e00000,0x000000e977f00000)]
  0x0000028f24ea8800 JavaThread "jar transforms Thread 22" [_thread_blocked, id=30908, stack(0x000000e977f00000,0x000000e978000000)]
  0x0000028f24ea4800 JavaThread "jar transforms Thread 23" [_thread_blocked, id=8536, stack(0x000000e978000000,0x000000e978100000)]
  0x0000028f24ea2800 JavaThread "jar transforms Thread 24" [_thread_blocked, id=31736, stack(0x000000e978100000,0x000000e978200000)]
  0x0000028f24ea6000 JavaThread "jar transforms Thread 25" [_thread_blocked, id=29276, stack(0x000000e978200000,0x000000e978300000)]
  0x0000028f24ea7800 JavaThread "jar transforms Thread 26" [_thread_blocked, id=4900, stack(0x000000e978300000,0x000000e978400000)]
  0x0000028f256fc000 JavaThread "jar transforms Thread 27" [_thread_blocked, id=28212, stack(0x000000e978400000,0x000000e978500000)]
  0x0000028f256fb000 JavaThread "jar transforms Thread 28" [_thread_blocked, id=32304, stack(0x000000e978500000,0x000000e978600000)]
  0x0000028f256fe000 JavaThread "jar transforms Thread 29" [_thread_blocked, id=14104, stack(0x000000e978600000,0x000000e978700000)]
  0x0000028f25702800 JavaThread "jar transforms Thread 30" [_thread_blocked, id=30148, stack(0x000000e978700000,0x000000e978800000)]
  0x0000028f256fc800 JavaThread "jar transforms Thread 31" [_thread_blocked, id=6552, stack(0x000000e978800000,0x000000e978900000)]
  0x0000028f256ff000 JavaThread "jar transforms Thread 32" [_thread_blocked, id=25820, stack(0x000000e978900000,0x000000e978a00000)]
  0x0000028f256fd800 JavaThread "jar transforms Thread 33" [_thread_blocked, id=9924, stack(0x000000e978a00000,0x000000e978b00000)]
  0x0000028f25700800 JavaThread "jar transforms Thread 34" [_thread_blocked, id=32896, stack(0x000000e978b00000,0x000000e978c00000)]
  0x0000028f25703000 JavaThread "jar transforms Thread 35" [_thread_blocked, id=30592, stack(0x000000e978c00000,0x000000e978d00000)]
  0x0000028f25701800 JavaThread "jar transforms Thread 36" [_thread_blocked, id=27624, stack(0x000000e978d00000,0x000000e978e00000)]
  0x0000028f25705800 JavaThread "jar transforms Thread 37" [_thread_blocked, id=3540, stack(0x000000e978e00000,0x000000e978f00000)]
  0x0000028f25704000 JavaThread "jar transforms Thread 38" [_thread_blocked, id=17140, stack(0x000000e978f00000,0x000000e979000000)]
  0x0000028f25704800 JavaThread "jar transforms Thread 39" [_thread_blocked, id=3868, stack(0x000000e979000000,0x000000e979100000)]
  0x0000028f25700000 JavaThread "jar transforms Thread 40" [_thread_blocked, id=1760, stack(0x000000e979100000,0x000000e979200000)]
  0x0000028f25707000 JavaThread "jar transforms Thread 41" [_thread_blocked, id=5884, stack(0x000000e979200000,0x000000e979300000)]
  0x0000028f25706800 JavaThread "jar transforms Thread 42" [_thread_blocked, id=6068, stack(0x000000e979300000,0x000000e979400000)]
  0x0000028f25708000 JavaThread "jar transforms Thread 43" [_thread_blocked, id=18048, stack(0x000000e979400000,0x000000e979500000)]
  0x0000028f25709000 JavaThread "jar transforms Thread 44" [_thread_blocked, id=25116, stack(0x000000e979500000,0x000000e979600000)]
  0x0000028f25709800 JavaThread "jar transforms Thread 45" [_thread_blocked, id=29332, stack(0x000000e979600000,0x000000e979700000)]
  0x0000028f24eaa800 JavaThread "jar transforms Thread 46" [_thread_blocked, id=25676, stack(0x000000e979700000,0x000000e979800000)]
  0x0000028f24eab800 JavaThread "jar transforms Thread 47" [_thread_blocked, id=31124, stack(0x000000e979800000,0x000000e979900000)]
  0x0000028f24ea9800 JavaThread "jar transforms Thread 48" [_thread_blocked, id=27064, stack(0x000000e979900000,0x000000e979a00000)]
  0x0000028f24eae000 JavaThread "jar transforms Thread 49" [_thread_blocked, id=148, stack(0x000000e979a00000,0x000000e979b00000)]
  0x0000028f24eb2000 JavaThread "jar transforms Thread 50" [_thread_blocked, id=20244, stack(0x000000e979b00000,0x000000e979c00000)]
  0x0000028f24eae800 JavaThread "jar transforms Thread 51" [_thread_blocked, id=29596, stack(0x000000e979c00000,0x000000e979d00000)]
  0x0000028f24eaf800 JavaThread "jar transforms Thread 52" [_thread_blocked, id=15684, stack(0x000000e979d00000,0x000000e979e00000)]
  0x0000028f24eb0000 JavaThread "jar transforms Thread 53" [_thread_blocked, id=5264, stack(0x000000e979e00000,0x000000e979f00000)]
  0x0000028f24eb1000 JavaThread "jar transforms Thread 54" [_thread_blocked, id=13456, stack(0x000000e979f00000,0x000000e97a000000)]
  0x0000028f24eac000 JavaThread "jar transforms Thread 55" [_thread_blocked, id=12916, stack(0x000000e97a000000,0x000000e97a100000)]
  0x0000028f24eb2800 JavaThread "jar transforms Thread 56" [_thread_blocked, id=872, stack(0x000000e97a100000,0x000000e97a200000)]
  0x0000028f24ead000 JavaThread "jar transforms Thread 57" [_thread_blocked, id=20928, stack(0x000000e97a200000,0x000000e97a300000)]
  0x0000028f24eb6000 JavaThread "jar transforms Thread 58" [_thread_blocked, id=31100, stack(0x000000e97a300000,0x000000e97a400000)]
  0x0000028f24eb7000 JavaThread "jar transforms Thread 59" [_thread_blocked, id=26524, stack(0x000000e97a400000,0x000000e97a500000)]
  0x0000028f24eb4800 JavaThread "jar transforms Thread 60" [_thread_blocked, id=30068, stack(0x000000e97a500000,0x000000e97a600000)]
  0x0000028f24eb5000 JavaThread "jar transforms Thread 61" [_thread_blocked, id=18932, stack(0x000000e97a600000,0x000000e97a700000)]
  0x0000028f24eb3800 JavaThread "jar transforms Thread 62" [_thread_blocked, id=8972, stack(0x000000e97a700000,0x000000e97a800000)]
  0x0000028f24eb8800 JavaThread "jar transforms Thread 63" [_thread_blocked, id=5140, stack(0x000000e97a800000,0x000000e97a900000)]
  0x0000028f24eb7800 JavaThread "jar transforms Thread 64" [_thread_blocked, id=13964, stack(0x000000e97a900000,0x000000e97aa00000)]
  0x0000028f2368b000 JavaThread "jar transforms Thread 65" [_thread_blocked, id=22608, stack(0x000000e97aa00000,0x000000e97ab00000)]
  0x0000028f23688800 JavaThread "jar transforms Thread 66" [_thread_blocked, id=1732, stack(0x000000e97ab00000,0x000000e97ac00000)]
  0x0000028f23689800 JavaThread "jar transforms Thread 67" [_thread_blocked, id=21136, stack(0x000000e97ac00000,0x000000e97ad00000)]
  0x0000028f2368a800 JavaThread "jar transforms Thread 68" [_thread_blocked, id=10556, stack(0x000000e97ad00000,0x000000e97ae00000)]
  0x0000028f23688000 JavaThread "jar transforms Thread 69" [_thread_blocked, id=32328, stack(0x000000e97ae00000,0x000000e97af00000)]
  0x0000028f23686800 JavaThread "jar transforms Thread 70" [_thread_blocked, id=16744, stack(0x000000e97af00000,0x000000e97b000000)]
  0x0000028f23687000 JavaThread "jar transforms Thread 71" [_thread_blocked, id=14088, stack(0x000000e97b000000,0x000000e97b100000)]
  0x0000028f23685800 JavaThread "jar transforms Thread 72" [_thread_blocked, id=29544, stack(0x000000e97b100000,0x000000e97b200000)]
  0x0000028f2368d800 JavaThread "jar transforms Thread 73" [_thread_blocked, id=24924, stack(0x000000e97b200000,0x000000e97b300000)]
  0x0000028f2368d000 JavaThread "jar transforms Thread 74" [_thread_blocked, id=23432, stack(0x000000e97b300000,0x000000e97b400000)]
  0x0000028f2368e800 JavaThread "jar transforms Thread 75" [_thread_blocked, id=2504, stack(0x000000e97b400000,0x000000e97b500000)]
  0x0000028f2368c000 JavaThread "jar transforms Thread 76" [_thread_blocked, id=20108, stack(0x000000e97b500000,0x000000e97b600000)]
  0x0000028f23694000 JavaThread "jar transforms Thread 77" [_thread_blocked, id=30812, stack(0x000000e97b600000,0x000000e97b700000)]
  0x0000028f23690000 JavaThread "jar transforms Thread 78" [_thread_blocked, id=32192, stack(0x000000e97b700000,0x000000e97b800000)]
  0x0000028f2368f000 JavaThread "jar transforms Thread 79" [_thread_blocked, id=31444, stack(0x000000e97b800000,0x000000e97b900000)]
  0x0000028f23691000 JavaThread "jar transforms Thread 80" [_thread_blocked, id=31420, stack(0x000000e97b900000,0x000000e97ba00000)]
  0x0000028f23691800 JavaThread "jar transforms Thread 81" [_thread_blocked, id=3976, stack(0x000000e97ba00000,0x000000e97bb00000)]
  0x0000028f23692800 JavaThread "jar transforms Thread 82" [_thread_blocked, id=2268, stack(0x000000e97bb00000,0x000000e97bc00000)]
  0x0000028f23693800 JavaThread "jar transforms Thread 83" [_thread_blocked, id=14576, stack(0x000000e97bc00000,0x000000e97bd00000)]
  0x0000028f235f4800 JavaThread "jar transforms Thread 84" [_thread_blocked, id=28832, stack(0x000000e97bd00000,0x000000e97be00000)]
  0x0000028f235f4000 JavaThread "jar transforms Thread 85" [_thread_blocked, id=8892, stack(0x000000e97be00000,0x000000e97bf00000)]
  0x0000028f235f0800 JavaThread "jar transforms Thread 86" [_thread_blocked, id=2188, stack(0x000000e97bf00000,0x000000e97c000000)]
  0x0000028f235f1800 JavaThread "jar transforms Thread 87" [_thread_blocked, id=26172, stack(0x000000e97c000000,0x000000e97c100000)]
  0x0000028f235f5800 JavaThread "jar transforms Thread 88" [_thread_blocked, id=6620, stack(0x000000e97c100000,0x000000e97c200000)]
  0x0000028f235f8000 JavaThread "jar transforms Thread 89" [_thread_blocked, id=1480, stack(0x000000e97c200000,0x000000e97c300000)]
  0x0000028f235f2000 JavaThread "jar transforms Thread 90" [_thread_blocked, id=21996, stack(0x000000e97c300000,0x000000e97c400000)]
  0x0000028f235f9000 JavaThread "jar transforms Thread 91" [_thread_blocked, id=31768, stack(0x000000e97c400000,0x000000e97c500000)]
  0x0000028f235f3000 JavaThread "jar transforms Thread 92" [_thread_blocked, id=25040, stack(0x000000e97c500000,0x000000e97c600000)]
  0x0000028f235fb000 JavaThread "jar transforms Thread 93" [_thread_blocked, id=1060, stack(0x000000e97c600000,0x000000e97c700000)]
  0x0000028f235fa800 JavaThread "jar transforms Thread 94" [_thread_blocked, id=27672, stack(0x000000e97c700000,0x000000e97c800000)]
  0x0000028f235fc000 JavaThread "jar transforms Thread 95" [_thread_blocked, id=9372, stack(0x000000e97c800000,0x000000e97c900000)]
  0x0000028f235f6800 JavaThread "jar transforms Thread 96" [_thread_blocked, id=23980, stack(0x000000e97c900000,0x000000e97ca00000)]
  0x0000028f235f7000 JavaThread "jar transforms Thread 97" [_thread_blocked, id=11268, stack(0x000000e97ca00000,0x000000e97cb00000)]
  0x0000028f235fd000 JavaThread "jar transforms Thread 98" [_thread_blocked, id=30740, stack(0x000000e97cb00000,0x000000e97cc00000)]
  0x0000028f235f9800 JavaThread "jar transforms Thread 99" [_thread_blocked, id=28844, stack(0x000000e97cc00000,0x000000e97cd00000)]
  0x0000028f235fe800 JavaThread "jar transforms Thread 100" [_thread_blocked, id=19256, stack(0x000000e97cd00000,0x000000e97ce00000)]
  0x0000028f235fd800 JavaThread "jar transforms Thread 101" [_thread_blocked, id=23288, stack(0x000000e97ce00000,0x000000e97cf00000)]
  0x0000028f235ff800 JavaThread "jar transforms Thread 102" [_thread_blocked, id=20564, stack(0x000000e97cf00000,0x000000e97d000000)]
  0x0000028f24bba000 JavaThread "jar transforms Thread 103" [_thread_blocked, id=28380, stack(0x000000e97d000000,0x000000e97d100000)]
  0x0000028f24bbe000 JavaThread "jar transforms Thread 104" [_thread_blocked, id=7156, stack(0x000000e97d100000,0x000000e97d200000)]
  0x0000028f24bbb800 JavaThread "jar transforms Thread 105" [_thread_blocked, id=16924, stack(0x000000e97d200000,0x000000e97d300000)]
  0x0000028f24bb9800 JavaThread "jar transforms Thread 106" [_thread_blocked, id=18904, stack(0x000000e97d300000,0x000000e97d400000)]
  0x0000028f24bc0000 JavaThread "jar transforms Thread 107" [_thread_blocked, id=20732, stack(0x000000e97d400000,0x000000e97d500000)]
  0x0000028f24bbb000 JavaThread "jar transforms Thread 108" [_thread_blocked, id=32924, stack(0x000000e97d500000,0x000000e97d600000)]
  0x0000028f24bc2800 JavaThread "jar transforms Thread 109" [_thread_blocked, id=33652, stack(0x000000e97d600000,0x000000e97d700000)]
  0x0000028f24bbf000 JavaThread "jar transforms Thread 110" [_thread_blocked, id=20088, stack(0x000000e97d700000,0x000000e97d800000)]
  0x0000028f24bc0800 JavaThread "jar transforms Thread 111" [_thread_blocked, id=29052, stack(0x000000e97d800000,0x000000e97d900000)]
  0x0000028f24bc1800 JavaThread "jar transforms Thread 112" [_thread_blocked, id=30056, stack(0x000000e97d900000,0x000000e97da00000)]
  0x0000028f24bbc800 JavaThread "jar transforms Thread 113" [_thread_blocked, id=21516, stack(0x000000e97da00000,0x000000e97db00000)]
  0x0000028f24bc3000 JavaThread "jar transforms Thread 114" [_thread_blocked, id=15232, stack(0x000000e97db00000,0x000000e97dc00000)]
  0x0000028f24bbd800 JavaThread "jar transforms Thread 115" [_thread_blocked, id=8284, stack(0x000000e97dc00000,0x000000e97dd00000)]
  0x0000028f24bc5800 JavaThread "jar transforms Thread 116" [_thread_blocked, id=7160, stack(0x000000e97dd00000,0x000000e97de00000)]
  0x0000028f24bc8000 JavaThread "jar transforms Thread 117" [_thread_blocked, id=772, stack(0x000000e97de00000,0x000000e97df00000)]
  0x0000028f24bc4000 JavaThread "jar transforms Thread 118" [_thread_blocked, id=27472, stack(0x000000e97df00000,0x000000e97e000000)]
  0x0000028f24bc4800 JavaThread "jar transforms Thread 119" [_thread_blocked, id=22860, stack(0x000000e97e000000,0x000000e97e100000)]
  0x0000028f24bc6800 JavaThread "Memory manager" [_thread_blocked, id=21660, stack(0x000000e97e100000,0x000000e97e200000)]

Other Threads:
=>0x0000028f1f03b800 VMThread "VM Thread" [stack: 0x000000e973700000,0x000000e973800000] [id=29140]
  0x0000028f1fb61000 WatcherThread [stack: 0x000000e974100000,0x000000e974200000] [id=30924]
  0x0000028f04572000 GCTaskThread "GC Thread#0" [stack: 0x000000e973200000,0x000000e973300000] [id=20092]
  0x0000028f1fe9e000 GCTaskThread "GC Thread#1" [stack: 0x000000e974300000,0x000000e974400000] [id=22020]
  0x0000028f1fe9e800 GCTaskThread "GC Thread#2" [stack: 0x000000e974400000,0x000000e974500000] [id=27556]
  0x0000028f2114b000 GCTaskThread "GC Thread#3" [stack: 0x000000e975000000,0x000000e975100000] [id=28404]
  0x0000028f21c60800 GCTaskThread "GC Thread#4" [stack: 0x000000e975100000,0x000000e975200000] [id=30672]
  0x0000028f225f1800 GCTaskThread "GC Thread#5" [stack: 0x000000e975200000,0x000000e975300000] [id=30012]
  0x0000028f20e89000 GCTaskThread "GC Thread#6" [stack: 0x000000e975300000,0x000000e975400000] [id=24112]
  0x0000028f21aae800 GCTaskThread "GC Thread#7" [stack: 0x000000e975400000,0x000000e975500000] [id=20800]
  0x0000028f045a4800 ConcurrentGCThread "G1 Main Marker" [stack: 0x000000e973300000,0x000000e973400000] [id=32240]
  0x0000028f045a5800 ConcurrentGCThread "G1 Conc#0" [stack: 0x000000e973400000,0x000000e973500000] [id=4240]
  0x0000028f21b97000 ConcurrentGCThread "G1 Conc#1" [stack: 0x000000e975700000,0x000000e975800000] [id=14796]
  0x0000028f1ee90800 ConcurrentGCThread "G1 Refine#0" [stack: 0x000000e973500000,0x000000e973600000] [id=22344]
  0x0000028f1ee91000 ConcurrentGCThread "G1 Young RemSet Sampling" [stack: 0x000000e973600000,0x000000e973700000] [id=14460]

Threads with active compile tasks:
C2 CompilerThread0   8739 5363       4       java.lang.Class::privateGetDeclaredMethods (64 bytes)
C1 CompilerThread0   8739 5364       3       jdk.internal.module.IllegalAccessLogger::isExportedForIllegalAccess (32 bytes)
C2 CompilerThread1   8739 5160   !   4       java.util.jar.Attributes::read (388 bytes)
C2 CompilerThread2   8739 5325   !   4       java.util.concurrent.ConcurrentHashMap::replaceNode (437 bytes)

VM state:at safepoint (normal execution)

VM Mutex/Monitor currently owned by a thread:  ([mutex/lock_event])
[0x0000028f04557240] Threads_lock - owner thread: 0x0000028f1f03b800
[0x0000028f04557cf0] Heap_lock - owner thread: 0x0000028f1f067000
[0x0000028f04556430] MethodData_lock - owner thread: 0x0000028f1f067000

Heap address: 0x0000000080000000, size: 2048 MB, Compressed Oops mode: 32-bit
Narrow klass base: 0x0000000000000000, Narrow klass shift: 3
Compressed class space size: 1073741824 Address: 0x0000000100000000

Heap:
 garbage-first heap   total 157696K, used 49374K [0x0000000080000000, 0x0000000100000000)
  region size 1024K, 6 young (6144K), 6 survivors (6144K)
 Metaspace       used 58535K, capacity 60016K, committed 60160K, reserved 1101824K
  class space    used 7445K, capacity 7976K, committed 8064K, reserved 1048576K
Heap Regions: E=young(eden), S=young(survivor), O=old, HS=humongous(starts), HC=humongous(continues), CS=collection set, F=free, A=archive, TAMS=top-at-mark-start (previous, next)
|   0|0x0000000080000000, 0x0000000080100000, 0x0000000080100000|100%| O|  |TAMS 0x0000000080100000, 0x0000000080100000| Untracked 
|   1|0x0000000080100000, 0x0000000080200000, 0x0000000080200000|100%| O|  |TAMS 0x0000000080200000, 0x0000000080200000| Untracked 
|   2|0x0000000080200000, 0x0000000080300000, 0x0000000080300000|100%| O|  |TAMS 0x0000000080300000, 0x0000000080300000| Untracked 
|   3|0x0000000080300000, 0x0000000080400000, 0x0000000080400000|100%|HS|  |TAMS 0x0000000080400000, 0x0000000080400000| Complete 
|   4|0x0000000080400000, 0x0000000080500000, 0x0000000080500000|100%|HC|  |TAMS 0x0000000080500000, 0x0000000080500000| Complete 
|   5|0x0000000080500000, 0x0000000080600000, 0x0000000080600000|100%|HC|  |TAMS 0x0000000080600000, 0x0000000080600000| Complete 
|   6|0x0000000080600000, 0x0000000080700000, 0x0000000080700000|100%| O|  |TAMS 0x0000000080700000, 0x0000000080700000| Untracked 
|   7|0x0000000080700000, 0x0000000080800000, 0x0000000080800000|100%| O|  |TAMS 0x0000000080800000, 0x0000000080800000| Untracked 
|   8|0x0000000080800000, 0x0000000080900000, 0x0000000080900000|100%| O|  |TAMS 0x0000000080900000, 0x0000000080900000| Untracked 
|   9|0x0000000080900000, 0x0000000080a00000, 0x0000000080a00000|100%| O|  |TAMS 0x0000000080a00000, 0x0000000080a00000| Untracked 
|  10|0x0000000080a00000, 0x0000000080b00000, 0x0000000080b00000|100%| O|  |TAMS 0x0000000080b00000, 0x0000000080b00000| Untracked 
|  11|0x0000000080b00000, 0x0000000080c00000, 0x0000000080c00000|100%| O|  |TAMS 0x0000000080c00000, 0x0000000080c00000| Untracked 
|  12|0x0000000080c00000, 0x0000000080d00000, 0x0000000080d00000|100%| O|  |TAMS 0x0000000080d00000, 0x0000000080d00000| Untracked 
|  13|0x0000000080d00000, 0x0000000080e00000, 0x0000000080e00000|100%| O|  |TAMS 0x0000000080e00000, 0x0000000080e00000| Untracked 
|  14|0x0000000080e00000, 0x0000000080f00000, 0x0000000080f00000|100%| O|  |TAMS 0x0000000080f00000, 0x0000000080f00000| Untracked 
|  15|0x0000000080f00000, 0x0000000081000000, 0x0000000081000000|100%| O|  |TAMS 0x0000000080f02400, 0x0000000081000000| Untracked 
|  16|0x0000000081000000, 0x0000000081100000, 0x0000000081100000|100%| O|  |TAMS 0x0000000081000000, 0x0000000081100000| Untracked 
|  17|0x0000000081100000, 0x0000000081200000, 0x0000000081200000|100%| O|  |TAMS 0x0000000081100000, 0x0000000081200000| Untracked 
|  18|0x0000000081200000, 0x0000000081300000, 0x0000000081300000|100%| O|  |TAMS 0x0000000081200000, 0x0000000081300000| Untracked 
|  19|0x0000000081300000, 0x0000000081400000, 0x0000000081400000|100%|HS|  |TAMS 0x0000000081300000, 0x0000000081400000| Complete 
|  20|0x0000000081400000, 0x0000000081500000, 0x0000000081500000|100%| O|  |TAMS 0x0000000081400000, 0x0000000081500000| Untracked 
|  21|0x0000000081500000, 0x0000000081600000, 0x0000000081600000|100%| O|  |TAMS 0x0000000081500000, 0x0000000081600000| Untracked 
|  22|0x0000000081600000, 0x0000000081700000, 0x0000000081700000|100%|HS|  |TAMS 0x0000000081600000, 0x0000000081700000| Complete 
|  23|0x0000000081700000, 0x0000000081800000, 0x0000000081800000|100%|HS|  |TAMS 0x0000000081700000, 0x0000000081800000| Complete 
|  24|0x0000000081800000, 0x0000000081900000, 0x0000000081900000|100%|HC|  |TAMS 0x0000000081800000, 0x0000000081900000| Complete 
|  25|0x0000000081900000, 0x0000000081a00000, 0x0000000081a00000|100%|HC|  |TAMS 0x0000000081900000, 0x0000000081a00000| Complete 
|  26|0x0000000081a00000, 0x0000000081b00000, 0x0000000081b00000|100%|HS|  |TAMS 0x0000000081a00000, 0x0000000081b00000| Complete 
|  27|0x0000000081b00000, 0x0000000081c00000, 0x0000000081c00000|100%|HC|  |TAMS 0x0000000081b00000, 0x0000000081c00000| Complete 
|  28|0x0000000081c00000, 0x0000000081d00000, 0x0000000081d00000|100%| O|  |TAMS 0x0000000081c00000, 0x0000000081d00000| Untracked 
|  29|0x0000000081d00000, 0x0000000081e00000, 0x0000000081e00000|100%| O|  |TAMS 0x0000000081d00000, 0x0000000081e00000| Untracked 
|  30|0x0000000081e00000, 0x0000000081f00000, 0x0000000081f00000|100%| O|  |TAMS 0x0000000081e00000, 0x0000000081f00000| Untracked 
|  31|0x0000000081f00000, 0x0000000082000000, 0x0000000082000000|100%| O|  |TAMS 0x0000000081f00000, 0x0000000082000000| Untracked 
|  32|0x0000000082000000, 0x0000000082100000, 0x0000000082100000|100%| O|  |TAMS 0x0000000082000000, 0x0000000082100000| Untracked 
|  33|0x0000000082100000, 0x0000000082200000, 0x0000000082200000|100%| O|  |TAMS 0x0000000082100000, 0x0000000082200000| Untracked 
|  34|0x0000000082200000, 0x0000000082300000, 0x0000000082300000|100%| O|  |TAMS 0x0000000082200000, 0x0000000082300000| Untracked 
|  35|0x0000000082300000, 0x0000000082400000, 0x0000000082400000|100%| O|  |TAMS 0x0000000082300000, 0x0000000082400000| Untracked 
|  36|0x0000000082400000, 0x0000000082500000, 0x0000000082500000|100%| O|  |TAMS 0x0000000082400000, 0x0000000082500000| Untracked 
|  37|0x0000000082500000, 0x0000000082600000, 0x0000000082600000|100%| O|  |TAMS 0x0000000082500000, 0x0000000082600000| Untracked 
|  38|0x0000000082600000, 0x0000000082700000, 0x0000000082700000|100%| O|  |TAMS 0x0000000082600000, 0x0000000082700000| Untracked 
|  39|0x0000000082700000, 0x0000000082800000, 0x0000000082800000|100%| O|  |TAMS 0x0000000082700000, 0x0000000082800000| Untracked 
|  40|0x0000000082800000, 0x0000000082900000, 0x0000000082900000|100%| O|  |TAMS 0x0000000082800000, 0x0000000082900000| Untracked 
|  41|0x0000000082900000, 0x0000000082a00000, 0x0000000082a00000|100%| O|  |TAMS 0x0000000082900000, 0x0000000082a00000| Untracked 
|  42|0x0000000082a00000, 0x0000000082b00000, 0x0000000082b00000|100%| O|  |TAMS 0x0000000082a00000, 0x0000000082b00000| Untracked 
|  43|0x0000000082b00000, 0x0000000082b1f200, 0x0000000082c00000| 12%| O|  |TAMS 0x0000000082b00000, 0x0000000082b1f200| Untracked 
|  44|0x0000000082c00000, 0x0000000082c00000, 0x0000000082d00000|  0%| F|  |TAMS 0x0000000082c00000, 0x0000000082c00000| Untracked 
|  45|0x0000000082d00000, 0x0000000082d00000, 0x0000000082e00000|  0%| F|  |TAMS 0x0000000082d00000, 0x0000000082d00000| Untracked 
|  46|0x0000000082e00000, 0x0000000082e00000, 0x0000000082f00000|  0%| F|  |TAMS 0x0000000082e00000, 0x0000000082e00000| Untracked 
|  47|0x0000000082f00000, 0x0000000082f00000, 0x0000000083000000|  0%| F|  |TAMS 0x0000000082f00000, 0x0000000082f00000| Untracked 
|  48|0x0000000083000000, 0x0000000083000000, 0x0000000083100000|  0%| F|  |TAMS 0x0000000083000000, 0x0000000083000000| Untracked 
|  49|0x0000000083100000, 0x0000000083100000, 0x0000000083200000|  0%| F|  |TAMS 0x0000000083100000, 0x0000000083100000| Untracked 
|  50|0x0000000083200000, 0x0000000083200000, 0x0000000083300000|  0%| F|  |TAMS 0x0000000083200000, 0x0000000083200000| Untracked 
|  51|0x0000000083300000, 0x0000000083300000, 0x0000000083400000|  0%| F|  |TAMS 0x0000000083300000, 0x0000000083300000| Untracked 
|  52|0x0000000083400000, 0x0000000083400000, 0x0000000083500000|  0%| F|  |TAMS 0x0000000083400000, 0x0000000083400000| Untracked 
|  53|0x0000000083500000, 0x0000000083500000, 0x0000000083600000|  0%| F|  |TAMS 0x0000000083500000, 0x0000000083500000| Untracked 
|  54|0x0000000083600000, 0x0000000083600000, 0x0000000083700000|  0%| F|  |TAMS 0x0000000083600000, 0x0000000083600000| Untracked 
|  55|0x0000000083700000, 0x0000000083700000, 0x0000000083800000|  0%| F|  |TAMS 0x0000000083700000, 0x0000000083700000| Untracked 
|  56|0x0000000083800000, 0x0000000083800000, 0x0000000083900000|  0%| F|  |TAMS 0x0000000083800000, 0x0000000083800000| Untracked 
|  57|0x0000000083900000, 0x0000000083900000, 0x0000000083a00000|  0%| F|  |TAMS 0x0000000083900000, 0x0000000083900000| Untracked 
|  58|0x0000000083a00000, 0x0000000083a00000, 0x0000000083b00000|  0%| F|  |TAMS 0x0000000083a00000, 0x0000000083a00000| Untracked 
|  59|0x0000000083b00000, 0x0000000083b00000, 0x0000000083c00000|  0%| F|  |TAMS 0x0000000083b00000, 0x0000000083b00000| Untracked 
|  60|0x0000000083c00000, 0x0000000083c00000, 0x0000000083d00000|  0%| F|  |TAMS 0x0000000083c00000, 0x0000000083c00000| Untracked 
|  61|0x0000000083d00000, 0x0000000083d00000, 0x0000000083e00000|  0%| F|  |TAMS 0x0000000083d00000, 0x0000000083d00000| Untracked 
|  62|0x0000000083e00000, 0x0000000083e00000, 0x0000000083f00000|  0%| F|  |TAMS 0x0000000083e00000, 0x0000000083e00000| Untracked 
|  63|0x0000000083f00000, 0x0000000083f00000, 0x0000000084000000|  0%| F|  |TAMS 0x0000000083f00000, 0x0000000083f00000| Untracked 
|  64|0x0000000084000000, 0x0000000084000000, 0x0000000084100000|  0%| F|  |TAMS 0x0000000084000000, 0x0000000084000000| Untracked 
|  65|0x0000000084100000, 0x0000000084100000, 0x0000000084200000|  0%| F|  |TAMS 0x0000000084100000, 0x0000000084100000| Untracked 
|  66|0x0000000084200000, 0x0000000084200000, 0x0000000084300000|  0%| F|  |TAMS 0x0000000084200000, 0x0000000084200000| Untracked 
|  67|0x0000000084300000, 0x0000000084300000, 0x0000000084400000|  0%| F|  |TAMS 0x0000000084300000, 0x0000000084300000| Untracked 
|  68|0x0000000084400000, 0x0000000084400000, 0x0000000084500000|  0%| F|  |TAMS 0x0000000084400000, 0x0000000084400000| Untracked 
|  69|0x0000000084500000, 0x0000000084500000, 0x0000000084600000|  0%| F|  |TAMS 0x0000000084500000, 0x0000000084500000| Untracked 
|  70|0x0000000084600000, 0x0000000084600000, 0x0000000084700000|  0%| F|  |TAMS 0x0000000084600000, 0x0000000084600000| Untracked 
|  71|0x0000000084700000, 0x0000000084700000, 0x0000000084800000|  0%| F|  |TAMS 0x0000000084700000, 0x0000000084700000| Untracked 
|  72|0x0000000084800000, 0x0000000084800000, 0x0000000084900000|  0%| F|  |TAMS 0x0000000084800000, 0x0000000084800000| Untracked 
|  73|0x0000000084900000, 0x0000000084900000, 0x0000000084a00000|  0%| F|  |TAMS 0x0000000084900000, 0x0000000084900000| Untracked 
|  74|0x0000000084a00000, 0x0000000084a00000, 0x0000000084b00000|  0%| F|  |TAMS 0x0000000084a00000, 0x0000000084a00000| Untracked 
|  75|0x0000000084b00000, 0x0000000084b00000, 0x0000000084c00000|  0%| F|  |TAMS 0x0000000084b00000, 0x0000000084b00000| Untracked 
|  76|0x0000000084c00000, 0x0000000084c00000, 0x0000000084d00000|  0%| F|  |TAMS 0x0000000084c00000, 0x0000000084c00000| Untracked 
|  77|0x0000000084d00000, 0x0000000084d00000, 0x0000000084e00000|  0%| F|  |TAMS 0x0000000084d00000, 0x0000000084d00000| Untracked 
|  78|0x0000000084e00000, 0x0000000084e00000, 0x0000000084f00000|  0%| F|  |TAMS 0x0000000084e00000, 0x0000000084e00000| Untracked 
|  79|0x0000000084f00000, 0x0000000084f00000, 0x0000000085000000|  0%| F|  |TAMS 0x0000000084f00000, 0x0000000084f00000| Untracked 
|  80|0x0000000085000000, 0x0000000085000000, 0x0000000085100000|  0%| F|  |TAMS 0x0000000085000000, 0x0000000085000000| Untracked 
|  81|0x0000000085100000, 0x0000000085100000, 0x0000000085200000|  0%| F|  |TAMS 0x0000000085100000, 0x0000000085100000| Untracked 
|  82|0x0000000085200000, 0x0000000085200000, 0x0000000085300000|  0%| F|  |TAMS 0x0000000085200000, 0x0000000085200000| Untracked 
|  83|0x0000000085300000, 0x0000000085300000, 0x0000000085400000|  0%| F|  |TAMS 0x0000000085300000, 0x0000000085300000| Untracked 
|  84|0x0000000085400000, 0x0000000085400000, 0x0000000085500000|  0%| F|  |TAMS 0x0000000085400000, 0x0000000085400000| Untracked 
|  85|0x0000000085500000, 0x0000000085500000, 0x0000000085600000|  0%| F|  |TAMS 0x0000000085500000, 0x0000000085500000| Untracked 
|  86|0x0000000085600000, 0x0000000085600000, 0x0000000085700000|  0%| F|  |TAMS 0x0000000085600000, 0x0000000085600000| Untracked 
|  87|0x0000000085700000, 0x0000000085700000, 0x0000000085800000|  0%| F|  |TAMS 0x0000000085700000, 0x0000000085700000| Untracked 
|  88|0x0000000085800000, 0x0000000085800000, 0x0000000085900000|  0%| F|  |TAMS 0x0000000085800000, 0x0000000085800000| Untracked 
|  89|0x0000000085900000, 0x0000000085900000, 0x0000000085a00000|  0%| F|  |TAMS 0x0000000085900000, 0x0000000085900000| Untracked 
|  90|0x0000000085a00000, 0x0000000085a00000, 0x0000000085b00000|  0%| F|  |TAMS 0x0000000085a00000, 0x0000000085a00000| Untracked 
|  91|0x0000000085b00000, 0x0000000085b00000, 0x0000000085c00000|  0%| F|  |TAMS 0x0000000085b00000, 0x0000000085b00000| Untracked 
|  92|0x0000000085c00000, 0x0000000085c00000, 0x0000000085d00000|  0%| F|  |TAMS 0x0000000085c00000, 0x0000000085c00000| Untracked 
|  93|0x0000000085d00000, 0x0000000085d00000, 0x0000000085e00000|  0%| F|  |TAMS 0x0000000085d00000, 0x0000000085d00000| Untracked 
|  94|0x0000000085e00000, 0x0000000085e00000, 0x0000000085f00000|  0%| F|  |TAMS 0x0000000085e00000, 0x0000000085e00000| Untracked 
|  95|0x0000000085f00000, 0x0000000085f00000, 0x0000000086000000|  0%| F|  |TAMS 0x0000000085f00000, 0x0000000085f00000| Untracked 
|  96|0x0000000086000000, 0x0000000086000000, 0x0000000086100000|  0%| F|  |TAMS 0x0000000086000000, 0x0000000086000000| Untracked 
|  97|0x0000000086100000, 0x0000000086100000, 0x0000000086200000|  0%| F|  |TAMS 0x0000000086100000, 0x0000000086100000| Untracked 
|  98|0x0000000086200000, 0x0000000086200000, 0x0000000086300000|  0%| F|  |TAMS 0x0000000086200000, 0x0000000086200000| Untracked 
|  99|0x0000000086300000, 0x0000000086300000, 0x0000000086400000|  0%| F|  |TAMS 0x0000000086300000, 0x0000000086300000| Untracked 
| 100|0x0000000086400000, 0x0000000086400000, 0x0000000086500000|  0%| F|  |TAMS 0x0000000086400000, 0x0000000086400000| Untracked 
| 101|0x0000000086500000, 0x0000000086500000, 0x0000000086600000|  0%| F|  |TAMS 0x0000000086500000, 0x0000000086500000| Untracked 
| 102|0x0000000086600000, 0x0000000086600000, 0x0000000086700000|  0%| F|  |TAMS 0x0000000086600000, 0x0000000086600000| Untracked 
| 103|0x0000000086700000, 0x0000000086700000, 0x0000000086800000|  0%| F|  |TAMS 0x0000000086700000, 0x0000000086700000| Untracked 
| 104|0x0000000086800000, 0x0000000086800000, 0x0000000086900000|  0%| F|  |TAMS 0x0000000086800000, 0x0000000086800000| Untracked 
| 105|0x0000000086900000, 0x00000000869189e0, 0x0000000086a00000|  9%| S|CS|TAMS 0x0000000086900000, 0x0000000086900000| Complete 
| 106|0x0000000086a00000, 0x0000000086b00000, 0x0000000086b00000|100%| S|CS|TAMS 0x0000000086a00000, 0x0000000086a00000| Complete 
| 107|0x0000000086b00000, 0x0000000086c00000, 0x0000000086c00000|100%| S|CS|TAMS 0x0000000086b00000, 0x0000000086b00000| Complete 
| 108|0x0000000086c00000, 0x0000000086d00000, 0x0000000086d00000|100%| S|CS|TAMS 0x0000000086c00000, 0x0000000086c00000| Complete 
| 109|0x0000000086d00000, 0x0000000086e00000, 0x0000000086e00000|100%| S|CS|TAMS 0x0000000086d00000, 0x0000000086d00000| Complete 
| 110|0x0000000086e00000, 0x0000000086f00000, 0x0000000086f00000|100%| S|CS|TAMS 0x0000000086e00000, 0x0000000086e00000| Complete 
| 111|0x0000000086f00000, 0x0000000086f00000, 0x0000000087000000|  0%| F|  |TAMS 0x0000000086f00000, 0x0000000086f00000| Untracked 
| 112|0x0000000087000000, 0x0000000087000000, 0x0000000087100000|  0%| F|  |TAMS 0x0000000087000000, 0x0000000087000000| Untracked 
| 113|0x0000000087100000, 0x0000000087100000, 0x0000000087200000|  0%| F|  |TAMS 0x0000000087100000, 0x0000000087100000| Untracked 
| 114|0x0000000087200000, 0x0000000087200000, 0x0000000087300000|  0%| F|  |TAMS 0x0000000087200000, 0x0000000087200000| Untracked 
| 115|0x0000000087300000, 0x0000000087300000, 0x0000000087400000|  0%| F|  |TAMS 0x0000000087300000, 0x0000000087300000| Untracked 
| 116|0x0000000087400000, 0x0000000087400000, 0x0000000087500000|  0%| F|  |TAMS 0x0000000087400000, 0x0000000087400000| Untracked 
| 117|0x0000000087500000, 0x0000000087500000, 0x0000000087600000|  0%| F|  |TAMS 0x0000000087500000, 0x0000000087500000| Untracked 
| 118|0x0000000087600000, 0x0000000087600000, 0x0000000087700000|  0%| F|  |TAMS 0x0000000087600000, 0x0000000087600000| Untracked 
| 119|0x0000000087700000, 0x0000000087700000, 0x0000000087800000|  0%| F|  |TAMS 0x0000000087700000, 0x0000000087700000| Untracked 
| 120|0x0000000087800000, 0x0000000087800000, 0x0000000087900000|  0%| F|  |TAMS 0x0000000087800000, 0x0000000087800000| Untracked 
| 121|0x0000000087900000, 0x0000000087900000, 0x0000000087a00000|  0%| F|  |TAMS 0x0000000087900000, 0x0000000087900000| Untracked 
| 122|0x0000000087a00000, 0x0000000087a00000, 0x0000000087b00000|  0%| F|  |TAMS 0x0000000087a00000, 0x0000000087a00000| Untracked 
| 123|0x0000000087b00000, 0x0000000087b00000, 0x0000000087c00000|  0%| F|  |TAMS 0x0000000087b00000, 0x0000000087b00000| Untracked 
| 124|0x0000000087c00000, 0x0000000087c00000, 0x0000000087d00000|  0%| F|  |TAMS 0x0000000087c00000, 0x0000000087c00000| Untracked 
| 125|0x0000000087d00000, 0x0000000087d00000, 0x0000000087e00000|  0%| F|  |TAMS 0x0000000087d00000, 0x0000000087d00000| Untracked 
| 126|0x0000000087e00000, 0x0000000087e00000, 0x0000000087f00000|  0%| F|  |TAMS 0x0000000087e00000, 0x0000000087e00000| Untracked 
| 127|0x0000000087f00000, 0x0000000087f00000, 0x0000000088000000|  0%| F|  |TAMS 0x0000000087f00000, 0x0000000087f00000| Untracked 

Card table byte_map: [0x0000028f17d70000,0x0000028f18170000] _byte_map_base: 0x0000028f17970000

Marking Bits (Prev, Next): (CMBitMap*) 0x0000028f0459b878, (CMBitMap*) 0x0000028f0459b8b0
 Prev Bits: [0x0000028f18570000, 0x0000028f1a570000)
 Next Bits: [0x0000028f1a570000, 0x0000028f1c570000)

Polling page: 0x0000028f04640000

Metaspace:

Usage:
  Non-class:     50.82 MB capacity,    49.89 MB ( 98%) used,   812.42 KB (  2%) free+waste,   137.38 KB ( <1%) overhead. 
      Class:      7.79 MB capacity,     7.27 MB ( 93%) used,   465.27 KB (  6%) free+waste,    65.06 KB ( <1%) overhead. 
       Both:     58.61 MB capacity,    57.16 MB ( 98%) used,     1.25 MB (  2%) free+waste,   202.44 KB ( <1%) overhead. 

Virtual space:
  Non-class space:       52.00 MB reserved,      50.88 MB ( 98%) committed 
      Class space:        1.00 GB reserved,       7.88 MB ( <1%) committed 
             Both:        1.05 GB reserved,      58.75 MB (  5%) committed 

Chunk freelists:
   Non-Class:  56.00 KB
       Class:  24.00 KB
        Both:  80.00 KB

MaxMetaspaceSize: 17179869184.00 GB
CompressedClassSpaceSize: 1.00 GB

CodeHeap 'non-profiled nmethods': size=120000Kb used=3049Kb max_used=3049Kb free=116950Kb
 bounds [0x0000028f0f9d0000, 0x0000028f0fcd0000, 0x0000028f16f00000]
CodeHeap 'profiled nmethods': size=120000Kb used=10662Kb max_used=10662Kb free=109337Kb
 bounds [0x0000028f084a0000, 0x0000028f08f10000, 0x0000028f0f9d0000]
CodeHeap 'non-nmethods': size=5760Kb used=2230Kb max_used=2264Kb free=3529Kb
 bounds [0x0000028f07f00000, 0x0000028f08170000, 0x0000028f084a0000]
 total_blobs=5927 nmethods=5117 adapters=721
 compilation: enabled
              stopped_count=0, restarted_count=0
 full_count=0

Compilation events (20 events):
Event: 8.692 Thread 0x0000028f1f05a000 5335       4       java.util.AbstractCollection::<init> (5 bytes)
Event: 8.692 Thread 0x0000028f1f05a000 nmethod 5335 0x0000028f0fcc9c10 code [0x0000028f0fcc9da0, 0x0000028f0fcc9df8]
Event: 8.696 Thread 0x0000028f1f067000 5355       3       java.lang.WeakPairMap$Pair$Weak::second (8 bytes)
Event: 8.696 Thread 0x0000028f1f067000 nmethod 5355 0x0000028f08f0ad90 code [0x0000028f08f0af40, 0x0000028f08f0b0f8]
Event: 8.696 Thread 0x0000028f1f067000 5356       3       java.lang.WeakPairMap$Pair::equals (34 bytes)
Event: 8.696 Thread 0x0000028f1f067000 nmethod 5356 0x0000028f08f0b190 code [0x0000028f08f0b360, 0x0000028f08f0b6d8]
Event: 8.700 Thread 0x0000028f1f05a000 5358       4       java.nio.HeapByteBuffer::get (14 bytes)
Event: 8.700 Thread 0x0000028f1f067000 5357       1       com.google.gson.reflect.TypeToken::getRawType (5 bytes)
Event: 8.700 Thread 0x0000028f1f067000 nmethod 5357 0x0000028f0fcc9e90 code [0x0000028f0fcca040, 0x0000028f0fcca0f8]
Event: 8.700 Thread 0x0000028f1f067000 5359       3       java.lang.Class::isLocalClass (27 bytes)
Event: 8.700 Thread 0x0000028f1f067000 nmethod 5359 0x0000028f08f0b810 code [0x0000028f08f0ba00, 0x0000028f08f0bd98]
Event: 8.701 Thread 0x0000028f1f05a000 nmethod 5358 0x0000028f0fcca190 code [0x0000028f0fcca320, 0x0000028f0fcca3d8]
Event: 8.702 Thread 0x0000028f1f067000 5360       3       java.util.Collections$EmptyMap::entrySet (4 bytes)
Event: 8.702 Thread 0x0000028f1f067000 nmethod 5360 0x0000028f08f0bf10 code [0x0000028f08f0c0c0, 0x0000028f08f0c218]
Event: 8.703 Thread 0x0000028f1f067000 5361       3       java.util.Hashtable::<init> (9 bytes)
Event: 8.703 Thread 0x0000028f1f067000 nmethod 5361 0x0000028f08f0c310 code [0x0000028f08f0c4e0, 0x0000028f08f0c628]
Event: 8.703 Thread 0x0000028f1f067000 5362       3       jdk.internal.reflect.ByteVectorImpl::put (27 bytes)
Event: 8.703 Thread 0x0000028f1f067000 nmethod 5362 0x0000028f08f0c710 code [0x0000028f08f0c8e0, 0x0000028f08f0caa8]
Event: 8.704 Thread 0x0000028f1f05a000 5363       4       java.lang.Class::privateGetDeclaredMethods (64 bytes)
Event: 8.705 Thread 0x0000028f1f067000 5364       3       jdk.internal.module.IllegalAccessLogger::isExportedForIllegalAccess (32 bytes)

GC Heap History (19 events):
Event: 1.153 GC heap before
{Heap before GC invocations=0 (full 0):
 garbage-first heap   total 131072K, used 29696K [0x0000000080000000, 0x0000000100000000)
  region size 1024K, 24 young (24576K), 0 survivors (0K)
 Metaspace       used 10459K, capacity 10677K, committed 11008K, reserved 1058816K
  class space    used 1097K, capacity 1195K, committed 1280K, reserved 1048576K
}
Event: 1.158 GC heap after
{Heap after GC invocations=1 (full 0):
 garbage-first heap   total 131072K, used 8761K [0x0000000080000000, 0x0000000100000000)
  region size 1024K, 3 young (3072K), 3 survivors (3072K)
 Metaspace       used 10459K, capacity 10677K, committed 11008K, reserved 1058816K
  class space    used 1097K, capacity 1195K, committed 1280K, reserved 1048576K
}
Event: 3.562 GC heap before
{Heap before GC invocations=1 (full 0):
 garbage-first heap   total 131072K, used 82489K [0x0000000080000000, 0x0000000100000000)
  region size 1024K, 76 young (77824K), 3 survivors (3072K)
 Metaspace       used 18906K, capacity 19410K, committed 19712K, reserved 1067008K
  class space    used 2285K, capacity 2458K, committed 2560K, reserved 1048576K
}
Event: 3.569 GC heap after
{Heap after GC invocations=2 (full 0):
 garbage-first heap   total 131072K, used 15521K [0x0000000080000000, 0x0000000100000000)
  region size 1024K, 10 young (10240K), 10 survivors (10240K)
 Metaspace       used 18906K, capacity 19410K, committed 19712K, reserved 1067008K
  class space    used 2285K, capacity 2458K, committed 2560K, reserved 1048576K
}
Event: 3.798 GC heap before
{Heap before GC invocations=2 (full 0):
 garbage-first heap   total 131072K, used 28833K [0x0000000080000000, 0x0000000100000000)
  region size 1024K, 24 young (24576K), 10 survivors (10240K)
 Metaspace       used 20666K, capacity 21115K, committed 21248K, reserved 1067008K
  class space    used 2538K, capacity 2712K, committed 2816K, reserved 1048576K
}
Event: 3.813 GC heap after
{Heap after GC invocations=3 (full 0):
 garbage-first heap   total 131072K, used 16145K [0x0000000080000000, 0x0000000100000000)
  region size 1024K, 1 young (1024K), 1 survivors (1024K)
 Metaspace       used 20666K, capacity 21115K, committed 21248K, reserved 1067008K
  class space    used 2538K, capacity 2712K, committed 2816K, reserved 1048576K
}
Event: 4.458 GC heap before
{Heap before GC invocations=4 (full 0):
 garbage-first heap   total 131072K, used 69393K [0x0000000080000000, 0x0000000100000000)
  region size 1024K, 53 young (54272K), 1 survivors (1024K)
 Metaspace       used 26559K, capacity 27224K, committed 27264K, reserved 1073152K
  class space    used 3487K, capacity 3710K, committed 3712K, reserved 1048576K
}
Event: 4.462 GC heap after
{Heap after GC invocations=5 (full 0):
 garbage-first heap   total 131072K, used 17956K [0x0000000080000000, 0x0000000100000000)
  region size 1024K, 3 young (3072K), 3 survivors (3072K)
 Metaspace       used 26559K, capacity 27224K, committed 27264K, reserved 1073152K
  class space    used 3487K, capacity 3710K, committed 3712K, reserved 1048576K
}
Event: 5.254 GC heap before
{Heap before GC invocations=5 (full 0):
 garbage-first heap   total 131072K, used 63012K [0x0000000080000000, 0x0000000100000000)
  region size 1024K, 48 young (49152K), 3 survivors (3072K)
 Metaspace       used 35063K, capacity 35769K, committed 35840K, reserved 1081344K
  class space    used 4565K, capacity 4856K, committed 4864K, reserved 1048576K
}
Event: 5.265 GC heap after
{Heap after GC invocations=6 (full 0):
 garbage-first heap   total 131072K, used 21112K [0x0000000080000000, 0x0000000100000000)
  region size 1024K, 6 young (6144K), 6 survivors (6144K)
 Metaspace       used 35063K, capacity 35769K, committed 35840K, reserved 1081344K
  class space    used 4565K, capacity 4856K, committed 4864K, reserved 1048576K
}
Event: 6.131 GC heap before
{Heap before GC invocations=7 (full 0):
 garbage-first heap   total 131072K, used 84600K [0x0000000080000000, 0x0000000100000000)
  region size 1024K, 65 young (66560K), 6 survivors (6144K)
 Metaspace       used 40817K, capacity 41726K, committed 41984K, reserved 1085440K
  class space    used 5213K, capacity 5533K, committed 5632K, reserved 1048576K
}
Event: 6.140 GC heap after
{Heap after GC invocations=8 (full 0):
 garbage-first heap   total 131072K, used 24744K [0x0000000080000000, 0x0000000100000000)
  region size 1024K, 7 young (7168K), 7 survivors (7168K)
 Metaspace       used 40817K, capacity 41726K, committed 41984K, reserved 1085440K
  class space    used 5213K, capacity 5533K, committed 5632K, reserved 1048576K
}
Event: 6.875 GC heap before
{Heap before GC invocations=8 (full 0):
 garbage-first heap   total 131072K, used 87208K [0x0000000080000000, 0x0000000100000000)
  region size 1024K, 68 young (69632K), 7 survivors (7168K)
 Metaspace       used 44437K, capacity 45464K, committed 45568K, reserved 1089536K
  class space    used 5704K, capacity 6080K, committed 6144K, reserved 1048576K
}
Event: 6.884 GC heap after
{Heap after GC invocations=9 (full 0):
 garbage-first heap   total 131072K, used 28364K [0x0000000080000000, 0x0000000100000000)
  region size 1024K, 8 young (8192K), 8 survivors (8192K)
 Metaspace       used 44437K, capacity 45464K, committed 45568K, reserved 1089536K
  class space    used 5704K, capacity 6080K, committed 6144K, reserved 1048576K
}
Event: 7.634 GC heap before
{Heap before GC invocations=9 (full 0):
 garbage-first heap   total 131072K, used 96972K [0x0000000080000000, 0x0000000100000000)
  region size 1024K, 69 young (70656K), 8 survivors (8192K)
 Metaspace       used 50105K, capacity 51368K, committed 51712K, reserved 1093632K
  class space    used 6377K, capacity 6797K, committed 6912K, reserved 1048576K
}
Event: 7.648 GC heap after
{Heap after GC invocations=10 (full 0):
 garbage-first heap   total 131072K, used 43490K [0x0000000080000000, 0x0000000100000000)
  region size 1024K, 9 young (9216K), 9 survivors (9216K)
 Metaspace       used 50105K, capacity 51368K, committed 51712K, reserved 1093632K
  class space    used 6377K, capacity 6797K, committed 6912K, reserved 1048576K
}
Event: 8.469 GC heap before
{Heap before GC invocations=10 (full 0):
 garbage-first heap   total 131072K, used 94690K [0x0000000080000000, 0x0000000100000000)
  region size 1024K, 60 young (61440K), 9 survivors (9216K)
 Metaspace       used 56869K, capacity 58344K, committed 58496K, reserved 1099776K
  class space    used 7258K, capacity 7768K, committed 7808K, reserved 1048576K
}
Event: 8.479 GC heap after
{Heap after GC invocations=11 (full 0):
 garbage-first heap   total 131072K, used 48062K [0x0000000080000000, 0x0000000100000000)
  region size 1024K, 4 young (4096K), 4 survivors (4096K)
 Metaspace       used 56869K, capacity 58344K, committed 58496K, reserved 1099776K
  class space    used 7258K, capacity 7768K, committed 7808K, reserved 1048576K
}
Event: 8.705 GC heap before
{Heap before GC invocations=11 (full 0):
 garbage-first heap   total 131072K, used 64446K [0x0000000080000000, 0x0000000100000000)
  region size 1024K, 21 young (21504K), 4 survivors (4096K)
 Metaspace       used 58535K, capacity 60016K, committed 60160K, reserved 1101824K
  class space    used 7445K, capacity 7976K, committed 8064K, reserved 1048576K
}

Deoptimization events (20 events):
Event: 8.302 Thread 0x0000028f20b5b800 DEOPT PACKING pc=0x0000028f08d203e2 sp=0x000000e974cf4c40
Event: 8.302 Thread 0x0000028f20b5b800 DEOPT UNPACKING pc=0x0000028f07f272ce sp=0x000000e974cf40d0 mode 0
Event: 8.303 Thread 0x0000028f20b5b800 DEOPT PACKING pc=0x0000028f08d203e2 sp=0x000000e974cf4ac0
Event: 8.303 Thread 0x0000028f20b5b800 DEOPT UNPACKING pc=0x0000028f07f272ce sp=0x000000e974cf3f50 mode 0
Event: 8.308 Thread 0x0000028f20b5b800 Uncommon trap: trap_request=0xffffff4d fr.pc=0x0000028f0fc2d6b8 relative=0x00000000000002d8
Event: 8.308 Thread 0x0000028f20b5b800 Uncommon trap: reason=unstable_if action=reinterpret pc=0x0000028f0fc2d6b8 method=java.lang.ThreadLocal.get()Ljava/lang/Object; @ 11 c2
Event: 8.308 Thread 0x0000028f20b5b800 DEOPT PACKING pc=0x0000028f0fc2d6b8 sp=0x000000e974cf4b50
Event: 8.308 Thread 0x0000028f20b5b800 DEOPT UNPACKING pc=0x0000028f07f274af sp=0x000000e974cf4b10 mode 2
Event: 8.343 Thread 0x0000028f20b5b800 Uncommon trap: trap_request=0xffffff4d fr.pc=0x0000028f0fa245e8 relative=0x0000000000000388
Event: 8.343 Thread 0x0000028f20b5b800 Uncommon trap: reason=unstable_if action=reinterpret pc=0x0000028f0fa245e8 method=java.util.jar.JarFile.maybeInstantiateVerifier()V @ 61 c2
Event: 8.343 Thread 0x0000028f20b5b800 DEOPT PACKING pc=0x0000028f0fa245e8 sp=0x000000e974cf4970
Event: 8.343 Thread 0x0000028f20b5b800 DEOPT UNPACKING pc=0x0000028f07f274af sp=0x000000e974cf48f8 mode 2
Event: 8.368 Thread 0x0000028f20b5b800 Uncommon trap: trap_request=0xffffff4d fr.pc=0x0000028f0fb9c1ac relative=0x000000000000026c
Event: 8.368 Thread 0x0000028f20b5b800 Uncommon trap: reason=unstable_if action=reinterpret pc=0x0000028f0fb9c1ac method=java.util.LinkedHashMap.get(Ljava/lang/Object;)Ljava/lang/Object; @ 20 c2
Event: 8.368 Thread 0x0000028f20b5b800 DEOPT PACKING pc=0x0000028f0fb9c1ac sp=0x000000e974cf42a0
Event: 8.368 Thread 0x0000028f20b5b800 DEOPT UNPACKING pc=0x0000028f07f274af sp=0x000000e974cf4258 mode 2
Event: 8.641 Thread 0x0000028f20b5b800 Uncommon trap: trap_request=0xffffff4d fr.pc=0x0000028f0fb8068c relative=0x000000000000032c
Event: 8.641 Thread 0x0000028f20b5b800 Uncommon trap: reason=unstable_if action=reinterpret pc=0x0000028f0fb8068c method=org.gradle.internal.reflect.PropertyAccessorType.of(Ljava/lang/reflect/Method;)Lorg/gradle/internal/reflect/PropertyAccessorType; @ 56 c2
Event: 8.641 Thread 0x0000028f20b5b800 DEOPT PACKING pc=0x0000028f0fb8068c sp=0x000000e974cf7ea0
Event: 8.641 Thread 0x0000028f20b5b800 DEOPT UNPACKING pc=0x0000028f07f274af sp=0x000000e974cf7e60 mode 2

Classes redefined (0 events):
No events

Internal exceptions (20 events):
Event: 7.150 Thread 0x0000028f2218e800 Exception <a 'java/lang/NoSuchMethodError'{0x0000000086435e68}: <clinit>> (0x0000000086435e68) thrown at [./src/hotspot/share/prims/jni.cpp, line 1362]
Event: 7.161 Thread 0x0000028f20b5b800 Exception <a 'java/lang/ClassNotFoundException'{0x00000000864742e0}: build_eyr34tp6c08djn20lctpvjvppBeanInfo> (0x00000000864742e0) thrown at [./src/hotspot/share/classfile/systemDictionary.cpp, line 231]
Event: 7.162 Thread 0x0000028f20b5b800 Exception <a 'java/lang/ClassNotFoundException'{0x000000008647d0e8}: build_eyr34tp6c08djn20lctpvjvppCustomizer> (0x000000008647d0e8) thrown at [./src/hotspot/share/classfile/systemDictionary.cpp, line 231]
Event: 7.168 Thread 0x0000028f20b5b800 Exception <a 'java/lang/ClassNotFoundException'{0x00000000864ec3e0}: org/gradle/plugin/use/internal/PluginRequestCollector$PluginDependenciesSpecImplBeanInfo> (0x00000000864ec3e0) thrown at [./src/hotspot/share/classfile/systemDictionary.cpp, line 231]
Event: 7.168 Thread 0x0000028f20b5b800 Exception <a 'java/lang/ClassNotFoundException'{0x0000000086312640}: org/gradle/plugin/use/internal/PluginRequestCollector$PluginDependenciesSpecImplCustomizer> (0x0000000086312640) thrown at [./src/hotspot/share/classfile/systemDictionary.cpp, line 231]
Event: 7.174 Thread 0x0000028f20b5b800 Exception <a 'java/lang/NoSuchMethodError'{0x000000008638a030}: 'void java.lang.invoke.DirectMethodHandle$Holder.invokeInterface(java.lang.Object, java.lang.Object)'> (0x000000008638a030) thrown at [./src/hotspot/share/interpreter/linkResolver.cpp, line 773]
Event: 7.205 Thread 0x0000028f20b5b800 Exception <a 'java/lang/ClassNotFoundException'{0x00000000861efae0}: org/gradle/api/internal/plugins/DefaultObjectConfigurationActionBeanInfo> (0x00000000861efae0) thrown at [./src/hotspot/share/classfile/systemDictionary.cpp, line 231]
Event: 7.206 Thread 0x0000028f20b5b800 Exception <a 'java/lang/ClassNotFoundException'{0x000000008601d048}: org/gradle/api/internal/plugins/DefaultObjectConfigurationActionCustomizer> (0x000000008601d048) thrown at [./src/hotspot/share/classfile/systemDictionary.cpp, line 231]
Event: 7.321 Thread 0x0000028f20b5b800 Exception <a 'java/lang/NoSuchMethodError'{0x0000000085708a70}: 'java.lang.Object java.lang.invoke.DirectMethodHandle$Holder.invokeStatic(java.lang.Object, java.lang.Object, java.lang.Object, java.lang.Object, int)'> (0x0000000085708a70) thrown at [./src/hotspot/share/interpreter/linkResolver.cpp, line 773]
Event: 7.321 Thread 0x0000028f20b5b800 Exception <a 'java/lang/NoSuchMethodError'{0x000000008570d468}: 'java.lang.Object java.lang.invoke.DirectMethodHandle$Holder.invokeSpecial(java.lang.Object, java.lang.Object, java.lang.Object, java.lang.Object, java.lang.Object, int)'> (0x000000008570d468) thrown at [./src/hotspot/share/interpreter/linkResolver.cpp, line 773]
Event: 7.321 Thread 0x0000028f20b5b800 Exception <a 'java/lang/NoSuchMethodError'{0x0000000085711aa8}: 'java.lang.Object java.lang.invoke.Invokers$Holder.linkToTargetMethod(java.lang.Object, java.lang.Object, java.lang.Object, int, java.lang.Object)'> (0x0000000085711aa8) thrown at [./src/hotspot/share/interpreter/linkResolver.cpp, line 773]
Event: 7.603 Thread 0x0000028f20b5b800 Exception <a 'java/lang/NoSuchMethodError'{0x0000000084459ad0}: 'java.lang.Object java.lang.invoke.DirectMethodHandle$Holder.invokeSpecial(java.lang.Object, java.lang.Object, int, int, java.lang.Object, java.lang.Object, java.lang.Object)'> (0x0000000084459ad0) thrown at [./src/hotspot/share/interpreter/linkResolver.cpp, line 773]
Event: 7.604 Thread 0x0000028f20b5b800 Exception <a 'java/lang/NoSuchMethodError'{0x000000008445e050}: 'java.lang.Object java.lang.invoke.DelegatingMethodHandle$Holder.reinvoke_L(java.lang.Object, int, int, java.lang.Object, java.lang.Object, java.lang.Object)'> (0x000000008445e050) thrown at [./src/hotspot/share/interpreter/linkResolver.cpp, line 773]
Event: 7.854 Thread 0x0000028f20b5b800 Exception <a 'java/lang/NoSuchMethodError'{0x00000000874af590}: 'int java.lang.invoke.DirectMethodHandle$Holder.invokeInterface(java.lang.Object, java.lang.Object, java.lang.Object, java.lang.Object)'> (0x00000000874af590) thrown at [./src/hotspot/share/interpreter/linkResolver.cpp, line 773]
Event: 8.043 Thread 0x0000028f20b5b800 Exception <a 'java/lang/NoSuchMethodError'{0x0000000086ab1898}: 'void java.lang.invoke.DirectMethodHandle$Holder.invokeInterface(java.lang.Object, java.lang.Object, java.lang.Object, java.lang.Object)'> (0x0000000086ab1898) thrown at [./src/hotspot/share/interpreter/linkResolver.cpp, line 773]
Event: 8.163 Thread 0x0000028f20b5b800 Exception <a 'java/lang/IncompatibleClassChangeError'{0x000000008623d478}: Found class java.lang.Object, but interface was expected> (0x000000008623d478) thrown at [./src/hotspot/share/interpreter/linkResolver.cpp, line 839]
Event: 8.193 Thread 0x0000028f20b5b800 Exception <a 'java/lang/NoSuchMethodError'{0x00000000862d9160}: 'void java.lang.invoke.DirectMethodHandle$Holder.invokeStatic(java.lang.Object, java.lang.Object, java.lang.Object, java.lang.Object, java.lang.Object)'> (0x00000000862d9160) thrown at [./src/hotspot/share/interpreter/linkResolver.cpp, line 773]
Event: 8.226 Thread 0x0000028f20b5b800 Implicit null exception at 0x0000028f0fc34ed4 to 0x0000028f0fc350b8
Event: 8.226 Thread 0x0000028f20b5b800 Implicit null exception at 0x0000028f0fb967b7 to 0x0000028f0fb98230
Event: 8.308 Thread 0x0000028f20b5b800 Implicit null exception at 0x0000028f0fc2d42d to 0x0000028f0fc2d6a8

Events (20 events):
Event: 8.696 loading class sun/reflect/generics/repository/FieldRepository done
Event: 8.696 loading class com/google/gson/annotations/SerializedName
Event: 8.696 loading class com/google/gson/annotations/SerializedName done
Event: 8.698 loading class com/google/gson/internal/$Gson$Types$ParameterizedTypeImpl
Event: 8.698 loading class com/google/gson/internal/$Gson$Types$ParameterizedTypeImpl done
Event: 8.698 loading class com/google/gson/internal/Primitives
Event: 8.698 loading class com/google/gson/internal/Primitives done
Event: 8.699 loading class com/google/gson/internal/ConstructorConstructor$8
Event: 8.699 loading class com/google/gson/internal/ConstructorConstructor$8 done
Event: 8.699 loading class com/android/tools/build/jetifier/core/rule/RewriteRule$JsonData
Event: 8.699 loading class com/android/tools/build/jetifier/core/rule/RewriteRule$JsonData done
Event: 8.700 loading class com/android/tools/build/jetifier/core/PackageMap$PackageRule$JsonData
Event: 8.700 loading class com/android/tools/build/jetifier/core/PackageMap$PackageRule$JsonData done
Event: 8.701 loading class com/android/tools/build/jetifier/core/pom/PomRewriteRule$JsonData
Event: 8.701 loading class com/android/tools/build/jetifier/core/pom/PomRewriteRule$JsonData done
Event: 8.702 loading class com/android/tools/build/jetifier/core/pom/PomDependency
Event: 8.702 loading class com/android/tools/build/jetifier/core/pom/PomDependency done
Event: 8.704 loading class com/google/gson/internal/ConstructorConstructor$13
Event: 8.704 loading class com/google/gson/internal/ConstructorConstructor$13 done
Event: 8.705 Executing VM operation: CollectForMetadataAllocation


Dynamic libraries:
0x00007ff608f50000 - 0x00007ff608f5a000 	C:\Program Files\Android\Android Studio\jre\bin\java.exe
0x00007fff961d0000 - 0x00007fff963c5000 	C:\WINDOWS\SYSTEM32\ntdll.dll
0x00007fff95e70000 - 0x00007fff95f2d000 	C:\WINDOWS\System32\KERNEL32.DLL
0x00007fff93e30000 - 0x00007fff940f9000 	C:\WINDOWS\System32\KERNELBASE.dll
0x00007fff93a90000 - 0x00007fff93b90000 	C:\WINDOWS\System32\ucrtbase.dll
0x00007fff8da50000 - 0x00007fff8da69000 	C:\Program Files\Android\Android Studio\jre\bin\jli.dll
0x00007fff8da30000 - 0x00007fff8da47000 	C:\Program Files\Android\Android Studio\jre\bin\VCRUNTIME140.dll
0x00007fff95820000 - 0x00007fff959c0000 	C:\WINDOWS\System32\USER32.dll
0x00007fff94100000 - 0x00007fff94122000 	C:\WINDOWS\System32\win32u.dll
0x00007fff94f10000 - 0x00007fff94f3a000 	C:\WINDOWS\System32\GDI32.dll
0x00007fff7ffe0000 - 0x00007fff8027a000 	C:\WINDOWS\WinSxS\amd64_microsoft.windows.common-controls_6595b64144ccf1df_6.0.19041.1083_none_60bbe31371f34e71\COMCTL32.dll
0x00007fff94130000 - 0x00007fff9423b000 	C:\WINDOWS\System32\gdi32full.dll
0x00007fff95530000 - 0x00007fff955ce000 	C:\WINDOWS\System32\msvcrt.dll
0x00007fff939a0000 - 0x00007fff93a3d000 	C:\WINDOWS\System32\msvcp_win.dll
0x00007fff946b0000 - 0x00007fff946e0000 	C:\WINDOWS\System32\IMM32.DLL
0x00007fff5d0e0000 - 0x00007fff5d17d000 	C:\Program Files\Android\Android Studio\jre\bin\msvcp140.dll
0x00007fff5a060000 - 0x00007fff5ab1c000 	C:\Program Files\Android\Android Studio\jre\bin\server\jvm.dll
0x00007fff95650000 - 0x00007fff956fc000 	C:\WINDOWS\System32\ADVAPI32.dll
0x00007fff95020000 - 0x00007fff950bb000 	C:\WINDOWS\System32\sechost.dll
0x00007fff95f30000 - 0x00007fff9605a000 	C:\WINDOWS\System32\RPCRT4.dll
0x00007fff946e0000 - 0x00007fff946e8000 	C:\WINDOWS\System32\PSAPI.DLL
0x00007fff8a770000 - 0x00007fff8a797000 	C:\WINDOWS\SYSTEM32\WINMM.dll
0x00007fff8c7b0000 - 0x00007fff8c7ba000 	C:\WINDOWS\SYSTEM32\VERSION.dll
0x00007fff85cc0000 - 0x00007fff85cc9000 	C:\WINDOWS\SYSTEM32\WSOCK32.dll
0x00007fff955d0000 - 0x00007fff9563b000 	C:\WINDOWS\System32\WS2_32.dll
0x00007fff921d0000 - 0x00007fff921e2000 	C:\WINDOWS\SYSTEM32\kernel.appcore.dll
0x00007fff8e480000 - 0x00007fff8e491000 	C:\Program Files\Android\Android Studio\jre\bin\verify.dll
0x00007fff915f0000 - 0x00007fff917d4000 	C:\WINDOWS\SYSTEM32\DBGHELP.DLL
0x00007fff822d0000 - 0x00007fff822fc000 	C:\WINDOWS\SYSTEM32\dbgcore.DLL
0x00007fff93910000 - 0x00007fff93993000 	C:\WINDOWS\System32\bcryptPrimitives.dll
0x00007fff88370000 - 0x00007fff88399000 	C:\Program Files\Android\Android Studio\jre\bin\java.dll
0x00007fff8dca0000 - 0x00007fff8dcab000 	C:\Program Files\Android\Android Studio\jre\bin\jimage.dll
0x00007fff8a6f0000 - 0x00007fff8a708000 	C:\Program Files\Android\Android Studio\jre\bin\zip.dll
0x00007fff946f0000 - 0x00007fff94e2f000 	C:\WINDOWS\System32\SHELL32.dll
0x00007fff91a20000 - 0x00007fff921b1000 	C:\WINDOWS\SYSTEM32\windows.storage.dll
0x00007fff951d0000 - 0x00007fff95525000 	C:\WINDOWS\System32\combase.dll
0x00007fff93380000 - 0x00007fff933ac000 	C:\WINDOWS\SYSTEM32\Wldp.dll
0x00007fff95770000 - 0x00007fff9581e000 	C:\WINDOWS\System32\SHCORE.dll
0x00007fff959c0000 - 0x00007fff95a15000 	C:\WINDOWS\System32\shlwapi.dll
0x00007fff93850000 - 0x00007fff9386f000 	C:\WINDOWS\SYSTEM32\profapi.dll
0x00007fff88350000 - 0x00007fff8836a000 	C:\Program Files\Android\Android Studio\jre\bin\net.dll
0x00007fff84850000 - 0x00007fff8495a000 	C:\WINDOWS\SYSTEM32\WINHTTP.dll
0x00007fff93070000 - 0x00007fff930da000 	C:\WINDOWS\system32\mswsock.dll
0x00007fff88330000 - 0x00007fff88344000 	C:\Program Files\Android\Android Studio\jre\bin\nio.dll
0x00007fff8b8a0000 - 0x00007fff8b8c7000 	C:\Users\Dark Knight\.gradle\native\fdc75f09e3144964f2cf3f50f0aa648679c211496f362492102eb8c894070792\windows-amd64\native-platform.dll
0x00007fff47110000 - 0x00007fff472a6000 	C:\Users\Dark Knight\.gradle\native\12488b8bf47d2d4c9fbf2f6322a914ad602e24e48041cd04a747c6da556b65c4\windows-amd64\native-platform-file-events.dll
0x00007fff8dc90000 - 0x00007fff8dc9a000 	C:\Program Files\Android\Android Studio\jre\bin\management.dll
0x00007fff8d6f0000 - 0x00007fff8d6fc000 	C:\Program Files\Android\Android Studio\jre\bin\management_ext.dll
0x00007fff93260000 - 0x00007fff93278000 	C:\WINDOWS\SYSTEM32\CRYPTSP.dll
0x00007fff929b0000 - 0x00007fff929e4000 	C:\WINDOWS\system32\rsaenh.dll
0x00007fff93cf0000 - 0x00007fff93d17000 	C:\WINDOWS\System32\bcrypt.dll
0x00007fff937d0000 - 0x00007fff937fe000 	C:\WINDOWS\SYSTEM32\USERENV.dll
0x00007fff93250000 - 0x00007fff9325c000 	C:\WINDOWS\SYSTEM32\CRYPTBASE.dll
0x00007fff92d60000 - 0x00007fff92d9b000 	C:\WINDOWS\SYSTEM32\IPHLPAPI.DLL
0x00007fff95760000 - 0x00007fff95768000 	C:\WINDOWS\System32\NSI.dll
0x00007fff8a6b0000 - 0x00007fff8a6c7000 	C:\WINDOWS\SYSTEM32\dhcpcsvc6.DLL
0x00007fff8a9c0000 - 0x00007fff8a9dd000 	C:\WINDOWS\SYSTEM32\dhcpcsvc.DLL
0x00007fff92da0000 - 0x00007fff92e6c000 	C:\WINDOWS\SYSTEM32\DNSAPI.dll
0x00007fff8be80000 - 0x00007fff8be8b000 	C:\WINDOWS\SYSTEM32\WINNSI.DLL

dbghelp: loaded successfully - version: 4.0.5 - missing functions: none
symbol engine: initialized successfully - sym options: 0x614 - pdb path: .;C:\Program Files\Android\Android Studio\jre\bin;C:\WINDOWS\SYSTEM32;C:\WINDOWS\WinSxS\amd64_microsoft.windows.common-controls_6595b64144ccf1df_6.0.19041.1083_none_60bbe31371f34e71;C:\Program Files\Android\Android Studio\jre\bin\server;C:\Users\Dark Knight\.gradle\native\fdc75f09e3144964f2cf3f50f0aa648679c211496f362492102eb8c894070792\windows-amd64;C:\Users\Dark Knight\.gradle\native\12488b8bf47d2d4c9fbf2f6322a914ad602e24e48041cd04a747c6da556b65c4\windows-amd64

VM Arguments:
jvm_args: --add-opens=java.base/java.util=ALL-UNNAMED --add-opens=java.base/java.lang=ALL-UNNAMED --add-opens=java.base/java.lang.invoke=ALL-UNNAMED --add-opens=java.prefs/java.util.prefs=ALL-UNNAMED -Xmx2048m -Dfile.encoding=UTF-8 -Duser.country=IN -Duser.language=en -Duser.variant 
java_command: org.gradle.launcher.daemon.bootstrap.GradleDaemon 6.7.1
java_class_path (initial): C:\Users\Dark Knight\.gradle\wrapper\dists\gradle-6.7.1-bin\bwlcbys1h7rz3272sye1xwiv6\gradle-6.7.1\lib\gradle-launcher-6.7.1.jar
Launcher Type: SUN_STANDARD

[Global flags]
     intx CICompilerCount                          = 4                                         {product} {ergonomic}
     uint ConcGCThreads                            = 2                                         {product} {ergonomic}
     uint G1ConcRefinementThreads                  = 8                                         {product} {ergonomic}
   size_t G1HeapRegionSize                         = 1048576                                   {product} {ergonomic}
    uintx GCDrainStackTargetSize                   = 64                                        {product} {ergonomic}
   size_t InitialHeapSize                          = 134217728                                 {product} {ergonomic}
   size_t MarkStackSize                            = 4194304                                   {product} {ergonomic}
   size_t MaxHeapSize                              = 2147483648                                {product} {command line}
   size_t MaxNewSize                               = 1287651328                                {product} {ergonomic}
   size_t MinHeapDeltaBytes                        = 1048576                                   {product} {ergonomic}
    uintx NonNMethodCodeHeapSize                   = 5836300                                {pd product} {ergonomic}
    uintx NonProfiledCodeHeapSize                  = 122910970                              {pd product} {ergonomic}
    uintx ProfiledCodeHeapSize                     = 122910970                              {pd product} {ergonomic}
    uintx ReservedCodeCacheSize                    = 251658240                              {pd product} {ergonomic}
     bool SegmentedCodeCache                       = true                                      {product} {ergonomic}
     bool UseCompressedClassPointers               = true                                 {lp64_product} {ergonomic}
     bool UseCompressedOops                        = true                                 {lp64_product} {ergonomic}
     bool UseG1GC                                  = true                                      {product} {ergonomic}
     bool UseLargePagesIndividualAllocation        = false                                  {pd product} {ergonomic}

Logging:
Log output configuration:
 #0: stdout all=warning uptime,level,tags
 #1: stderr all=off uptime,level,tags

Environment Variables:
PATH=C:\Windows\system32;C:\Windows;C:\Windows\System32\Wbem;C:\Windows\System32\WindowsPowerShell\v1.0\;C:\Windows\System32\OpenSSH\;C:\Program Files (x86)\NVIDIA Corporation\PhysX\Common;C:\Program Files\NVIDIA Corporation\NVIDIA NvDLISR;C:\WINDOWS\system32;C:\WINDOWS;C:\WINDOWS\System32\Wbem;C:\WINDOWS\System32\WindowsPowerShell\v1.0\;C:\WINDOWS\System32\OpenSSH\;C:\MinGW\bin;C:\Program Files\MEGA-X;C:\WINDOWS\system32;C:\WINDOWS;C:\WINDOWS\System32\Wbem;C:\WINDOWS\System32\WindowsPowerShell\v1.0\;C:\WINDOWS\System32\OpenSSH\;C:\Program Files\Git\cmd;C:\Users\Dark Knight\AppData\Local\Microsoft\WindowsApps;C:\Users\Dark Knight\AppData\Local\GitHubDesktop\bin;C:\Users\Dark Knight\AppData\Local\atom\bin;C:\ProgramData\Dark Knight\atom\bin;C:\MinGW\bin;C:\Program Files (x86)\Microsoft Visual Studio\2019\BuildTools\MSBuild\Current\Bin;C:\Users\Dark Knight\AppData\Local\Programs\Microsoft VS Code\bin;C:\Users\Dark Knight\AppData\Local\Microsoft\WindowsApps;
USERNAME=Dark Knight
OS=Windows_NT
PROCESSOR_IDENTIFIER=Intel64 Family 6 Model 158 Stepping 10, GenuineIntel



---------------  S Y S T E M  ---------------

OS: Windows 10 , 64 bit Build 19041 (10.0.19041.1023)
OS uptime: 6 days 20:31 hours

CPU:total 8 (initial active 8) (4 cores per cpu, 2 threads per core) family 6 model 158 stepping 10, cmov, cx8, fxsr, mmx, sse, sse2, sse3, ssse3, sse4.1, sse4.2, popcnt, avx, avx2, aes, clmul, erms, 3dnowpref, lzcnt, ht, tsc, tscinvbit, bmi1, bmi2, adx, fma

Memory: 4k page, system-wide physical 8112M (1316M free)
TotalPageFile size 12208M (AvailPageFile size 15M)
current process WorkingSet (physical memory assigned to process): 331M, peak: 334M
current process commit charge ("private bytes"): 371M, peak: 400M

vm_info: OpenJDK 64-Bit Server VM (11.0.8+10-b944.6842174) for windows-amd64 JRE (11.0.8+10-b944.6842174), built on Sep 19 2020 01:11:42 by "builder" with MS VC++ 14.0 (VS2015)

END.
